[2024-04-15T14:28:45.649+0000] {processor.py:161} INFO - Started process (PID=68) to work on /home/airflow/.local/lib/python3.12/site-packages/airflow/example_dags/example_task_group.py
[2024-04-15T14:28:45.650+0000] {processor.py:830} INFO - Processing file /home/airflow/.local/lib/python3.12/site-packages/airflow/example_dags/example_task_group.py for tasks to queue
[2024-04-15T14:28:45.654+0000] {logging_mixin.py:188} INFO - [2024-04-15T14:28:45.653+0000] {dagbag.py:540} INFO - Filling up the DagBag from /home/airflow/.local/lib/python3.12/site-packages/airflow/example_dags/example_task_group.py
[2024-04-15T14:28:45.674+0000] {processor.py:840} INFO - DAG(s) 'example_task_group' retrieved from /home/airflow/.local/lib/python3.12/site-packages/airflow/example_dags/example_task_group.py
[2024-04-15T14:28:45.709+0000] {logging_mixin.py:188} INFO - [2024-04-15T14:28:45.709+0000] {dag.py:3096} INFO - Sync 1 DAGs
[2024-04-15T14:28:45.768+0000] {logging_mixin.py:188} INFO - [2024-04-15T14:28:45.767+0000] {dag.py:3954} INFO - Setting next_dagrun for example_task_group to 2024-04-14 00:00:00+00:00, run_after=2024-04-15 00:00:00+00:00
[2024-04-15T14:28:45.922+0000] {processor.py:183} INFO - Processing /home/airflow/.local/lib/python3.12/site-packages/airflow/example_dags/example_task_group.py took 0.282 seconds
[2024-04-15T14:29:16.513+0000] {processor.py:161} INFO - Started process (PID=127) to work on /home/airflow/.local/lib/python3.12/site-packages/airflow/example_dags/example_task_group.py
[2024-04-15T14:29:16.514+0000] {processor.py:830} INFO - Processing file /home/airflow/.local/lib/python3.12/site-packages/airflow/example_dags/example_task_group.py for tasks to queue
[2024-04-15T14:29:16.517+0000] {logging_mixin.py:188} INFO - [2024-04-15T14:29:16.516+0000] {dagbag.py:540} INFO - Filling up the DagBag from /home/airflow/.local/lib/python3.12/site-packages/airflow/example_dags/example_task_group.py
[2024-04-15T14:29:16.529+0000] {processor.py:840} INFO - DAG(s) 'example_task_group' retrieved from /home/airflow/.local/lib/python3.12/site-packages/airflow/example_dags/example_task_group.py
[2024-04-15T14:29:16.569+0000] {logging_mixin.py:188} INFO - [2024-04-15T14:29:16.568+0000] {dag.py:3096} INFO - Sync 1 DAGs
[2024-04-15T14:29:16.611+0000] {logging_mixin.py:188} INFO - [2024-04-15T14:29:16.610+0000] {dag.py:3954} INFO - Setting next_dagrun for example_task_group to 2024-04-14 00:00:00+00:00, run_after=2024-04-15 00:00:00+00:00
[2024-04-15T14:29:16.646+0000] {processor.py:183} INFO - Processing /home/airflow/.local/lib/python3.12/site-packages/airflow/example_dags/example_task_group.py took 0.141 seconds
[2024-04-15T14:29:47.230+0000] {processor.py:161} INFO - Started process (PID=186) to work on /home/airflow/.local/lib/python3.12/site-packages/airflow/example_dags/example_task_group.py
[2024-04-15T14:29:47.231+0000] {processor.py:830} INFO - Processing file /home/airflow/.local/lib/python3.12/site-packages/airflow/example_dags/example_task_group.py for tasks to queue
[2024-04-15T14:29:47.233+0000] {logging_mixin.py:188} INFO - [2024-04-15T14:29:47.233+0000] {dagbag.py:540} INFO - Filling up the DagBag from /home/airflow/.local/lib/python3.12/site-packages/airflow/example_dags/example_task_group.py
[2024-04-15T14:29:47.245+0000] {processor.py:840} INFO - DAG(s) 'example_task_group' retrieved from /home/airflow/.local/lib/python3.12/site-packages/airflow/example_dags/example_task_group.py
[2024-04-15T14:29:47.280+0000] {logging_mixin.py:188} INFO - [2024-04-15T14:29:47.280+0000] {dag.py:3096} INFO - Sync 1 DAGs
[2024-04-15T14:29:47.316+0000] {logging_mixin.py:188} INFO - [2024-04-15T14:29:47.316+0000] {dag.py:3954} INFO - Setting next_dagrun for example_task_group to 2024-04-14 00:00:00+00:00, run_after=2024-04-15 00:00:00+00:00
[2024-04-15T14:29:47.351+0000] {processor.py:183} INFO - Processing /home/airflow/.local/lib/python3.12/site-packages/airflow/example_dags/example_task_group.py took 0.132 seconds
[2024-04-15T14:30:21.742+0000] {processor.py:161} INFO - Started process (PID=245) to work on /home/airflow/.local/lib/python3.12/site-packages/airflow/example_dags/example_task_group.py
[2024-04-15T14:30:21.751+0000] {processor.py:830} INFO - Processing file /home/airflow/.local/lib/python3.12/site-packages/airflow/example_dags/example_task_group.py for tasks to queue
[2024-04-15T14:30:21.758+0000] {logging_mixin.py:188} INFO - [2024-04-15T14:30:21.758+0000] {dagbag.py:540} INFO - Filling up the DagBag from /home/airflow/.local/lib/python3.12/site-packages/airflow/example_dags/example_task_group.py
[2024-04-15T14:30:21.794+0000] {processor.py:840} INFO - DAG(s) 'example_task_group' retrieved from /home/airflow/.local/lib/python3.12/site-packages/airflow/example_dags/example_task_group.py
[2024-04-15T14:30:21.938+0000] {logging_mixin.py:188} INFO - [2024-04-15T14:30:21.937+0000] {dag.py:3096} INFO - Sync 1 DAGs
[2024-04-15T14:30:22.071+0000] {logging_mixin.py:188} INFO - [2024-04-15T14:30:22.070+0000] {dag.py:3954} INFO - Setting next_dagrun for example_task_group to 2024-04-14 00:00:00+00:00, run_after=2024-04-15 00:00:00+00:00
[2024-04-15T14:30:22.236+0000] {processor.py:183} INFO - Processing /home/airflow/.local/lib/python3.12/site-packages/airflow/example_dags/example_task_group.py took 0.521 seconds
[2024-04-15T14:30:52.530+0000] {processor.py:161} INFO - Started process (PID=304) to work on /home/airflow/.local/lib/python3.12/site-packages/airflow/example_dags/example_task_group.py
[2024-04-15T14:30:52.549+0000] {processor.py:830} INFO - Processing file /home/airflow/.local/lib/python3.12/site-packages/airflow/example_dags/example_task_group.py for tasks to queue
[2024-04-15T14:30:52.565+0000] {logging_mixin.py:188} INFO - [2024-04-15T14:30:52.564+0000] {dagbag.py:540} INFO - Filling up the DagBag from /home/airflow/.local/lib/python3.12/site-packages/airflow/example_dags/example_task_group.py
[2024-04-15T14:30:52.616+0000] {processor.py:840} INFO - DAG(s) 'example_task_group' retrieved from /home/airflow/.local/lib/python3.12/site-packages/airflow/example_dags/example_task_group.py
[2024-04-15T14:30:52.745+0000] {logging_mixin.py:188} INFO - [2024-04-15T14:30:52.745+0000] {dag.py:3096} INFO - Sync 1 DAGs
[2024-04-15T14:30:52.860+0000] {logging_mixin.py:188} INFO - [2024-04-15T14:30:52.859+0000] {dag.py:3954} INFO - Setting next_dagrun for example_task_group to 2024-04-14 00:00:00+00:00, run_after=2024-04-15 00:00:00+00:00
[2024-04-15T14:30:52.943+0000] {processor.py:183} INFO - Processing /home/airflow/.local/lib/python3.12/site-packages/airflow/example_dags/example_task_group.py took 0.439 seconds
[2024-04-15T14:31:23.486+0000] {processor.py:161} INFO - Started process (PID=362) to work on /home/airflow/.local/lib/python3.12/site-packages/airflow/example_dags/example_task_group.py
[2024-04-15T14:31:23.488+0000] {processor.py:830} INFO - Processing file /home/airflow/.local/lib/python3.12/site-packages/airflow/example_dags/example_task_group.py for tasks to queue
[2024-04-15T14:31:23.502+0000] {logging_mixin.py:188} INFO - [2024-04-15T14:31:23.492+0000] {dagbag.py:540} INFO - Filling up the DagBag from /home/airflow/.local/lib/python3.12/site-packages/airflow/example_dags/example_task_group.py
[2024-04-15T14:31:23.553+0000] {processor.py:840} INFO - DAG(s) 'example_task_group' retrieved from /home/airflow/.local/lib/python3.12/site-packages/airflow/example_dags/example_task_group.py
[2024-04-15T14:31:23.670+0000] {logging_mixin.py:188} INFO - [2024-04-15T14:31:23.669+0000] {dag.py:3096} INFO - Sync 1 DAGs
[2024-04-15T14:31:23.790+0000] {logging_mixin.py:188} INFO - [2024-04-15T14:31:23.789+0000] {dag.py:3954} INFO - Setting next_dagrun for example_task_group to 2024-04-14 00:00:00+00:00, run_after=2024-04-15 00:00:00+00:00
[2024-04-15T14:31:23.883+0000] {processor.py:183} INFO - Processing /home/airflow/.local/lib/python3.12/site-packages/airflow/example_dags/example_task_group.py took 0.428 seconds
[2024-04-15T14:31:54.014+0000] {processor.py:161} INFO - Started process (PID=421) to work on /home/airflow/.local/lib/python3.12/site-packages/airflow/example_dags/example_task_group.py
[2024-04-15T14:31:54.016+0000] {processor.py:830} INFO - Processing file /home/airflow/.local/lib/python3.12/site-packages/airflow/example_dags/example_task_group.py for tasks to queue
[2024-04-15T14:31:54.018+0000] {logging_mixin.py:188} INFO - [2024-04-15T14:31:54.018+0000] {dagbag.py:540} INFO - Filling up the DagBag from /home/airflow/.local/lib/python3.12/site-packages/airflow/example_dags/example_task_group.py
[2024-04-15T14:31:54.028+0000] {processor.py:840} INFO - DAG(s) 'example_task_group' retrieved from /home/airflow/.local/lib/python3.12/site-packages/airflow/example_dags/example_task_group.py
[2024-04-15T14:31:54.062+0000] {logging_mixin.py:188} INFO - [2024-04-15T14:31:54.061+0000] {dag.py:3096} INFO - Sync 1 DAGs
[2024-04-15T14:31:54.097+0000] {logging_mixin.py:188} INFO - [2024-04-15T14:31:54.096+0000] {dag.py:3954} INFO - Setting next_dagrun for example_task_group to 2024-04-14 00:00:00+00:00, run_after=2024-04-15 00:00:00+00:00
[2024-04-15T14:31:54.130+0000] {processor.py:183} INFO - Processing /home/airflow/.local/lib/python3.12/site-packages/airflow/example_dags/example_task_group.py took 0.123 seconds
[2024-04-15T14:32:24.774+0000] {processor.py:161} INFO - Started process (PID=480) to work on /home/airflow/.local/lib/python3.12/site-packages/airflow/example_dags/example_task_group.py
[2024-04-15T14:32:24.775+0000] {processor.py:830} INFO - Processing file /home/airflow/.local/lib/python3.12/site-packages/airflow/example_dags/example_task_group.py for tasks to queue
[2024-04-15T14:32:24.778+0000] {logging_mixin.py:188} INFO - [2024-04-15T14:32:24.778+0000] {dagbag.py:540} INFO - Filling up the DagBag from /home/airflow/.local/lib/python3.12/site-packages/airflow/example_dags/example_task_group.py
[2024-04-15T14:32:24.787+0000] {processor.py:840} INFO - DAG(s) 'example_task_group' retrieved from /home/airflow/.local/lib/python3.12/site-packages/airflow/example_dags/example_task_group.py
[2024-04-15T14:32:24.820+0000] {logging_mixin.py:188} INFO - [2024-04-15T14:32:24.819+0000] {dag.py:3096} INFO - Sync 1 DAGs
[2024-04-15T14:32:24.871+0000] {logging_mixin.py:188} INFO - [2024-04-15T14:32:24.871+0000] {dag.py:3954} INFO - Setting next_dagrun for example_task_group to 2024-04-14 00:00:00+00:00, run_after=2024-04-15 00:00:00+00:00
[2024-04-15T14:32:24.906+0000] {processor.py:183} INFO - Processing /home/airflow/.local/lib/python3.12/site-packages/airflow/example_dags/example_task_group.py took 0.139 seconds
[2024-04-15T14:32:55.604+0000] {processor.py:161} INFO - Started process (PID=538) to work on /home/airflow/.local/lib/python3.12/site-packages/airflow/example_dags/example_task_group.py
[2024-04-15T14:32:55.605+0000] {processor.py:830} INFO - Processing file /home/airflow/.local/lib/python3.12/site-packages/airflow/example_dags/example_task_group.py for tasks to queue
[2024-04-15T14:32:55.608+0000] {logging_mixin.py:188} INFO - [2024-04-15T14:32:55.608+0000] {dagbag.py:540} INFO - Filling up the DagBag from /home/airflow/.local/lib/python3.12/site-packages/airflow/example_dags/example_task_group.py
[2024-04-15T14:32:55.621+0000] {processor.py:840} INFO - DAG(s) 'example_task_group' retrieved from /home/airflow/.local/lib/python3.12/site-packages/airflow/example_dags/example_task_group.py
[2024-04-15T14:32:55.652+0000] {logging_mixin.py:188} INFO - [2024-04-15T14:32:55.651+0000] {dag.py:3096} INFO - Sync 1 DAGs
[2024-04-15T14:32:55.690+0000] {logging_mixin.py:188} INFO - [2024-04-15T14:32:55.690+0000] {dag.py:3954} INFO - Setting next_dagrun for example_task_group to 2024-04-14 00:00:00+00:00, run_after=2024-04-15 00:00:00+00:00
[2024-04-15T14:32:55.727+0000] {processor.py:183} INFO - Processing /home/airflow/.local/lib/python3.12/site-packages/airflow/example_dags/example_task_group.py took 0.133 seconds
[2024-04-15T14:33:26.083+0000] {processor.py:161} INFO - Started process (PID=597) to work on /home/airflow/.local/lib/python3.12/site-packages/airflow/example_dags/example_task_group.py
[2024-04-15T14:33:26.085+0000] {processor.py:830} INFO - Processing file /home/airflow/.local/lib/python3.12/site-packages/airflow/example_dags/example_task_group.py for tasks to queue
[2024-04-15T14:33:26.089+0000] {logging_mixin.py:188} INFO - [2024-04-15T14:33:26.088+0000] {dagbag.py:540} INFO - Filling up the DagBag from /home/airflow/.local/lib/python3.12/site-packages/airflow/example_dags/example_task_group.py
[2024-04-15T14:33:26.102+0000] {processor.py:840} INFO - DAG(s) 'example_task_group' retrieved from /home/airflow/.local/lib/python3.12/site-packages/airflow/example_dags/example_task_group.py
[2024-04-15T14:33:26.148+0000] {logging_mixin.py:188} INFO - [2024-04-15T14:33:26.147+0000] {dag.py:3096} INFO - Sync 1 DAGs
[2024-04-15T14:33:26.185+0000] {logging_mixin.py:188} INFO - [2024-04-15T14:33:26.185+0000] {dag.py:3954} INFO - Setting next_dagrun for example_task_group to 2024-04-14 00:00:00+00:00, run_after=2024-04-15 00:00:00+00:00
[2024-04-15T14:33:26.224+0000] {processor.py:183} INFO - Processing /home/airflow/.local/lib/python3.12/site-packages/airflow/example_dags/example_task_group.py took 0.154 seconds
[2024-04-15T14:33:56.544+0000] {processor.py:161} INFO - Started process (PID=655) to work on /home/airflow/.local/lib/python3.12/site-packages/airflow/example_dags/example_task_group.py
[2024-04-15T14:33:56.546+0000] {processor.py:830} INFO - Processing file /home/airflow/.local/lib/python3.12/site-packages/airflow/example_dags/example_task_group.py for tasks to queue
[2024-04-15T14:33:56.550+0000] {logging_mixin.py:188} INFO - [2024-04-15T14:33:56.549+0000] {dagbag.py:540} INFO - Filling up the DagBag from /home/airflow/.local/lib/python3.12/site-packages/airflow/example_dags/example_task_group.py
[2024-04-15T14:33:56.568+0000] {processor.py:840} INFO - DAG(s) 'example_task_group' retrieved from /home/airflow/.local/lib/python3.12/site-packages/airflow/example_dags/example_task_group.py
[2024-04-15T14:33:56.617+0000] {logging_mixin.py:188} INFO - [2024-04-15T14:33:56.616+0000] {dag.py:3096} INFO - Sync 1 DAGs
[2024-04-15T14:33:56.694+0000] {logging_mixin.py:188} INFO - [2024-04-15T14:33:56.693+0000] {dag.py:3954} INFO - Setting next_dagrun for example_task_group to 2024-04-14 00:00:00+00:00, run_after=2024-04-15 00:00:00+00:00
[2024-04-15T14:33:56.731+0000] {processor.py:183} INFO - Processing /home/airflow/.local/lib/python3.12/site-packages/airflow/example_dags/example_task_group.py took 0.200 seconds
[2024-04-15T14:34:27.461+0000] {processor.py:161} INFO - Started process (PID=714) to work on /home/airflow/.local/lib/python3.12/site-packages/airflow/example_dags/example_task_group.py
[2024-04-15T14:34:27.463+0000] {processor.py:830} INFO - Processing file /home/airflow/.local/lib/python3.12/site-packages/airflow/example_dags/example_task_group.py for tasks to queue
[2024-04-15T14:34:27.465+0000] {logging_mixin.py:188} INFO - [2024-04-15T14:34:27.465+0000] {dagbag.py:540} INFO - Filling up the DagBag from /home/airflow/.local/lib/python3.12/site-packages/airflow/example_dags/example_task_group.py
[2024-04-15T14:34:27.475+0000] {processor.py:840} INFO - DAG(s) 'example_task_group' retrieved from /home/airflow/.local/lib/python3.12/site-packages/airflow/example_dags/example_task_group.py
[2024-04-15T14:34:27.505+0000] {logging_mixin.py:188} INFO - [2024-04-15T14:34:27.505+0000] {dag.py:3096} INFO - Sync 1 DAGs
[2024-04-15T14:34:27.544+0000] {logging_mixin.py:188} INFO - [2024-04-15T14:34:27.543+0000] {dag.py:3954} INFO - Setting next_dagrun for example_task_group to 2024-04-14 00:00:00+00:00, run_after=2024-04-15 00:00:00+00:00
[2024-04-15T14:34:27.572+0000] {processor.py:183} INFO - Processing /home/airflow/.local/lib/python3.12/site-packages/airflow/example_dags/example_task_group.py took 0.118 seconds
[2024-04-15T14:34:57.930+0000] {processor.py:161} INFO - Started process (PID=773) to work on /home/airflow/.local/lib/python3.12/site-packages/airflow/example_dags/example_task_group.py
[2024-04-15T14:34:57.932+0000] {processor.py:830} INFO - Processing file /home/airflow/.local/lib/python3.12/site-packages/airflow/example_dags/example_task_group.py for tasks to queue
[2024-04-15T14:34:57.934+0000] {logging_mixin.py:188} INFO - [2024-04-15T14:34:57.934+0000] {dagbag.py:540} INFO - Filling up the DagBag from /home/airflow/.local/lib/python3.12/site-packages/airflow/example_dags/example_task_group.py
[2024-04-15T14:34:57.943+0000] {processor.py:840} INFO - DAG(s) 'example_task_group' retrieved from /home/airflow/.local/lib/python3.12/site-packages/airflow/example_dags/example_task_group.py
[2024-04-15T14:34:57.974+0000] {logging_mixin.py:188} INFO - [2024-04-15T14:34:57.974+0000] {dag.py:3096} INFO - Sync 1 DAGs
[2024-04-15T14:34:58.008+0000] {logging_mixin.py:188} INFO - [2024-04-15T14:34:58.008+0000] {dag.py:3954} INFO - Setting next_dagrun for example_task_group to 2024-04-14 00:00:00+00:00, run_after=2024-04-15 00:00:00+00:00
[2024-04-15T14:34:58.040+0000] {processor.py:183} INFO - Processing /home/airflow/.local/lib/python3.12/site-packages/airflow/example_dags/example_task_group.py took 0.119 seconds
[2024-04-15T14:35:28.150+0000] {processor.py:161} INFO - Started process (PID=831) to work on /home/airflow/.local/lib/python3.12/site-packages/airflow/example_dags/example_task_group.py
[2024-04-15T14:35:28.151+0000] {processor.py:830} INFO - Processing file /home/airflow/.local/lib/python3.12/site-packages/airflow/example_dags/example_task_group.py for tasks to queue
[2024-04-15T14:35:28.154+0000] {logging_mixin.py:188} INFO - [2024-04-15T14:35:28.153+0000] {dagbag.py:540} INFO - Filling up the DagBag from /home/airflow/.local/lib/python3.12/site-packages/airflow/example_dags/example_task_group.py
[2024-04-15T14:35:28.165+0000] {processor.py:840} INFO - DAG(s) 'example_task_group' retrieved from /home/airflow/.local/lib/python3.12/site-packages/airflow/example_dags/example_task_group.py
[2024-04-15T14:35:28.259+0000] {logging_mixin.py:188} INFO - [2024-04-15T14:35:28.259+0000] {dag.py:3096} INFO - Sync 1 DAGs
[2024-04-15T14:35:28.305+0000] {logging_mixin.py:188} INFO - [2024-04-15T14:35:28.304+0000] {dag.py:3954} INFO - Setting next_dagrun for example_task_group to 2024-04-14 00:00:00+00:00, run_after=2024-04-15 00:00:00+00:00
[2024-04-15T14:35:28.354+0000] {processor.py:183} INFO - Processing /home/airflow/.local/lib/python3.12/site-packages/airflow/example_dags/example_task_group.py took 0.214 seconds
[2024-04-15T14:35:59.204+0000] {processor.py:161} INFO - Started process (PID=891) to work on /home/airflow/.local/lib/python3.12/site-packages/airflow/example_dags/example_task_group.py
[2024-04-15T14:35:59.205+0000] {processor.py:830} INFO - Processing file /home/airflow/.local/lib/python3.12/site-packages/airflow/example_dags/example_task_group.py for tasks to queue
[2024-04-15T14:35:59.208+0000] {logging_mixin.py:188} INFO - [2024-04-15T14:35:59.207+0000] {dagbag.py:540} INFO - Filling up the DagBag from /home/airflow/.local/lib/python3.12/site-packages/airflow/example_dags/example_task_group.py
[2024-04-15T14:35:59.218+0000] {processor.py:840} INFO - DAG(s) 'example_task_group' retrieved from /home/airflow/.local/lib/python3.12/site-packages/airflow/example_dags/example_task_group.py
[2024-04-15T14:35:59.254+0000] {logging_mixin.py:188} INFO - [2024-04-15T14:35:59.253+0000] {dag.py:3096} INFO - Sync 1 DAGs
[2024-04-15T14:35:59.294+0000] {logging_mixin.py:188} INFO - [2024-04-15T14:35:59.293+0000] {dag.py:3954} INFO - Setting next_dagrun for example_task_group to 2024-04-14 00:00:00+00:00, run_after=2024-04-15 00:00:00+00:00
[2024-04-15T14:35:59.331+0000] {processor.py:183} INFO - Processing /home/airflow/.local/lib/python3.12/site-packages/airflow/example_dags/example_task_group.py took 0.135 seconds
[2024-04-15T14:36:29.431+0000] {processor.py:161} INFO - Started process (PID=949) to work on /home/airflow/.local/lib/python3.12/site-packages/airflow/example_dags/example_task_group.py
[2024-04-15T14:36:29.453+0000] {processor.py:830} INFO - Processing file /home/airflow/.local/lib/python3.12/site-packages/airflow/example_dags/example_task_group.py for tasks to queue
[2024-04-15T14:36:29.467+0000] {logging_mixin.py:188} INFO - [2024-04-15T14:36:29.466+0000] {dagbag.py:540} INFO - Filling up the DagBag from /home/airflow/.local/lib/python3.12/site-packages/airflow/example_dags/example_task_group.py
[2024-04-15T14:36:29.487+0000] {processor.py:840} INFO - DAG(s) 'example_task_group' retrieved from /home/airflow/.local/lib/python3.12/site-packages/airflow/example_dags/example_task_group.py
[2024-04-15T14:36:29.529+0000] {logging_mixin.py:188} INFO - [2024-04-15T14:36:29.529+0000] {dag.py:3096} INFO - Sync 1 DAGs
[2024-04-15T14:36:29.588+0000] {logging_mixin.py:188} INFO - [2024-04-15T14:36:29.588+0000] {dag.py:3954} INFO - Setting next_dagrun for example_task_group to 2024-04-14 00:00:00+00:00, run_after=2024-04-15 00:00:00+00:00
[2024-04-15T14:36:29.653+0000] {processor.py:183} INFO - Processing /home/airflow/.local/lib/python3.12/site-packages/airflow/example_dags/example_task_group.py took 0.243 seconds
[2024-04-15T14:37:00.006+0000] {processor.py:161} INFO - Started process (PID=1008) to work on /home/airflow/.local/lib/python3.12/site-packages/airflow/example_dags/example_task_group.py
[2024-04-15T14:37:00.008+0000] {processor.py:830} INFO - Processing file /home/airflow/.local/lib/python3.12/site-packages/airflow/example_dags/example_task_group.py for tasks to queue
[2024-04-15T14:37:00.011+0000] {logging_mixin.py:188} INFO - [2024-04-15T14:37:00.010+0000] {dagbag.py:540} INFO - Filling up the DagBag from /home/airflow/.local/lib/python3.12/site-packages/airflow/example_dags/example_task_group.py
[2024-04-15T14:37:00.026+0000] {processor.py:840} INFO - DAG(s) 'example_task_group' retrieved from /home/airflow/.local/lib/python3.12/site-packages/airflow/example_dags/example_task_group.py
[2024-04-15T14:37:00.073+0000] {logging_mixin.py:188} INFO - [2024-04-15T14:37:00.072+0000] {dag.py:3096} INFO - Sync 1 DAGs
[2024-04-15T14:37:00.107+0000] {logging_mixin.py:188} INFO - [2024-04-15T14:37:00.107+0000] {dag.py:3954} INFO - Setting next_dagrun for example_task_group to 2024-04-14 00:00:00+00:00, run_after=2024-04-15 00:00:00+00:00
[2024-04-15T14:37:00.143+0000] {processor.py:183} INFO - Processing /home/airflow/.local/lib/python3.12/site-packages/airflow/example_dags/example_task_group.py took 0.143 seconds
[2024-04-15T14:37:30.504+0000] {processor.py:161} INFO - Started process (PID=1067) to work on /home/airflow/.local/lib/python3.12/site-packages/airflow/example_dags/example_task_group.py
[2024-04-15T14:37:30.506+0000] {processor.py:830} INFO - Processing file /home/airflow/.local/lib/python3.12/site-packages/airflow/example_dags/example_task_group.py for tasks to queue
[2024-04-15T14:37:30.510+0000] {logging_mixin.py:188} INFO - [2024-04-15T14:37:30.509+0000] {dagbag.py:540} INFO - Filling up the DagBag from /home/airflow/.local/lib/python3.12/site-packages/airflow/example_dags/example_task_group.py
[2024-04-15T14:37:30.524+0000] {processor.py:840} INFO - DAG(s) 'example_task_group' retrieved from /home/airflow/.local/lib/python3.12/site-packages/airflow/example_dags/example_task_group.py
[2024-04-15T14:37:30.597+0000] {logging_mixin.py:188} INFO - [2024-04-15T14:37:30.597+0000] {dag.py:3096} INFO - Sync 1 DAGs
[2024-04-15T14:37:30.895+0000] {logging_mixin.py:188} INFO - [2024-04-15T14:37:30.894+0000] {dag.py:3954} INFO - Setting next_dagrun for example_task_group to 2024-04-14 00:00:00+00:00, run_after=2024-04-15 00:00:00+00:00
[2024-04-15T14:37:30.953+0000] {processor.py:183} INFO - Processing /home/airflow/.local/lib/python3.12/site-packages/airflow/example_dags/example_task_group.py took 0.459 seconds
[2024-04-15T14:38:01.056+0000] {processor.py:161} INFO - Started process (PID=1125) to work on /home/airflow/.local/lib/python3.12/site-packages/airflow/example_dags/example_task_group.py
[2024-04-15T14:38:01.059+0000] {processor.py:830} INFO - Processing file /home/airflow/.local/lib/python3.12/site-packages/airflow/example_dags/example_task_group.py for tasks to queue
[2024-04-15T14:38:01.061+0000] {logging_mixin.py:188} INFO - [2024-04-15T14:38:01.061+0000] {dagbag.py:540} INFO - Filling up the DagBag from /home/airflow/.local/lib/python3.12/site-packages/airflow/example_dags/example_task_group.py
[2024-04-15T14:38:01.073+0000] {processor.py:840} INFO - DAG(s) 'example_task_group' retrieved from /home/airflow/.local/lib/python3.12/site-packages/airflow/example_dags/example_task_group.py
[2024-04-15T14:38:01.112+0000] {logging_mixin.py:188} INFO - [2024-04-15T14:38:01.111+0000] {dag.py:3096} INFO - Sync 1 DAGs
[2024-04-15T14:38:01.316+0000] {logging_mixin.py:188} INFO - [2024-04-15T14:38:01.315+0000] {dag.py:3954} INFO - Setting next_dagrun for example_task_group to 2024-04-14 00:00:00+00:00, run_after=2024-04-15 00:00:00+00:00
[2024-04-15T14:38:01.343+0000] {processor.py:183} INFO - Processing /home/airflow/.local/lib/python3.12/site-packages/airflow/example_dags/example_task_group.py took 0.296 seconds
