[2024-04-15T14:28:47.791+0000] {processor.py:161} INFO - Started process (PID=78) to work on /home/airflow/.local/lib/python3.12/site-packages/airflow/example_dags/example_nested_branch_dag.py
[2024-04-15T14:28:47.793+0000] {processor.py:830} INFO - Processing file /home/airflow/.local/lib/python3.12/site-packages/airflow/example_dags/example_nested_branch_dag.py for tasks to queue
[2024-04-15T14:28:47.798+0000] {logging_mixin.py:188} INFO - [2024-04-15T14:28:47.798+0000] {dagbag.py:540} INFO - Filling up the DagBag from /home/airflow/.local/lib/python3.12/site-packages/airflow/example_dags/example_nested_branch_dag.py
[2024-04-15T14:28:47.824+0000] {processor.py:840} INFO - DAG(s) 'example_nested_branch_dag' retrieved from /home/airflow/.local/lib/python3.12/site-packages/airflow/example_dags/example_nested_branch_dag.py
[2024-04-15T14:28:47.866+0000] {logging_mixin.py:188} INFO - [2024-04-15T14:28:47.865+0000] {dag.py:3096} INFO - Sync 1 DAGs
[2024-04-15T14:28:47.921+0000] {logging_mixin.py:188} INFO - [2024-04-15T14:28:47.920+0000] {dag.py:3954} INFO - Setting next_dagrun for example_nested_branch_dag to 2024-04-14 00:00:00+00:00, run_after=2024-04-15 00:00:00+00:00
[2024-04-15T14:28:47.967+0000] {processor.py:183} INFO - Processing /home/airflow/.local/lib/python3.12/site-packages/airflow/example_dags/example_nested_branch_dag.py took 0.185 seconds
[2024-04-15T14:29:18.670+0000] {processor.py:161} INFO - Started process (PID=137) to work on /home/airflow/.local/lib/python3.12/site-packages/airflow/example_dags/example_nested_branch_dag.py
[2024-04-15T14:29:18.672+0000] {processor.py:830} INFO - Processing file /home/airflow/.local/lib/python3.12/site-packages/airflow/example_dags/example_nested_branch_dag.py for tasks to queue
[2024-04-15T14:29:18.675+0000] {logging_mixin.py:188} INFO - [2024-04-15T14:29:18.675+0000] {dagbag.py:540} INFO - Filling up the DagBag from /home/airflow/.local/lib/python3.12/site-packages/airflow/example_dags/example_nested_branch_dag.py
[2024-04-15T14:29:18.696+0000] {processor.py:840} INFO - DAG(s) 'example_nested_branch_dag' retrieved from /home/airflow/.local/lib/python3.12/site-packages/airflow/example_dags/example_nested_branch_dag.py
[2024-04-15T14:29:18.730+0000] {logging_mixin.py:188} INFO - [2024-04-15T14:29:18.730+0000] {dag.py:3096} INFO - Sync 1 DAGs
[2024-04-15T14:29:18.770+0000] {logging_mixin.py:188} INFO - [2024-04-15T14:29:18.770+0000] {dag.py:3954} INFO - Setting next_dagrun for example_nested_branch_dag to 2024-04-14 00:00:00+00:00, run_after=2024-04-15 00:00:00+00:00
[2024-04-15T14:29:18.804+0000] {processor.py:183} INFO - Processing /home/airflow/.local/lib/python3.12/site-packages/airflow/example_dags/example_nested_branch_dag.py took 0.148 seconds
[2024-04-15T14:29:49.225+0000] {processor.py:161} INFO - Started process (PID=196) to work on /home/airflow/.local/lib/python3.12/site-packages/airflow/example_dags/example_nested_branch_dag.py
[2024-04-15T14:29:49.241+0000] {processor.py:830} INFO - Processing file /home/airflow/.local/lib/python3.12/site-packages/airflow/example_dags/example_nested_branch_dag.py for tasks to queue
[2024-04-15T14:29:49.252+0000] {logging_mixin.py:188} INFO - [2024-04-15T14:29:49.251+0000] {dagbag.py:540} INFO - Filling up the DagBag from /home/airflow/.local/lib/python3.12/site-packages/airflow/example_dags/example_nested_branch_dag.py
[2024-04-15T14:29:49.272+0000] {processor.py:840} INFO - DAG(s) 'example_nested_branch_dag' retrieved from /home/airflow/.local/lib/python3.12/site-packages/airflow/example_dags/example_nested_branch_dag.py
[2024-04-15T14:29:49.344+0000] {logging_mixin.py:188} INFO - [2024-04-15T14:29:49.343+0000] {dag.py:3096} INFO - Sync 1 DAGs
[2024-04-15T14:29:49.417+0000] {logging_mixin.py:188} INFO - [2024-04-15T14:29:49.417+0000] {dag.py:3954} INFO - Setting next_dagrun for example_nested_branch_dag to 2024-04-14 00:00:00+00:00, run_after=2024-04-15 00:00:00+00:00
[2024-04-15T14:29:49.486+0000] {processor.py:183} INFO - Processing /home/airflow/.local/lib/python3.12/site-packages/airflow/example_dags/example_nested_branch_dag.py took 0.278 seconds
[2024-04-15T14:30:25.429+0000] {processor.py:161} INFO - Started process (PID=255) to work on /home/airflow/.local/lib/python3.12/site-packages/airflow/example_dags/example_nested_branch_dag.py
[2024-04-15T14:30:25.432+0000] {processor.py:830} INFO - Processing file /home/airflow/.local/lib/python3.12/site-packages/airflow/example_dags/example_nested_branch_dag.py for tasks to queue
[2024-04-15T14:30:25.437+0000] {logging_mixin.py:188} INFO - [2024-04-15T14:30:25.436+0000] {dagbag.py:540} INFO - Filling up the DagBag from /home/airflow/.local/lib/python3.12/site-packages/airflow/example_dags/example_nested_branch_dag.py
[2024-04-15T14:30:25.480+0000] {processor.py:840} INFO - DAG(s) 'example_nested_branch_dag' retrieved from /home/airflow/.local/lib/python3.12/site-packages/airflow/example_dags/example_nested_branch_dag.py
[2024-04-15T14:30:25.562+0000] {logging_mixin.py:188} INFO - [2024-04-15T14:30:25.560+0000] {dag.py:3096} INFO - Sync 1 DAGs
[2024-04-15T14:30:25.668+0000] {logging_mixin.py:188} INFO - [2024-04-15T14:30:25.667+0000] {dag.py:3954} INFO - Setting next_dagrun for example_nested_branch_dag to 2024-04-14 00:00:00+00:00, run_after=2024-04-15 00:00:00+00:00
[2024-04-15T14:30:25.770+0000] {processor.py:183} INFO - Processing /home/airflow/.local/lib/python3.12/site-packages/airflow/example_dags/example_nested_branch_dag.py took 0.356 seconds
[2024-04-15T14:30:57.216+0000] {processor.py:161} INFO - Started process (PID=314) to work on /home/airflow/.local/lib/python3.12/site-packages/airflow/example_dags/example_nested_branch_dag.py
[2024-04-15T14:30:57.224+0000] {processor.py:830} INFO - Processing file /home/airflow/.local/lib/python3.12/site-packages/airflow/example_dags/example_nested_branch_dag.py for tasks to queue
[2024-04-15T14:30:57.247+0000] {logging_mixin.py:188} INFO - [2024-04-15T14:30:57.247+0000] {dagbag.py:540} INFO - Filling up the DagBag from /home/airflow/.local/lib/python3.12/site-packages/airflow/example_dags/example_nested_branch_dag.py
[2024-04-15T14:30:57.334+0000] {processor.py:840} INFO - DAG(s) 'example_nested_branch_dag' retrieved from /home/airflow/.local/lib/python3.12/site-packages/airflow/example_dags/example_nested_branch_dag.py
[2024-04-15T14:30:57.457+0000] {logging_mixin.py:188} INFO - [2024-04-15T14:30:57.457+0000] {dag.py:3096} INFO - Sync 1 DAGs
[2024-04-15T14:30:57.534+0000] {logging_mixin.py:188} INFO - [2024-04-15T14:30:57.533+0000] {dag.py:3954} INFO - Setting next_dagrun for example_nested_branch_dag to 2024-04-14 00:00:00+00:00, run_after=2024-04-15 00:00:00+00:00
[2024-04-15T14:30:57.616+0000] {processor.py:183} INFO - Processing /home/airflow/.local/lib/python3.12/site-packages/airflow/example_dags/example_nested_branch_dag.py took 0.424 seconds
[2024-04-15T14:31:28.460+0000] {processor.py:161} INFO - Started process (PID=372) to work on /home/airflow/.local/lib/python3.12/site-packages/airflow/example_dags/example_nested_branch_dag.py
[2024-04-15T14:31:28.468+0000] {processor.py:830} INFO - Processing file /home/airflow/.local/lib/python3.12/site-packages/airflow/example_dags/example_nested_branch_dag.py for tasks to queue
[2024-04-15T14:31:28.482+0000] {logging_mixin.py:188} INFO - [2024-04-15T14:31:28.481+0000] {dagbag.py:540} INFO - Filling up the DagBag from /home/airflow/.local/lib/python3.12/site-packages/airflow/example_dags/example_nested_branch_dag.py
[2024-04-15T14:31:28.530+0000] {processor.py:840} INFO - DAG(s) 'example_nested_branch_dag' retrieved from /home/airflow/.local/lib/python3.12/site-packages/airflow/example_dags/example_nested_branch_dag.py
[2024-04-15T14:31:28.599+0000] {logging_mixin.py:188} INFO - [2024-04-15T14:31:28.599+0000] {dag.py:3096} INFO - Sync 1 DAGs
[2024-04-15T14:31:28.753+0000] {logging_mixin.py:188} INFO - [2024-04-15T14:31:28.753+0000] {dag.py:3954} INFO - Setting next_dagrun for example_nested_branch_dag to 2024-04-14 00:00:00+00:00, run_after=2024-04-15 00:00:00+00:00
[2024-04-15T14:31:28.843+0000] {processor.py:183} INFO - Processing /home/airflow/.local/lib/python3.12/site-packages/airflow/example_dags/example_nested_branch_dag.py took 0.413 seconds
[2024-04-15T14:31:59.140+0000] {processor.py:161} INFO - Started process (PID=432) to work on /home/airflow/.local/lib/python3.12/site-packages/airflow/example_dags/example_nested_branch_dag.py
[2024-04-15T14:31:59.141+0000] {processor.py:830} INFO - Processing file /home/airflow/.local/lib/python3.12/site-packages/airflow/example_dags/example_nested_branch_dag.py for tasks to queue
[2024-04-15T14:31:59.144+0000] {logging_mixin.py:188} INFO - [2024-04-15T14:31:59.143+0000] {dagbag.py:540} INFO - Filling up the DagBag from /home/airflow/.local/lib/python3.12/site-packages/airflow/example_dags/example_nested_branch_dag.py
[2024-04-15T14:31:59.159+0000] {processor.py:840} INFO - DAG(s) 'example_nested_branch_dag' retrieved from /home/airflow/.local/lib/python3.12/site-packages/airflow/example_dags/example_nested_branch_dag.py
[2024-04-15T14:31:59.191+0000] {logging_mixin.py:188} INFO - [2024-04-15T14:31:59.190+0000] {dag.py:3096} INFO - Sync 1 DAGs
[2024-04-15T14:31:59.227+0000] {logging_mixin.py:188} INFO - [2024-04-15T14:31:59.227+0000] {dag.py:3954} INFO - Setting next_dagrun for example_nested_branch_dag to 2024-04-14 00:00:00+00:00, run_after=2024-04-15 00:00:00+00:00
[2024-04-15T14:31:59.260+0000] {processor.py:183} INFO - Processing /home/airflow/.local/lib/python3.12/site-packages/airflow/example_dags/example_nested_branch_dag.py took 0.127 seconds
[2024-04-15T14:32:29.818+0000] {processor.py:161} INFO - Started process (PID=490) to work on /home/airflow/.local/lib/python3.12/site-packages/airflow/example_dags/example_nested_branch_dag.py
[2024-04-15T14:32:29.820+0000] {processor.py:830} INFO - Processing file /home/airflow/.local/lib/python3.12/site-packages/airflow/example_dags/example_nested_branch_dag.py for tasks to queue
[2024-04-15T14:32:29.824+0000] {logging_mixin.py:188} INFO - [2024-04-15T14:32:29.824+0000] {dagbag.py:540} INFO - Filling up the DagBag from /home/airflow/.local/lib/python3.12/site-packages/airflow/example_dags/example_nested_branch_dag.py
[2024-04-15T14:32:29.839+0000] {processor.py:840} INFO - DAG(s) 'example_nested_branch_dag' retrieved from /home/airflow/.local/lib/python3.12/site-packages/airflow/example_dags/example_nested_branch_dag.py
[2024-04-15T14:32:29.868+0000] {logging_mixin.py:188} INFO - [2024-04-15T14:32:29.868+0000] {dag.py:3096} INFO - Sync 1 DAGs
[2024-04-15T14:32:29.903+0000] {logging_mixin.py:188} INFO - [2024-04-15T14:32:29.903+0000] {dag.py:3954} INFO - Setting next_dagrun for example_nested_branch_dag to 2024-04-14 00:00:00+00:00, run_after=2024-04-15 00:00:00+00:00
[2024-04-15T14:32:29.941+0000] {processor.py:183} INFO - Processing /home/airflow/.local/lib/python3.12/site-packages/airflow/example_dags/example_nested_branch_dag.py took 0.133 seconds
[2024-04-15T14:33:00.518+0000] {processor.py:161} INFO - Started process (PID=548) to work on /home/airflow/.local/lib/python3.12/site-packages/airflow/example_dags/example_nested_branch_dag.py
[2024-04-15T14:33:00.520+0000] {processor.py:830} INFO - Processing file /home/airflow/.local/lib/python3.12/site-packages/airflow/example_dags/example_nested_branch_dag.py for tasks to queue
[2024-04-15T14:33:00.526+0000] {logging_mixin.py:188} INFO - [2024-04-15T14:33:00.526+0000] {dagbag.py:540} INFO - Filling up the DagBag from /home/airflow/.local/lib/python3.12/site-packages/airflow/example_dags/example_nested_branch_dag.py
[2024-04-15T14:33:00.556+0000] {processor.py:840} INFO - DAG(s) 'example_nested_branch_dag' retrieved from /home/airflow/.local/lib/python3.12/site-packages/airflow/example_dags/example_nested_branch_dag.py
[2024-04-15T14:33:00.607+0000] {logging_mixin.py:188} INFO - [2024-04-15T14:33:00.607+0000] {dag.py:3096} INFO - Sync 1 DAGs
[2024-04-15T14:33:00.654+0000] {logging_mixin.py:188} INFO - [2024-04-15T14:33:00.654+0000] {dag.py:3954} INFO - Setting next_dagrun for example_nested_branch_dag to 2024-04-14 00:00:00+00:00, run_after=2024-04-15 00:00:00+00:00
[2024-04-15T14:33:00.685+0000] {processor.py:183} INFO - Processing /home/airflow/.local/lib/python3.12/site-packages/airflow/example_dags/example_nested_branch_dag.py took 0.187 seconds
[2024-04-15T14:33:31.235+0000] {processor.py:161} INFO - Started process (PID=607) to work on /home/airflow/.local/lib/python3.12/site-packages/airflow/example_dags/example_nested_branch_dag.py
[2024-04-15T14:33:31.237+0000] {processor.py:830} INFO - Processing file /home/airflow/.local/lib/python3.12/site-packages/airflow/example_dags/example_nested_branch_dag.py for tasks to queue
[2024-04-15T14:33:31.240+0000] {logging_mixin.py:188} INFO - [2024-04-15T14:33:31.240+0000] {dagbag.py:540} INFO - Filling up the DagBag from /home/airflow/.local/lib/python3.12/site-packages/airflow/example_dags/example_nested_branch_dag.py
[2024-04-15T14:33:31.267+0000] {processor.py:840} INFO - DAG(s) 'example_nested_branch_dag' retrieved from /home/airflow/.local/lib/python3.12/site-packages/airflow/example_dags/example_nested_branch_dag.py
[2024-04-15T14:33:31.336+0000] {logging_mixin.py:188} INFO - [2024-04-15T14:33:31.335+0000] {dag.py:3096} INFO - Sync 1 DAGs
[2024-04-15T14:33:31.448+0000] {logging_mixin.py:188} INFO - [2024-04-15T14:33:31.447+0000] {dag.py:3954} INFO - Setting next_dagrun for example_nested_branch_dag to 2024-04-14 00:00:00+00:00, run_after=2024-04-15 00:00:00+00:00
[2024-04-15T14:33:31.580+0000] {processor.py:183} INFO - Processing /home/airflow/.local/lib/python3.12/site-packages/airflow/example_dags/example_nested_branch_dag.py took 0.355 seconds
[2024-04-15T14:34:02.208+0000] {processor.py:161} INFO - Started process (PID=666) to work on /home/airflow/.local/lib/python3.12/site-packages/airflow/example_dags/example_nested_branch_dag.py
[2024-04-15T14:34:02.210+0000] {processor.py:830} INFO - Processing file /home/airflow/.local/lib/python3.12/site-packages/airflow/example_dags/example_nested_branch_dag.py for tasks to queue
[2024-04-15T14:34:02.217+0000] {logging_mixin.py:188} INFO - [2024-04-15T14:34:02.217+0000] {dagbag.py:540} INFO - Filling up the DagBag from /home/airflow/.local/lib/python3.12/site-packages/airflow/example_dags/example_nested_branch_dag.py
[2024-04-15T14:34:02.230+0000] {processor.py:840} INFO - DAG(s) 'example_nested_branch_dag' retrieved from /home/airflow/.local/lib/python3.12/site-packages/airflow/example_dags/example_nested_branch_dag.py
[2024-04-15T14:34:02.262+0000] {logging_mixin.py:188} INFO - [2024-04-15T14:34:02.261+0000] {dag.py:3096} INFO - Sync 1 DAGs
[2024-04-15T14:34:02.303+0000] {logging_mixin.py:188} INFO - [2024-04-15T14:34:02.303+0000] {dag.py:3954} INFO - Setting next_dagrun for example_nested_branch_dag to 2024-04-14 00:00:00+00:00, run_after=2024-04-15 00:00:00+00:00
[2024-04-15T14:34:02.336+0000] {processor.py:183} INFO - Processing /home/airflow/.local/lib/python3.12/site-packages/airflow/example_dags/example_nested_branch_dag.py took 0.137 seconds
[2024-04-15T14:34:32.453+0000] {processor.py:161} INFO - Started process (PID=725) to work on /home/airflow/.local/lib/python3.12/site-packages/airflow/example_dags/example_nested_branch_dag.py
[2024-04-15T14:34:32.455+0000] {processor.py:830} INFO - Processing file /home/airflow/.local/lib/python3.12/site-packages/airflow/example_dags/example_nested_branch_dag.py for tasks to queue
[2024-04-15T14:34:32.463+0000] {logging_mixin.py:188} INFO - [2024-04-15T14:34:32.462+0000] {dagbag.py:540} INFO - Filling up the DagBag from /home/airflow/.local/lib/python3.12/site-packages/airflow/example_dags/example_nested_branch_dag.py
[2024-04-15T14:34:32.489+0000] {processor.py:840} INFO - DAG(s) 'example_nested_branch_dag' retrieved from /home/airflow/.local/lib/python3.12/site-packages/airflow/example_dags/example_nested_branch_dag.py
[2024-04-15T14:34:32.537+0000] {logging_mixin.py:188} INFO - [2024-04-15T14:34:32.536+0000] {dag.py:3096} INFO - Sync 1 DAGs
[2024-04-15T14:34:32.590+0000] {logging_mixin.py:188} INFO - [2024-04-15T14:34:32.589+0000] {dag.py:3954} INFO - Setting next_dagrun for example_nested_branch_dag to 2024-04-14 00:00:00+00:00, run_after=2024-04-15 00:00:00+00:00
[2024-04-15T14:34:32.630+0000] {processor.py:183} INFO - Processing /home/airflow/.local/lib/python3.12/site-packages/airflow/example_dags/example_nested_branch_dag.py took 0.187 seconds
[2024-04-15T14:35:02.929+0000] {processor.py:161} INFO - Started process (PID=784) to work on /home/airflow/.local/lib/python3.12/site-packages/airflow/example_dags/example_nested_branch_dag.py
[2024-04-15T14:35:02.931+0000] {processor.py:830} INFO - Processing file /home/airflow/.local/lib/python3.12/site-packages/airflow/example_dags/example_nested_branch_dag.py for tasks to queue
[2024-04-15T14:35:02.935+0000] {logging_mixin.py:188} INFO - [2024-04-15T14:35:02.934+0000] {dagbag.py:540} INFO - Filling up the DagBag from /home/airflow/.local/lib/python3.12/site-packages/airflow/example_dags/example_nested_branch_dag.py
[2024-04-15T14:35:02.955+0000] {processor.py:840} INFO - DAG(s) 'example_nested_branch_dag' retrieved from /home/airflow/.local/lib/python3.12/site-packages/airflow/example_dags/example_nested_branch_dag.py
[2024-04-15T14:35:02.988+0000] {logging_mixin.py:188} INFO - [2024-04-15T14:35:02.988+0000] {dag.py:3096} INFO - Sync 1 DAGs
[2024-04-15T14:35:03.026+0000] {logging_mixin.py:188} INFO - [2024-04-15T14:35:03.026+0000] {dag.py:3954} INFO - Setting next_dagrun for example_nested_branch_dag to 2024-04-14 00:00:00+00:00, run_after=2024-04-15 00:00:00+00:00
[2024-04-15T14:35:03.068+0000] {processor.py:183} INFO - Processing /home/airflow/.local/lib/python3.12/site-packages/airflow/example_dags/example_nested_branch_dag.py took 0.148 seconds
[2024-04-15T14:35:33.862+0000] {processor.py:161} INFO - Started process (PID=843) to work on /home/airflow/.local/lib/python3.12/site-packages/airflow/example_dags/example_nested_branch_dag.py
[2024-04-15T14:35:33.864+0000] {processor.py:830} INFO - Processing file /home/airflow/.local/lib/python3.12/site-packages/airflow/example_dags/example_nested_branch_dag.py for tasks to queue
[2024-04-15T14:35:33.868+0000] {logging_mixin.py:188} INFO - [2024-04-15T14:35:33.868+0000] {dagbag.py:540} INFO - Filling up the DagBag from /home/airflow/.local/lib/python3.12/site-packages/airflow/example_dags/example_nested_branch_dag.py
[2024-04-15T14:35:33.891+0000] {processor.py:840} INFO - DAG(s) 'example_nested_branch_dag' retrieved from /home/airflow/.local/lib/python3.12/site-packages/airflow/example_dags/example_nested_branch_dag.py
[2024-04-15T14:35:33.931+0000] {logging_mixin.py:188} INFO - [2024-04-15T14:35:33.930+0000] {dag.py:3096} INFO - Sync 1 DAGs
[2024-04-15T14:35:33.978+0000] {logging_mixin.py:188} INFO - [2024-04-15T14:35:33.978+0000] {dag.py:3954} INFO - Setting next_dagrun for example_nested_branch_dag to 2024-04-14 00:00:00+00:00, run_after=2024-04-15 00:00:00+00:00
[2024-04-15T14:35:34.011+0000] {processor.py:183} INFO - Processing /home/airflow/.local/lib/python3.12/site-packages/airflow/example_dags/example_nested_branch_dag.py took 0.160 seconds
[2024-04-15T14:36:04.309+0000] {processor.py:161} INFO - Started process (PID=902) to work on /home/airflow/.local/lib/python3.12/site-packages/airflow/example_dags/example_nested_branch_dag.py
[2024-04-15T14:36:04.311+0000] {processor.py:830} INFO - Processing file /home/airflow/.local/lib/python3.12/site-packages/airflow/example_dags/example_nested_branch_dag.py for tasks to queue
[2024-04-15T14:36:04.314+0000] {logging_mixin.py:188} INFO - [2024-04-15T14:36:04.314+0000] {dagbag.py:540} INFO - Filling up the DagBag from /home/airflow/.local/lib/python3.12/site-packages/airflow/example_dags/example_nested_branch_dag.py
[2024-04-15T14:36:04.330+0000] {processor.py:840} INFO - DAG(s) 'example_nested_branch_dag' retrieved from /home/airflow/.local/lib/python3.12/site-packages/airflow/example_dags/example_nested_branch_dag.py
[2024-04-15T14:36:04.364+0000] {logging_mixin.py:188} INFO - [2024-04-15T14:36:04.363+0000] {dag.py:3096} INFO - Sync 1 DAGs
[2024-04-15T14:36:04.399+0000] {logging_mixin.py:188} INFO - [2024-04-15T14:36:04.399+0000] {dag.py:3954} INFO - Setting next_dagrun for example_nested_branch_dag to 2024-04-14 00:00:00+00:00, run_after=2024-04-15 00:00:00+00:00
[2024-04-15T14:36:04.434+0000] {processor.py:183} INFO - Processing /home/airflow/.local/lib/python3.12/site-packages/airflow/example_dags/example_nested_branch_dag.py took 0.134 seconds
[2024-04-15T14:36:35.002+0000] {processor.py:161} INFO - Started process (PID=961) to work on /home/airflow/.local/lib/python3.12/site-packages/airflow/example_dags/example_nested_branch_dag.py
[2024-04-15T14:36:35.003+0000] {processor.py:830} INFO - Processing file /home/airflow/.local/lib/python3.12/site-packages/airflow/example_dags/example_nested_branch_dag.py for tasks to queue
[2024-04-15T14:36:35.006+0000] {logging_mixin.py:188} INFO - [2024-04-15T14:36:35.005+0000] {dagbag.py:540} INFO - Filling up the DagBag from /home/airflow/.local/lib/python3.12/site-packages/airflow/example_dags/example_nested_branch_dag.py
[2024-04-15T14:36:35.025+0000] {processor.py:840} INFO - DAG(s) 'example_nested_branch_dag' retrieved from /home/airflow/.local/lib/python3.12/site-packages/airflow/example_dags/example_nested_branch_dag.py
[2024-04-15T14:36:35.080+0000] {logging_mixin.py:188} INFO - [2024-04-15T14:36:35.079+0000] {dag.py:3096} INFO - Sync 1 DAGs
[2024-04-15T14:36:35.129+0000] {logging_mixin.py:188} INFO - [2024-04-15T14:36:35.129+0000] {dag.py:3954} INFO - Setting next_dagrun for example_nested_branch_dag to 2024-04-14 00:00:00+00:00, run_after=2024-04-15 00:00:00+00:00
[2024-04-15T14:36:35.171+0000] {processor.py:183} INFO - Processing /home/airflow/.local/lib/python3.12/site-packages/airflow/example_dags/example_nested_branch_dag.py took 0.181 seconds
[2024-04-15T14:37:05.419+0000] {processor.py:161} INFO - Started process (PID=1020) to work on /home/airflow/.local/lib/python3.12/site-packages/airflow/example_dags/example_nested_branch_dag.py
[2024-04-15T14:37:05.421+0000] {processor.py:830} INFO - Processing file /home/airflow/.local/lib/python3.12/site-packages/airflow/example_dags/example_nested_branch_dag.py for tasks to queue
[2024-04-15T14:37:05.423+0000] {logging_mixin.py:188} INFO - [2024-04-15T14:37:05.423+0000] {dagbag.py:540} INFO - Filling up the DagBag from /home/airflow/.local/lib/python3.12/site-packages/airflow/example_dags/example_nested_branch_dag.py
[2024-04-15T14:37:05.436+0000] {processor.py:840} INFO - DAG(s) 'example_nested_branch_dag' retrieved from /home/airflow/.local/lib/python3.12/site-packages/airflow/example_dags/example_nested_branch_dag.py
[2024-04-15T14:37:05.471+0000] {logging_mixin.py:188} INFO - [2024-04-15T14:37:05.469+0000] {dag.py:3096} INFO - Sync 1 DAGs
[2024-04-15T14:37:05.508+0000] {logging_mixin.py:188} INFO - [2024-04-15T14:37:05.507+0000] {dag.py:3954} INFO - Setting next_dagrun for example_nested_branch_dag to 2024-04-14 00:00:00+00:00, run_after=2024-04-15 00:00:00+00:00
[2024-04-15T14:37:05.539+0000] {processor.py:183} INFO - Processing /home/airflow/.local/lib/python3.12/site-packages/airflow/example_dags/example_nested_branch_dag.py took 0.131 seconds
[2024-04-15T14:37:35.762+0000] {processor.py:161} INFO - Started process (PID=1079) to work on /home/airflow/.local/lib/python3.12/site-packages/airflow/example_dags/example_nested_branch_dag.py
[2024-04-15T14:37:35.764+0000] {processor.py:830} INFO - Processing file /home/airflow/.local/lib/python3.12/site-packages/airflow/example_dags/example_nested_branch_dag.py for tasks to queue
[2024-04-15T14:37:35.767+0000] {logging_mixin.py:188} INFO - [2024-04-15T14:37:35.767+0000] {dagbag.py:540} INFO - Filling up the DagBag from /home/airflow/.local/lib/python3.12/site-packages/airflow/example_dags/example_nested_branch_dag.py
[2024-04-15T14:37:35.781+0000] {processor.py:840} INFO - DAG(s) 'example_nested_branch_dag' retrieved from /home/airflow/.local/lib/python3.12/site-packages/airflow/example_dags/example_nested_branch_dag.py
[2024-04-15T14:37:35.810+0000] {logging_mixin.py:188} INFO - [2024-04-15T14:37:35.810+0000] {dag.py:3096} INFO - Sync 1 DAGs
[2024-04-15T14:37:35.844+0000] {logging_mixin.py:188} INFO - [2024-04-15T14:37:35.843+0000] {dag.py:3954} INFO - Setting next_dagrun for example_nested_branch_dag to 2024-04-14 00:00:00+00:00, run_after=2024-04-15 00:00:00+00:00
[2024-04-15T14:37:35.872+0000] {processor.py:183} INFO - Processing /home/airflow/.local/lib/python3.12/site-packages/airflow/example_dags/example_nested_branch_dag.py took 0.119 seconds
[2024-04-15T14:38:06.196+0000] {processor.py:161} INFO - Started process (PID=1138) to work on /home/airflow/.local/lib/python3.12/site-packages/airflow/example_dags/example_nested_branch_dag.py
[2024-04-15T14:38:06.197+0000] {processor.py:830} INFO - Processing file /home/airflow/.local/lib/python3.12/site-packages/airflow/example_dags/example_nested_branch_dag.py for tasks to queue
[2024-04-15T14:38:06.201+0000] {logging_mixin.py:188} INFO - [2024-04-15T14:38:06.200+0000] {dagbag.py:540} INFO - Filling up the DagBag from /home/airflow/.local/lib/python3.12/site-packages/airflow/example_dags/example_nested_branch_dag.py
[2024-04-15T14:38:06.220+0000] {processor.py:840} INFO - DAG(s) 'example_nested_branch_dag' retrieved from /home/airflow/.local/lib/python3.12/site-packages/airflow/example_dags/example_nested_branch_dag.py
[2024-04-15T14:38:06.282+0000] {logging_mixin.py:188} INFO - [2024-04-15T14:38:06.281+0000] {dag.py:3096} INFO - Sync 1 DAGs
[2024-04-15T14:38:06.571+0000] {logging_mixin.py:188} INFO - [2024-04-15T14:38:06.570+0000] {dag.py:3954} INFO - Setting next_dagrun for example_nested_branch_dag to 2024-04-14 00:00:00+00:00, run_after=2024-04-15 00:00:00+00:00
[2024-04-15T14:38:06.611+0000] {processor.py:183} INFO - Processing /home/airflow/.local/lib/python3.12/site-packages/airflow/example_dags/example_nested_branch_dag.py took 0.426 seconds
