[2024-04-15T14:28:46.053+0000] {processor.py:161} INFO - Started process (PID=70) to work on /home/airflow/.local/lib/python3.12/site-packages/airflow/example_dags/example_sla_dag.py
[2024-04-15T14:28:46.058+0000] {processor.py:830} INFO - Processing file /home/airflow/.local/lib/python3.12/site-packages/airflow/example_dags/example_sla_dag.py for tasks to queue
[2024-04-15T14:28:46.062+0000] {logging_mixin.py:188} INFO - [2024-04-15T14:28:46.061+0000] {dagbag.py:540} INFO - Filling up the DagBag from /home/airflow/.local/lib/python3.12/site-packages/airflow/example_dags/example_sla_dag.py
[2024-04-15T14:28:46.100+0000] {processor.py:840} INFO - DAG(s) 'example_sla_dag' retrieved from /home/airflow/.local/lib/python3.12/site-packages/airflow/example_dags/example_sla_dag.py
[2024-04-15T14:28:46.180+0000] {logging_mixin.py:188} INFO - [2024-04-15T14:28:46.180+0000] {dag.py:3096} INFO - Sync 1 DAGs
[2024-04-15T14:28:46.231+0000] {logging_mixin.py:188} INFO - [2024-04-15T14:28:46.230+0000] {dag.py:3954} INFO - Setting next_dagrun for example_sla_dag to 2024-04-15 14:26:00+00:00, run_after=2024-04-15 14:28:00+00:00
[2024-04-15T14:28:46.266+0000] {processor.py:183} INFO - Processing /home/airflow/.local/lib/python3.12/site-packages/airflow/example_dags/example_sla_dag.py took 0.228 seconds
[2024-04-15T14:29:16.688+0000] {processor.py:161} INFO - Started process (PID=129) to work on /home/airflow/.local/lib/python3.12/site-packages/airflow/example_dags/example_sla_dag.py
[2024-04-15T14:29:16.689+0000] {processor.py:830} INFO - Processing file /home/airflow/.local/lib/python3.12/site-packages/airflow/example_dags/example_sla_dag.py for tasks to queue
[2024-04-15T14:29:16.691+0000] {logging_mixin.py:188} INFO - [2024-04-15T14:29:16.691+0000] {dagbag.py:540} INFO - Filling up the DagBag from /home/airflow/.local/lib/python3.12/site-packages/airflow/example_dags/example_sla_dag.py
[2024-04-15T14:29:16.705+0000] {processor.py:840} INFO - DAG(s) 'example_sla_dag' retrieved from /home/airflow/.local/lib/python3.12/site-packages/airflow/example_dags/example_sla_dag.py
[2024-04-15T14:29:16.744+0000] {logging_mixin.py:188} INFO - [2024-04-15T14:29:16.743+0000] {dag.py:3096} INFO - Sync 1 DAGs
[2024-04-15T14:29:16.788+0000] {logging_mixin.py:188} INFO - [2024-04-15T14:29:16.788+0000] {dag.py:3954} INFO - Setting next_dagrun for example_sla_dag to 2024-04-15 14:26:00+00:00, run_after=2024-04-15 14:28:00+00:00
[2024-04-15T14:29:16.820+0000] {processor.py:183} INFO - Processing /home/airflow/.local/lib/python3.12/site-packages/airflow/example_dags/example_sla_dag.py took 0.141 seconds
[2024-04-15T14:29:47.389+0000] {processor.py:161} INFO - Started process (PID=188) to work on /home/airflow/.local/lib/python3.12/site-packages/airflow/example_dags/example_sla_dag.py
[2024-04-15T14:29:47.390+0000] {processor.py:830} INFO - Processing file /home/airflow/.local/lib/python3.12/site-packages/airflow/example_dags/example_sla_dag.py for tasks to queue
[2024-04-15T14:29:47.392+0000] {logging_mixin.py:188} INFO - [2024-04-15T14:29:47.392+0000] {dagbag.py:540} INFO - Filling up the DagBag from /home/airflow/.local/lib/python3.12/site-packages/airflow/example_dags/example_sla_dag.py
[2024-04-15T14:29:47.405+0000] {processor.py:840} INFO - DAG(s) 'example_sla_dag' retrieved from /home/airflow/.local/lib/python3.12/site-packages/airflow/example_dags/example_sla_dag.py
[2024-04-15T14:29:47.429+0000] {logging_mixin.py:188} INFO - [2024-04-15T14:29:47.429+0000] {dag.py:3096} INFO - Sync 1 DAGs
[2024-04-15T14:29:47.472+0000] {logging_mixin.py:188} INFO - [2024-04-15T14:29:47.471+0000] {dag.py:3954} INFO - Setting next_dagrun for example_sla_dag to 2024-04-15 14:26:00+00:00, run_after=2024-04-15 14:28:00+00:00
[2024-04-15T14:29:47.503+0000] {processor.py:183} INFO - Processing /home/airflow/.local/lib/python3.12/site-packages/airflow/example_dags/example_sla_dag.py took 0.124 seconds
[2024-04-15T14:30:22.408+0000] {processor.py:161} INFO - Started process (PID=247) to work on /home/airflow/.local/lib/python3.12/site-packages/airflow/example_dags/example_sla_dag.py
[2024-04-15T14:30:22.414+0000] {processor.py:830} INFO - Processing file /home/airflow/.local/lib/python3.12/site-packages/airflow/example_dags/example_sla_dag.py for tasks to queue
[2024-04-15T14:30:22.425+0000] {logging_mixin.py:188} INFO - [2024-04-15T14:30:22.424+0000] {dagbag.py:540} INFO - Filling up the DagBag from /home/airflow/.local/lib/python3.12/site-packages/airflow/example_dags/example_sla_dag.py
[2024-04-15T14:30:22.507+0000] {processor.py:840} INFO - DAG(s) 'example_sla_dag' retrieved from /home/airflow/.local/lib/python3.12/site-packages/airflow/example_dags/example_sla_dag.py
[2024-04-15T14:30:22.731+0000] {logging_mixin.py:188} INFO - [2024-04-15T14:30:22.730+0000] {dag.py:3096} INFO - Sync 1 DAGs
[2024-04-15T14:30:22.875+0000] {logging_mixin.py:188} INFO - [2024-04-15T14:30:22.875+0000] {dag.py:3954} INFO - Setting next_dagrun for example_sla_dag to 2024-04-15 14:28:00+00:00, run_after=2024-04-15 14:30:00+00:00
[2024-04-15T14:30:23.050+0000] {processor.py:183} INFO - Processing /home/airflow/.local/lib/python3.12/site-packages/airflow/example_dags/example_sla_dag.py took 0.670 seconds
[2024-04-15T14:30:53.304+0000] {processor.py:161} INFO - Started process (PID=306) to work on /home/airflow/.local/lib/python3.12/site-packages/airflow/example_dags/example_sla_dag.py
[2024-04-15T14:30:53.306+0000] {processor.py:830} INFO - Processing file /home/airflow/.local/lib/python3.12/site-packages/airflow/example_dags/example_sla_dag.py for tasks to queue
[2024-04-15T14:30:53.308+0000] {logging_mixin.py:188} INFO - [2024-04-15T14:30:53.308+0000] {dagbag.py:540} INFO - Filling up the DagBag from /home/airflow/.local/lib/python3.12/site-packages/airflow/example_dags/example_sla_dag.py
[2024-04-15T14:30:53.320+0000] {processor.py:840} INFO - DAG(s) 'example_sla_dag' retrieved from /home/airflow/.local/lib/python3.12/site-packages/airflow/example_dags/example_sla_dag.py
[2024-04-15T14:30:53.364+0000] {logging_mixin.py:188} INFO - [2024-04-15T14:30:53.364+0000] {dag.py:3096} INFO - Sync 1 DAGs
[2024-04-15T14:30:53.429+0000] {logging_mixin.py:188} INFO - [2024-04-15T14:30:53.428+0000] {dag.py:3954} INFO - Setting next_dagrun for example_sla_dag to 2024-04-15 14:28:00+00:00, run_after=2024-04-15 14:30:00+00:00
[2024-04-15T14:30:53.488+0000] {processor.py:183} INFO - Processing /home/airflow/.local/lib/python3.12/site-packages/airflow/example_dags/example_sla_dag.py took 0.199 seconds
[2024-04-15T14:31:24.042+0000] {processor.py:161} INFO - Started process (PID=364) to work on /home/airflow/.local/lib/python3.12/site-packages/airflow/example_dags/example_sla_dag.py
[2024-04-15T14:31:24.044+0000] {processor.py:830} INFO - Processing file /home/airflow/.local/lib/python3.12/site-packages/airflow/example_dags/example_sla_dag.py for tasks to queue
[2024-04-15T14:31:24.049+0000] {logging_mixin.py:188} INFO - [2024-04-15T14:31:24.048+0000] {dagbag.py:540} INFO - Filling up the DagBag from /home/airflow/.local/lib/python3.12/site-packages/airflow/example_dags/example_sla_dag.py
[2024-04-15T14:31:24.068+0000] {processor.py:840} INFO - DAG(s) 'example_sla_dag' retrieved from /home/airflow/.local/lib/python3.12/site-packages/airflow/example_dags/example_sla_dag.py
[2024-04-15T14:31:24.103+0000] {logging_mixin.py:188} INFO - [2024-04-15T14:31:24.102+0000] {dag.py:3096} INFO - Sync 1 DAGs
[2024-04-15T14:31:24.152+0000] {logging_mixin.py:188} INFO - [2024-04-15T14:31:24.152+0000] {dag.py:3954} INFO - Setting next_dagrun for example_sla_dag to 2024-04-15 14:28:00+00:00, run_after=2024-04-15 14:30:00+00:00
[2024-04-15T14:31:24.204+0000] {processor.py:183} INFO - Processing /home/airflow/.local/lib/python3.12/site-packages/airflow/example_dags/example_sla_dag.py took 0.175 seconds
[2024-04-15T14:31:54.381+0000] {processor.py:161} INFO - Started process (PID=424) to work on /home/airflow/.local/lib/python3.12/site-packages/airflow/example_dags/example_sla_dag.py
[2024-04-15T14:31:54.383+0000] {processor.py:830} INFO - Processing file /home/airflow/.local/lib/python3.12/site-packages/airflow/example_dags/example_sla_dag.py for tasks to queue
[2024-04-15T14:31:54.386+0000] {logging_mixin.py:188} INFO - [2024-04-15T14:31:54.385+0000] {dagbag.py:540} INFO - Filling up the DagBag from /home/airflow/.local/lib/python3.12/site-packages/airflow/example_dags/example_sla_dag.py
[2024-04-15T14:31:54.396+0000] {processor.py:840} INFO - DAG(s) 'example_sla_dag' retrieved from /home/airflow/.local/lib/python3.12/site-packages/airflow/example_dags/example_sla_dag.py
[2024-04-15T14:31:54.425+0000] {logging_mixin.py:188} INFO - [2024-04-15T14:31:54.425+0000] {dag.py:3096} INFO - Sync 1 DAGs
[2024-04-15T14:31:54.465+0000] {logging_mixin.py:188} INFO - [2024-04-15T14:31:54.464+0000] {dag.py:3954} INFO - Setting next_dagrun for example_sla_dag to 2024-04-15 14:28:00+00:00, run_after=2024-04-15 14:30:00+00:00
[2024-04-15T14:31:54.500+0000] {processor.py:183} INFO - Processing /home/airflow/.local/lib/python3.12/site-packages/airflow/example_dags/example_sla_dag.py took 0.128 seconds
[2024-04-15T14:32:24.941+0000] {processor.py:161} INFO - Started process (PID=482) to work on /home/airflow/.local/lib/python3.12/site-packages/airflow/example_dags/example_sla_dag.py
[2024-04-15T14:32:24.943+0000] {processor.py:830} INFO - Processing file /home/airflow/.local/lib/python3.12/site-packages/airflow/example_dags/example_sla_dag.py for tasks to queue
[2024-04-15T14:32:24.945+0000] {logging_mixin.py:188} INFO - [2024-04-15T14:32:24.945+0000] {dagbag.py:540} INFO - Filling up the DagBag from /home/airflow/.local/lib/python3.12/site-packages/airflow/example_dags/example_sla_dag.py
[2024-04-15T14:32:24.959+0000] {processor.py:840} INFO - DAG(s) 'example_sla_dag' retrieved from /home/airflow/.local/lib/python3.12/site-packages/airflow/example_dags/example_sla_dag.py
[2024-04-15T14:32:24.986+0000] {logging_mixin.py:188} INFO - [2024-04-15T14:32:24.986+0000] {dag.py:3096} INFO - Sync 1 DAGs
[2024-04-15T14:32:25.027+0000] {logging_mixin.py:188} INFO - [2024-04-15T14:32:25.027+0000] {dag.py:3954} INFO - Setting next_dagrun for example_sla_dag to 2024-04-15 14:30:00+00:00, run_after=2024-04-15 14:32:00+00:00
[2024-04-15T14:32:25.054+0000] {processor.py:183} INFO - Processing /home/airflow/.local/lib/python3.12/site-packages/airflow/example_dags/example_sla_dag.py took 0.120 seconds
[2024-04-15T14:32:55.768+0000] {processor.py:161} INFO - Started process (PID=540) to work on /home/airflow/.local/lib/python3.12/site-packages/airflow/example_dags/example_sla_dag.py
[2024-04-15T14:32:55.770+0000] {processor.py:830} INFO - Processing file /home/airflow/.local/lib/python3.12/site-packages/airflow/example_dags/example_sla_dag.py for tasks to queue
[2024-04-15T14:32:55.772+0000] {logging_mixin.py:188} INFO - [2024-04-15T14:32:55.772+0000] {dagbag.py:540} INFO - Filling up the DagBag from /home/airflow/.local/lib/python3.12/site-packages/airflow/example_dags/example_sla_dag.py
[2024-04-15T14:32:55.784+0000] {processor.py:840} INFO - DAG(s) 'example_sla_dag' retrieved from /home/airflow/.local/lib/python3.12/site-packages/airflow/example_dags/example_sla_dag.py
[2024-04-15T14:32:55.827+0000] {logging_mixin.py:188} INFO - [2024-04-15T14:32:55.823+0000] {dag.py:3096} INFO - Sync 1 DAGs
[2024-04-15T14:32:55.874+0000] {logging_mixin.py:188} INFO - [2024-04-15T14:32:55.873+0000] {dag.py:3954} INFO - Setting next_dagrun for example_sla_dag to 2024-04-15 14:30:00+00:00, run_after=2024-04-15 14:32:00+00:00
[2024-04-15T14:32:55.918+0000] {processor.py:183} INFO - Processing /home/airflow/.local/lib/python3.12/site-packages/airflow/example_dags/example_sla_dag.py took 0.159 seconds
[2024-04-15T14:33:26.458+0000] {processor.py:161} INFO - Started process (PID=599) to work on /home/airflow/.local/lib/python3.12/site-packages/airflow/example_dags/example_sla_dag.py
[2024-04-15T14:33:26.459+0000] {processor.py:830} INFO - Processing file /home/airflow/.local/lib/python3.12/site-packages/airflow/example_dags/example_sla_dag.py for tasks to queue
[2024-04-15T14:33:26.463+0000] {logging_mixin.py:188} INFO - [2024-04-15T14:33:26.462+0000] {dagbag.py:540} INFO - Filling up the DagBag from /home/airflow/.local/lib/python3.12/site-packages/airflow/example_dags/example_sla_dag.py
[2024-04-15T14:33:26.479+0000] {processor.py:840} INFO - DAG(s) 'example_sla_dag' retrieved from /home/airflow/.local/lib/python3.12/site-packages/airflow/example_dags/example_sla_dag.py
[2024-04-15T14:33:26.536+0000] {logging_mixin.py:188} INFO - [2024-04-15T14:33:26.535+0000] {dag.py:3096} INFO - Sync 1 DAGs
[2024-04-15T14:33:26.578+0000] {logging_mixin.py:188} INFO - [2024-04-15T14:33:26.578+0000] {dag.py:3954} INFO - Setting next_dagrun for example_sla_dag to 2024-04-15 14:30:00+00:00, run_after=2024-04-15 14:32:00+00:00
[2024-04-15T14:33:26.605+0000] {processor.py:183} INFO - Processing /home/airflow/.local/lib/python3.12/site-packages/airflow/example_dags/example_sla_dag.py took 0.164 seconds
[2024-04-15T14:33:56.786+0000] {processor.py:161} INFO - Started process (PID=657) to work on /home/airflow/.local/lib/python3.12/site-packages/airflow/example_dags/example_sla_dag.py
[2024-04-15T14:33:56.788+0000] {processor.py:830} INFO - Processing file /home/airflow/.local/lib/python3.12/site-packages/airflow/example_dags/example_sla_dag.py for tasks to queue
[2024-04-15T14:33:56.791+0000] {logging_mixin.py:188} INFO - [2024-04-15T14:33:56.791+0000] {dagbag.py:540} INFO - Filling up the DagBag from /home/airflow/.local/lib/python3.12/site-packages/airflow/example_dags/example_sla_dag.py
[2024-04-15T14:33:56.807+0000] {processor.py:840} INFO - DAG(s) 'example_sla_dag' retrieved from /home/airflow/.local/lib/python3.12/site-packages/airflow/example_dags/example_sla_dag.py
[2024-04-15T14:33:56.843+0000] {logging_mixin.py:188} INFO - [2024-04-15T14:33:56.842+0000] {dag.py:3096} INFO - Sync 1 DAGs
[2024-04-15T14:33:56.901+0000] {logging_mixin.py:188} INFO - [2024-04-15T14:33:56.900+0000] {dag.py:3954} INFO - Setting next_dagrun for example_sla_dag to 2024-04-15 14:30:00+00:00, run_after=2024-04-15 14:32:00+00:00
[2024-04-15T14:33:56.937+0000] {processor.py:183} INFO - Processing /home/airflow/.local/lib/python3.12/site-packages/airflow/example_dags/example_sla_dag.py took 0.161 seconds
[2024-04-15T14:34:27.607+0000] {processor.py:161} INFO - Started process (PID=716) to work on /home/airflow/.local/lib/python3.12/site-packages/airflow/example_dags/example_sla_dag.py
[2024-04-15T14:34:27.609+0000] {processor.py:830} INFO - Processing file /home/airflow/.local/lib/python3.12/site-packages/airflow/example_dags/example_sla_dag.py for tasks to queue
[2024-04-15T14:34:27.611+0000] {logging_mixin.py:188} INFO - [2024-04-15T14:34:27.611+0000] {dagbag.py:540} INFO - Filling up the DagBag from /home/airflow/.local/lib/python3.12/site-packages/airflow/example_dags/example_sla_dag.py
[2024-04-15T14:34:27.622+0000] {processor.py:840} INFO - DAG(s) 'example_sla_dag' retrieved from /home/airflow/.local/lib/python3.12/site-packages/airflow/example_dags/example_sla_dag.py
[2024-04-15T14:34:27.648+0000] {logging_mixin.py:188} INFO - [2024-04-15T14:34:27.647+0000] {dag.py:3096} INFO - Sync 1 DAGs
[2024-04-15T14:34:27.697+0000] {logging_mixin.py:188} INFO - [2024-04-15T14:34:27.697+0000] {dag.py:3954} INFO - Setting next_dagrun for example_sla_dag to 2024-04-15 14:32:00+00:00, run_after=2024-04-15 14:34:00+00:00
[2024-04-15T14:34:27.730+0000] {processor.py:183} INFO - Processing /home/airflow/.local/lib/python3.12/site-packages/airflow/example_dags/example_sla_dag.py took 0.129 seconds
[2024-04-15T14:34:58.196+0000] {processor.py:161} INFO - Started process (PID=775) to work on /home/airflow/.local/lib/python3.12/site-packages/airflow/example_dags/example_sla_dag.py
[2024-04-15T14:34:58.197+0000] {processor.py:830} INFO - Processing file /home/airflow/.local/lib/python3.12/site-packages/airflow/example_dags/example_sla_dag.py for tasks to queue
[2024-04-15T14:34:58.201+0000] {logging_mixin.py:188} INFO - [2024-04-15T14:34:58.200+0000] {dagbag.py:540} INFO - Filling up the DagBag from /home/airflow/.local/lib/python3.12/site-packages/airflow/example_dags/example_sla_dag.py
[2024-04-15T14:34:58.213+0000] {processor.py:840} INFO - DAG(s) 'example_sla_dag' retrieved from /home/airflow/.local/lib/python3.12/site-packages/airflow/example_dags/example_sla_dag.py
[2024-04-15T14:34:58.241+0000] {logging_mixin.py:188} INFO - [2024-04-15T14:34:58.241+0000] {dag.py:3096} INFO - Sync 1 DAGs
[2024-04-15T14:34:58.276+0000] {logging_mixin.py:188} INFO - [2024-04-15T14:34:58.276+0000] {dag.py:3954} INFO - Setting next_dagrun for example_sla_dag to 2024-04-15 14:32:00+00:00, run_after=2024-04-15 14:34:00+00:00
[2024-04-15T14:34:58.305+0000] {processor.py:183} INFO - Processing /home/airflow/.local/lib/python3.12/site-packages/airflow/example_dags/example_sla_dag.py took 0.118 seconds
[2024-04-15T14:35:28.587+0000] {processor.py:161} INFO - Started process (PID=834) to work on /home/airflow/.local/lib/python3.12/site-packages/airflow/example_dags/example_sla_dag.py
[2024-04-15T14:35:28.588+0000] {processor.py:830} INFO - Processing file /home/airflow/.local/lib/python3.12/site-packages/airflow/example_dags/example_sla_dag.py for tasks to queue
[2024-04-15T14:35:28.591+0000] {logging_mixin.py:188} INFO - [2024-04-15T14:35:28.590+0000] {dagbag.py:540} INFO - Filling up the DagBag from /home/airflow/.local/lib/python3.12/site-packages/airflow/example_dags/example_sla_dag.py
[2024-04-15T14:35:28.604+0000] {processor.py:840} INFO - DAG(s) 'example_sla_dag' retrieved from /home/airflow/.local/lib/python3.12/site-packages/airflow/example_dags/example_sla_dag.py
[2024-04-15T14:35:28.654+0000] {logging_mixin.py:188} INFO - [2024-04-15T14:35:28.653+0000] {dag.py:3096} INFO - Sync 1 DAGs
[2024-04-15T14:35:28.704+0000] {logging_mixin.py:188} INFO - [2024-04-15T14:35:28.703+0000] {dag.py:3954} INFO - Setting next_dagrun for example_sla_dag to 2024-04-15 14:32:00+00:00, run_after=2024-04-15 14:34:00+00:00
[2024-04-15T14:35:28.753+0000] {processor.py:183} INFO - Processing /home/airflow/.local/lib/python3.12/site-packages/airflow/example_dags/example_sla_dag.py took 0.175 seconds
[2024-04-15T14:35:59.495+0000] {processor.py:161} INFO - Started process (PID=893) to work on /home/airflow/.local/lib/python3.12/site-packages/airflow/example_dags/example_sla_dag.py
[2024-04-15T14:35:59.496+0000] {processor.py:830} INFO - Processing file /home/airflow/.local/lib/python3.12/site-packages/airflow/example_dags/example_sla_dag.py for tasks to queue
[2024-04-15T14:35:59.499+0000] {logging_mixin.py:188} INFO - [2024-04-15T14:35:59.498+0000] {dagbag.py:540} INFO - Filling up the DagBag from /home/airflow/.local/lib/python3.12/site-packages/airflow/example_dags/example_sla_dag.py
[2024-04-15T14:35:59.513+0000] {processor.py:840} INFO - DAG(s) 'example_sla_dag' retrieved from /home/airflow/.local/lib/python3.12/site-packages/airflow/example_dags/example_sla_dag.py
[2024-04-15T14:35:59.543+0000] {logging_mixin.py:188} INFO - [2024-04-15T14:35:59.543+0000] {dag.py:3096} INFO - Sync 1 DAGs
[2024-04-15T14:35:59.585+0000] {logging_mixin.py:188} INFO - [2024-04-15T14:35:59.584+0000] {dag.py:3954} INFO - Setting next_dagrun for example_sla_dag to 2024-04-15 14:32:00+00:00, run_after=2024-04-15 14:34:00+00:00
[2024-04-15T14:35:59.616+0000] {processor.py:183} INFO - Processing /home/airflow/.local/lib/python3.12/site-packages/airflow/example_dags/example_sla_dag.py took 0.130 seconds
[2024-04-15T14:36:29.924+0000] {processor.py:161} INFO - Started process (PID=952) to work on /home/airflow/.local/lib/python3.12/site-packages/airflow/example_dags/example_sla_dag.py
[2024-04-15T14:36:29.925+0000] {processor.py:830} INFO - Processing file /home/airflow/.local/lib/python3.12/site-packages/airflow/example_dags/example_sla_dag.py for tasks to queue
[2024-04-15T14:36:29.928+0000] {logging_mixin.py:188} INFO - [2024-04-15T14:36:29.927+0000] {dagbag.py:540} INFO - Filling up the DagBag from /home/airflow/.local/lib/python3.12/site-packages/airflow/example_dags/example_sla_dag.py
[2024-04-15T14:36:29.941+0000] {processor.py:840} INFO - DAG(s) 'example_sla_dag' retrieved from /home/airflow/.local/lib/python3.12/site-packages/airflow/example_dags/example_sla_dag.py
[2024-04-15T14:36:29.966+0000] {logging_mixin.py:188} INFO - [2024-04-15T14:36:29.966+0000] {dag.py:3096} INFO - Sync 1 DAGs
[2024-04-15T14:36:30.008+0000] {logging_mixin.py:188} INFO - [2024-04-15T14:36:30.008+0000] {dag.py:3954} INFO - Setting next_dagrun for example_sla_dag to 2024-04-15 14:34:00+00:00, run_after=2024-04-15 14:36:00+00:00
[2024-04-15T14:36:30.038+0000] {processor.py:183} INFO - Processing /home/airflow/.local/lib/python3.12/site-packages/airflow/example_dags/example_sla_dag.py took 0.121 seconds
[2024-04-15T14:37:00.343+0000] {processor.py:161} INFO - Started process (PID=1011) to work on /home/airflow/.local/lib/python3.12/site-packages/airflow/example_dags/example_sla_dag.py
[2024-04-15T14:37:00.344+0000] {processor.py:830} INFO - Processing file /home/airflow/.local/lib/python3.12/site-packages/airflow/example_dags/example_sla_dag.py for tasks to queue
[2024-04-15T14:37:00.347+0000] {logging_mixin.py:188} INFO - [2024-04-15T14:37:00.346+0000] {dagbag.py:540} INFO - Filling up the DagBag from /home/airflow/.local/lib/python3.12/site-packages/airflow/example_dags/example_sla_dag.py
[2024-04-15T14:37:00.359+0000] {processor.py:840} INFO - DAG(s) 'example_sla_dag' retrieved from /home/airflow/.local/lib/python3.12/site-packages/airflow/example_dags/example_sla_dag.py
[2024-04-15T14:37:00.384+0000] {logging_mixin.py:188} INFO - [2024-04-15T14:37:00.383+0000] {dag.py:3096} INFO - Sync 1 DAGs
[2024-04-15T14:37:00.424+0000] {logging_mixin.py:188} INFO - [2024-04-15T14:37:00.424+0000] {dag.py:3954} INFO - Setting next_dagrun for example_sla_dag to 2024-04-15 14:34:00+00:00, run_after=2024-04-15 14:36:00+00:00
[2024-04-15T14:37:00.456+0000] {processor.py:183} INFO - Processing /home/airflow/.local/lib/python3.12/site-packages/airflow/example_dags/example_sla_dag.py took 0.122 seconds
[2024-04-15T14:37:31.454+0000] {processor.py:161} INFO - Started process (PID=1070) to work on /home/airflow/.local/lib/python3.12/site-packages/airflow/example_dags/example_sla_dag.py
[2024-04-15T14:37:31.455+0000] {processor.py:830} INFO - Processing file /home/airflow/.local/lib/python3.12/site-packages/airflow/example_dags/example_sla_dag.py for tasks to queue
[2024-04-15T14:37:31.458+0000] {logging_mixin.py:188} INFO - [2024-04-15T14:37:31.457+0000] {dagbag.py:540} INFO - Filling up the DagBag from /home/airflow/.local/lib/python3.12/site-packages/airflow/example_dags/example_sla_dag.py
[2024-04-15T14:37:31.468+0000] {processor.py:840} INFO - DAG(s) 'example_sla_dag' retrieved from /home/airflow/.local/lib/python3.12/site-packages/airflow/example_dags/example_sla_dag.py
[2024-04-15T14:37:31.493+0000] {logging_mixin.py:188} INFO - [2024-04-15T14:37:31.493+0000] {dag.py:3096} INFO - Sync 1 DAGs
[2024-04-15T14:37:31.552+0000] {logging_mixin.py:188} INFO - [2024-04-15T14:37:31.552+0000] {dag.py:3954} INFO - Setting next_dagrun for example_sla_dag to 2024-04-15 14:34:00+00:00, run_after=2024-04-15 14:36:00+00:00
[2024-04-15T14:37:31.584+0000] {processor.py:183} INFO - Processing /home/airflow/.local/lib/python3.12/site-packages/airflow/example_dags/example_sla_dag.py took 0.140 seconds
[2024-04-15T14:38:02.458+0000] {processor.py:161} INFO - Started process (PID=1129) to work on /home/airflow/.local/lib/python3.12/site-packages/airflow/example_dags/example_sla_dag.py
[2024-04-15T14:38:02.460+0000] {processor.py:830} INFO - Processing file /home/airflow/.local/lib/python3.12/site-packages/airflow/example_dags/example_sla_dag.py for tasks to queue
[2024-04-15T14:38:02.462+0000] {logging_mixin.py:188} INFO - [2024-04-15T14:38:02.462+0000] {dagbag.py:540} INFO - Filling up the DagBag from /home/airflow/.local/lib/python3.12/site-packages/airflow/example_dags/example_sla_dag.py
[2024-04-15T14:38:02.479+0000] {processor.py:840} INFO - DAG(s) 'example_sla_dag' retrieved from /home/airflow/.local/lib/python3.12/site-packages/airflow/example_dags/example_sla_dag.py
[2024-04-15T14:38:02.511+0000] {logging_mixin.py:188} INFO - [2024-04-15T14:38:02.511+0000] {dag.py:3096} INFO - Sync 1 DAGs
[2024-04-15T14:38:02.743+0000] {logging_mixin.py:188} INFO - [2024-04-15T14:38:02.743+0000] {dag.py:3954} INFO - Setting next_dagrun for example_sla_dag to 2024-04-15 14:36:00+00:00, run_after=2024-04-15 14:38:00+00:00
[2024-04-15T14:38:02.796+0000] {processor.py:183} INFO - Processing /home/airflow/.local/lib/python3.12/site-packages/airflow/example_dags/example_sla_dag.py took 0.349 seconds
