[2024-04-15T14:28:38.249+0000] {processor.py:161} INFO - Started process (PID=41) to work on /home/airflow/.local/lib/python3.12/site-packages/airflow/example_dags/example_xcomargs.py
[2024-04-15T14:28:38.252+0000] {processor.py:830} INFO - Processing file /home/airflow/.local/lib/python3.12/site-packages/airflow/example_dags/example_xcomargs.py for tasks to queue
[2024-04-15T14:28:38.260+0000] {logging_mixin.py:188} INFO - [2024-04-15T14:28:38.258+0000] {dagbag.py:540} INFO - Filling up the DagBag from /home/airflow/.local/lib/python3.12/site-packages/airflow/example_dags/example_xcomargs.py
[2024-04-15T14:28:38.286+0000] {processor.py:840} INFO - DAG(s) 'example_xcom_args_with_operators', 'example_xcom_args' retrieved from /home/airflow/.local/lib/python3.12/site-packages/airflow/example_dags/example_xcomargs.py
[2024-04-15T14:28:38.415+0000] {logging_mixin.py:188} INFO - [2024-04-15T14:28:38.415+0000] {dag.py:3096} INFO - Sync 2 DAGs
[2024-04-15T14:28:38.468+0000] {logging_mixin.py:188} INFO - [2024-04-15T14:28:38.467+0000] {dag.py:3954} INFO - Setting next_dagrun for example_xcom_args to None, run_after=None
[2024-04-15T14:28:38.486+0000] {logging_mixin.py:188} INFO - [2024-04-15T14:28:38.485+0000] {dag.py:3954} INFO - Setting next_dagrun for example_xcom_args_with_operators to None, run_after=None
[2024-04-15T14:28:38.563+0000] {processor.py:183} INFO - Processing /home/airflow/.local/lib/python3.12/site-packages/airflow/example_dags/example_xcomargs.py took 0.326 seconds
[2024-04-15T14:29:09.150+0000] {processor.py:161} INFO - Started process (PID=99) to work on /home/airflow/.local/lib/python3.12/site-packages/airflow/example_dags/example_xcomargs.py
[2024-04-15T14:29:09.152+0000] {processor.py:830} INFO - Processing file /home/airflow/.local/lib/python3.12/site-packages/airflow/example_dags/example_xcomargs.py for tasks to queue
[2024-04-15T14:29:09.156+0000] {logging_mixin.py:188} INFO - [2024-04-15T14:29:09.155+0000] {dagbag.py:540} INFO - Filling up the DagBag from /home/airflow/.local/lib/python3.12/site-packages/airflow/example_dags/example_xcomargs.py
[2024-04-15T14:29:09.190+0000] {processor.py:840} INFO - DAG(s) 'example_xcom_args', 'example_xcom_args_with_operators' retrieved from /home/airflow/.local/lib/python3.12/site-packages/airflow/example_dags/example_xcomargs.py
[2024-04-15T14:29:09.284+0000] {logging_mixin.py:188} INFO - [2024-04-15T14:29:09.283+0000] {dag.py:3096} INFO - Sync 2 DAGs
[2024-04-15T14:29:09.316+0000] {logging_mixin.py:188} INFO - [2024-04-15T14:29:09.314+0000] {dag.py:3954} INFO - Setting next_dagrun for example_xcom_args to None, run_after=None
[2024-04-15T14:29:09.324+0000] {logging_mixin.py:188} INFO - [2024-04-15T14:29:09.324+0000] {dag.py:3954} INFO - Setting next_dagrun for example_xcom_args_with_operators to None, run_after=None
[2024-04-15T14:29:09.367+0000] {processor.py:183} INFO - Processing /home/airflow/.local/lib/python3.12/site-packages/airflow/example_dags/example_xcomargs.py took 0.231 seconds
[2024-04-15T14:29:39.628+0000] {processor.py:161} INFO - Started process (PID=158) to work on /home/airflow/.local/lib/python3.12/site-packages/airflow/example_dags/example_xcomargs.py
[2024-04-15T14:29:39.629+0000] {processor.py:830} INFO - Processing file /home/airflow/.local/lib/python3.12/site-packages/airflow/example_dags/example_xcomargs.py for tasks to queue
[2024-04-15T14:29:39.637+0000] {logging_mixin.py:188} INFO - [2024-04-15T14:29:39.636+0000] {dagbag.py:540} INFO - Filling up the DagBag from /home/airflow/.local/lib/python3.12/site-packages/airflow/example_dags/example_xcomargs.py
[2024-04-15T14:29:39.654+0000] {processor.py:840} INFO - DAG(s) 'example_xcom_args', 'example_xcom_args_with_operators' retrieved from /home/airflow/.local/lib/python3.12/site-packages/airflow/example_dags/example_xcomargs.py
[2024-04-15T14:29:39.692+0000] {logging_mixin.py:188} INFO - [2024-04-15T14:29:39.691+0000] {dag.py:3096} INFO - Sync 2 DAGs
[2024-04-15T14:29:39.718+0000] {logging_mixin.py:188} INFO - [2024-04-15T14:29:39.718+0000] {dag.py:3954} INFO - Setting next_dagrun for example_xcom_args to None, run_after=None
[2024-04-15T14:29:39.726+0000] {logging_mixin.py:188} INFO - [2024-04-15T14:29:39.726+0000] {dag.py:3954} INFO - Setting next_dagrun for example_xcom_args_with_operators to None, run_after=None
[2024-04-15T14:29:39.753+0000] {processor.py:183} INFO - Processing /home/airflow/.local/lib/python3.12/site-packages/airflow/example_dags/example_xcomargs.py took 0.134 seconds
[2024-04-15T14:30:10.189+0000] {processor.py:161} INFO - Started process (PID=217) to work on /home/airflow/.local/lib/python3.12/site-packages/airflow/example_dags/example_xcomargs.py
[2024-04-15T14:30:10.190+0000] {processor.py:830} INFO - Processing file /home/airflow/.local/lib/python3.12/site-packages/airflow/example_dags/example_xcomargs.py for tasks to queue
[2024-04-15T14:30:10.193+0000] {logging_mixin.py:188} INFO - [2024-04-15T14:30:10.193+0000] {dagbag.py:540} INFO - Filling up the DagBag from /home/airflow/.local/lib/python3.12/site-packages/airflow/example_dags/example_xcomargs.py
[2024-04-15T14:30:10.218+0000] {processor.py:840} INFO - DAG(s) 'example_xcom_args', 'example_xcom_args_with_operators' retrieved from /home/airflow/.local/lib/python3.12/site-packages/airflow/example_dags/example_xcomargs.py
[2024-04-15T14:30:10.269+0000] {logging_mixin.py:188} INFO - [2024-04-15T14:30:10.268+0000] {dag.py:3096} INFO - Sync 2 DAGs
[2024-04-15T14:30:10.309+0000] {logging_mixin.py:188} INFO - [2024-04-15T14:30:10.309+0000] {dag.py:3954} INFO - Setting next_dagrun for example_xcom_args to None, run_after=None
[2024-04-15T14:30:10.329+0000] {logging_mixin.py:188} INFO - [2024-04-15T14:30:10.329+0000] {dag.py:3954} INFO - Setting next_dagrun for example_xcom_args_with_operators to None, run_after=None
[2024-04-15T14:30:10.377+0000] {processor.py:183} INFO - Processing /home/airflow/.local/lib/python3.12/site-packages/airflow/example_dags/example_xcomargs.py took 0.201 seconds
[2024-04-15T14:30:41.002+0000] {processor.py:161} INFO - Started process (PID=276) to work on /home/airflow/.local/lib/python3.12/site-packages/airflow/example_dags/example_xcomargs.py
[2024-04-15T14:30:41.015+0000] {processor.py:830} INFO - Processing file /home/airflow/.local/lib/python3.12/site-packages/airflow/example_dags/example_xcomargs.py for tasks to queue
[2024-04-15T14:30:41.030+0000] {logging_mixin.py:188} INFO - [2024-04-15T14:30:41.019+0000] {dagbag.py:540} INFO - Filling up the DagBag from /home/airflow/.local/lib/python3.12/site-packages/airflow/example_dags/example_xcomargs.py
[2024-04-15T14:30:41.082+0000] {processor.py:840} INFO - DAG(s) 'example_xcom_args', 'example_xcom_args_with_operators' retrieved from /home/airflow/.local/lib/python3.12/site-packages/airflow/example_dags/example_xcomargs.py
[2024-04-15T14:30:41.258+0000] {logging_mixin.py:188} INFO - [2024-04-15T14:30:41.257+0000] {dag.py:3096} INFO - Sync 2 DAGs
[2024-04-15T14:30:41.346+0000] {logging_mixin.py:188} INFO - [2024-04-15T14:30:41.345+0000] {dag.py:3954} INFO - Setting next_dagrun for example_xcom_args to None, run_after=None
[2024-04-15T14:30:41.378+0000] {logging_mixin.py:188} INFO - [2024-04-15T14:30:41.378+0000] {dag.py:3954} INFO - Setting next_dagrun for example_xcom_args_with_operators to None, run_after=None
[2024-04-15T14:30:41.522+0000] {processor.py:183} INFO - Processing /home/airflow/.local/lib/python3.12/site-packages/airflow/example_dags/example_xcomargs.py took 0.556 seconds
[2024-04-15T14:31:12.321+0000] {processor.py:161} INFO - Started process (PID=335) to work on /home/airflow/.local/lib/python3.12/site-packages/airflow/example_dags/example_xcomargs.py
[2024-04-15T14:31:12.323+0000] {processor.py:830} INFO - Processing file /home/airflow/.local/lib/python3.12/site-packages/airflow/example_dags/example_xcomargs.py for tasks to queue
[2024-04-15T14:31:12.337+0000] {logging_mixin.py:188} INFO - [2024-04-15T14:31:12.337+0000] {dagbag.py:540} INFO - Filling up the DagBag from /home/airflow/.local/lib/python3.12/site-packages/airflow/example_dags/example_xcomargs.py
[2024-04-15T14:31:12.371+0000] {processor.py:840} INFO - DAG(s) 'example_xcom_args', 'example_xcom_args_with_operators' retrieved from /home/airflow/.local/lib/python3.12/site-packages/airflow/example_dags/example_xcomargs.py
[2024-04-15T14:31:12.434+0000] {logging_mixin.py:188} INFO - [2024-04-15T14:31:12.434+0000] {dag.py:3096} INFO - Sync 2 DAGs
[2024-04-15T14:31:12.467+0000] {logging_mixin.py:188} INFO - [2024-04-15T14:31:12.467+0000] {dag.py:3954} INFO - Setting next_dagrun for example_xcom_args to None, run_after=None
[2024-04-15T14:31:12.476+0000] {logging_mixin.py:188} INFO - [2024-04-15T14:31:12.476+0000] {dag.py:3954} INFO - Setting next_dagrun for example_xcom_args_with_operators to None, run_after=None
[2024-04-15T14:31:12.514+0000] {processor.py:183} INFO - Processing /home/airflow/.local/lib/python3.12/site-packages/airflow/example_dags/example_xcomargs.py took 0.211 seconds
[2024-04-15T14:31:43.335+0000] {processor.py:161} INFO - Started process (PID=393) to work on /home/airflow/.local/lib/python3.12/site-packages/airflow/example_dags/example_xcomargs.py
[2024-04-15T14:31:43.338+0000] {processor.py:830} INFO - Processing file /home/airflow/.local/lib/python3.12/site-packages/airflow/example_dags/example_xcomargs.py for tasks to queue
[2024-04-15T14:31:43.342+0000] {logging_mixin.py:188} INFO - [2024-04-15T14:31:43.341+0000] {dagbag.py:540} INFO - Filling up the DagBag from /home/airflow/.local/lib/python3.12/site-packages/airflow/example_dags/example_xcomargs.py
[2024-04-15T14:31:43.358+0000] {processor.py:840} INFO - DAG(s) 'example_xcom_args', 'example_xcom_args_with_operators' retrieved from /home/airflow/.local/lib/python3.12/site-packages/airflow/example_dags/example_xcomargs.py
[2024-04-15T14:31:43.401+0000] {logging_mixin.py:188} INFO - [2024-04-15T14:31:43.400+0000] {dag.py:3096} INFO - Sync 2 DAGs
[2024-04-15T14:31:43.422+0000] {logging_mixin.py:188} INFO - [2024-04-15T14:31:43.422+0000] {dag.py:3954} INFO - Setting next_dagrun for example_xcom_args to None, run_after=None
[2024-04-15T14:31:43.430+0000] {logging_mixin.py:188} INFO - [2024-04-15T14:31:43.429+0000] {dag.py:3954} INFO - Setting next_dagrun for example_xcom_args_with_operators to None, run_after=None
[2024-04-15T14:31:43.463+0000] {processor.py:183} INFO - Processing /home/airflow/.local/lib/python3.12/site-packages/airflow/example_dags/example_xcomargs.py took 0.135 seconds
[2024-04-15T14:32:13.709+0000] {processor.py:161} INFO - Started process (PID=453) to work on /home/airflow/.local/lib/python3.12/site-packages/airflow/example_dags/example_xcomargs.py
[2024-04-15T14:32:13.723+0000] {processor.py:830} INFO - Processing file /home/airflow/.local/lib/python3.12/site-packages/airflow/example_dags/example_xcomargs.py for tasks to queue
[2024-04-15T14:32:13.730+0000] {logging_mixin.py:188} INFO - [2024-04-15T14:32:13.730+0000] {dagbag.py:540} INFO - Filling up the DagBag from /home/airflow/.local/lib/python3.12/site-packages/airflow/example_dags/example_xcomargs.py
[2024-04-15T14:32:13.753+0000] {processor.py:840} INFO - DAG(s) 'example_xcom_args_with_operators', 'example_xcom_args' retrieved from /home/airflow/.local/lib/python3.12/site-packages/airflow/example_dags/example_xcomargs.py
[2024-04-15T14:32:13.829+0000] {logging_mixin.py:188} INFO - [2024-04-15T14:32:13.829+0000] {dag.py:3096} INFO - Sync 2 DAGs
[2024-04-15T14:32:13.882+0000] {logging_mixin.py:188} INFO - [2024-04-15T14:32:13.881+0000] {dag.py:3954} INFO - Setting next_dagrun for example_xcom_args to None, run_after=None
[2024-04-15T14:32:13.893+0000] {logging_mixin.py:188} INFO - [2024-04-15T14:32:13.893+0000] {dag.py:3954} INFO - Setting next_dagrun for example_xcom_args_with_operators to None, run_after=None
[2024-04-15T14:32:13.962+0000] {processor.py:183} INFO - Processing /home/airflow/.local/lib/python3.12/site-packages/airflow/example_dags/example_xcomargs.py took 0.267 seconds
[2024-04-15T14:32:44.306+0000] {processor.py:161} INFO - Started process (PID=511) to work on /home/airflow/.local/lib/python3.12/site-packages/airflow/example_dags/example_xcomargs.py
[2024-04-15T14:32:44.307+0000] {processor.py:830} INFO - Processing file /home/airflow/.local/lib/python3.12/site-packages/airflow/example_dags/example_xcomargs.py for tasks to queue
[2024-04-15T14:32:44.310+0000] {logging_mixin.py:188} INFO - [2024-04-15T14:32:44.310+0000] {dagbag.py:540} INFO - Filling up the DagBag from /home/airflow/.local/lib/python3.12/site-packages/airflow/example_dags/example_xcomargs.py
[2024-04-15T14:32:44.323+0000] {processor.py:840} INFO - DAG(s) 'example_xcom_args', 'example_xcom_args_with_operators' retrieved from /home/airflow/.local/lib/python3.12/site-packages/airflow/example_dags/example_xcomargs.py
[2024-04-15T14:32:44.374+0000] {logging_mixin.py:188} INFO - [2024-04-15T14:32:44.374+0000] {dag.py:3096} INFO - Sync 2 DAGs
[2024-04-15T14:32:44.403+0000] {logging_mixin.py:188} INFO - [2024-04-15T14:32:44.402+0000] {dag.py:3954} INFO - Setting next_dagrun for example_xcom_args to None, run_after=None
[2024-04-15T14:32:44.409+0000] {logging_mixin.py:188} INFO - [2024-04-15T14:32:44.408+0000] {dag.py:3954} INFO - Setting next_dagrun for example_xcom_args_with_operators to None, run_after=None
[2024-04-15T14:32:44.437+0000] {processor.py:183} INFO - Processing /home/airflow/.local/lib/python3.12/site-packages/airflow/example_dags/example_xcomargs.py took 0.139 seconds
[2024-04-15T14:33:14.823+0000] {processor.py:161} INFO - Started process (PID=575) to work on /home/airflow/.local/lib/python3.12/site-packages/airflow/example_dags/example_xcomargs.py
[2024-04-15T14:33:14.824+0000] {processor.py:830} INFO - Processing file /home/airflow/.local/lib/python3.12/site-packages/airflow/example_dags/example_xcomargs.py for tasks to queue
[2024-04-15T14:33:14.826+0000] {logging_mixin.py:188} INFO - [2024-04-15T14:33:14.826+0000] {dagbag.py:540} INFO - Filling up the DagBag from /home/airflow/.local/lib/python3.12/site-packages/airflow/example_dags/example_xcomargs.py
[2024-04-15T14:33:14.836+0000] {processor.py:840} INFO - DAG(s) 'example_xcom_args', 'example_xcom_args_with_operators' retrieved from /home/airflow/.local/lib/python3.12/site-packages/airflow/example_dags/example_xcomargs.py
[2024-04-15T14:33:14.882+0000] {logging_mixin.py:188} INFO - [2024-04-15T14:33:14.881+0000] {dag.py:3096} INFO - Sync 2 DAGs
[2024-04-15T14:33:14.900+0000] {logging_mixin.py:188} INFO - [2024-04-15T14:33:14.900+0000] {dag.py:3954} INFO - Setting next_dagrun for example_xcom_args to None, run_after=None
[2024-04-15T14:33:14.908+0000] {logging_mixin.py:188} INFO - [2024-04-15T14:33:14.907+0000] {dag.py:3954} INFO - Setting next_dagrun for example_xcom_args_with_operators to None, run_after=None
[2024-04-15T14:33:14.933+0000] {processor.py:183} INFO - Processing /home/airflow/.local/lib/python3.12/site-packages/airflow/example_dags/example_xcomargs.py took 0.117 seconds
[2024-04-15T14:33:45.185+0000] {processor.py:161} INFO - Started process (PID=634) to work on /home/airflow/.local/lib/python3.12/site-packages/airflow/example_dags/example_xcomargs.py
[2024-04-15T14:33:45.186+0000] {processor.py:830} INFO - Processing file /home/airflow/.local/lib/python3.12/site-packages/airflow/example_dags/example_xcomargs.py for tasks to queue
[2024-04-15T14:33:45.188+0000] {logging_mixin.py:188} INFO - [2024-04-15T14:33:45.188+0000] {dagbag.py:540} INFO - Filling up the DagBag from /home/airflow/.local/lib/python3.12/site-packages/airflow/example_dags/example_xcomargs.py
[2024-04-15T14:33:45.201+0000] {processor.py:840} INFO - DAG(s) 'example_xcom_args_with_operators', 'example_xcom_args' retrieved from /home/airflow/.local/lib/python3.12/site-packages/airflow/example_dags/example_xcomargs.py
[2024-04-15T14:33:45.236+0000] {logging_mixin.py:188} INFO - [2024-04-15T14:33:45.236+0000] {dag.py:3096} INFO - Sync 2 DAGs
[2024-04-15T14:33:45.256+0000] {logging_mixin.py:188} INFO - [2024-04-15T14:33:45.256+0000] {dag.py:3954} INFO - Setting next_dagrun for example_xcom_args to None, run_after=None
[2024-04-15T14:33:45.263+0000] {logging_mixin.py:188} INFO - [2024-04-15T14:33:45.262+0000] {dag.py:3954} INFO - Setting next_dagrun for example_xcom_args_with_operators to None, run_after=None
[2024-04-15T14:33:45.291+0000] {processor.py:183} INFO - Processing /home/airflow/.local/lib/python3.12/site-packages/airflow/example_dags/example_xcomargs.py took 0.114 seconds
[2024-04-15T14:34:15.440+0000] {processor.py:161} INFO - Started process (PID=693) to work on /home/airflow/.local/lib/python3.12/site-packages/airflow/example_dags/example_xcomargs.py
[2024-04-15T14:34:15.442+0000] {processor.py:830} INFO - Processing file /home/airflow/.local/lib/python3.12/site-packages/airflow/example_dags/example_xcomargs.py for tasks to queue
[2024-04-15T14:34:15.445+0000] {logging_mixin.py:188} INFO - [2024-04-15T14:34:15.444+0000] {dagbag.py:540} INFO - Filling up the DagBag from /home/airflow/.local/lib/python3.12/site-packages/airflow/example_dags/example_xcomargs.py
[2024-04-15T14:34:15.455+0000] {processor.py:840} INFO - DAG(s) 'example_xcom_args_with_operators', 'example_xcom_args' retrieved from /home/airflow/.local/lib/python3.12/site-packages/airflow/example_dags/example_xcomargs.py
[2024-04-15T14:34:15.491+0000] {logging_mixin.py:188} INFO - [2024-04-15T14:34:15.491+0000] {dag.py:3096} INFO - Sync 2 DAGs
[2024-04-15T14:34:15.512+0000] {logging_mixin.py:188} INFO - [2024-04-15T14:34:15.512+0000] {dag.py:3954} INFO - Setting next_dagrun for example_xcom_args to None, run_after=None
[2024-04-15T14:34:15.518+0000] {logging_mixin.py:188} INFO - [2024-04-15T14:34:15.518+0000] {dag.py:3954} INFO - Setting next_dagrun for example_xcom_args_with_operators to None, run_after=None
[2024-04-15T14:34:15.544+0000] {processor.py:183} INFO - Processing /home/airflow/.local/lib/python3.12/site-packages/airflow/example_dags/example_xcomargs.py took 0.110 seconds
[2024-04-15T14:34:46.065+0000] {processor.py:161} INFO - Started process (PID=752) to work on /home/airflow/.local/lib/python3.12/site-packages/airflow/example_dags/example_xcomargs.py
[2024-04-15T14:34:46.067+0000] {processor.py:830} INFO - Processing file /home/airflow/.local/lib/python3.12/site-packages/airflow/example_dags/example_xcomargs.py for tasks to queue
[2024-04-15T14:34:46.070+0000] {logging_mixin.py:188} INFO - [2024-04-15T14:34:46.069+0000] {dagbag.py:540} INFO - Filling up the DagBag from /home/airflow/.local/lib/python3.12/site-packages/airflow/example_dags/example_xcomargs.py
[2024-04-15T14:34:46.080+0000] {processor.py:840} INFO - DAG(s) 'example_xcom_args', 'example_xcom_args_with_operators' retrieved from /home/airflow/.local/lib/python3.12/site-packages/airflow/example_dags/example_xcomargs.py
[2024-04-15T14:34:46.119+0000] {logging_mixin.py:188} INFO - [2024-04-15T14:34:46.119+0000] {dag.py:3096} INFO - Sync 2 DAGs
[2024-04-15T14:34:46.145+0000] {logging_mixin.py:188} INFO - [2024-04-15T14:34:46.145+0000] {dag.py:3954} INFO - Setting next_dagrun for example_xcom_args to None, run_after=None
[2024-04-15T14:34:46.153+0000] {logging_mixin.py:188} INFO - [2024-04-15T14:34:46.153+0000] {dag.py:3954} INFO - Setting next_dagrun for example_xcom_args_with_operators to None, run_after=None
[2024-04-15T14:34:46.179+0000] {processor.py:183} INFO - Processing /home/airflow/.local/lib/python3.12/site-packages/airflow/example_dags/example_xcomargs.py took 0.120 seconds
[2024-04-15T14:35:16.654+0000] {processor.py:161} INFO - Started process (PID=809) to work on /home/airflow/.local/lib/python3.12/site-packages/airflow/example_dags/example_xcomargs.py
[2024-04-15T14:35:16.656+0000] {processor.py:830} INFO - Processing file /home/airflow/.local/lib/python3.12/site-packages/airflow/example_dags/example_xcomargs.py for tasks to queue
[2024-04-15T14:35:16.661+0000] {logging_mixin.py:188} INFO - [2024-04-15T14:35:16.660+0000] {dagbag.py:540} INFO - Filling up the DagBag from /home/airflow/.local/lib/python3.12/site-packages/airflow/example_dags/example_xcomargs.py
[2024-04-15T14:35:16.677+0000] {processor.py:840} INFO - DAG(s) 'example_xcom_args_with_operators', 'example_xcom_args' retrieved from /home/airflow/.local/lib/python3.12/site-packages/airflow/example_dags/example_xcomargs.py
[2024-04-15T14:35:16.725+0000] {logging_mixin.py:188} INFO - [2024-04-15T14:35:16.724+0000] {dag.py:3096} INFO - Sync 2 DAGs
[2024-04-15T14:35:16.749+0000] {logging_mixin.py:188} INFO - [2024-04-15T14:35:16.749+0000] {dag.py:3954} INFO - Setting next_dagrun for example_xcom_args to None, run_after=None
[2024-04-15T14:35:16.755+0000] {logging_mixin.py:188} INFO - [2024-04-15T14:35:16.755+0000] {dag.py:3954} INFO - Setting next_dagrun for example_xcom_args_with_operators to None, run_after=None
[2024-04-15T14:35:16.783+0000] {processor.py:183} INFO - Processing /home/airflow/.local/lib/python3.12/site-packages/airflow/example_dags/example_xcomargs.py took 0.145 seconds
[2024-04-15T14:35:47.741+0000] {processor.py:161} INFO - Started process (PID=868) to work on /home/airflow/.local/lib/python3.12/site-packages/airflow/example_dags/example_xcomargs.py
[2024-04-15T14:35:47.743+0000] {processor.py:830} INFO - Processing file /home/airflow/.local/lib/python3.12/site-packages/airflow/example_dags/example_xcomargs.py for tasks to queue
[2024-04-15T14:35:47.745+0000] {logging_mixin.py:188} INFO - [2024-04-15T14:35:47.745+0000] {dagbag.py:540} INFO - Filling up the DagBag from /home/airflow/.local/lib/python3.12/site-packages/airflow/example_dags/example_xcomargs.py
[2024-04-15T14:35:47.755+0000] {processor.py:840} INFO - DAG(s) 'example_xcom_args_with_operators', 'example_xcom_args' retrieved from /home/airflow/.local/lib/python3.12/site-packages/airflow/example_dags/example_xcomargs.py
[2024-04-15T14:35:47.795+0000] {logging_mixin.py:188} INFO - [2024-04-15T14:35:47.795+0000] {dag.py:3096} INFO - Sync 2 DAGs
[2024-04-15T14:35:47.816+0000] {logging_mixin.py:188} INFO - [2024-04-15T14:35:47.816+0000] {dag.py:3954} INFO - Setting next_dagrun for example_xcom_args to None, run_after=None
[2024-04-15T14:35:47.824+0000] {logging_mixin.py:188} INFO - [2024-04-15T14:35:47.824+0000] {dag.py:3954} INFO - Setting next_dagrun for example_xcom_args_with_operators to None, run_after=None
[2024-04-15T14:35:47.853+0000] {processor.py:183} INFO - Processing /home/airflow/.local/lib/python3.12/site-packages/airflow/example_dags/example_xcomargs.py took 0.120 seconds
[2024-04-15T14:36:18.197+0000] {processor.py:161} INFO - Started process (PID=927) to work on /home/airflow/.local/lib/python3.12/site-packages/airflow/example_dags/example_xcomargs.py
[2024-04-15T14:36:18.216+0000] {processor.py:830} INFO - Processing file /home/airflow/.local/lib/python3.12/site-packages/airflow/example_dags/example_xcomargs.py for tasks to queue
[2024-04-15T14:36:18.223+0000] {logging_mixin.py:188} INFO - [2024-04-15T14:36:18.221+0000] {dagbag.py:540} INFO - Filling up the DagBag from /home/airflow/.local/lib/python3.12/site-packages/airflow/example_dags/example_xcomargs.py
[2024-04-15T14:36:18.238+0000] {processor.py:840} INFO - DAG(s) 'example_xcom_args_with_operators', 'example_xcom_args' retrieved from /home/airflow/.local/lib/python3.12/site-packages/airflow/example_dags/example_xcomargs.py
[2024-04-15T14:36:18.334+0000] {logging_mixin.py:188} INFO - [2024-04-15T14:36:18.333+0000] {dag.py:3096} INFO - Sync 2 DAGs
[2024-04-15T14:36:18.406+0000] {logging_mixin.py:188} INFO - [2024-04-15T14:36:18.406+0000] {dag.py:3954} INFO - Setting next_dagrun for example_xcom_args to None, run_after=None
[2024-04-15T14:36:18.416+0000] {logging_mixin.py:188} INFO - [2024-04-15T14:36:18.416+0000] {dag.py:3954} INFO - Setting next_dagrun for example_xcom_args_with_operators to None, run_after=None
[2024-04-15T14:36:18.808+0000] {processor.py:183} INFO - Processing /home/airflow/.local/lib/python3.12/site-packages/airflow/example_dags/example_xcomargs.py took 0.631 seconds
[2024-04-15T14:36:49.049+0000] {processor.py:161} INFO - Started process (PID=986) to work on /home/airflow/.local/lib/python3.12/site-packages/airflow/example_dags/example_xcomargs.py
[2024-04-15T14:36:49.050+0000] {processor.py:830} INFO - Processing file /home/airflow/.local/lib/python3.12/site-packages/airflow/example_dags/example_xcomargs.py for tasks to queue
[2024-04-15T14:36:49.054+0000] {logging_mixin.py:188} INFO - [2024-04-15T14:36:49.053+0000] {dagbag.py:540} INFO - Filling up the DagBag from /home/airflow/.local/lib/python3.12/site-packages/airflow/example_dags/example_xcomargs.py
[2024-04-15T14:36:49.070+0000] {processor.py:840} INFO - DAG(s) 'example_xcom_args', 'example_xcom_args_with_operators' retrieved from /home/airflow/.local/lib/python3.12/site-packages/airflow/example_dags/example_xcomargs.py
[2024-04-15T14:36:49.103+0000] {logging_mixin.py:188} INFO - [2024-04-15T14:36:49.102+0000] {dag.py:3096} INFO - Sync 2 DAGs
[2024-04-15T14:36:49.122+0000] {logging_mixin.py:188} INFO - [2024-04-15T14:36:49.121+0000] {dag.py:3954} INFO - Setting next_dagrun for example_xcom_args to None, run_after=None
[2024-04-15T14:36:49.127+0000] {logging_mixin.py:188} INFO - [2024-04-15T14:36:49.127+0000] {dag.py:3954} INFO - Setting next_dagrun for example_xcom_args_with_operators to None, run_after=None
[2024-04-15T14:36:49.158+0000] {processor.py:183} INFO - Processing /home/airflow/.local/lib/python3.12/site-packages/airflow/example_dags/example_xcomargs.py took 0.117 seconds
[2024-04-15T14:37:20.024+0000] {processor.py:161} INFO - Started process (PID=1045) to work on /home/airflow/.local/lib/python3.12/site-packages/airflow/example_dags/example_xcomargs.py
[2024-04-15T14:37:20.026+0000] {processor.py:830} INFO - Processing file /home/airflow/.local/lib/python3.12/site-packages/airflow/example_dags/example_xcomargs.py for tasks to queue
[2024-04-15T14:37:20.028+0000] {logging_mixin.py:188} INFO - [2024-04-15T14:37:20.027+0000] {dagbag.py:540} INFO - Filling up the DagBag from /home/airflow/.local/lib/python3.12/site-packages/airflow/example_dags/example_xcomargs.py
[2024-04-15T14:37:20.039+0000] {processor.py:840} INFO - DAG(s) 'example_xcom_args_with_operators', 'example_xcom_args' retrieved from /home/airflow/.local/lib/python3.12/site-packages/airflow/example_dags/example_xcomargs.py
[2024-04-15T14:37:20.076+0000] {logging_mixin.py:188} INFO - [2024-04-15T14:37:20.076+0000] {dag.py:3096} INFO - Sync 2 DAGs
[2024-04-15T14:37:20.093+0000] {logging_mixin.py:188} INFO - [2024-04-15T14:37:20.093+0000] {dag.py:3954} INFO - Setting next_dagrun for example_xcom_args to None, run_after=None
[2024-04-15T14:37:20.099+0000] {logging_mixin.py:188} INFO - [2024-04-15T14:37:20.098+0000] {dag.py:3954} INFO - Setting next_dagrun for example_xcom_args_with_operators to None, run_after=None
[2024-04-15T14:37:20.124+0000] {processor.py:183} INFO - Processing /home/airflow/.local/lib/python3.12/site-packages/airflow/example_dags/example_xcomargs.py took 0.107 seconds
[2024-04-15T14:37:50.439+0000] {processor.py:161} INFO - Started process (PID=1104) to work on /home/airflow/.local/lib/python3.12/site-packages/airflow/example_dags/example_xcomargs.py
[2024-04-15T14:37:50.440+0000] {processor.py:830} INFO - Processing file /home/airflow/.local/lib/python3.12/site-packages/airflow/example_dags/example_xcomargs.py for tasks to queue
[2024-04-15T14:37:50.443+0000] {logging_mixin.py:188} INFO - [2024-04-15T14:37:50.442+0000] {dagbag.py:540} INFO - Filling up the DagBag from /home/airflow/.local/lib/python3.12/site-packages/airflow/example_dags/example_xcomargs.py
[2024-04-15T14:37:50.455+0000] {processor.py:840} INFO - DAG(s) 'example_xcom_args_with_operators', 'example_xcom_args' retrieved from /home/airflow/.local/lib/python3.12/site-packages/airflow/example_dags/example_xcomargs.py
[2024-04-15T14:37:50.491+0000] {logging_mixin.py:188} INFO - [2024-04-15T14:37:50.490+0000] {dag.py:3096} INFO - Sync 2 DAGs
[2024-04-15T14:37:50.511+0000] {logging_mixin.py:188} INFO - [2024-04-15T14:37:50.510+0000] {dag.py:3954} INFO - Setting next_dagrun for example_xcom_args to None, run_after=None
[2024-04-15T14:37:50.518+0000] {logging_mixin.py:188} INFO - [2024-04-15T14:37:50.518+0000] {dag.py:3954} INFO - Setting next_dagrun for example_xcom_args_with_operators to None, run_after=None
[2024-04-15T14:37:50.545+0000] {processor.py:183} INFO - Processing /home/airflow/.local/lib/python3.12/site-packages/airflow/example_dags/example_xcomargs.py took 0.116 seconds
[2024-04-15T14:38:22.001+0000] {processor.py:161} INFO - Started process (PID=1163) to work on /home/airflow/.local/lib/python3.12/site-packages/airflow/example_dags/example_xcomargs.py
[2024-04-15T14:38:22.003+0000] {processor.py:830} INFO - Processing file /home/airflow/.local/lib/python3.12/site-packages/airflow/example_dags/example_xcomargs.py for tasks to queue
[2024-04-15T14:38:22.005+0000] {logging_mixin.py:188} INFO - [2024-04-15T14:38:22.005+0000] {dagbag.py:540} INFO - Filling up the DagBag from /home/airflow/.local/lib/python3.12/site-packages/airflow/example_dags/example_xcomargs.py
[2024-04-15T14:38:22.016+0000] {processor.py:840} INFO - DAG(s) 'example_xcom_args_with_operators', 'example_xcom_args' retrieved from /home/airflow/.local/lib/python3.12/site-packages/airflow/example_dags/example_xcomargs.py
[2024-04-15T14:38:22.047+0000] {logging_mixin.py:188} INFO - [2024-04-15T14:38:22.047+0000] {dag.py:3096} INFO - Sync 2 DAGs
[2024-04-15T14:38:22.066+0000] {logging_mixin.py:188} INFO - [2024-04-15T14:38:22.065+0000] {dag.py:3954} INFO - Setting next_dagrun for example_xcom_args to None, run_after=None
[2024-04-15T14:38:22.072+0000] {logging_mixin.py:188} INFO - [2024-04-15T14:38:22.072+0000] {dag.py:3954} INFO - Setting next_dagrun for example_xcom_args_with_operators to None, run_after=None
[2024-04-15T14:38:22.100+0000] {processor.py:183} INFO - Processing /home/airflow/.local/lib/python3.12/site-packages/airflow/example_dags/example_xcomargs.py took 0.106 seconds
