[2024-04-15T14:28:40.816+0000] {processor.py:161} INFO - Started process (PID=48) to work on /home/airflow/.local/lib/python3.12/site-packages/airflow/example_dags/example_sensors.py
[2024-04-15T14:28:40.825+0000] {processor.py:830} INFO - Processing file /home/airflow/.local/lib/python3.12/site-packages/airflow/example_dags/example_sensors.py for tasks to queue
[2024-04-15T14:28:40.835+0000] {logging_mixin.py:188} INFO - [2024-04-15T14:28:40.834+0000] {dagbag.py:540} INFO - Filling up the DagBag from /home/airflow/.local/lib/python3.12/site-packages/airflow/example_dags/example_sensors.py
[2024-04-15T14:28:40.878+0000] {processor.py:840} INFO - DAG(s) 'example_sensors' retrieved from /home/airflow/.local/lib/python3.12/site-packages/airflow/example_dags/example_sensors.py
[2024-04-15T14:28:41.021+0000] {logging_mixin.py:188} INFO - [2024-04-15T14:28:41.020+0000] {dag.py:3096} INFO - Sync 1 DAGs
[2024-04-15T14:28:41.105+0000] {logging_mixin.py:188} INFO - [2024-04-15T14:28:41.104+0000] {dag.py:3954} INFO - Setting next_dagrun for example_sensors to None, run_after=None
[2024-04-15T14:28:41.264+0000] {processor.py:183} INFO - Processing /home/airflow/.local/lib/python3.12/site-packages/airflow/example_dags/example_sensors.py took 0.490 seconds
[2024-04-15T14:29:12.220+0000] {processor.py:161} INFO - Started process (PID=106) to work on /home/airflow/.local/lib/python3.12/site-packages/airflow/example_dags/example_sensors.py
[2024-04-15T14:29:12.221+0000] {processor.py:830} INFO - Processing file /home/airflow/.local/lib/python3.12/site-packages/airflow/example_dags/example_sensors.py for tasks to queue
[2024-04-15T14:29:12.226+0000] {logging_mixin.py:188} INFO - [2024-04-15T14:29:12.225+0000] {dagbag.py:540} INFO - Filling up the DagBag from /home/airflow/.local/lib/python3.12/site-packages/airflow/example_dags/example_sensors.py
[2024-04-15T14:29:12.278+0000] {processor.py:840} INFO - DAG(s) 'example_sensors' retrieved from /home/airflow/.local/lib/python3.12/site-packages/airflow/example_dags/example_sensors.py
[2024-04-15T14:29:12.330+0000] {logging_mixin.py:188} INFO - [2024-04-15T14:29:12.330+0000] {dag.py:3096} INFO - Sync 1 DAGs
[2024-04-15T14:29:12.389+0000] {logging_mixin.py:188} INFO - [2024-04-15T14:29:12.388+0000] {dag.py:3954} INFO - Setting next_dagrun for example_sensors to None, run_after=None
[2024-04-15T14:29:12.439+0000] {processor.py:183} INFO - Processing /home/airflow/.local/lib/python3.12/site-packages/airflow/example_dags/example_sensors.py took 0.229 seconds
[2024-04-15T14:29:42.603+0000] {processor.py:161} INFO - Started process (PID=165) to work on /home/airflow/.local/lib/python3.12/site-packages/airflow/example_dags/example_sensors.py
[2024-04-15T14:29:42.605+0000] {processor.py:830} INFO - Processing file /home/airflow/.local/lib/python3.12/site-packages/airflow/example_dags/example_sensors.py for tasks to queue
[2024-04-15T14:29:42.612+0000] {logging_mixin.py:188} INFO - [2024-04-15T14:29:42.612+0000] {dagbag.py:540} INFO - Filling up the DagBag from /home/airflow/.local/lib/python3.12/site-packages/airflow/example_dags/example_sensors.py
[2024-04-15T14:29:42.633+0000] {processor.py:840} INFO - DAG(s) 'example_sensors' retrieved from /home/airflow/.local/lib/python3.12/site-packages/airflow/example_dags/example_sensors.py
[2024-04-15T14:29:42.731+0000] {logging_mixin.py:188} INFO - [2024-04-15T14:29:42.731+0000] {dag.py:3096} INFO - Sync 1 DAGs
[2024-04-15T14:29:42.759+0000] {logging_mixin.py:188} INFO - [2024-04-15T14:29:42.759+0000] {dag.py:3954} INFO - Setting next_dagrun for example_sensors to None, run_after=None
[2024-04-15T14:29:42.797+0000] {processor.py:183} INFO - Processing /home/airflow/.local/lib/python3.12/site-packages/airflow/example_dags/example_sensors.py took 0.209 seconds
[2024-04-15T14:30:13.064+0000] {processor.py:161} INFO - Started process (PID=224) to work on /home/airflow/.local/lib/python3.12/site-packages/airflow/example_dags/example_sensors.py
[2024-04-15T14:30:13.066+0000] {processor.py:830} INFO - Processing file /home/airflow/.local/lib/python3.12/site-packages/airflow/example_dags/example_sensors.py for tasks to queue
[2024-04-15T14:30:13.070+0000] {logging_mixin.py:188} INFO - [2024-04-15T14:30:13.069+0000] {dagbag.py:540} INFO - Filling up the DagBag from /home/airflow/.local/lib/python3.12/site-packages/airflow/example_dags/example_sensors.py
[2024-04-15T14:30:13.090+0000] {processor.py:840} INFO - DAG(s) 'example_sensors' retrieved from /home/airflow/.local/lib/python3.12/site-packages/airflow/example_dags/example_sensors.py
[2024-04-15T14:30:13.151+0000] {logging_mixin.py:188} INFO - [2024-04-15T14:30:13.150+0000] {dag.py:3096} INFO - Sync 1 DAGs
[2024-04-15T14:30:13.176+0000] {logging_mixin.py:188} INFO - [2024-04-15T14:30:13.176+0000] {dag.py:3954} INFO - Setting next_dagrun for example_sensors to None, run_after=None
[2024-04-15T14:30:13.277+0000] {processor.py:183} INFO - Processing /home/airflow/.local/lib/python3.12/site-packages/airflow/example_dags/example_sensors.py took 0.221 seconds
[2024-04-15T14:30:44.518+0000] {processor.py:161} INFO - Started process (PID=289) to work on /home/airflow/.local/lib/python3.12/site-packages/airflow/example_dags/example_sensors.py
[2024-04-15T14:30:44.520+0000] {processor.py:830} INFO - Processing file /home/airflow/.local/lib/python3.12/site-packages/airflow/example_dags/example_sensors.py for tasks to queue
[2024-04-15T14:30:44.534+0000] {logging_mixin.py:188} INFO - [2024-04-15T14:30:44.533+0000] {dagbag.py:540} INFO - Filling up the DagBag from /home/airflow/.local/lib/python3.12/site-packages/airflow/example_dags/example_sensors.py
[2024-04-15T14:30:44.611+0000] {processor.py:840} INFO - DAG(s) 'example_sensors' retrieved from /home/airflow/.local/lib/python3.12/site-packages/airflow/example_dags/example_sensors.py
[2024-04-15T14:30:44.760+0000] {logging_mixin.py:188} INFO - [2024-04-15T14:30:44.759+0000] {dag.py:3096} INFO - Sync 1 DAGs
[2024-04-15T14:30:44.853+0000] {logging_mixin.py:188} INFO - [2024-04-15T14:30:44.852+0000] {dag.py:3954} INFO - Setting next_dagrun for example_sensors to None, run_after=None
[2024-04-15T14:30:44.949+0000] {processor.py:183} INFO - Processing /home/airflow/.local/lib/python3.12/site-packages/airflow/example_dags/example_sensors.py took 0.454 seconds
[2024-04-15T14:31:15.424+0000] {processor.py:161} INFO - Started process (PID=347) to work on /home/airflow/.local/lib/python3.12/site-packages/airflow/example_dags/example_sensors.py
[2024-04-15T14:31:15.426+0000] {processor.py:830} INFO - Processing file /home/airflow/.local/lib/python3.12/site-packages/airflow/example_dags/example_sensors.py for tasks to queue
[2024-04-15T14:31:15.429+0000] {logging_mixin.py:188} INFO - [2024-04-15T14:31:15.428+0000] {dagbag.py:540} INFO - Filling up the DagBag from /home/airflow/.local/lib/python3.12/site-packages/airflow/example_dags/example_sensors.py
[2024-04-15T14:31:15.447+0000] {processor.py:840} INFO - DAG(s) 'example_sensors' retrieved from /home/airflow/.local/lib/python3.12/site-packages/airflow/example_dags/example_sensors.py
[2024-04-15T14:31:15.490+0000] {logging_mixin.py:188} INFO - [2024-04-15T14:31:15.490+0000] {dag.py:3096} INFO - Sync 1 DAGs
[2024-04-15T14:31:15.514+0000] {logging_mixin.py:188} INFO - [2024-04-15T14:31:15.514+0000] {dag.py:3954} INFO - Setting next_dagrun for example_sensors to None, run_after=None
[2024-04-15T14:31:15.549+0000] {processor.py:183} INFO - Processing /home/airflow/.local/lib/python3.12/site-packages/airflow/example_dags/example_sensors.py took 0.134 seconds
[2024-04-15T14:31:46.793+0000] {processor.py:161} INFO - Started process (PID=407) to work on /home/airflow/.local/lib/python3.12/site-packages/airflow/example_dags/example_sensors.py
[2024-04-15T14:31:46.796+0000] {processor.py:830} INFO - Processing file /home/airflow/.local/lib/python3.12/site-packages/airflow/example_dags/example_sensors.py for tasks to queue
[2024-04-15T14:31:46.813+0000] {logging_mixin.py:188} INFO - [2024-04-15T14:31:46.812+0000] {dagbag.py:540} INFO - Filling up the DagBag from /home/airflow/.local/lib/python3.12/site-packages/airflow/example_dags/example_sensors.py
[2024-04-15T14:31:46.843+0000] {processor.py:840} INFO - DAG(s) 'example_sensors' retrieved from /home/airflow/.local/lib/python3.12/site-packages/airflow/example_dags/example_sensors.py
[2024-04-15T14:31:46.927+0000] {logging_mixin.py:188} INFO - [2024-04-15T14:31:46.927+0000] {dag.py:3096} INFO - Sync 1 DAGs
[2024-04-15T14:31:46.955+0000] {logging_mixin.py:188} INFO - [2024-04-15T14:31:46.955+0000] {dag.py:3954} INFO - Setting next_dagrun for example_sensors to None, run_after=None
[2024-04-15T14:31:47.017+0000] {processor.py:183} INFO - Processing /home/airflow/.local/lib/python3.12/site-packages/airflow/example_dags/example_sensors.py took 0.242 seconds
[2024-04-15T14:32:17.726+0000] {processor.py:161} INFO - Started process (PID=465) to work on /home/airflow/.local/lib/python3.12/site-packages/airflow/example_dags/example_sensors.py
[2024-04-15T14:32:17.728+0000] {processor.py:830} INFO - Processing file /home/airflow/.local/lib/python3.12/site-packages/airflow/example_dags/example_sensors.py for tasks to queue
[2024-04-15T14:32:17.732+0000] {logging_mixin.py:188} INFO - [2024-04-15T14:32:17.731+0000] {dagbag.py:540} INFO - Filling up the DagBag from /home/airflow/.local/lib/python3.12/site-packages/airflow/example_dags/example_sensors.py
[2024-04-15T14:32:17.746+0000] {processor.py:840} INFO - DAG(s) 'example_sensors' retrieved from /home/airflow/.local/lib/python3.12/site-packages/airflow/example_dags/example_sensors.py
[2024-04-15T14:32:17.787+0000] {logging_mixin.py:188} INFO - [2024-04-15T14:32:17.786+0000] {dag.py:3096} INFO - Sync 1 DAGs
[2024-04-15T14:32:17.805+0000] {logging_mixin.py:188} INFO - [2024-04-15T14:32:17.804+0000] {dag.py:3954} INFO - Setting next_dagrun for example_sensors to None, run_after=None
[2024-04-15T14:32:17.832+0000] {processor.py:183} INFO - Processing /home/airflow/.local/lib/python3.12/site-packages/airflow/example_dags/example_sensors.py took 0.117 seconds
[2024-04-15T14:32:48.163+0000] {processor.py:161} INFO - Started process (PID=523) to work on /home/airflow/.local/lib/python3.12/site-packages/airflow/example_dags/example_sensors.py
[2024-04-15T14:32:48.172+0000] {processor.py:830} INFO - Processing file /home/airflow/.local/lib/python3.12/site-packages/airflow/example_dags/example_sensors.py for tasks to queue
[2024-04-15T14:32:48.184+0000] {logging_mixin.py:188} INFO - [2024-04-15T14:32:48.183+0000] {dagbag.py:540} INFO - Filling up the DagBag from /home/airflow/.local/lib/python3.12/site-packages/airflow/example_dags/example_sensors.py
[2024-04-15T14:32:48.206+0000] {processor.py:840} INFO - DAG(s) 'example_sensors' retrieved from /home/airflow/.local/lib/python3.12/site-packages/airflow/example_dags/example_sensors.py
[2024-04-15T14:32:48.266+0000] {logging_mixin.py:188} INFO - [2024-04-15T14:32:48.266+0000] {dag.py:3096} INFO - Sync 1 DAGs
[2024-04-15T14:32:48.299+0000] {logging_mixin.py:188} INFO - [2024-04-15T14:32:48.299+0000] {dag.py:3954} INFO - Setting next_dagrun for example_sensors to None, run_after=None
[2024-04-15T14:32:48.339+0000] {processor.py:183} INFO - Processing /home/airflow/.local/lib/python3.12/site-packages/airflow/example_dags/example_sensors.py took 0.192 seconds
[2024-04-15T14:33:18.557+0000] {processor.py:161} INFO - Started process (PID=582) to work on /home/airflow/.local/lib/python3.12/site-packages/airflow/example_dags/example_sensors.py
[2024-04-15T14:33:18.559+0000] {processor.py:830} INFO - Processing file /home/airflow/.local/lib/python3.12/site-packages/airflow/example_dags/example_sensors.py for tasks to queue
[2024-04-15T14:33:18.562+0000] {logging_mixin.py:188} INFO - [2024-04-15T14:33:18.561+0000] {dagbag.py:540} INFO - Filling up the DagBag from /home/airflow/.local/lib/python3.12/site-packages/airflow/example_dags/example_sensors.py
[2024-04-15T14:33:18.586+0000] {processor.py:840} INFO - DAG(s) 'example_sensors' retrieved from /home/airflow/.local/lib/python3.12/site-packages/airflow/example_dags/example_sensors.py
[2024-04-15T14:33:18.652+0000] {logging_mixin.py:188} INFO - [2024-04-15T14:33:18.652+0000] {dag.py:3096} INFO - Sync 1 DAGs
[2024-04-15T14:33:18.679+0000] {logging_mixin.py:188} INFO - [2024-04-15T14:33:18.678+0000] {dag.py:3954} INFO - Setting next_dagrun for example_sensors to None, run_after=None
[2024-04-15T14:33:18.725+0000] {processor.py:183} INFO - Processing /home/airflow/.local/lib/python3.12/site-packages/airflow/example_dags/example_sensors.py took 0.177 seconds
[2024-04-15T14:33:49.303+0000] {processor.py:161} INFO - Started process (PID=641) to work on /home/airflow/.local/lib/python3.12/site-packages/airflow/example_dags/example_sensors.py
[2024-04-15T14:33:49.305+0000] {processor.py:830} INFO - Processing file /home/airflow/.local/lib/python3.12/site-packages/airflow/example_dags/example_sensors.py for tasks to queue
[2024-04-15T14:33:49.307+0000] {logging_mixin.py:188} INFO - [2024-04-15T14:33:49.307+0000] {dagbag.py:540} INFO - Filling up the DagBag from /home/airflow/.local/lib/python3.12/site-packages/airflow/example_dags/example_sensors.py
[2024-04-15T14:33:49.320+0000] {processor.py:840} INFO - DAG(s) 'example_sensors' retrieved from /home/airflow/.local/lib/python3.12/site-packages/airflow/example_dags/example_sensors.py
[2024-04-15T14:33:49.355+0000] {logging_mixin.py:188} INFO - [2024-04-15T14:33:49.355+0000] {dag.py:3096} INFO - Sync 1 DAGs
[2024-04-15T14:33:49.372+0000] {logging_mixin.py:188} INFO - [2024-04-15T14:33:49.372+0000] {dag.py:3954} INFO - Setting next_dagrun for example_sensors to None, run_after=None
[2024-04-15T14:33:49.403+0000] {processor.py:183} INFO - Processing /home/airflow/.local/lib/python3.12/site-packages/airflow/example_dags/example_sensors.py took 0.106 seconds
[2024-04-15T14:34:20.116+0000] {processor.py:161} INFO - Started process (PID=700) to work on /home/airflow/.local/lib/python3.12/site-packages/airflow/example_dags/example_sensors.py
[2024-04-15T14:34:20.117+0000] {processor.py:830} INFO - Processing file /home/airflow/.local/lib/python3.12/site-packages/airflow/example_dags/example_sensors.py for tasks to queue
[2024-04-15T14:34:20.120+0000] {logging_mixin.py:188} INFO - [2024-04-15T14:34:20.119+0000] {dagbag.py:540} INFO - Filling up the DagBag from /home/airflow/.local/lib/python3.12/site-packages/airflow/example_dags/example_sensors.py
[2024-04-15T14:34:20.134+0000] {processor.py:840} INFO - DAG(s) 'example_sensors' retrieved from /home/airflow/.local/lib/python3.12/site-packages/airflow/example_dags/example_sensors.py
[2024-04-15T14:34:20.171+0000] {logging_mixin.py:188} INFO - [2024-04-15T14:34:20.170+0000] {dag.py:3096} INFO - Sync 1 DAGs
[2024-04-15T14:34:20.190+0000] {logging_mixin.py:188} INFO - [2024-04-15T14:34:20.190+0000] {dag.py:3954} INFO - Setting next_dagrun for example_sensors to None, run_after=None
[2024-04-15T14:34:20.226+0000] {processor.py:183} INFO - Processing /home/airflow/.local/lib/python3.12/site-packages/airflow/example_dags/example_sensors.py took 0.119 seconds
[2024-04-15T14:34:50.755+0000] {processor.py:161} INFO - Started process (PID=759) to work on /home/airflow/.local/lib/python3.12/site-packages/airflow/example_dags/example_sensors.py
[2024-04-15T14:34:50.756+0000] {processor.py:830} INFO - Processing file /home/airflow/.local/lib/python3.12/site-packages/airflow/example_dags/example_sensors.py for tasks to queue
[2024-04-15T14:34:50.759+0000] {logging_mixin.py:188} INFO - [2024-04-15T14:34:50.759+0000] {dagbag.py:540} INFO - Filling up the DagBag from /home/airflow/.local/lib/python3.12/site-packages/airflow/example_dags/example_sensors.py
[2024-04-15T14:34:50.772+0000] {processor.py:840} INFO - DAG(s) 'example_sensors' retrieved from /home/airflow/.local/lib/python3.12/site-packages/airflow/example_dags/example_sensors.py
[2024-04-15T14:34:50.810+0000] {logging_mixin.py:188} INFO - [2024-04-15T14:34:50.810+0000] {dag.py:3096} INFO - Sync 1 DAGs
[2024-04-15T14:34:50.828+0000] {logging_mixin.py:188} INFO - [2024-04-15T14:34:50.827+0000] {dag.py:3954} INFO - Setting next_dagrun for example_sensors to None, run_after=None
[2024-04-15T14:34:50.861+0000] {processor.py:183} INFO - Processing /home/airflow/.local/lib/python3.12/site-packages/airflow/example_dags/example_sensors.py took 0.113 seconds
[2024-04-15T14:35:21.009+0000] {processor.py:161} INFO - Started process (PID=818) to work on /home/airflow/.local/lib/python3.12/site-packages/airflow/example_dags/example_sensors.py
[2024-04-15T14:35:21.011+0000] {processor.py:830} INFO - Processing file /home/airflow/.local/lib/python3.12/site-packages/airflow/example_dags/example_sensors.py for tasks to queue
[2024-04-15T14:35:21.014+0000] {logging_mixin.py:188} INFO - [2024-04-15T14:35:21.014+0000] {dagbag.py:540} INFO - Filling up the DagBag from /home/airflow/.local/lib/python3.12/site-packages/airflow/example_dags/example_sensors.py
[2024-04-15T14:35:21.038+0000] {processor.py:840} INFO - DAG(s) 'example_sensors' retrieved from /home/airflow/.local/lib/python3.12/site-packages/airflow/example_dags/example_sensors.py
[2024-04-15T14:35:21.080+0000] {logging_mixin.py:188} INFO - [2024-04-15T14:35:21.080+0000] {dag.py:3096} INFO - Sync 1 DAGs
[2024-04-15T14:35:21.097+0000] {logging_mixin.py:188} INFO - [2024-04-15T14:35:21.097+0000] {dag.py:3954} INFO - Setting next_dagrun for example_sensors to None, run_after=None
[2024-04-15T14:35:21.127+0000] {processor.py:183} INFO - Processing /home/airflow/.local/lib/python3.12/site-packages/airflow/example_dags/example_sensors.py took 0.126 seconds
[2024-04-15T14:35:51.739+0000] {processor.py:161} INFO - Started process (PID=877) to work on /home/airflow/.local/lib/python3.12/site-packages/airflow/example_dags/example_sensors.py
[2024-04-15T14:35:51.741+0000] {processor.py:830} INFO - Processing file /home/airflow/.local/lib/python3.12/site-packages/airflow/example_dags/example_sensors.py for tasks to queue
[2024-04-15T14:35:51.744+0000] {logging_mixin.py:188} INFO - [2024-04-15T14:35:51.743+0000] {dagbag.py:540} INFO - Filling up the DagBag from /home/airflow/.local/lib/python3.12/site-packages/airflow/example_dags/example_sensors.py
[2024-04-15T14:35:51.761+0000] {processor.py:840} INFO - DAG(s) 'example_sensors' retrieved from /home/airflow/.local/lib/python3.12/site-packages/airflow/example_dags/example_sensors.py
[2024-04-15T14:35:51.798+0000] {logging_mixin.py:188} INFO - [2024-04-15T14:35:51.798+0000] {dag.py:3096} INFO - Sync 1 DAGs
[2024-04-15T14:35:51.825+0000] {logging_mixin.py:188} INFO - [2024-04-15T14:35:51.824+0000] {dag.py:3954} INFO - Setting next_dagrun for example_sensors to None, run_after=None
[2024-04-15T14:35:51.868+0000] {processor.py:183} INFO - Processing /home/airflow/.local/lib/python3.12/site-packages/airflow/example_dags/example_sensors.py took 0.146 seconds
[2024-04-15T14:36:22.322+0000] {processor.py:161} INFO - Started process (PID=936) to work on /home/airflow/.local/lib/python3.12/site-packages/airflow/example_dags/example_sensors.py
[2024-04-15T14:36:22.324+0000] {processor.py:830} INFO - Processing file /home/airflow/.local/lib/python3.12/site-packages/airflow/example_dags/example_sensors.py for tasks to queue
[2024-04-15T14:36:22.327+0000] {logging_mixin.py:188} INFO - [2024-04-15T14:36:22.327+0000] {dagbag.py:540} INFO - Filling up the DagBag from /home/airflow/.local/lib/python3.12/site-packages/airflow/example_dags/example_sensors.py
[2024-04-15T14:36:22.345+0000] {processor.py:840} INFO - DAG(s) 'example_sensors' retrieved from /home/airflow/.local/lib/python3.12/site-packages/airflow/example_dags/example_sensors.py
[2024-04-15T14:36:22.400+0000] {logging_mixin.py:188} INFO - [2024-04-15T14:36:22.399+0000] {dag.py:3096} INFO - Sync 1 DAGs
[2024-04-15T14:36:22.430+0000] {logging_mixin.py:188} INFO - [2024-04-15T14:36:22.429+0000] {dag.py:3954} INFO - Setting next_dagrun for example_sensors to None, run_after=None
[2024-04-15T14:36:22.474+0000] {processor.py:183} INFO - Processing /home/airflow/.local/lib/python3.12/site-packages/airflow/example_dags/example_sensors.py took 0.161 seconds
[2024-04-15T14:36:53.316+0000] {processor.py:161} INFO - Started process (PID=995) to work on /home/airflow/.local/lib/python3.12/site-packages/airflow/example_dags/example_sensors.py
[2024-04-15T14:36:53.318+0000] {processor.py:830} INFO - Processing file /home/airflow/.local/lib/python3.12/site-packages/airflow/example_dags/example_sensors.py for tasks to queue
[2024-04-15T14:36:53.321+0000] {logging_mixin.py:188} INFO - [2024-04-15T14:36:53.320+0000] {dagbag.py:540} INFO - Filling up the DagBag from /home/airflow/.local/lib/python3.12/site-packages/airflow/example_dags/example_sensors.py
[2024-04-15T14:36:53.333+0000] {processor.py:840} INFO - DAG(s) 'example_sensors' retrieved from /home/airflow/.local/lib/python3.12/site-packages/airflow/example_dags/example_sensors.py
[2024-04-15T14:36:53.372+0000] {logging_mixin.py:188} INFO - [2024-04-15T14:36:53.372+0000] {dag.py:3096} INFO - Sync 1 DAGs
[2024-04-15T14:36:53.576+0000] {logging_mixin.py:188} INFO - [2024-04-15T14:36:53.575+0000] {dag.py:3954} INFO - Setting next_dagrun for example_sensors to None, run_after=None
[2024-04-15T14:36:53.614+0000] {processor.py:183} INFO - Processing /home/airflow/.local/lib/python3.12/site-packages/airflow/example_dags/example_sensors.py took 0.305 seconds
[2024-04-15T14:37:24.157+0000] {processor.py:161} INFO - Started process (PID=1054) to work on /home/airflow/.local/lib/python3.12/site-packages/airflow/example_dags/example_sensors.py
[2024-04-15T14:37:24.159+0000] {processor.py:830} INFO - Processing file /home/airflow/.local/lib/python3.12/site-packages/airflow/example_dags/example_sensors.py for tasks to queue
[2024-04-15T14:37:24.162+0000] {logging_mixin.py:188} INFO - [2024-04-15T14:37:24.162+0000] {dagbag.py:540} INFO - Filling up the DagBag from /home/airflow/.local/lib/python3.12/site-packages/airflow/example_dags/example_sensors.py
[2024-04-15T14:37:24.179+0000] {processor.py:840} INFO - DAG(s) 'example_sensors' retrieved from /home/airflow/.local/lib/python3.12/site-packages/airflow/example_dags/example_sensors.py
[2024-04-15T14:37:24.214+0000] {logging_mixin.py:188} INFO - [2024-04-15T14:37:24.213+0000] {dag.py:3096} INFO - Sync 1 DAGs
[2024-04-15T14:37:24.232+0000] {logging_mixin.py:188} INFO - [2024-04-15T14:37:24.232+0000] {dag.py:3954} INFO - Setting next_dagrun for example_sensors to None, run_after=None
[2024-04-15T14:37:24.400+0000] {processor.py:183} INFO - Processing /home/airflow/.local/lib/python3.12/site-packages/airflow/example_dags/example_sensors.py took 0.253 seconds
[2024-04-15T14:37:54.919+0000] {processor.py:161} INFO - Started process (PID=1113) to work on /home/airflow/.local/lib/python3.12/site-packages/airflow/example_dags/example_sensors.py
[2024-04-15T14:37:54.921+0000] {processor.py:830} INFO - Processing file /home/airflow/.local/lib/python3.12/site-packages/airflow/example_dags/example_sensors.py for tasks to queue
[2024-04-15T14:37:54.924+0000] {logging_mixin.py:188} INFO - [2024-04-15T14:37:54.924+0000] {dagbag.py:540} INFO - Filling up the DagBag from /home/airflow/.local/lib/python3.12/site-packages/airflow/example_dags/example_sensors.py
[2024-04-15T14:37:54.944+0000] {processor.py:840} INFO - DAG(s) 'example_sensors' retrieved from /home/airflow/.local/lib/python3.12/site-packages/airflow/example_dags/example_sensors.py
[2024-04-15T14:37:54.986+0000] {logging_mixin.py:188} INFO - [2024-04-15T14:37:54.986+0000] {dag.py:3096} INFO - Sync 1 DAGs
[2024-04-15T14:37:55.010+0000] {logging_mixin.py:188} INFO - [2024-04-15T14:37:55.010+0000] {dag.py:3954} INFO - Setting next_dagrun for example_sensors to None, run_after=None
[2024-04-15T14:37:55.043+0000] {processor.py:183} INFO - Processing /home/airflow/.local/lib/python3.12/site-packages/airflow/example_dags/example_sensors.py took 0.132 seconds
