[2024-04-15T14:28:44.767+0000] {processor.py:161} INFO - Started process (PID=64) to work on /home/airflow/.local/lib/python3.12/site-packages/airflow/example_dags/example_datasets.py
[2024-04-15T14:28:44.770+0000] {processor.py:830} INFO - Processing file /home/airflow/.local/lib/python3.12/site-packages/airflow/example_dags/example_datasets.py for tasks to queue
[2024-04-15T14:28:44.791+0000] {logging_mixin.py:188} INFO - [2024-04-15T14:28:44.790+0000] {dagbag.py:540} INFO - Filling up the DagBag from /home/airflow/.local/lib/python3.12/site-packages/airflow/example_dags/example_datasets.py
[2024-04-15T14:28:44.889+0000] {processor.py:840} INFO - DAG(s) 'dataset_consumes_1_and_2', 'dataset_produces_2', 'consume_1_and_2_with_dataset_expressions', 'consume_1_or_both_2_and_3_with_dataset_expressions', 'dataset_consumes_1_never_scheduled', 'conditional_dataset_and_time_based_timetable', 'dataset_consumes_unknown_never_scheduled', 'dataset_produces_1', 'dataset_consumes_1', 'consume_1_or_2_with_dataset_expressions' retrieved from /home/airflow/.local/lib/python3.12/site-packages/airflow/example_dags/example_datasets.py
[2024-04-15T14:28:45.076+0000] {logging_mixin.py:188} INFO - [2024-04-15T14:28:45.075+0000] {dag.py:3096} INFO - Sync 10 DAGs
[2024-04-15T14:28:45.135+0000] {logging_mixin.py:188} INFO - [2024-04-15T14:28:45.135+0000] {dag.py:3954} INFO - Setting next_dagrun for conditional_dataset_and_time_based_timetable to 2024-04-10 01:00:00+00:00, run_after=2024-04-10 01:00:00+00:00
[2024-04-15T14:28:45.145+0000] {logging_mixin.py:188} INFO - [2024-04-15T14:28:45.144+0000] {dag.py:3954} INFO - Setting next_dagrun for consume_1_and_2_with_dataset_expressions to None, run_after=None
[2024-04-15T14:28:45.148+0000] {logging_mixin.py:188} INFO - [2024-04-15T14:28:45.148+0000] {dag.py:3954} INFO - Setting next_dagrun for consume_1_or_2_with_dataset_expressions to None, run_after=None
[2024-04-15T14:28:45.152+0000] {logging_mixin.py:188} INFO - [2024-04-15T14:28:45.152+0000] {dag.py:3954} INFO - Setting next_dagrun for consume_1_or_both_2_and_3_with_dataset_expressions to None, run_after=None
[2024-04-15T14:28:45.156+0000] {logging_mixin.py:188} INFO - [2024-04-15T14:28:45.156+0000] {dag.py:3954} INFO - Setting next_dagrun for dataset_consumes_1 to None, run_after=None
[2024-04-15T14:28:45.160+0000] {logging_mixin.py:188} INFO - [2024-04-15T14:28:45.160+0000] {dag.py:3954} INFO - Setting next_dagrun for dataset_consumes_1_and_2 to None, run_after=None
[2024-04-15T14:28:45.165+0000] {logging_mixin.py:188} INFO - [2024-04-15T14:28:45.164+0000] {dag.py:3954} INFO - Setting next_dagrun for dataset_consumes_1_never_scheduled to None, run_after=None
[2024-04-15T14:28:45.168+0000] {logging_mixin.py:188} INFO - [2024-04-15T14:28:45.168+0000] {dag.py:3954} INFO - Setting next_dagrun for dataset_consumes_unknown_never_scheduled to None, run_after=None
[2024-04-15T14:28:45.177+0000] {logging_mixin.py:188} INFO - [2024-04-15T14:28:45.177+0000] {dag.py:3954} INFO - Setting next_dagrun for dataset_produces_1 to 2024-04-14 00:00:00+00:00, run_after=2024-04-15 00:00:00+00:00
[2024-04-15T14:28:45.180+0000] {logging_mixin.py:188} INFO - [2024-04-15T14:28:45.180+0000] {dag.py:3954} INFO - Setting next_dagrun for dataset_produces_2 to None, run_after=None
[2024-04-15T14:28:45.274+0000] {processor.py:183} INFO - Processing /home/airflow/.local/lib/python3.12/site-packages/airflow/example_dags/example_datasets.py took 0.528 seconds
[2024-04-15T14:29:16.034+0000] {processor.py:161} INFO - Started process (PID=123) to work on /home/airflow/.local/lib/python3.12/site-packages/airflow/example_dags/example_datasets.py
[2024-04-15T14:29:16.035+0000] {processor.py:830} INFO - Processing file /home/airflow/.local/lib/python3.12/site-packages/airflow/example_dags/example_datasets.py for tasks to queue
[2024-04-15T14:29:16.038+0000] {logging_mixin.py:188} INFO - [2024-04-15T14:29:16.038+0000] {dagbag.py:540} INFO - Filling up the DagBag from /home/airflow/.local/lib/python3.12/site-packages/airflow/example_dags/example_datasets.py
[2024-04-15T14:29:16.070+0000] {processor.py:840} INFO - DAG(s) 'dataset_produces_2', 'dataset_consumes_1_never_scheduled', 'consume_1_or_both_2_and_3_with_dataset_expressions', 'consume_1_or_2_with_dataset_expressions', 'dataset_produces_1', 'dataset_consumes_unknown_never_scheduled', 'dataset_consumes_1_and_2', 'conditional_dataset_and_time_based_timetable', 'consume_1_and_2_with_dataset_expressions', 'dataset_consumes_1' retrieved from /home/airflow/.local/lib/python3.12/site-packages/airflow/example_dags/example_datasets.py
[2024-04-15T14:29:16.159+0000] {logging_mixin.py:188} INFO - [2024-04-15T14:29:16.159+0000] {dag.py:3096} INFO - Sync 10 DAGs
[2024-04-15T14:29:16.202+0000] {logging_mixin.py:188} INFO - [2024-04-15T14:29:16.201+0000] {dag.py:3954} INFO - Setting next_dagrun for conditional_dataset_and_time_based_timetable to 2024-04-10 01:00:00+00:00, run_after=2024-04-10 01:00:00+00:00
[2024-04-15T14:29:16.212+0000] {logging_mixin.py:188} INFO - [2024-04-15T14:29:16.211+0000] {dag.py:3954} INFO - Setting next_dagrun for consume_1_and_2_with_dataset_expressions to None, run_after=None
[2024-04-15T14:29:16.214+0000] {logging_mixin.py:188} INFO - [2024-04-15T14:29:16.214+0000] {dag.py:3954} INFO - Setting next_dagrun for consume_1_or_2_with_dataset_expressions to None, run_after=None
[2024-04-15T14:29:16.217+0000] {logging_mixin.py:188} INFO - [2024-04-15T14:29:16.216+0000] {dag.py:3954} INFO - Setting next_dagrun for consume_1_or_both_2_and_3_with_dataset_expressions to None, run_after=None
[2024-04-15T14:29:16.220+0000] {logging_mixin.py:188} INFO - [2024-04-15T14:29:16.219+0000] {dag.py:3954} INFO - Setting next_dagrun for dataset_consumes_1 to None, run_after=None
[2024-04-15T14:29:16.222+0000] {logging_mixin.py:188} INFO - [2024-04-15T14:29:16.222+0000] {dag.py:3954} INFO - Setting next_dagrun for dataset_consumes_1_and_2 to None, run_after=None
[2024-04-15T14:29:16.226+0000] {logging_mixin.py:188} INFO - [2024-04-15T14:29:16.226+0000] {dag.py:3954} INFO - Setting next_dagrun for dataset_consumes_1_never_scheduled to None, run_after=None
[2024-04-15T14:29:16.229+0000] {logging_mixin.py:188} INFO - [2024-04-15T14:29:16.228+0000] {dag.py:3954} INFO - Setting next_dagrun for dataset_consumes_unknown_never_scheduled to None, run_after=None
[2024-04-15T14:29:16.234+0000] {logging_mixin.py:188} INFO - [2024-04-15T14:29:16.234+0000] {dag.py:3954} INFO - Setting next_dagrun for dataset_produces_1 to 2024-04-14 00:00:00+00:00, run_after=2024-04-15 00:00:00+00:00
[2024-04-15T14:29:16.237+0000] {logging_mixin.py:188} INFO - [2024-04-15T14:29:16.237+0000] {dag.py:3954} INFO - Setting next_dagrun for dataset_produces_2 to None, run_after=None
[2024-04-15T14:29:16.300+0000] {processor.py:183} INFO - Processing /home/airflow/.local/lib/python3.12/site-packages/airflow/example_dags/example_datasets.py took 0.273 seconds
[2024-04-15T14:29:46.671+0000] {processor.py:161} INFO - Started process (PID=182) to work on /home/airflow/.local/lib/python3.12/site-packages/airflow/example_dags/example_datasets.py
[2024-04-15T14:29:46.673+0000] {processor.py:830} INFO - Processing file /home/airflow/.local/lib/python3.12/site-packages/airflow/example_dags/example_datasets.py for tasks to queue
[2024-04-15T14:29:46.681+0000] {logging_mixin.py:188} INFO - [2024-04-15T14:29:46.680+0000] {dagbag.py:540} INFO - Filling up the DagBag from /home/airflow/.local/lib/python3.12/site-packages/airflow/example_dags/example_datasets.py
[2024-04-15T14:29:46.717+0000] {processor.py:840} INFO - DAG(s) 'dataset_consumes_1_and_2', 'conditional_dataset_and_time_based_timetable', 'dataset_consumes_1', 'dataset_consumes_1_never_scheduled', 'consume_1_or_2_with_dataset_expressions', 'dataset_consumes_unknown_never_scheduled', 'consume_1_and_2_with_dataset_expressions', 'consume_1_or_both_2_and_3_with_dataset_expressions', 'dataset_produces_1', 'dataset_produces_2' retrieved from /home/airflow/.local/lib/python3.12/site-packages/airflow/example_dags/example_datasets.py
[2024-04-15T14:29:46.824+0000] {logging_mixin.py:188} INFO - [2024-04-15T14:29:46.823+0000] {dag.py:3096} INFO - Sync 10 DAGs
[2024-04-15T14:29:46.873+0000] {logging_mixin.py:188} INFO - [2024-04-15T14:29:46.872+0000] {dag.py:3954} INFO - Setting next_dagrun for conditional_dataset_and_time_based_timetable to 2024-04-10 01:00:00+00:00, run_after=2024-04-10 01:00:00+00:00
[2024-04-15T14:29:46.883+0000] {logging_mixin.py:188} INFO - [2024-04-15T14:29:46.883+0000] {dag.py:3954} INFO - Setting next_dagrun for consume_1_and_2_with_dataset_expressions to None, run_after=None
[2024-04-15T14:29:46.886+0000] {logging_mixin.py:188} INFO - [2024-04-15T14:29:46.885+0000] {dag.py:3954} INFO - Setting next_dagrun for consume_1_or_2_with_dataset_expressions to None, run_after=None
[2024-04-15T14:29:46.888+0000] {logging_mixin.py:188} INFO - [2024-04-15T14:29:46.888+0000] {dag.py:3954} INFO - Setting next_dagrun for consume_1_or_both_2_and_3_with_dataset_expressions to None, run_after=None
[2024-04-15T14:29:46.891+0000] {logging_mixin.py:188} INFO - [2024-04-15T14:29:46.890+0000] {dag.py:3954} INFO - Setting next_dagrun for dataset_consumes_1 to None, run_after=None
[2024-04-15T14:29:46.894+0000] {logging_mixin.py:188} INFO - [2024-04-15T14:29:46.893+0000] {dag.py:3954} INFO - Setting next_dagrun for dataset_consumes_1_and_2 to None, run_after=None
[2024-04-15T14:29:46.899+0000] {logging_mixin.py:188} INFO - [2024-04-15T14:29:46.898+0000] {dag.py:3954} INFO - Setting next_dagrun for dataset_consumes_1_never_scheduled to None, run_after=None
[2024-04-15T14:29:46.901+0000] {logging_mixin.py:188} INFO - [2024-04-15T14:29:46.901+0000] {dag.py:3954} INFO - Setting next_dagrun for dataset_consumes_unknown_never_scheduled to None, run_after=None
[2024-04-15T14:29:46.907+0000] {logging_mixin.py:188} INFO - [2024-04-15T14:29:46.907+0000] {dag.py:3954} INFO - Setting next_dagrun for dataset_produces_1 to 2024-04-14 00:00:00+00:00, run_after=2024-04-15 00:00:00+00:00
[2024-04-15T14:29:46.913+0000] {logging_mixin.py:188} INFO - [2024-04-15T14:29:46.909+0000] {dag.py:3954} INFO - Setting next_dagrun for dataset_produces_2 to None, run_after=None
[2024-04-15T14:29:46.995+0000] {processor.py:183} INFO - Processing /home/airflow/.local/lib/python3.12/site-packages/airflow/example_dags/example_datasets.py took 0.339 seconds
[2024-04-15T14:30:20.113+0000] {processor.py:161} INFO - Started process (PID=241) to work on /home/airflow/.local/lib/python3.12/site-packages/airflow/example_dags/example_datasets.py
[2024-04-15T14:30:20.126+0000] {processor.py:830} INFO - Processing file /home/airflow/.local/lib/python3.12/site-packages/airflow/example_dags/example_datasets.py for tasks to queue
[2024-04-15T14:30:20.141+0000] {logging_mixin.py:188} INFO - [2024-04-15T14:30:20.140+0000] {dagbag.py:540} INFO - Filling up the DagBag from /home/airflow/.local/lib/python3.12/site-packages/airflow/example_dags/example_datasets.py
[2024-04-15T14:30:20.234+0000] {processor.py:840} INFO - DAG(s) 'dataset_produces_1', 'consume_1_and_2_with_dataset_expressions', 'dataset_consumes_1', 'consume_1_or_2_with_dataset_expressions', 'conditional_dataset_and_time_based_timetable', 'dataset_consumes_1_never_scheduled', 'dataset_consumes_unknown_never_scheduled', 'dataset_consumes_1_and_2', 'dataset_produces_2', 'consume_1_or_both_2_and_3_with_dataset_expressions' retrieved from /home/airflow/.local/lib/python3.12/site-packages/airflow/example_dags/example_datasets.py
[2024-04-15T14:30:20.572+0000] {logging_mixin.py:188} INFO - [2024-04-15T14:30:20.571+0000] {dag.py:3096} INFO - Sync 10 DAGs
[2024-04-15T14:30:20.718+0000] {logging_mixin.py:188} INFO - [2024-04-15T14:30:20.706+0000] {dag.py:3954} INFO - Setting next_dagrun for conditional_dataset_and_time_based_timetable to 2024-04-10 01:00:00+00:00, run_after=2024-04-10 01:00:00+00:00
[2024-04-15T14:30:20.746+0000] {logging_mixin.py:188} INFO - [2024-04-15T14:30:20.745+0000] {dag.py:3954} INFO - Setting next_dagrun for consume_1_and_2_with_dataset_expressions to None, run_after=None
[2024-04-15T14:30:20.762+0000] {logging_mixin.py:188} INFO - [2024-04-15T14:30:20.761+0000] {dag.py:3954} INFO - Setting next_dagrun for consume_1_or_2_with_dataset_expressions to None, run_after=None
[2024-04-15T14:30:20.768+0000] {logging_mixin.py:188} INFO - [2024-04-15T14:30:20.768+0000] {dag.py:3954} INFO - Setting next_dagrun for consume_1_or_both_2_and_3_with_dataset_expressions to None, run_after=None
[2024-04-15T14:30:20.776+0000] {logging_mixin.py:188} INFO - [2024-04-15T14:30:20.775+0000] {dag.py:3954} INFO - Setting next_dagrun for dataset_consumes_1 to None, run_after=None
[2024-04-15T14:30:20.784+0000] {logging_mixin.py:188} INFO - [2024-04-15T14:30:20.784+0000] {dag.py:3954} INFO - Setting next_dagrun for dataset_consumes_1_and_2 to None, run_after=None
[2024-04-15T14:30:20.789+0000] {logging_mixin.py:188} INFO - [2024-04-15T14:30:20.789+0000] {dag.py:3954} INFO - Setting next_dagrun for dataset_consumes_1_never_scheduled to None, run_after=None
[2024-04-15T14:30:20.806+0000] {logging_mixin.py:188} INFO - [2024-04-15T14:30:20.805+0000] {dag.py:3954} INFO - Setting next_dagrun for dataset_consumes_unknown_never_scheduled to None, run_after=None
[2024-04-15T14:30:20.844+0000] {logging_mixin.py:188} INFO - [2024-04-15T14:30:20.844+0000] {dag.py:3954} INFO - Setting next_dagrun for dataset_produces_1 to 2024-04-14 00:00:00+00:00, run_after=2024-04-15 00:00:00+00:00
[2024-04-15T14:30:20.891+0000] {logging_mixin.py:188} INFO - [2024-04-15T14:30:20.891+0000] {dag.py:3954} INFO - Setting next_dagrun for dataset_produces_2 to None, run_after=None
[2024-04-15T14:30:21.348+0000] {processor.py:183} INFO - Processing /home/airflow/.local/lib/python3.12/site-packages/airflow/example_dags/example_datasets.py took 1.271 seconds
[2024-04-15T14:30:51.763+0000] {processor.py:161} INFO - Started process (PID=302) to work on /home/airflow/.local/lib/python3.12/site-packages/airflow/example_dags/example_datasets.py
[2024-04-15T14:30:51.764+0000] {processor.py:830} INFO - Processing file /home/airflow/.local/lib/python3.12/site-packages/airflow/example_dags/example_datasets.py for tasks to queue
[2024-04-15T14:30:51.768+0000] {logging_mixin.py:188} INFO - [2024-04-15T14:30:51.767+0000] {dagbag.py:540} INFO - Filling up the DagBag from /home/airflow/.local/lib/python3.12/site-packages/airflow/example_dags/example_datasets.py
[2024-04-15T14:30:51.791+0000] {processor.py:840} INFO - DAG(s) 'dataset_consumes_1', 'dataset_consumes_unknown_never_scheduled', 'consume_1_or_both_2_and_3_with_dataset_expressions', 'consume_1_or_2_with_dataset_expressions', 'conditional_dataset_and_time_based_timetable', 'consume_1_and_2_with_dataset_expressions', 'dataset_consumes_1_never_scheduled', 'dataset_produces_1', 'dataset_consumes_1_and_2', 'dataset_produces_2' retrieved from /home/airflow/.local/lib/python3.12/site-packages/airflow/example_dags/example_datasets.py
[2024-04-15T14:30:51.937+0000] {logging_mixin.py:188} INFO - [2024-04-15T14:30:51.937+0000] {dag.py:3096} INFO - Sync 10 DAGs
[2024-04-15T14:30:52.105+0000] {logging_mixin.py:188} INFO - [2024-04-15T14:30:52.105+0000] {dag.py:3954} INFO - Setting next_dagrun for conditional_dataset_and_time_based_timetable to 2024-04-10 01:00:00+00:00, run_after=2024-04-10 01:00:00+00:00
[2024-04-15T14:30:52.124+0000] {logging_mixin.py:188} INFO - [2024-04-15T14:30:52.124+0000] {dag.py:3954} INFO - Setting next_dagrun for consume_1_and_2_with_dataset_expressions to None, run_after=None
[2024-04-15T14:30:52.129+0000] {logging_mixin.py:188} INFO - [2024-04-15T14:30:52.128+0000] {dag.py:3954} INFO - Setting next_dagrun for consume_1_or_2_with_dataset_expressions to None, run_after=None
[2024-04-15T14:30:52.132+0000] {logging_mixin.py:188} INFO - [2024-04-15T14:30:52.132+0000] {dag.py:3954} INFO - Setting next_dagrun for consume_1_or_both_2_and_3_with_dataset_expressions to None, run_after=None
[2024-04-15T14:30:52.136+0000] {logging_mixin.py:188} INFO - [2024-04-15T14:30:52.135+0000] {dag.py:3954} INFO - Setting next_dagrun for dataset_consumes_1 to None, run_after=None
[2024-04-15T14:30:52.144+0000] {logging_mixin.py:188} INFO - [2024-04-15T14:30:52.142+0000] {dag.py:3954} INFO - Setting next_dagrun for dataset_consumes_1_and_2 to None, run_after=None
[2024-04-15T14:30:52.150+0000] {logging_mixin.py:188} INFO - [2024-04-15T14:30:52.150+0000] {dag.py:3954} INFO - Setting next_dagrun for dataset_consumes_1_never_scheduled to None, run_after=None
[2024-04-15T14:30:52.154+0000] {logging_mixin.py:188} INFO - [2024-04-15T14:30:52.154+0000] {dag.py:3954} INFO - Setting next_dagrun for dataset_consumes_unknown_never_scheduled to None, run_after=None
[2024-04-15T14:30:52.163+0000] {logging_mixin.py:188} INFO - [2024-04-15T14:30:52.163+0000] {dag.py:3954} INFO - Setting next_dagrun for dataset_produces_1 to 2024-04-14 00:00:00+00:00, run_after=2024-04-15 00:00:00+00:00
[2024-04-15T14:30:52.174+0000] {logging_mixin.py:188} INFO - [2024-04-15T14:30:52.173+0000] {dag.py:3954} INFO - Setting next_dagrun for dataset_produces_2 to None, run_after=None
[2024-04-15T14:30:52.324+0000] {processor.py:183} INFO - Processing /home/airflow/.local/lib/python3.12/site-packages/airflow/example_dags/example_datasets.py took 0.570 seconds
[2024-04-15T14:31:22.473+0000] {processor.py:161} INFO - Started process (PID=360) to work on /home/airflow/.local/lib/python3.12/site-packages/airflow/example_dags/example_datasets.py
[2024-04-15T14:31:22.475+0000] {processor.py:830} INFO - Processing file /home/airflow/.local/lib/python3.12/site-packages/airflow/example_dags/example_datasets.py for tasks to queue
[2024-04-15T14:31:22.480+0000] {logging_mixin.py:188} INFO - [2024-04-15T14:31:22.479+0000] {dagbag.py:540} INFO - Filling up the DagBag from /home/airflow/.local/lib/python3.12/site-packages/airflow/example_dags/example_datasets.py
[2024-04-15T14:31:22.533+0000] {processor.py:840} INFO - DAG(s) 'dataset_produces_2', 'consume_1_or_both_2_and_3_with_dataset_expressions', 'dataset_consumes_1_and_2', 'consume_1_and_2_with_dataset_expressions', 'dataset_produces_1', 'conditional_dataset_and_time_based_timetable', 'dataset_consumes_unknown_never_scheduled', 'dataset_consumes_1_never_scheduled', 'dataset_consumes_1', 'consume_1_or_2_with_dataset_expressions' retrieved from /home/airflow/.local/lib/python3.12/site-packages/airflow/example_dags/example_datasets.py
[2024-04-15T14:31:22.864+0000] {logging_mixin.py:188} INFO - [2024-04-15T14:31:22.863+0000] {dag.py:3096} INFO - Sync 10 DAGs
[2024-04-15T14:31:23.026+0000] {logging_mixin.py:188} INFO - [2024-04-15T14:31:23.025+0000] {dag.py:3954} INFO - Setting next_dagrun for conditional_dataset_and_time_based_timetable to 2024-04-10 01:00:00+00:00, run_after=2024-04-10 01:00:00+00:00
[2024-04-15T14:31:23.046+0000] {logging_mixin.py:188} INFO - [2024-04-15T14:31:23.045+0000] {dag.py:3954} INFO - Setting next_dagrun for consume_1_and_2_with_dataset_expressions to None, run_after=None
[2024-04-15T14:31:23.059+0000] {logging_mixin.py:188} INFO - [2024-04-15T14:31:23.058+0000] {dag.py:3954} INFO - Setting next_dagrun for consume_1_or_2_with_dataset_expressions to None, run_after=None
[2024-04-15T14:31:23.072+0000] {logging_mixin.py:188} INFO - [2024-04-15T14:31:23.062+0000] {dag.py:3954} INFO - Setting next_dagrun for consume_1_or_both_2_and_3_with_dataset_expressions to None, run_after=None
[2024-04-15T14:31:23.077+0000] {logging_mixin.py:188} INFO - [2024-04-15T14:31:23.076+0000] {dag.py:3954} INFO - Setting next_dagrun for dataset_consumes_1 to None, run_after=None
[2024-04-15T14:31:23.091+0000] {logging_mixin.py:188} INFO - [2024-04-15T14:31:23.090+0000] {dag.py:3954} INFO - Setting next_dagrun for dataset_consumes_1_and_2 to None, run_after=None
[2024-04-15T14:31:23.116+0000] {logging_mixin.py:188} INFO - [2024-04-15T14:31:23.115+0000] {dag.py:3954} INFO - Setting next_dagrun for dataset_consumes_1_never_scheduled to None, run_after=None
[2024-04-15T14:31:23.125+0000] {logging_mixin.py:188} INFO - [2024-04-15T14:31:23.125+0000] {dag.py:3954} INFO - Setting next_dagrun for dataset_consumes_unknown_never_scheduled to None, run_after=None
[2024-04-15T14:31:23.144+0000] {logging_mixin.py:188} INFO - [2024-04-15T14:31:23.143+0000] {dag.py:3954} INFO - Setting next_dagrun for dataset_produces_1 to 2024-04-14 00:00:00+00:00, run_after=2024-04-15 00:00:00+00:00
[2024-04-15T14:31:23.147+0000] {logging_mixin.py:188} INFO - [2024-04-15T14:31:23.147+0000] {dag.py:3954} INFO - Setting next_dagrun for dataset_produces_2 to None, run_after=None
[2024-04-15T14:31:23.338+0000] {processor.py:183} INFO - Processing /home/airflow/.local/lib/python3.12/site-packages/airflow/example_dags/example_datasets.py took 0.888 seconds
[2024-04-15T14:31:53.914+0000] {processor.py:161} INFO - Started process (PID=420) to work on /home/airflow/.local/lib/python3.12/site-packages/airflow/example_dags/example_datasets.py
[2024-04-15T14:31:53.916+0000] {processor.py:830} INFO - Processing file /home/airflow/.local/lib/python3.12/site-packages/airflow/example_dags/example_datasets.py for tasks to queue
[2024-04-15T14:31:53.920+0000] {logging_mixin.py:188} INFO - [2024-04-15T14:31:53.919+0000] {dagbag.py:540} INFO - Filling up the DagBag from /home/airflow/.local/lib/python3.12/site-packages/airflow/example_dags/example_datasets.py
[2024-04-15T14:31:53.959+0000] {processor.py:840} INFO - DAG(s) 'consume_1_and_2_with_dataset_expressions', 'consume_1_or_2_with_dataset_expressions', 'conditional_dataset_and_time_based_timetable', 'dataset_consumes_unknown_never_scheduled', 'dataset_produces_1', 'dataset_consumes_1', 'dataset_consumes_1_never_scheduled', 'dataset_produces_2', 'consume_1_or_both_2_and_3_with_dataset_expressions', 'dataset_consumes_1_and_2' retrieved from /home/airflow/.local/lib/python3.12/site-packages/airflow/example_dags/example_datasets.py
[2024-04-15T14:31:54.056+0000] {logging_mixin.py:188} INFO - [2024-04-15T14:31:54.056+0000] {dag.py:3096} INFO - Sync 10 DAGs
[2024-04-15T14:31:54.097+0000] {logging_mixin.py:188} INFO - [2024-04-15T14:31:54.097+0000] {dag.py:3954} INFO - Setting next_dagrun for conditional_dataset_and_time_based_timetable to 2024-04-10 01:00:00+00:00, run_after=2024-04-10 01:00:00+00:00
[2024-04-15T14:31:54.104+0000] {logging_mixin.py:188} INFO - [2024-04-15T14:31:54.104+0000] {dag.py:3954} INFO - Setting next_dagrun for consume_1_and_2_with_dataset_expressions to None, run_after=None
[2024-04-15T14:31:54.107+0000] {logging_mixin.py:188} INFO - [2024-04-15T14:31:54.107+0000] {dag.py:3954} INFO - Setting next_dagrun for consume_1_or_2_with_dataset_expressions to None, run_after=None
[2024-04-15T14:31:54.109+0000] {logging_mixin.py:188} INFO - [2024-04-15T14:31:54.109+0000] {dag.py:3954} INFO - Setting next_dagrun for consume_1_or_both_2_and_3_with_dataset_expressions to None, run_after=None
[2024-04-15T14:31:54.111+0000] {logging_mixin.py:188} INFO - [2024-04-15T14:31:54.111+0000] {dag.py:3954} INFO - Setting next_dagrun for dataset_consumes_1 to None, run_after=None
[2024-04-15T14:31:54.114+0000] {logging_mixin.py:188} INFO - [2024-04-15T14:31:54.113+0000] {dag.py:3954} INFO - Setting next_dagrun for dataset_consumes_1_and_2 to None, run_after=None
[2024-04-15T14:31:54.116+0000] {logging_mixin.py:188} INFO - [2024-04-15T14:31:54.116+0000] {dag.py:3954} INFO - Setting next_dagrun for dataset_consumes_1_never_scheduled to None, run_after=None
[2024-04-15T14:31:54.119+0000] {logging_mixin.py:188} INFO - [2024-04-15T14:31:54.118+0000] {dag.py:3954} INFO - Setting next_dagrun for dataset_consumes_unknown_never_scheduled to None, run_after=None
[2024-04-15T14:31:54.124+0000] {logging_mixin.py:188} INFO - [2024-04-15T14:31:54.124+0000] {dag.py:3954} INFO - Setting next_dagrun for dataset_produces_1 to 2024-04-14 00:00:00+00:00, run_after=2024-04-15 00:00:00+00:00
[2024-04-15T14:31:54.127+0000] {logging_mixin.py:188} INFO - [2024-04-15T14:31:54.127+0000] {dag.py:3954} INFO - Setting next_dagrun for dataset_produces_2 to None, run_after=None
[2024-04-15T14:31:54.190+0000] {processor.py:183} INFO - Processing /home/airflow/.local/lib/python3.12/site-packages/airflow/example_dags/example_datasets.py took 0.292 seconds
[2024-04-15T14:32:24.577+0000] {processor.py:161} INFO - Started process (PID=478) to work on /home/airflow/.local/lib/python3.12/site-packages/airflow/example_dags/example_datasets.py
[2024-04-15T14:32:24.578+0000] {processor.py:830} INFO - Processing file /home/airflow/.local/lib/python3.12/site-packages/airflow/example_dags/example_datasets.py for tasks to queue
[2024-04-15T14:32:24.581+0000] {logging_mixin.py:188} INFO - [2024-04-15T14:32:24.580+0000] {dagbag.py:540} INFO - Filling up the DagBag from /home/airflow/.local/lib/python3.12/site-packages/airflow/example_dags/example_datasets.py
[2024-04-15T14:32:24.601+0000] {processor.py:840} INFO - DAG(s) 'consume_1_and_2_with_dataset_expressions', 'dataset_consumes_unknown_never_scheduled', 'dataset_produces_2', 'dataset_consumes_1_never_scheduled', 'consume_1_or_2_with_dataset_expressions', 'dataset_consumes_1', 'dataset_produces_1', 'dataset_consumes_1_and_2', 'conditional_dataset_and_time_based_timetable', 'consume_1_or_both_2_and_3_with_dataset_expressions' retrieved from /home/airflow/.local/lib/python3.12/site-packages/airflow/example_dags/example_datasets.py
[2024-04-15T14:32:24.691+0000] {logging_mixin.py:188} INFO - [2024-04-15T14:32:24.691+0000] {dag.py:3096} INFO - Sync 10 DAGs
[2024-04-15T14:32:24.731+0000] {logging_mixin.py:188} INFO - [2024-04-15T14:32:24.730+0000] {dag.py:3954} INFO - Setting next_dagrun for conditional_dataset_and_time_based_timetable to 2024-04-10 01:00:00+00:00, run_after=2024-04-10 01:00:00+00:00
[2024-04-15T14:32:24.738+0000] {logging_mixin.py:188} INFO - [2024-04-15T14:32:24.737+0000] {dag.py:3954} INFO - Setting next_dagrun for consume_1_and_2_with_dataset_expressions to None, run_after=None
[2024-04-15T14:32:24.740+0000] {logging_mixin.py:188} INFO - [2024-04-15T14:32:24.740+0000] {dag.py:3954} INFO - Setting next_dagrun for consume_1_or_2_with_dataset_expressions to None, run_after=None
[2024-04-15T14:32:24.743+0000] {logging_mixin.py:188} INFO - [2024-04-15T14:32:24.742+0000] {dag.py:3954} INFO - Setting next_dagrun for consume_1_or_both_2_and_3_with_dataset_expressions to None, run_after=None
[2024-04-15T14:32:24.745+0000] {logging_mixin.py:188} INFO - [2024-04-15T14:32:24.745+0000] {dag.py:3954} INFO - Setting next_dagrun for dataset_consumes_1 to None, run_after=None
[2024-04-15T14:32:24.748+0000] {logging_mixin.py:188} INFO - [2024-04-15T14:32:24.748+0000] {dag.py:3954} INFO - Setting next_dagrun for dataset_consumes_1_and_2 to None, run_after=None
[2024-04-15T14:32:24.751+0000] {logging_mixin.py:188} INFO - [2024-04-15T14:32:24.750+0000] {dag.py:3954} INFO - Setting next_dagrun for dataset_consumes_1_never_scheduled to None, run_after=None
[2024-04-15T14:32:24.753+0000] {logging_mixin.py:188} INFO - [2024-04-15T14:32:24.753+0000] {dag.py:3954} INFO - Setting next_dagrun for dataset_consumes_unknown_never_scheduled to None, run_after=None
[2024-04-15T14:32:24.757+0000] {logging_mixin.py:188} INFO - [2024-04-15T14:32:24.757+0000] {dag.py:3954} INFO - Setting next_dagrun for dataset_produces_1 to 2024-04-14 00:00:00+00:00, run_after=2024-04-15 00:00:00+00:00
[2024-04-15T14:32:24.760+0000] {logging_mixin.py:188} INFO - [2024-04-15T14:32:24.759+0000] {dag.py:3954} INFO - Setting next_dagrun for dataset_produces_2 to None, run_after=None
[2024-04-15T14:32:24.820+0000] {processor.py:183} INFO - Processing /home/airflow/.local/lib/python3.12/site-packages/airflow/example_dags/example_datasets.py took 0.253 seconds
[2024-04-15T14:32:55.144+0000] {processor.py:161} INFO - Started process (PID=536) to work on /home/airflow/.local/lib/python3.12/site-packages/airflow/example_dags/example_datasets.py
[2024-04-15T14:32:55.146+0000] {processor.py:830} INFO - Processing file /home/airflow/.local/lib/python3.12/site-packages/airflow/example_dags/example_datasets.py for tasks to queue
[2024-04-15T14:32:55.149+0000] {logging_mixin.py:188} INFO - [2024-04-15T14:32:55.148+0000] {dagbag.py:540} INFO - Filling up the DagBag from /home/airflow/.local/lib/python3.12/site-packages/airflow/example_dags/example_datasets.py
[2024-04-15T14:32:55.167+0000] {processor.py:840} INFO - DAG(s) 'consume_1_and_2_with_dataset_expressions', 'dataset_produces_1', 'consume_1_or_both_2_and_3_with_dataset_expressions', 'conditional_dataset_and_time_based_timetable', 'dataset_consumes_1_never_scheduled', 'dataset_consumes_1_and_2', 'dataset_consumes_1', 'consume_1_or_2_with_dataset_expressions', 'dataset_consumes_unknown_never_scheduled', 'dataset_produces_2' retrieved from /home/airflow/.local/lib/python3.12/site-packages/airflow/example_dags/example_datasets.py
[2024-04-15T14:32:55.244+0000] {logging_mixin.py:188} INFO - [2024-04-15T14:32:55.243+0000] {dag.py:3096} INFO - Sync 10 DAGs
[2024-04-15T14:32:55.289+0000] {logging_mixin.py:188} INFO - [2024-04-15T14:32:55.289+0000] {dag.py:3954} INFO - Setting next_dagrun for conditional_dataset_and_time_based_timetable to 2024-04-10 01:00:00+00:00, run_after=2024-04-10 01:00:00+00:00
[2024-04-15T14:32:55.296+0000] {logging_mixin.py:188} INFO - [2024-04-15T14:32:55.296+0000] {dag.py:3954} INFO - Setting next_dagrun for consume_1_and_2_with_dataset_expressions to None, run_after=None
[2024-04-15T14:32:55.299+0000] {logging_mixin.py:188} INFO - [2024-04-15T14:32:55.299+0000] {dag.py:3954} INFO - Setting next_dagrun for consume_1_or_2_with_dataset_expressions to None, run_after=None
[2024-04-15T14:32:55.302+0000] {logging_mixin.py:188} INFO - [2024-04-15T14:32:55.302+0000] {dag.py:3954} INFO - Setting next_dagrun for consume_1_or_both_2_and_3_with_dataset_expressions to None, run_after=None
[2024-04-15T14:32:55.306+0000] {logging_mixin.py:188} INFO - [2024-04-15T14:32:55.305+0000] {dag.py:3954} INFO - Setting next_dagrun for dataset_consumes_1 to None, run_after=None
[2024-04-15T14:32:55.309+0000] {logging_mixin.py:188} INFO - [2024-04-15T14:32:55.308+0000] {dag.py:3954} INFO - Setting next_dagrun for dataset_consumes_1_and_2 to None, run_after=None
[2024-04-15T14:32:55.311+0000] {logging_mixin.py:188} INFO - [2024-04-15T14:32:55.311+0000] {dag.py:3954} INFO - Setting next_dagrun for dataset_consumes_1_never_scheduled to None, run_after=None
[2024-04-15T14:32:55.314+0000] {logging_mixin.py:188} INFO - [2024-04-15T14:32:55.314+0000] {dag.py:3954} INFO - Setting next_dagrun for dataset_consumes_unknown_never_scheduled to None, run_after=None
[2024-04-15T14:32:55.319+0000] {logging_mixin.py:188} INFO - [2024-04-15T14:32:55.319+0000] {dag.py:3954} INFO - Setting next_dagrun for dataset_produces_1 to 2024-04-14 00:00:00+00:00, run_after=2024-04-15 00:00:00+00:00
[2024-04-15T14:32:55.321+0000] {logging_mixin.py:188} INFO - [2024-04-15T14:32:55.321+0000] {dag.py:3954} INFO - Setting next_dagrun for dataset_produces_2 to None, run_after=None
[2024-04-15T14:32:55.379+0000] {processor.py:183} INFO - Processing /home/airflow/.local/lib/python3.12/site-packages/airflow/example_dags/example_datasets.py took 0.242 seconds
[2024-04-15T14:33:25.705+0000] {processor.py:161} INFO - Started process (PID=594) to work on /home/airflow/.local/lib/python3.12/site-packages/airflow/example_dags/example_datasets.py
[2024-04-15T14:33:25.707+0000] {processor.py:830} INFO - Processing file /home/airflow/.local/lib/python3.12/site-packages/airflow/example_dags/example_datasets.py for tasks to queue
[2024-04-15T14:33:25.710+0000] {logging_mixin.py:188} INFO - [2024-04-15T14:33:25.709+0000] {dagbag.py:540} INFO - Filling up the DagBag from /home/airflow/.local/lib/python3.12/site-packages/airflow/example_dags/example_datasets.py
[2024-04-15T14:33:25.740+0000] {processor.py:840} INFO - DAG(s) 'dataset_consumes_1_and_2', 'consume_1_or_both_2_and_3_with_dataset_expressions', 'dataset_consumes_1', 'consume_1_and_2_with_dataset_expressions', 'dataset_produces_2', 'dataset_consumes_1_never_scheduled', 'conditional_dataset_and_time_based_timetable', 'dataset_produces_1', 'consume_1_or_2_with_dataset_expressions', 'dataset_consumes_unknown_never_scheduled' retrieved from /home/airflow/.local/lib/python3.12/site-packages/airflow/example_dags/example_datasets.py
[2024-04-15T14:33:25.847+0000] {logging_mixin.py:188} INFO - [2024-04-15T14:33:25.846+0000] {dag.py:3096} INFO - Sync 10 DAGs
[2024-04-15T14:33:25.916+0000] {logging_mixin.py:188} INFO - [2024-04-15T14:33:25.915+0000] {dag.py:3954} INFO - Setting next_dagrun for conditional_dataset_and_time_based_timetable to 2024-04-10 01:00:00+00:00, run_after=2024-04-10 01:00:00+00:00
[2024-04-15T14:33:25.925+0000] {logging_mixin.py:188} INFO - [2024-04-15T14:33:25.924+0000] {dag.py:3954} INFO - Setting next_dagrun for consume_1_and_2_with_dataset_expressions to None, run_after=None
[2024-04-15T14:33:25.927+0000] {logging_mixin.py:188} INFO - [2024-04-15T14:33:25.927+0000] {dag.py:3954} INFO - Setting next_dagrun for consume_1_or_2_with_dataset_expressions to None, run_after=None
[2024-04-15T14:33:25.930+0000] {logging_mixin.py:188} INFO - [2024-04-15T14:33:25.930+0000] {dag.py:3954} INFO - Setting next_dagrun for consume_1_or_both_2_and_3_with_dataset_expressions to None, run_after=None
[2024-04-15T14:33:25.933+0000] {logging_mixin.py:188} INFO - [2024-04-15T14:33:25.933+0000] {dag.py:3954} INFO - Setting next_dagrun for dataset_consumes_1 to None, run_after=None
[2024-04-15T14:33:25.937+0000] {logging_mixin.py:188} INFO - [2024-04-15T14:33:25.937+0000] {dag.py:3954} INFO - Setting next_dagrun for dataset_consumes_1_and_2 to None, run_after=None
[2024-04-15T14:33:25.940+0000] {logging_mixin.py:188} INFO - [2024-04-15T14:33:25.940+0000] {dag.py:3954} INFO - Setting next_dagrun for dataset_consumes_1_never_scheduled to None, run_after=None
[2024-04-15T14:33:25.944+0000] {logging_mixin.py:188} INFO - [2024-04-15T14:33:25.943+0000] {dag.py:3954} INFO - Setting next_dagrun for dataset_consumes_unknown_never_scheduled to None, run_after=None
[2024-04-15T14:33:25.951+0000] {logging_mixin.py:188} INFO - [2024-04-15T14:33:25.951+0000] {dag.py:3954} INFO - Setting next_dagrun for dataset_produces_1 to 2024-04-14 00:00:00+00:00, run_after=2024-04-15 00:00:00+00:00
[2024-04-15T14:33:25.954+0000] {logging_mixin.py:188} INFO - [2024-04-15T14:33:25.954+0000] {dag.py:3954} INFO - Setting next_dagrun for dataset_produces_2 to None, run_after=None
[2024-04-15T14:33:26.028+0000] {processor.py:183} INFO - Processing /home/airflow/.local/lib/python3.12/site-packages/airflow/example_dags/example_datasets.py took 0.335 seconds
[2024-04-15T14:33:56.291+0000] {processor.py:161} INFO - Started process (PID=653) to work on /home/airflow/.local/lib/python3.12/site-packages/airflow/example_dags/example_datasets.py
[2024-04-15T14:33:56.292+0000] {processor.py:830} INFO - Processing file /home/airflow/.local/lib/python3.12/site-packages/airflow/example_dags/example_datasets.py for tasks to queue
[2024-04-15T14:33:56.296+0000] {logging_mixin.py:188} INFO - [2024-04-15T14:33:56.295+0000] {dagbag.py:540} INFO - Filling up the DagBag from /home/airflow/.local/lib/python3.12/site-packages/airflow/example_dags/example_datasets.py
[2024-04-15T14:33:56.315+0000] {processor.py:840} INFO - DAG(s) 'dataset_produces_2', 'consume_1_or_both_2_and_3_with_dataset_expressions', 'dataset_consumes_unknown_never_scheduled', 'consume_1_and_2_with_dataset_expressions', 'dataset_consumes_1_never_scheduled', 'conditional_dataset_and_time_based_timetable', 'dataset_consumes_1', 'consume_1_or_2_with_dataset_expressions', 'dataset_consumes_1_and_2', 'dataset_produces_1' retrieved from /home/airflow/.local/lib/python3.12/site-packages/airflow/example_dags/example_datasets.py
[2024-04-15T14:33:56.414+0000] {logging_mixin.py:188} INFO - [2024-04-15T14:33:56.413+0000] {dag.py:3096} INFO - Sync 10 DAGs
[2024-04-15T14:33:56.475+0000] {logging_mixin.py:188} INFO - [2024-04-15T14:33:56.475+0000] {dag.py:3954} INFO - Setting next_dagrun for conditional_dataset_and_time_based_timetable to 2024-04-10 01:00:00+00:00, run_after=2024-04-10 01:00:00+00:00
[2024-04-15T14:33:56.491+0000] {logging_mixin.py:188} INFO - [2024-04-15T14:33:56.490+0000] {dag.py:3954} INFO - Setting next_dagrun for consume_1_and_2_with_dataset_expressions to None, run_after=None
[2024-04-15T14:33:56.503+0000] {logging_mixin.py:188} INFO - [2024-04-15T14:33:56.502+0000] {dag.py:3954} INFO - Setting next_dagrun for consume_1_or_2_with_dataset_expressions to None, run_after=None
[2024-04-15T14:33:56.506+0000] {logging_mixin.py:188} INFO - [2024-04-15T14:33:56.506+0000] {dag.py:3954} INFO - Setting next_dagrun for consume_1_or_both_2_and_3_with_dataset_expressions to None, run_after=None
[2024-04-15T14:33:56.509+0000] {logging_mixin.py:188} INFO - [2024-04-15T14:33:56.509+0000] {dag.py:3954} INFO - Setting next_dagrun for dataset_consumes_1 to None, run_after=None
[2024-04-15T14:33:56.513+0000] {logging_mixin.py:188} INFO - [2024-04-15T14:33:56.512+0000] {dag.py:3954} INFO - Setting next_dagrun for dataset_consumes_1_and_2 to None, run_after=None
[2024-04-15T14:33:56.517+0000] {logging_mixin.py:188} INFO - [2024-04-15T14:33:56.516+0000] {dag.py:3954} INFO - Setting next_dagrun for dataset_consumes_1_never_scheduled to None, run_after=None
[2024-04-15T14:33:56.520+0000] {logging_mixin.py:188} INFO - [2024-04-15T14:33:56.519+0000] {dag.py:3954} INFO - Setting next_dagrun for dataset_consumes_unknown_never_scheduled to None, run_after=None
[2024-04-15T14:33:56.530+0000] {logging_mixin.py:188} INFO - [2024-04-15T14:33:56.529+0000] {dag.py:3954} INFO - Setting next_dagrun for dataset_produces_1 to 2024-04-14 00:00:00+00:00, run_after=2024-04-15 00:00:00+00:00
[2024-04-15T14:33:56.537+0000] {logging_mixin.py:188} INFO - [2024-04-15T14:33:56.536+0000] {dag.py:3954} INFO - Setting next_dagrun for dataset_produces_2 to None, run_after=None
[2024-04-15T14:33:56.615+0000] {processor.py:183} INFO - Processing /home/airflow/.local/lib/python3.12/site-packages/airflow/example_dags/example_datasets.py took 0.335 seconds
[2024-04-15T14:34:27.236+0000] {processor.py:161} INFO - Started process (PID=712) to work on /home/airflow/.local/lib/python3.12/site-packages/airflow/example_dags/example_datasets.py
[2024-04-15T14:34:27.237+0000] {processor.py:830} INFO - Processing file /home/airflow/.local/lib/python3.12/site-packages/airflow/example_dags/example_datasets.py for tasks to queue
[2024-04-15T14:34:27.241+0000] {logging_mixin.py:188} INFO - [2024-04-15T14:34:27.240+0000] {dagbag.py:540} INFO - Filling up the DagBag from /home/airflow/.local/lib/python3.12/site-packages/airflow/example_dags/example_datasets.py
[2024-04-15T14:34:27.276+0000] {processor.py:840} INFO - DAG(s) 'dataset_consumes_1_never_scheduled', 'dataset_consumes_1_and_2', 'conditional_dataset_and_time_based_timetable', 'dataset_produces_1', 'consume_1_or_both_2_and_3_with_dataset_expressions', 'consume_1_and_2_with_dataset_expressions', 'consume_1_or_2_with_dataset_expressions', 'dataset_consumes_unknown_never_scheduled', 'dataset_produces_2', 'dataset_consumes_1' retrieved from /home/airflow/.local/lib/python3.12/site-packages/airflow/example_dags/example_datasets.py
[2024-04-15T14:34:27.388+0000] {logging_mixin.py:188} INFO - [2024-04-15T14:34:27.388+0000] {dag.py:3096} INFO - Sync 10 DAGs
[2024-04-15T14:34:27.433+0000] {logging_mixin.py:188} INFO - [2024-04-15T14:34:27.433+0000] {dag.py:3954} INFO - Setting next_dagrun for conditional_dataset_and_time_based_timetable to 2024-04-10 01:00:00+00:00, run_after=2024-04-10 01:00:00+00:00
[2024-04-15T14:34:27.441+0000] {logging_mixin.py:188} INFO - [2024-04-15T14:34:27.441+0000] {dag.py:3954} INFO - Setting next_dagrun for consume_1_and_2_with_dataset_expressions to None, run_after=None
[2024-04-15T14:34:27.444+0000] {logging_mixin.py:188} INFO - [2024-04-15T14:34:27.444+0000] {dag.py:3954} INFO - Setting next_dagrun for consume_1_or_2_with_dataset_expressions to None, run_after=None
[2024-04-15T14:34:27.447+0000] {logging_mixin.py:188} INFO - [2024-04-15T14:34:27.446+0000] {dag.py:3954} INFO - Setting next_dagrun for consume_1_or_both_2_and_3_with_dataset_expressions to None, run_after=None
[2024-04-15T14:34:27.449+0000] {logging_mixin.py:188} INFO - [2024-04-15T14:34:27.449+0000] {dag.py:3954} INFO - Setting next_dagrun for dataset_consumes_1 to None, run_after=None
[2024-04-15T14:34:27.452+0000] {logging_mixin.py:188} INFO - [2024-04-15T14:34:27.452+0000] {dag.py:3954} INFO - Setting next_dagrun for dataset_consumes_1_and_2 to None, run_after=None
[2024-04-15T14:34:27.455+0000] {logging_mixin.py:188} INFO - [2024-04-15T14:34:27.454+0000] {dag.py:3954} INFO - Setting next_dagrun for dataset_consumes_1_never_scheduled to None, run_after=None
[2024-04-15T14:34:27.457+0000] {logging_mixin.py:188} INFO - [2024-04-15T14:34:27.456+0000] {dag.py:3954} INFO - Setting next_dagrun for dataset_consumes_unknown_never_scheduled to None, run_after=None
[2024-04-15T14:34:27.461+0000] {logging_mixin.py:188} INFO - [2024-04-15T14:34:27.461+0000] {dag.py:3954} INFO - Setting next_dagrun for dataset_produces_1 to 2024-04-14 00:00:00+00:00, run_after=2024-04-15 00:00:00+00:00
[2024-04-15T14:34:27.463+0000] {logging_mixin.py:188} INFO - [2024-04-15T14:34:27.463+0000] {dag.py:3954} INFO - Setting next_dagrun for dataset_produces_2 to None, run_after=None
[2024-04-15T14:34:27.521+0000] {processor.py:183} INFO - Processing /home/airflow/.local/lib/python3.12/site-packages/airflow/example_dags/example_datasets.py took 0.298 seconds
[2024-04-15T14:34:57.757+0000] {processor.py:161} INFO - Started process (PID=771) to work on /home/airflow/.local/lib/python3.12/site-packages/airflow/example_dags/example_datasets.py
[2024-04-15T14:34:57.758+0000] {processor.py:830} INFO - Processing file /home/airflow/.local/lib/python3.12/site-packages/airflow/example_dags/example_datasets.py for tasks to queue
[2024-04-15T14:34:57.761+0000] {logging_mixin.py:188} INFO - [2024-04-15T14:34:57.760+0000] {dagbag.py:540} INFO - Filling up the DagBag from /home/airflow/.local/lib/python3.12/site-packages/airflow/example_dags/example_datasets.py
[2024-04-15T14:34:57.780+0000] {processor.py:840} INFO - DAG(s) 'dataset_consumes_unknown_never_scheduled', 'dataset_consumes_1_never_scheduled', 'dataset_produces_1', 'consume_1_and_2_with_dataset_expressions', 'consume_1_or_2_with_dataset_expressions', 'consume_1_or_both_2_and_3_with_dataset_expressions', 'dataset_produces_2', 'dataset_consumes_1_and_2', 'conditional_dataset_and_time_based_timetable', 'dataset_consumes_1' retrieved from /home/airflow/.local/lib/python3.12/site-packages/airflow/example_dags/example_datasets.py
[2024-04-15T14:34:57.856+0000] {logging_mixin.py:188} INFO - [2024-04-15T14:34:57.856+0000] {dag.py:3096} INFO - Sync 10 DAGs
[2024-04-15T14:34:58.071+0000] {logging_mixin.py:188} INFO - [2024-04-15T14:34:58.071+0000] {dag.py:3954} INFO - Setting next_dagrun for conditional_dataset_and_time_based_timetable to 2024-04-10 01:00:00+00:00, run_after=2024-04-10 01:00:00+00:00
[2024-04-15T14:34:58.078+0000] {logging_mixin.py:188} INFO - [2024-04-15T14:34:58.077+0000] {dag.py:3954} INFO - Setting next_dagrun for consume_1_and_2_with_dataset_expressions to None, run_after=None
[2024-04-15T14:34:58.081+0000] {logging_mixin.py:188} INFO - [2024-04-15T14:34:58.080+0000] {dag.py:3954} INFO - Setting next_dagrun for consume_1_or_2_with_dataset_expressions to None, run_after=None
[2024-04-15T14:34:58.083+0000] {logging_mixin.py:188} INFO - [2024-04-15T14:34:58.083+0000] {dag.py:3954} INFO - Setting next_dagrun for consume_1_or_both_2_and_3_with_dataset_expressions to None, run_after=None
[2024-04-15T14:34:58.086+0000] {logging_mixin.py:188} INFO - [2024-04-15T14:34:58.086+0000] {dag.py:3954} INFO - Setting next_dagrun for dataset_consumes_1 to None, run_after=None
[2024-04-15T14:34:58.089+0000] {logging_mixin.py:188} INFO - [2024-04-15T14:34:58.088+0000] {dag.py:3954} INFO - Setting next_dagrun for dataset_consumes_1_and_2 to None, run_after=None
[2024-04-15T14:34:58.091+0000] {logging_mixin.py:188} INFO - [2024-04-15T14:34:58.090+0000] {dag.py:3954} INFO - Setting next_dagrun for dataset_consumes_1_never_scheduled to None, run_after=None
[2024-04-15T14:34:58.093+0000] {logging_mixin.py:188} INFO - [2024-04-15T14:34:58.093+0000] {dag.py:3954} INFO - Setting next_dagrun for dataset_consumes_unknown_never_scheduled to None, run_after=None
[2024-04-15T14:34:58.097+0000] {logging_mixin.py:188} INFO - [2024-04-15T14:34:58.096+0000] {dag.py:3954} INFO - Setting next_dagrun for dataset_produces_1 to 2024-04-14 00:00:00+00:00, run_after=2024-04-15 00:00:00+00:00
[2024-04-15T14:34:58.099+0000] {logging_mixin.py:188} INFO - [2024-04-15T14:34:58.099+0000] {dag.py:3954} INFO - Setting next_dagrun for dataset_produces_2 to None, run_after=None
[2024-04-15T14:34:58.154+0000] {processor.py:183} INFO - Processing /home/airflow/.local/lib/python3.12/site-packages/airflow/example_dags/example_datasets.py took 0.404 seconds
[2024-04-15T14:35:28.398+0000] {processor.py:161} INFO - Started process (PID=832) to work on /home/airflow/.local/lib/python3.12/site-packages/airflow/example_dags/example_datasets.py
[2024-04-15T14:35:28.400+0000] {processor.py:830} INFO - Processing file /home/airflow/.local/lib/python3.12/site-packages/airflow/example_dags/example_datasets.py for tasks to queue
[2024-04-15T14:35:28.402+0000] {logging_mixin.py:188} INFO - [2024-04-15T14:35:28.402+0000] {dagbag.py:540} INFO - Filling up the DagBag from /home/airflow/.local/lib/python3.12/site-packages/airflow/example_dags/example_datasets.py
[2024-04-15T14:35:28.426+0000] {processor.py:840} INFO - DAG(s) 'dataset_produces_1', 'consume_1_or_2_with_dataset_expressions', 'conditional_dataset_and_time_based_timetable', 'consume_1_or_both_2_and_3_with_dataset_expressions', 'dataset_consumes_1_never_scheduled', 'dataset_consumes_1', 'dataset_consumes_1_and_2', 'dataset_produces_2', 'dataset_consumes_unknown_never_scheduled', 'consume_1_and_2_with_dataset_expressions' retrieved from /home/airflow/.local/lib/python3.12/site-packages/airflow/example_dags/example_datasets.py
[2024-04-15T14:35:28.513+0000] {logging_mixin.py:188} INFO - [2024-04-15T14:35:28.512+0000] {dag.py:3096} INFO - Sync 10 DAGs
[2024-04-15T14:35:28.563+0000] {logging_mixin.py:188} INFO - [2024-04-15T14:35:28.562+0000] {dag.py:3954} INFO - Setting next_dagrun for conditional_dataset_and_time_based_timetable to 2024-04-10 01:00:00+00:00, run_after=2024-04-10 01:00:00+00:00
[2024-04-15T14:35:28.570+0000] {logging_mixin.py:188} INFO - [2024-04-15T14:35:28.569+0000] {dag.py:3954} INFO - Setting next_dagrun for consume_1_and_2_with_dataset_expressions to None, run_after=None
[2024-04-15T14:35:28.573+0000] {logging_mixin.py:188} INFO - [2024-04-15T14:35:28.572+0000] {dag.py:3954} INFO - Setting next_dagrun for consume_1_or_2_with_dataset_expressions to None, run_after=None
[2024-04-15T14:35:28.575+0000] {logging_mixin.py:188} INFO - [2024-04-15T14:35:28.575+0000] {dag.py:3954} INFO - Setting next_dagrun for consume_1_or_both_2_and_3_with_dataset_expressions to None, run_after=None
[2024-04-15T14:35:28.578+0000] {logging_mixin.py:188} INFO - [2024-04-15T14:35:28.578+0000] {dag.py:3954} INFO - Setting next_dagrun for dataset_consumes_1 to None, run_after=None
[2024-04-15T14:35:28.581+0000] {logging_mixin.py:188} INFO - [2024-04-15T14:35:28.580+0000] {dag.py:3954} INFO - Setting next_dagrun for dataset_consumes_1_and_2 to None, run_after=None
[2024-04-15T14:35:28.583+0000] {logging_mixin.py:188} INFO - [2024-04-15T14:35:28.583+0000] {dag.py:3954} INFO - Setting next_dagrun for dataset_consumes_1_never_scheduled to None, run_after=None
[2024-04-15T14:35:28.585+0000] {logging_mixin.py:188} INFO - [2024-04-15T14:35:28.585+0000] {dag.py:3954} INFO - Setting next_dagrun for dataset_consumes_unknown_never_scheduled to None, run_after=None
[2024-04-15T14:35:28.590+0000] {logging_mixin.py:188} INFO - [2024-04-15T14:35:28.590+0000] {dag.py:3954} INFO - Setting next_dagrun for dataset_produces_1 to 2024-04-14 00:00:00+00:00, run_after=2024-04-15 00:00:00+00:00
[2024-04-15T14:35:28.593+0000] {logging_mixin.py:188} INFO - [2024-04-15T14:35:28.593+0000] {dag.py:3954} INFO - Setting next_dagrun for dataset_produces_2 to None, run_after=None
[2024-04-15T14:35:28.909+0000] {processor.py:183} INFO - Processing /home/airflow/.local/lib/python3.12/site-packages/airflow/example_dags/example_datasets.py took 0.520 seconds
[2024-04-15T14:35:59.027+0000] {processor.py:161} INFO - Started process (PID=889) to work on /home/airflow/.local/lib/python3.12/site-packages/airflow/example_dags/example_datasets.py
[2024-04-15T14:35:59.029+0000] {processor.py:830} INFO - Processing file /home/airflow/.local/lib/python3.12/site-packages/airflow/example_dags/example_datasets.py for tasks to queue
[2024-04-15T14:35:59.032+0000] {logging_mixin.py:188} INFO - [2024-04-15T14:35:59.031+0000] {dagbag.py:540} INFO - Filling up the DagBag from /home/airflow/.local/lib/python3.12/site-packages/airflow/example_dags/example_datasets.py
[2024-04-15T14:35:59.058+0000] {processor.py:840} INFO - DAG(s) 'dataset_consumes_1', 'dataset_consumes_1_and_2', 'consume_1_or_both_2_and_3_with_dataset_expressions', 'dataset_produces_1', 'dataset_produces_2', 'dataset_consumes_unknown_never_scheduled', 'consume_1_or_2_with_dataset_expressions', 'conditional_dataset_and_time_based_timetable', 'consume_1_and_2_with_dataset_expressions', 'dataset_consumes_1_never_scheduled' retrieved from /home/airflow/.local/lib/python3.12/site-packages/airflow/example_dags/example_datasets.py
[2024-04-15T14:35:59.135+0000] {logging_mixin.py:188} INFO - [2024-04-15T14:35:59.134+0000] {dag.py:3096} INFO - Sync 10 DAGs
[2024-04-15T14:35:59.172+0000] {logging_mixin.py:188} INFO - [2024-04-15T14:35:59.171+0000] {dag.py:3954} INFO - Setting next_dagrun for conditional_dataset_and_time_based_timetable to 2024-04-10 01:00:00+00:00, run_after=2024-04-10 01:00:00+00:00
[2024-04-15T14:35:59.178+0000] {logging_mixin.py:188} INFO - [2024-04-15T14:35:59.178+0000] {dag.py:3954} INFO - Setting next_dagrun for consume_1_and_2_with_dataset_expressions to None, run_after=None
[2024-04-15T14:35:59.181+0000] {logging_mixin.py:188} INFO - [2024-04-15T14:35:59.181+0000] {dag.py:3954} INFO - Setting next_dagrun for consume_1_or_2_with_dataset_expressions to None, run_after=None
[2024-04-15T14:35:59.184+0000] {logging_mixin.py:188} INFO - [2024-04-15T14:35:59.183+0000] {dag.py:3954} INFO - Setting next_dagrun for consume_1_or_both_2_and_3_with_dataset_expressions to None, run_after=None
[2024-04-15T14:35:59.187+0000] {logging_mixin.py:188} INFO - [2024-04-15T14:35:59.187+0000] {dag.py:3954} INFO - Setting next_dagrun for dataset_consumes_1 to None, run_after=None
[2024-04-15T14:35:59.190+0000] {logging_mixin.py:188} INFO - [2024-04-15T14:35:59.189+0000] {dag.py:3954} INFO - Setting next_dagrun for dataset_consumes_1_and_2 to None, run_after=None
[2024-04-15T14:35:59.192+0000] {logging_mixin.py:188} INFO - [2024-04-15T14:35:59.192+0000] {dag.py:3954} INFO - Setting next_dagrun for dataset_consumes_1_never_scheduled to None, run_after=None
[2024-04-15T14:35:59.195+0000] {logging_mixin.py:188} INFO - [2024-04-15T14:35:59.194+0000] {dag.py:3954} INFO - Setting next_dagrun for dataset_consumes_unknown_never_scheduled to None, run_after=None
[2024-04-15T14:35:59.199+0000] {logging_mixin.py:188} INFO - [2024-04-15T14:35:59.199+0000] {dag.py:3954} INFO - Setting next_dagrun for dataset_produces_1 to 2024-04-14 00:00:00+00:00, run_after=2024-04-15 00:00:00+00:00
[2024-04-15T14:35:59.202+0000] {logging_mixin.py:188} INFO - [2024-04-15T14:35:59.202+0000] {dag.py:3954} INFO - Setting next_dagrun for dataset_produces_2 to None, run_after=None
[2024-04-15T14:35:59.443+0000] {processor.py:183} INFO - Processing /home/airflow/.local/lib/python3.12/site-packages/airflow/example_dags/example_datasets.py took 0.426 seconds
[2024-04-15T14:36:29.606+0000] {processor.py:161} INFO - Started process (PID=950) to work on /home/airflow/.local/lib/python3.12/site-packages/airflow/example_dags/example_datasets.py
[2024-04-15T14:36:29.609+0000] {processor.py:830} INFO - Processing file /home/airflow/.local/lib/python3.12/site-packages/airflow/example_dags/example_datasets.py for tasks to queue
[2024-04-15T14:36:29.612+0000] {logging_mixin.py:188} INFO - [2024-04-15T14:36:29.611+0000] {dagbag.py:540} INFO - Filling up the DagBag from /home/airflow/.local/lib/python3.12/site-packages/airflow/example_dags/example_datasets.py
[2024-04-15T14:36:29.651+0000] {processor.py:840} INFO - DAG(s) 'dataset_consumes_1_never_scheduled', 'dataset_consumes_1', 'conditional_dataset_and_time_based_timetable', 'consume_1_or_both_2_and_3_with_dataset_expressions', 'consume_1_or_2_with_dataset_expressions', 'dataset_produces_2', 'dataset_consumes_unknown_never_scheduled', 'dataset_produces_1', 'consume_1_and_2_with_dataset_expressions', 'dataset_consumes_1_and_2' retrieved from /home/airflow/.local/lib/python3.12/site-packages/airflow/example_dags/example_datasets.py
[2024-04-15T14:36:29.789+0000] {logging_mixin.py:188} INFO - [2024-04-15T14:36:29.789+0000] {dag.py:3096} INFO - Sync 10 DAGs
[2024-04-15T14:36:29.853+0000] {logging_mixin.py:188} INFO - [2024-04-15T14:36:29.853+0000] {dag.py:3954} INFO - Setting next_dagrun for conditional_dataset_and_time_based_timetable to 2024-04-10 01:00:00+00:00, run_after=2024-04-10 01:00:00+00:00
[2024-04-15T14:36:29.860+0000] {logging_mixin.py:188} INFO - [2024-04-15T14:36:29.860+0000] {dag.py:3954} INFO - Setting next_dagrun for consume_1_and_2_with_dataset_expressions to None, run_after=None
[2024-04-15T14:36:29.864+0000] {logging_mixin.py:188} INFO - [2024-04-15T14:36:29.864+0000] {dag.py:3954} INFO - Setting next_dagrun for consume_1_or_2_with_dataset_expressions to None, run_after=None
[2024-04-15T14:36:29.867+0000] {logging_mixin.py:188} INFO - [2024-04-15T14:36:29.867+0000] {dag.py:3954} INFO - Setting next_dagrun for consume_1_or_both_2_and_3_with_dataset_expressions to None, run_after=None
[2024-04-15T14:36:29.869+0000] {logging_mixin.py:188} INFO - [2024-04-15T14:36:29.869+0000] {dag.py:3954} INFO - Setting next_dagrun for dataset_consumes_1 to None, run_after=None
[2024-04-15T14:36:29.872+0000] {logging_mixin.py:188} INFO - [2024-04-15T14:36:29.871+0000] {dag.py:3954} INFO - Setting next_dagrun for dataset_consumes_1_and_2 to None, run_after=None
[2024-04-15T14:36:29.875+0000] {logging_mixin.py:188} INFO - [2024-04-15T14:36:29.874+0000] {dag.py:3954} INFO - Setting next_dagrun for dataset_consumes_1_never_scheduled to None, run_after=None
[2024-04-15T14:36:29.877+0000] {logging_mixin.py:188} INFO - [2024-04-15T14:36:29.877+0000] {dag.py:3954} INFO - Setting next_dagrun for dataset_consumes_unknown_never_scheduled to None, run_after=None
[2024-04-15T14:36:29.884+0000] {logging_mixin.py:188} INFO - [2024-04-15T14:36:29.883+0000] {dag.py:3954} INFO - Setting next_dagrun for dataset_produces_1 to 2024-04-14 00:00:00+00:00, run_after=2024-04-15 00:00:00+00:00
[2024-04-15T14:36:29.888+0000] {logging_mixin.py:188} INFO - [2024-04-15T14:36:29.888+0000] {dag.py:3954} INFO - Setting next_dagrun for dataset_produces_2 to None, run_after=None
[2024-04-15T14:36:29.961+0000] {processor.py:183} INFO - Processing /home/airflow/.local/lib/python3.12/site-packages/airflow/example_dags/example_datasets.py took 0.373 seconds
[2024-04-15T14:37:00.225+0000] {processor.py:161} INFO - Started process (PID=1010) to work on /home/airflow/.local/lib/python3.12/site-packages/airflow/example_dags/example_datasets.py
[2024-04-15T14:37:00.227+0000] {processor.py:830} INFO - Processing file /home/airflow/.local/lib/python3.12/site-packages/airflow/example_dags/example_datasets.py for tasks to queue
[2024-04-15T14:37:00.230+0000] {logging_mixin.py:188} INFO - [2024-04-15T14:37:00.229+0000] {dagbag.py:540} INFO - Filling up the DagBag from /home/airflow/.local/lib/python3.12/site-packages/airflow/example_dags/example_datasets.py
[2024-04-15T14:37:00.251+0000] {processor.py:840} INFO - DAG(s) 'dataset_consumes_1_never_scheduled', 'consume_1_or_2_with_dataset_expressions', 'dataset_consumes_1', 'dataset_consumes_unknown_never_scheduled', 'consume_1_and_2_with_dataset_expressions', 'conditional_dataset_and_time_based_timetable', 'dataset_consumes_1_and_2', 'consume_1_or_both_2_and_3_with_dataset_expressions', 'dataset_produces_2', 'dataset_produces_1' retrieved from /home/airflow/.local/lib/python3.12/site-packages/airflow/example_dags/example_datasets.py
[2024-04-15T14:37:00.334+0000] {logging_mixin.py:188} INFO - [2024-04-15T14:37:00.334+0000] {dag.py:3096} INFO - Sync 10 DAGs
[2024-04-15T14:37:00.374+0000] {logging_mixin.py:188} INFO - [2024-04-15T14:37:00.374+0000] {dag.py:3954} INFO - Setting next_dagrun for conditional_dataset_and_time_based_timetable to 2024-04-10 01:00:00+00:00, run_after=2024-04-10 01:00:00+00:00
[2024-04-15T14:37:00.380+0000] {logging_mixin.py:188} INFO - [2024-04-15T14:37:00.380+0000] {dag.py:3954} INFO - Setting next_dagrun for consume_1_and_2_with_dataset_expressions to None, run_after=None
[2024-04-15T14:37:00.382+0000] {logging_mixin.py:188} INFO - [2024-04-15T14:37:00.382+0000] {dag.py:3954} INFO - Setting next_dagrun for consume_1_or_2_with_dataset_expressions to None, run_after=None
[2024-04-15T14:37:00.385+0000] {logging_mixin.py:188} INFO - [2024-04-15T14:37:00.384+0000] {dag.py:3954} INFO - Setting next_dagrun for consume_1_or_both_2_and_3_with_dataset_expressions to None, run_after=None
[2024-04-15T14:37:00.387+0000] {logging_mixin.py:188} INFO - [2024-04-15T14:37:00.387+0000] {dag.py:3954} INFO - Setting next_dagrun for dataset_consumes_1 to None, run_after=None
[2024-04-15T14:37:00.390+0000] {logging_mixin.py:188} INFO - [2024-04-15T14:37:00.389+0000] {dag.py:3954} INFO - Setting next_dagrun for dataset_consumes_1_and_2 to None, run_after=None
[2024-04-15T14:37:00.393+0000] {logging_mixin.py:188} INFO - [2024-04-15T14:37:00.392+0000] {dag.py:3954} INFO - Setting next_dagrun for dataset_consumes_1_never_scheduled to None, run_after=None
[2024-04-15T14:37:00.396+0000] {logging_mixin.py:188} INFO - [2024-04-15T14:37:00.395+0000] {dag.py:3954} INFO - Setting next_dagrun for dataset_consumes_unknown_never_scheduled to None, run_after=None
[2024-04-15T14:37:00.400+0000] {logging_mixin.py:188} INFO - [2024-04-15T14:37:00.399+0000] {dag.py:3954} INFO - Setting next_dagrun for dataset_produces_1 to 2024-04-14 00:00:00+00:00, run_after=2024-04-15 00:00:00+00:00
[2024-04-15T14:37:00.402+0000] {logging_mixin.py:188} INFO - [2024-04-15T14:37:00.402+0000] {dag.py:3954} INFO - Setting next_dagrun for dataset_produces_2 to None, run_after=None
[2024-04-15T14:37:00.465+0000] {processor.py:183} INFO - Processing /home/airflow/.local/lib/python3.12/site-packages/airflow/example_dags/example_datasets.py took 0.250 seconds
[2024-04-15T14:37:31.074+0000] {processor.py:161} INFO - Started process (PID=1069) to work on /home/airflow/.local/lib/python3.12/site-packages/airflow/example_dags/example_datasets.py
[2024-04-15T14:37:31.076+0000] {processor.py:830} INFO - Processing file /home/airflow/.local/lib/python3.12/site-packages/airflow/example_dags/example_datasets.py for tasks to queue
[2024-04-15T14:37:31.080+0000] {logging_mixin.py:188} INFO - [2024-04-15T14:37:31.079+0000] {dagbag.py:540} INFO - Filling up the DagBag from /home/airflow/.local/lib/python3.12/site-packages/airflow/example_dags/example_datasets.py
[2024-04-15T14:37:31.115+0000] {processor.py:840} INFO - DAG(s) 'dataset_consumes_unknown_never_scheduled', 'conditional_dataset_and_time_based_timetable', 'consume_1_or_both_2_and_3_with_dataset_expressions', 'consume_1_or_2_with_dataset_expressions', 'dataset_consumes_1', 'dataset_produces_2', 'consume_1_and_2_with_dataset_expressions', 'dataset_consumes_1_never_scheduled', 'dataset_produces_1', 'dataset_consumes_1_and_2' retrieved from /home/airflow/.local/lib/python3.12/site-packages/airflow/example_dags/example_datasets.py
[2024-04-15T14:37:31.225+0000] {logging_mixin.py:188} INFO - [2024-04-15T14:37:31.225+0000] {dag.py:3096} INFO - Sync 10 DAGs
[2024-04-15T14:37:31.283+0000] {logging_mixin.py:188} INFO - [2024-04-15T14:37:31.282+0000] {dag.py:3954} INFO - Setting next_dagrun for conditional_dataset_and_time_based_timetable to 2024-04-10 01:00:00+00:00, run_after=2024-04-10 01:00:00+00:00
[2024-04-15T14:37:31.291+0000] {logging_mixin.py:188} INFO - [2024-04-15T14:37:31.291+0000] {dag.py:3954} INFO - Setting next_dagrun for consume_1_and_2_with_dataset_expressions to None, run_after=None
[2024-04-15T14:37:31.294+0000] {logging_mixin.py:188} INFO - [2024-04-15T14:37:31.294+0000] {dag.py:3954} INFO - Setting next_dagrun for consume_1_or_2_with_dataset_expressions to None, run_after=None
[2024-04-15T14:37:31.297+0000] {logging_mixin.py:188} INFO - [2024-04-15T14:37:31.297+0000] {dag.py:3954} INFO - Setting next_dagrun for consume_1_or_both_2_and_3_with_dataset_expressions to None, run_after=None
[2024-04-15T14:37:31.300+0000] {logging_mixin.py:188} INFO - [2024-04-15T14:37:31.300+0000] {dag.py:3954} INFO - Setting next_dagrun for dataset_consumes_1 to None, run_after=None
[2024-04-15T14:37:31.303+0000] {logging_mixin.py:188} INFO - [2024-04-15T14:37:31.303+0000] {dag.py:3954} INFO - Setting next_dagrun for dataset_consumes_1_and_2 to None, run_after=None
[2024-04-15T14:37:31.306+0000] {logging_mixin.py:188} INFO - [2024-04-15T14:37:31.306+0000] {dag.py:3954} INFO - Setting next_dagrun for dataset_consumes_1_never_scheduled to None, run_after=None
[2024-04-15T14:37:31.310+0000] {logging_mixin.py:188} INFO - [2024-04-15T14:37:31.309+0000] {dag.py:3954} INFO - Setting next_dagrun for dataset_consumes_unknown_never_scheduled to None, run_after=None
[2024-04-15T14:37:31.317+0000] {logging_mixin.py:188} INFO - [2024-04-15T14:37:31.317+0000] {dag.py:3954} INFO - Setting next_dagrun for dataset_produces_1 to 2024-04-14 00:00:00+00:00, run_after=2024-04-15 00:00:00+00:00
[2024-04-15T14:37:31.321+0000] {logging_mixin.py:188} INFO - [2024-04-15T14:37:31.320+0000] {dag.py:3954} INFO - Setting next_dagrun for dataset_produces_2 to None, run_after=None
[2024-04-15T14:37:31.401+0000] {processor.py:183} INFO - Processing /home/airflow/.local/lib/python3.12/site-packages/airflow/example_dags/example_datasets.py took 0.338 seconds
[2024-04-15T14:38:02.006+0000] {processor.py:161} INFO - Started process (PID=1127) to work on /home/airflow/.local/lib/python3.12/site-packages/airflow/example_dags/example_datasets.py
[2024-04-15T14:38:02.008+0000] {processor.py:830} INFO - Processing file /home/airflow/.local/lib/python3.12/site-packages/airflow/example_dags/example_datasets.py for tasks to queue
[2024-04-15T14:38:02.012+0000] {logging_mixin.py:188} INFO - [2024-04-15T14:38:02.011+0000] {dagbag.py:540} INFO - Filling up the DagBag from /home/airflow/.local/lib/python3.12/site-packages/airflow/example_dags/example_datasets.py
[2024-04-15T14:38:02.051+0000] {processor.py:840} INFO - DAG(s) 'dataset_consumes_1', 'dataset_produces_1', 'consume_1_or_2_with_dataset_expressions', 'dataset_consumes_1_never_scheduled', 'dataset_consumes_unknown_never_scheduled', 'conditional_dataset_and_time_based_timetable', 'consume_1_and_2_with_dataset_expressions', 'dataset_consumes_1_and_2', 'dataset_produces_2', 'consume_1_or_both_2_and_3_with_dataset_expressions' retrieved from /home/airflow/.local/lib/python3.12/site-packages/airflow/example_dags/example_datasets.py
[2024-04-15T14:38:02.410+0000] {logging_mixin.py:188} INFO - [2024-04-15T14:38:02.410+0000] {dag.py:3096} INFO - Sync 10 DAGs
[2024-04-15T14:38:02.475+0000] {logging_mixin.py:188} INFO - [2024-04-15T14:38:02.475+0000] {dag.py:3954} INFO - Setting next_dagrun for conditional_dataset_and_time_based_timetable to 2024-04-10 01:00:00+00:00, run_after=2024-04-10 01:00:00+00:00
[2024-04-15T14:38:02.486+0000] {logging_mixin.py:188} INFO - [2024-04-15T14:38:02.485+0000] {dag.py:3954} INFO - Setting next_dagrun for consume_1_and_2_with_dataset_expressions to None, run_after=None
[2024-04-15T14:38:02.489+0000] {logging_mixin.py:188} INFO - [2024-04-15T14:38:02.488+0000] {dag.py:3954} INFO - Setting next_dagrun for consume_1_or_2_with_dataset_expressions to None, run_after=None
[2024-04-15T14:38:02.492+0000] {logging_mixin.py:188} INFO - [2024-04-15T14:38:02.491+0000] {dag.py:3954} INFO - Setting next_dagrun for consume_1_or_both_2_and_3_with_dataset_expressions to None, run_after=None
[2024-04-15T14:38:02.494+0000] {logging_mixin.py:188} INFO - [2024-04-15T14:38:02.494+0000] {dag.py:3954} INFO - Setting next_dagrun for dataset_consumes_1 to None, run_after=None
[2024-04-15T14:38:02.497+0000] {logging_mixin.py:188} INFO - [2024-04-15T14:38:02.497+0000] {dag.py:3954} INFO - Setting next_dagrun for dataset_consumes_1_and_2 to None, run_after=None
[2024-04-15T14:38:02.499+0000] {logging_mixin.py:188} INFO - [2024-04-15T14:38:02.499+0000] {dag.py:3954} INFO - Setting next_dagrun for dataset_consumes_1_never_scheduled to None, run_after=None
[2024-04-15T14:38:02.502+0000] {logging_mixin.py:188} INFO - [2024-04-15T14:38:02.502+0000] {dag.py:3954} INFO - Setting next_dagrun for dataset_consumes_unknown_never_scheduled to None, run_after=None
[2024-04-15T14:38:02.509+0000] {logging_mixin.py:188} INFO - [2024-04-15T14:38:02.508+0000] {dag.py:3954} INFO - Setting next_dagrun for dataset_produces_1 to 2024-04-14 00:00:00+00:00, run_after=2024-04-15 00:00:00+00:00
[2024-04-15T14:38:02.511+0000] {logging_mixin.py:188} INFO - [2024-04-15T14:38:02.511+0000] {dag.py:3954} INFO - Setting next_dagrun for dataset_produces_2 to None, run_after=None
[2024-04-15T14:38:02.575+0000] {processor.py:183} INFO - Processing /home/airflow/.local/lib/python3.12/site-packages/airflow/example_dags/example_datasets.py took 0.597 seconds
