[2024-04-15T14:28:43.736+0000] {processor.py:161} INFO - Started process (PID=59) to work on /home/airflow/.local/lib/python3.12/site-packages/airflow/example_dags/example_python_operator.py
[2024-04-15T14:28:43.738+0000] {processor.py:830} INFO - Processing file /home/airflow/.local/lib/python3.12/site-packages/airflow/example_dags/example_python_operator.py for tasks to queue
[2024-04-15T14:28:43.746+0000] {logging_mixin.py:188} INFO - [2024-04-15T14:28:43.745+0000] {dagbag.py:540} INFO - Filling up the DagBag from /home/airflow/.local/lib/python3.12/site-packages/airflow/example_dags/example_python_operator.py
[2024-04-15T14:28:43.820+0000] {processor.py:840} INFO - DAG(s) 'example_python_operator' retrieved from /home/airflow/.local/lib/python3.12/site-packages/airflow/example_dags/example_python_operator.py
[2024-04-15T14:28:44.233+0000] {logging_mixin.py:188} INFO - [2024-04-15T14:28:44.232+0000] {dag.py:3096} INFO - Sync 1 DAGs
[2024-04-15T14:28:44.275+0000] {logging_mixin.py:188} INFO - [2024-04-15T14:28:44.274+0000] {dag.py:3954} INFO - Setting next_dagrun for example_python_operator to None, run_after=None
[2024-04-15T14:28:44.347+0000] {processor.py:183} INFO - Processing /home/airflow/.local/lib/python3.12/site-packages/airflow/example_dags/example_python_operator.py took 0.634 seconds
[2024-04-15T14:29:14.453+0000] {processor.py:161} INFO - Started process (PID=118) to work on /home/airflow/.local/lib/python3.12/site-packages/airflow/example_dags/example_python_operator.py
[2024-04-15T14:29:14.454+0000] {processor.py:830} INFO - Processing file /home/airflow/.local/lib/python3.12/site-packages/airflow/example_dags/example_python_operator.py for tasks to queue
[2024-04-15T14:29:14.457+0000] {logging_mixin.py:188} INFO - [2024-04-15T14:29:14.457+0000] {dagbag.py:540} INFO - Filling up the DagBag from /home/airflow/.local/lib/python3.12/site-packages/airflow/example_dags/example_python_operator.py
[2024-04-15T14:29:14.480+0000] {processor.py:840} INFO - DAG(s) 'example_python_operator' retrieved from /home/airflow/.local/lib/python3.12/site-packages/airflow/example_dags/example_python_operator.py
[2024-04-15T14:29:14.550+0000] {logging_mixin.py:188} INFO - [2024-04-15T14:29:14.549+0000] {dag.py:3096} INFO - Sync 1 DAGs
[2024-04-15T14:29:14.696+0000] {logging_mixin.py:188} INFO - [2024-04-15T14:29:14.695+0000] {dag.py:3954} INFO - Setting next_dagrun for example_python_operator to None, run_after=None
[2024-04-15T14:29:14.796+0000] {processor.py:183} INFO - Processing /home/airflow/.local/lib/python3.12/site-packages/airflow/example_dags/example_python_operator.py took 0.355 seconds
[2024-04-15T14:29:45.217+0000] {processor.py:161} INFO - Started process (PID=177) to work on /home/airflow/.local/lib/python3.12/site-packages/airflow/example_dags/example_python_operator.py
[2024-04-15T14:29:45.218+0000] {processor.py:830} INFO - Processing file /home/airflow/.local/lib/python3.12/site-packages/airflow/example_dags/example_python_operator.py for tasks to queue
[2024-04-15T14:29:45.220+0000] {logging_mixin.py:188} INFO - [2024-04-15T14:29:45.220+0000] {dagbag.py:540} INFO - Filling up the DagBag from /home/airflow/.local/lib/python3.12/site-packages/airflow/example_dags/example_python_operator.py
[2024-04-15T14:29:45.236+0000] {processor.py:840} INFO - DAG(s) 'example_python_operator' retrieved from /home/airflow/.local/lib/python3.12/site-packages/airflow/example_dags/example_python_operator.py
[2024-04-15T14:29:45.274+0000] {logging_mixin.py:188} INFO - [2024-04-15T14:29:45.274+0000] {dag.py:3096} INFO - Sync 1 DAGs
[2024-04-15T14:29:45.290+0000] {logging_mixin.py:188} INFO - [2024-04-15T14:29:45.290+0000] {dag.py:3954} INFO - Setting next_dagrun for example_python_operator to None, run_after=None
[2024-04-15T14:29:45.319+0000] {processor.py:183} INFO - Processing /home/airflow/.local/lib/python3.12/site-packages/airflow/example_dags/example_python_operator.py took 0.110 seconds
[2024-04-15T14:30:17.023+0000] {processor.py:161} INFO - Started process (PID=236) to work on /home/airflow/.local/lib/python3.12/site-packages/airflow/example_dags/example_python_operator.py
[2024-04-15T14:30:17.027+0000] {processor.py:830} INFO - Processing file /home/airflow/.local/lib/python3.12/site-packages/airflow/example_dags/example_python_operator.py for tasks to queue
[2024-04-15T14:30:17.038+0000] {logging_mixin.py:188} INFO - [2024-04-15T14:30:17.038+0000] {dagbag.py:540} INFO - Filling up the DagBag from /home/airflow/.local/lib/python3.12/site-packages/airflow/example_dags/example_python_operator.py
[2024-04-15T14:30:17.090+0000] {processor.py:840} INFO - DAG(s) 'example_python_operator' retrieved from /home/airflow/.local/lib/python3.12/site-packages/airflow/example_dags/example_python_operator.py
[2024-04-15T14:30:17.220+0000] {logging_mixin.py:188} INFO - [2024-04-15T14:30:17.219+0000] {dag.py:3096} INFO - Sync 1 DAGs
[2024-04-15T14:30:17.428+0000] {logging_mixin.py:188} INFO - [2024-04-15T14:30:17.415+0000] {dag.py:3954} INFO - Setting next_dagrun for example_python_operator to None, run_after=None
[2024-04-15T14:30:17.601+0000] {processor.py:183} INFO - Processing /home/airflow/.local/lib/python3.12/site-packages/airflow/example_dags/example_python_operator.py took 0.607 seconds
[2024-04-15T14:30:48.270+0000] {processor.py:161} INFO - Started process (PID=294) to work on /home/airflow/.local/lib/python3.12/site-packages/airflow/example_dags/example_python_operator.py
[2024-04-15T14:30:48.285+0000] {processor.py:830} INFO - Processing file /home/airflow/.local/lib/python3.12/site-packages/airflow/example_dags/example_python_operator.py for tasks to queue
[2024-04-15T14:30:48.290+0000] {logging_mixin.py:188} INFO - [2024-04-15T14:30:48.289+0000] {dagbag.py:540} INFO - Filling up the DagBag from /home/airflow/.local/lib/python3.12/site-packages/airflow/example_dags/example_python_operator.py
[2024-04-15T14:30:48.362+0000] {processor.py:840} INFO - DAG(s) 'example_python_operator' retrieved from /home/airflow/.local/lib/python3.12/site-packages/airflow/example_dags/example_python_operator.py
[2024-04-15T14:30:48.469+0000] {logging_mixin.py:188} INFO - [2024-04-15T14:30:48.468+0000] {dag.py:3096} INFO - Sync 1 DAGs
[2024-04-15T14:30:48.547+0000] {logging_mixin.py:188} INFO - [2024-04-15T14:30:48.546+0000] {dag.py:3954} INFO - Setting next_dagrun for example_python_operator to None, run_after=None
[2024-04-15T14:30:48.665+0000] {processor.py:183} INFO - Processing /home/airflow/.local/lib/python3.12/site-packages/airflow/example_dags/example_python_operator.py took 0.418 seconds
[2024-04-15T14:31:19.025+0000] {processor.py:161} INFO - Started process (PID=352) to work on /home/airflow/.local/lib/python3.12/site-packages/airflow/example_dags/example_python_operator.py
[2024-04-15T14:31:19.027+0000] {processor.py:830} INFO - Processing file /home/airflow/.local/lib/python3.12/site-packages/airflow/example_dags/example_python_operator.py for tasks to queue
[2024-04-15T14:31:19.032+0000] {logging_mixin.py:188} INFO - [2024-04-15T14:31:19.031+0000] {dagbag.py:540} INFO - Filling up the DagBag from /home/airflow/.local/lib/python3.12/site-packages/airflow/example_dags/example_python_operator.py
[2024-04-15T14:31:19.095+0000] {processor.py:840} INFO - DAG(s) 'example_python_operator' retrieved from /home/airflow/.local/lib/python3.12/site-packages/airflow/example_dags/example_python_operator.py
[2024-04-15T14:31:19.197+0000] {logging_mixin.py:188} INFO - [2024-04-15T14:31:19.196+0000] {dag.py:3096} INFO - Sync 1 DAGs
[2024-04-15T14:31:19.277+0000] {logging_mixin.py:188} INFO - [2024-04-15T14:31:19.277+0000] {dag.py:3954} INFO - Setting next_dagrun for example_python_operator to None, run_after=None
[2024-04-15T14:31:19.357+0000] {processor.py:183} INFO - Processing /home/airflow/.local/lib/python3.12/site-packages/airflow/example_dags/example_python_operator.py took 0.349 seconds
[2024-04-15T14:31:49.439+0000] {processor.py:161} INFO - Started process (PID=412) to work on /home/airflow/.local/lib/python3.12/site-packages/airflow/example_dags/example_python_operator.py
[2024-04-15T14:31:49.441+0000] {processor.py:830} INFO - Processing file /home/airflow/.local/lib/python3.12/site-packages/airflow/example_dags/example_python_operator.py for tasks to queue
[2024-04-15T14:31:49.444+0000] {logging_mixin.py:188} INFO - [2024-04-15T14:31:49.444+0000] {dagbag.py:540} INFO - Filling up the DagBag from /home/airflow/.local/lib/python3.12/site-packages/airflow/example_dags/example_python_operator.py
[2024-04-15T14:31:49.457+0000] {processor.py:840} INFO - DAG(s) 'example_python_operator' retrieved from /home/airflow/.local/lib/python3.12/site-packages/airflow/example_dags/example_python_operator.py
[2024-04-15T14:31:49.485+0000] {logging_mixin.py:188} INFO - [2024-04-15T14:31:49.485+0000] {dag.py:3096} INFO - Sync 1 DAGs
[2024-04-15T14:31:49.502+0000] {logging_mixin.py:188} INFO - [2024-04-15T14:31:49.502+0000] {dag.py:3954} INFO - Setting next_dagrun for example_python_operator to None, run_after=None
[2024-04-15T14:31:49.531+0000] {processor.py:183} INFO - Processing /home/airflow/.local/lib/python3.12/site-packages/airflow/example_dags/example_python_operator.py took 0.102 seconds
[2024-04-15T14:32:20.191+0000] {processor.py:161} INFO - Started process (PID=470) to work on /home/airflow/.local/lib/python3.12/site-packages/airflow/example_dags/example_python_operator.py
[2024-04-15T14:32:20.193+0000] {processor.py:830} INFO - Processing file /home/airflow/.local/lib/python3.12/site-packages/airflow/example_dags/example_python_operator.py for tasks to queue
[2024-04-15T14:32:20.195+0000] {logging_mixin.py:188} INFO - [2024-04-15T14:32:20.195+0000] {dagbag.py:540} INFO - Filling up the DagBag from /home/airflow/.local/lib/python3.12/site-packages/airflow/example_dags/example_python_operator.py
[2024-04-15T14:32:20.207+0000] {processor.py:840} INFO - DAG(s) 'example_python_operator' retrieved from /home/airflow/.local/lib/python3.12/site-packages/airflow/example_dags/example_python_operator.py
[2024-04-15T14:32:20.236+0000] {logging_mixin.py:188} INFO - [2024-04-15T14:32:20.236+0000] {dag.py:3096} INFO - Sync 1 DAGs
[2024-04-15T14:32:20.252+0000] {logging_mixin.py:188} INFO - [2024-04-15T14:32:20.252+0000] {dag.py:3954} INFO - Setting next_dagrun for example_python_operator to None, run_after=None
[2024-04-15T14:32:20.279+0000] {processor.py:183} INFO - Processing /home/airflow/.local/lib/python3.12/site-packages/airflow/example_dags/example_python_operator.py took 0.094 seconds
[2024-04-15T14:32:50.668+0000] {processor.py:161} INFO - Started process (PID=528) to work on /home/airflow/.local/lib/python3.12/site-packages/airflow/example_dags/example_python_operator.py
[2024-04-15T14:32:50.670+0000] {processor.py:830} INFO - Processing file /home/airflow/.local/lib/python3.12/site-packages/airflow/example_dags/example_python_operator.py for tasks to queue
[2024-04-15T14:32:50.674+0000] {logging_mixin.py:188} INFO - [2024-04-15T14:32:50.673+0000] {dagbag.py:540} INFO - Filling up the DagBag from /home/airflow/.local/lib/python3.12/site-packages/airflow/example_dags/example_python_operator.py
[2024-04-15T14:32:50.691+0000] {processor.py:840} INFO - DAG(s) 'example_python_operator' retrieved from /home/airflow/.local/lib/python3.12/site-packages/airflow/example_dags/example_python_operator.py
[2024-04-15T14:32:50.733+0000] {logging_mixin.py:188} INFO - [2024-04-15T14:32:50.733+0000] {dag.py:3096} INFO - Sync 1 DAGs
[2024-04-15T14:32:50.760+0000] {logging_mixin.py:188} INFO - [2024-04-15T14:32:50.759+0000] {dag.py:3954} INFO - Setting next_dagrun for example_python_operator to None, run_after=None
[2024-04-15T14:32:50.798+0000] {processor.py:183} INFO - Processing /home/airflow/.local/lib/python3.12/site-packages/airflow/example_dags/example_python_operator.py took 0.141 seconds
[2024-04-15T14:33:21.115+0000] {processor.py:161} INFO - Started process (PID=587) to work on /home/airflow/.local/lib/python3.12/site-packages/airflow/example_dags/example_python_operator.py
[2024-04-15T14:33:21.116+0000] {processor.py:830} INFO - Processing file /home/airflow/.local/lib/python3.12/site-packages/airflow/example_dags/example_python_operator.py for tasks to queue
[2024-04-15T14:33:21.122+0000] {logging_mixin.py:188} INFO - [2024-04-15T14:33:21.122+0000] {dagbag.py:540} INFO - Filling up the DagBag from /home/airflow/.local/lib/python3.12/site-packages/airflow/example_dags/example_python_operator.py
[2024-04-15T14:33:21.151+0000] {processor.py:840} INFO - DAG(s) 'example_python_operator' retrieved from /home/airflow/.local/lib/python3.12/site-packages/airflow/example_dags/example_python_operator.py
[2024-04-15T14:33:21.220+0000] {logging_mixin.py:188} INFO - [2024-04-15T14:33:21.219+0000] {dag.py:3096} INFO - Sync 1 DAGs
[2024-04-15T14:33:21.275+0000] {logging_mixin.py:188} INFO - [2024-04-15T14:33:21.274+0000] {dag.py:3954} INFO - Setting next_dagrun for example_python_operator to None, run_after=None
[2024-04-15T14:33:21.313+0000] {processor.py:183} INFO - Processing /home/airflow/.local/lib/python3.12/site-packages/airflow/example_dags/example_python_operator.py took 0.217 seconds
[2024-04-15T14:33:51.734+0000] {processor.py:161} INFO - Started process (PID=646) to work on /home/airflow/.local/lib/python3.12/site-packages/airflow/example_dags/example_python_operator.py
[2024-04-15T14:33:51.736+0000] {processor.py:830} INFO - Processing file /home/airflow/.local/lib/python3.12/site-packages/airflow/example_dags/example_python_operator.py for tasks to queue
[2024-04-15T14:33:51.738+0000] {logging_mixin.py:188} INFO - [2024-04-15T14:33:51.738+0000] {dagbag.py:540} INFO - Filling up the DagBag from /home/airflow/.local/lib/python3.12/site-packages/airflow/example_dags/example_python_operator.py
[2024-04-15T14:33:51.751+0000] {processor.py:840} INFO - DAG(s) 'example_python_operator' retrieved from /home/airflow/.local/lib/python3.12/site-packages/airflow/example_dags/example_python_operator.py
[2024-04-15T14:33:51.780+0000] {logging_mixin.py:188} INFO - [2024-04-15T14:33:51.779+0000] {dag.py:3096} INFO - Sync 1 DAGs
[2024-04-15T14:33:51.796+0000] {logging_mixin.py:188} INFO - [2024-04-15T14:33:51.796+0000] {dag.py:3954} INFO - Setting next_dagrun for example_python_operator to None, run_after=None
[2024-04-15T14:33:51.823+0000] {processor.py:183} INFO - Processing /home/airflow/.local/lib/python3.12/site-packages/airflow/example_dags/example_python_operator.py took 0.096 seconds
[2024-04-15T14:34:22.585+0000] {processor.py:161} INFO - Started process (PID=705) to work on /home/airflow/.local/lib/python3.12/site-packages/airflow/example_dags/example_python_operator.py
[2024-04-15T14:34:22.587+0000] {processor.py:830} INFO - Processing file /home/airflow/.local/lib/python3.12/site-packages/airflow/example_dags/example_python_operator.py for tasks to queue
[2024-04-15T14:34:22.590+0000] {logging_mixin.py:188} INFO - [2024-04-15T14:34:22.589+0000] {dagbag.py:540} INFO - Filling up the DagBag from /home/airflow/.local/lib/python3.12/site-packages/airflow/example_dags/example_python_operator.py
[2024-04-15T14:34:22.608+0000] {processor.py:840} INFO - DAG(s) 'example_python_operator' retrieved from /home/airflow/.local/lib/python3.12/site-packages/airflow/example_dags/example_python_operator.py
[2024-04-15T14:34:22.640+0000] {logging_mixin.py:188} INFO - [2024-04-15T14:34:22.640+0000] {dag.py:3096} INFO - Sync 1 DAGs
[2024-04-15T14:34:22.656+0000] {logging_mixin.py:188} INFO - [2024-04-15T14:34:22.656+0000] {dag.py:3954} INFO - Setting next_dagrun for example_python_operator to None, run_after=None
[2024-04-15T14:34:22.687+0000] {processor.py:183} INFO - Processing /home/airflow/.local/lib/python3.12/site-packages/airflow/example_dags/example_python_operator.py took 0.113 seconds
[2024-04-15T14:34:53.255+0000] {processor.py:161} INFO - Started process (PID=764) to work on /home/airflow/.local/lib/python3.12/site-packages/airflow/example_dags/example_python_operator.py
[2024-04-15T14:34:53.257+0000] {processor.py:830} INFO - Processing file /home/airflow/.local/lib/python3.12/site-packages/airflow/example_dags/example_python_operator.py for tasks to queue
[2024-04-15T14:34:53.259+0000] {logging_mixin.py:188} INFO - [2024-04-15T14:34:53.259+0000] {dagbag.py:540} INFO - Filling up the DagBag from /home/airflow/.local/lib/python3.12/site-packages/airflow/example_dags/example_python_operator.py
[2024-04-15T14:34:53.271+0000] {processor.py:840} INFO - DAG(s) 'example_python_operator' retrieved from /home/airflow/.local/lib/python3.12/site-packages/airflow/example_dags/example_python_operator.py
[2024-04-15T14:34:53.301+0000] {logging_mixin.py:188} INFO - [2024-04-15T14:34:53.301+0000] {dag.py:3096} INFO - Sync 1 DAGs
[2024-04-15T14:34:53.322+0000] {logging_mixin.py:188} INFO - [2024-04-15T14:34:53.321+0000] {dag.py:3954} INFO - Setting next_dagrun for example_python_operator to None, run_after=None
[2024-04-15T14:34:53.352+0000] {processor.py:183} INFO - Processing /home/airflow/.local/lib/python3.12/site-packages/airflow/example_dags/example_python_operator.py took 0.104 seconds
[2024-04-15T14:35:23.535+0000] {processor.py:161} INFO - Started process (PID=823) to work on /home/airflow/.local/lib/python3.12/site-packages/airflow/example_dags/example_python_operator.py
[2024-04-15T14:35:23.537+0000] {processor.py:830} INFO - Processing file /home/airflow/.local/lib/python3.12/site-packages/airflow/example_dags/example_python_operator.py for tasks to queue
[2024-04-15T14:35:23.541+0000] {logging_mixin.py:188} INFO - [2024-04-15T14:35:23.540+0000] {dagbag.py:540} INFO - Filling up the DagBag from /home/airflow/.local/lib/python3.12/site-packages/airflow/example_dags/example_python_operator.py
[2024-04-15T14:35:23.555+0000] {processor.py:840} INFO - DAG(s) 'example_python_operator' retrieved from /home/airflow/.local/lib/python3.12/site-packages/airflow/example_dags/example_python_operator.py
[2024-04-15T14:35:23.584+0000] {logging_mixin.py:188} INFO - [2024-04-15T14:35:23.583+0000] {dag.py:3096} INFO - Sync 1 DAGs
[2024-04-15T14:35:23.601+0000] {logging_mixin.py:188} INFO - [2024-04-15T14:35:23.601+0000] {dag.py:3954} INFO - Setting next_dagrun for example_python_operator to None, run_after=None
[2024-04-15T14:35:23.631+0000] {processor.py:183} INFO - Processing /home/airflow/.local/lib/python3.12/site-packages/airflow/example_dags/example_python_operator.py took 0.109 seconds
[2024-04-15T14:35:54.071+0000] {processor.py:161} INFO - Started process (PID=882) to work on /home/airflow/.local/lib/python3.12/site-packages/airflow/example_dags/example_python_operator.py
[2024-04-15T14:35:54.072+0000] {processor.py:830} INFO - Processing file /home/airflow/.local/lib/python3.12/site-packages/airflow/example_dags/example_python_operator.py for tasks to queue
[2024-04-15T14:35:54.074+0000] {logging_mixin.py:188} INFO - [2024-04-15T14:35:54.074+0000] {dagbag.py:540} INFO - Filling up the DagBag from /home/airflow/.local/lib/python3.12/site-packages/airflow/example_dags/example_python_operator.py
[2024-04-15T14:35:54.087+0000] {processor.py:840} INFO - DAG(s) 'example_python_operator' retrieved from /home/airflow/.local/lib/python3.12/site-packages/airflow/example_dags/example_python_operator.py
[2024-04-15T14:35:54.117+0000] {logging_mixin.py:188} INFO - [2024-04-15T14:35:54.117+0000] {dag.py:3096} INFO - Sync 1 DAGs
[2024-04-15T14:35:54.134+0000] {logging_mixin.py:188} INFO - [2024-04-15T14:35:54.133+0000] {dag.py:3954} INFO - Setting next_dagrun for example_python_operator to None, run_after=None
[2024-04-15T14:35:54.161+0000] {processor.py:183} INFO - Processing /home/airflow/.local/lib/python3.12/site-packages/airflow/example_dags/example_python_operator.py took 0.099 seconds
[2024-04-15T14:36:24.738+0000] {processor.py:161} INFO - Started process (PID=941) to work on /home/airflow/.local/lib/python3.12/site-packages/airflow/example_dags/example_python_operator.py
[2024-04-15T14:36:24.739+0000] {processor.py:830} INFO - Processing file /home/airflow/.local/lib/python3.12/site-packages/airflow/example_dags/example_python_operator.py for tasks to queue
[2024-04-15T14:36:24.743+0000] {logging_mixin.py:188} INFO - [2024-04-15T14:36:24.742+0000] {dagbag.py:540} INFO - Filling up the DagBag from /home/airflow/.local/lib/python3.12/site-packages/airflow/example_dags/example_python_operator.py
[2024-04-15T14:36:24.758+0000] {processor.py:840} INFO - DAG(s) 'example_python_operator' retrieved from /home/airflow/.local/lib/python3.12/site-packages/airflow/example_dags/example_python_operator.py
[2024-04-15T14:36:24.796+0000] {logging_mixin.py:188} INFO - [2024-04-15T14:36:24.796+0000] {dag.py:3096} INFO - Sync 1 DAGs
[2024-04-15T14:36:24.815+0000] {logging_mixin.py:188} INFO - [2024-04-15T14:36:24.814+0000] {dag.py:3954} INFO - Setting next_dagrun for example_python_operator to None, run_after=None
[2024-04-15T14:36:24.844+0000] {processor.py:183} INFO - Processing /home/airflow/.local/lib/python3.12/site-packages/airflow/example_dags/example_python_operator.py took 0.115 seconds
[2024-04-15T14:36:55.304+0000] {processor.py:161} INFO - Started process (PID=1000) to work on /home/airflow/.local/lib/python3.12/site-packages/airflow/example_dags/example_python_operator.py
[2024-04-15T14:36:55.306+0000] {processor.py:830} INFO - Processing file /home/airflow/.local/lib/python3.12/site-packages/airflow/example_dags/example_python_operator.py for tasks to queue
[2024-04-15T14:36:55.309+0000] {logging_mixin.py:188} INFO - [2024-04-15T14:36:55.309+0000] {dagbag.py:540} INFO - Filling up the DagBag from /home/airflow/.local/lib/python3.12/site-packages/airflow/example_dags/example_python_operator.py
[2024-04-15T14:36:55.331+0000] {processor.py:840} INFO - DAG(s) 'example_python_operator' retrieved from /home/airflow/.local/lib/python3.12/site-packages/airflow/example_dags/example_python_operator.py
[2024-04-15T14:36:55.383+0000] {logging_mixin.py:188} INFO - [2024-04-15T14:36:55.382+0000] {dag.py:3096} INFO - Sync 1 DAGs
[2024-04-15T14:36:55.420+0000] {logging_mixin.py:188} INFO - [2024-04-15T14:36:55.419+0000] {dag.py:3954} INFO - Setting next_dagrun for example_python_operator to None, run_after=None
[2024-04-15T14:36:55.480+0000] {processor.py:183} INFO - Processing /home/airflow/.local/lib/python3.12/site-packages/airflow/example_dags/example_python_operator.py took 0.187 seconds
[2024-04-15T14:37:26.145+0000] {processor.py:161} INFO - Started process (PID=1059) to work on /home/airflow/.local/lib/python3.12/site-packages/airflow/example_dags/example_python_operator.py
[2024-04-15T14:37:26.146+0000] {processor.py:830} INFO - Processing file /home/airflow/.local/lib/python3.12/site-packages/airflow/example_dags/example_python_operator.py for tasks to queue
[2024-04-15T14:37:26.149+0000] {logging_mixin.py:188} INFO - [2024-04-15T14:37:26.148+0000] {dagbag.py:540} INFO - Filling up the DagBag from /home/airflow/.local/lib/python3.12/site-packages/airflow/example_dags/example_python_operator.py
[2024-04-15T14:37:26.162+0000] {processor.py:840} INFO - DAG(s) 'example_python_operator' retrieved from /home/airflow/.local/lib/python3.12/site-packages/airflow/example_dags/example_python_operator.py
[2024-04-15T14:37:26.195+0000] {logging_mixin.py:188} INFO - [2024-04-15T14:37:26.194+0000] {dag.py:3096} INFO - Sync 1 DAGs
[2024-04-15T14:37:26.379+0000] {logging_mixin.py:188} INFO - [2024-04-15T14:37:26.378+0000] {dag.py:3954} INFO - Setting next_dagrun for example_python_operator to None, run_after=None
[2024-04-15T14:37:26.416+0000] {processor.py:183} INFO - Processing /home/airflow/.local/lib/python3.12/site-packages/airflow/example_dags/example_python_operator.py took 0.279 seconds
[2024-04-15T14:37:56.670+0000] {processor.py:161} INFO - Started process (PID=1118) to work on /home/airflow/.local/lib/python3.12/site-packages/airflow/example_dags/example_python_operator.py
[2024-04-15T14:37:56.672+0000] {processor.py:830} INFO - Processing file /home/airflow/.local/lib/python3.12/site-packages/airflow/example_dags/example_python_operator.py for tasks to queue
[2024-04-15T14:37:56.676+0000] {logging_mixin.py:188} INFO - [2024-04-15T14:37:56.676+0000] {dagbag.py:540} INFO - Filling up the DagBag from /home/airflow/.local/lib/python3.12/site-packages/airflow/example_dags/example_python_operator.py
[2024-04-15T14:37:56.696+0000] {processor.py:840} INFO - DAG(s) 'example_python_operator' retrieved from /home/airflow/.local/lib/python3.12/site-packages/airflow/example_dags/example_python_operator.py
[2024-04-15T14:37:56.730+0000] {logging_mixin.py:188} INFO - [2024-04-15T14:37:56.729+0000] {dag.py:3096} INFO - Sync 1 DAGs
[2024-04-15T14:37:56.747+0000] {logging_mixin.py:188} INFO - [2024-04-15T14:37:56.747+0000] {dag.py:3954} INFO - Setting next_dagrun for example_python_operator to None, run_after=None
[2024-04-15T14:37:56.908+0000] {processor.py:183} INFO - Processing /home/airflow/.local/lib/python3.12/site-packages/airflow/example_dags/example_python_operator.py took 0.250 seconds
