[2024-04-15T14:28:38.665+0000] {processor.py:161} INFO - Started process (PID=42) to work on /home/airflow/.local/lib/python3.12/site-packages/airflow/example_dags/example_skip_dag.py
[2024-04-15T14:28:38.668+0000] {processor.py:830} INFO - Processing file /home/airflow/.local/lib/python3.12/site-packages/airflow/example_dags/example_skip_dag.py for tasks to queue
[2024-04-15T14:28:38.674+0000] {logging_mixin.py:188} INFO - [2024-04-15T14:28:38.673+0000] {dagbag.py:540} INFO - Filling up the DagBag from /home/airflow/.local/lib/python3.12/site-packages/airflow/example_dags/example_skip_dag.py
[2024-04-15T14:28:38.718+0000] {processor.py:840} INFO - DAG(s) 'example_skip_dag' retrieved from /home/airflow/.local/lib/python3.12/site-packages/airflow/example_dags/example_skip_dag.py
[2024-04-15T14:28:38.813+0000] {logging_mixin.py:188} INFO - [2024-04-15T14:28:38.812+0000] {dag.py:3096} INFO - Sync 1 DAGs
[2024-04-15T14:28:38.883+0000] {logging_mixin.py:188} INFO - [2024-04-15T14:28:38.883+0000] {dag.py:3954} INFO - Setting next_dagrun for example_skip_dag to 2024-04-14 00:00:00+00:00, run_after=2024-04-15 00:00:00+00:00
[2024-04-15T14:28:38.954+0000] {processor.py:183} INFO - Processing /home/airflow/.local/lib/python3.12/site-packages/airflow/example_dags/example_skip_dag.py took 0.308 seconds
[2024-04-15T14:29:09.422+0000] {processor.py:161} INFO - Started process (PID=100) to work on /home/airflow/.local/lib/python3.12/site-packages/airflow/example_dags/example_skip_dag.py
[2024-04-15T14:29:09.424+0000] {processor.py:830} INFO - Processing file /home/airflow/.local/lib/python3.12/site-packages/airflow/example_dags/example_skip_dag.py for tasks to queue
[2024-04-15T14:29:09.429+0000] {logging_mixin.py:188} INFO - [2024-04-15T14:29:09.428+0000] {dagbag.py:540} INFO - Filling up the DagBag from /home/airflow/.local/lib/python3.12/site-packages/airflow/example_dags/example_skip_dag.py
[2024-04-15T14:29:09.451+0000] {processor.py:840} INFO - DAG(s) 'example_skip_dag' retrieved from /home/airflow/.local/lib/python3.12/site-packages/airflow/example_dags/example_skip_dag.py
[2024-04-15T14:29:09.517+0000] {logging_mixin.py:188} INFO - [2024-04-15T14:29:09.515+0000] {dag.py:3096} INFO - Sync 1 DAGs
[2024-04-15T14:29:09.574+0000] {logging_mixin.py:188} INFO - [2024-04-15T14:29:09.574+0000] {dag.py:3954} INFO - Setting next_dagrun for example_skip_dag to 2024-04-14 00:00:00+00:00, run_after=2024-04-15 00:00:00+00:00
[2024-04-15T14:29:09.629+0000] {processor.py:183} INFO - Processing /home/airflow/.local/lib/python3.12/site-packages/airflow/example_dags/example_skip_dag.py took 0.222 seconds
[2024-04-15T14:29:39.804+0000] {processor.py:161} INFO - Started process (PID=159) to work on /home/airflow/.local/lib/python3.12/site-packages/airflow/example_dags/example_skip_dag.py
[2024-04-15T14:29:39.806+0000] {processor.py:830} INFO - Processing file /home/airflow/.local/lib/python3.12/site-packages/airflow/example_dags/example_skip_dag.py for tasks to queue
[2024-04-15T14:29:39.809+0000] {logging_mixin.py:188} INFO - [2024-04-15T14:29:39.808+0000] {dagbag.py:540} INFO - Filling up the DagBag from /home/airflow/.local/lib/python3.12/site-packages/airflow/example_dags/example_skip_dag.py
[2024-04-15T14:29:39.827+0000] {processor.py:840} INFO - DAG(s) 'example_skip_dag' retrieved from /home/airflow/.local/lib/python3.12/site-packages/airflow/example_dags/example_skip_dag.py
[2024-04-15T14:29:39.863+0000] {logging_mixin.py:188} INFO - [2024-04-15T14:29:39.862+0000] {dag.py:3096} INFO - Sync 1 DAGs
[2024-04-15T14:29:39.904+0000] {logging_mixin.py:188} INFO - [2024-04-15T14:29:39.903+0000] {dag.py:3954} INFO - Setting next_dagrun for example_skip_dag to 2024-04-14 00:00:00+00:00, run_after=2024-04-15 00:00:00+00:00
[2024-04-15T14:29:39.944+0000] {processor.py:183} INFO - Processing /home/airflow/.local/lib/python3.12/site-packages/airflow/example_dags/example_skip_dag.py took 0.150 seconds
[2024-04-15T14:30:10.427+0000] {processor.py:161} INFO - Started process (PID=218) to work on /home/airflow/.local/lib/python3.12/site-packages/airflow/example_dags/example_skip_dag.py
[2024-04-15T14:30:10.429+0000] {processor.py:830} INFO - Processing file /home/airflow/.local/lib/python3.12/site-packages/airflow/example_dags/example_skip_dag.py for tasks to queue
[2024-04-15T14:30:10.434+0000] {logging_mixin.py:188} INFO - [2024-04-15T14:30:10.433+0000] {dagbag.py:540} INFO - Filling up the DagBag from /home/airflow/.local/lib/python3.12/site-packages/airflow/example_dags/example_skip_dag.py
[2024-04-15T14:30:10.448+0000] {processor.py:840} INFO - DAG(s) 'example_skip_dag' retrieved from /home/airflow/.local/lib/python3.12/site-packages/airflow/example_dags/example_skip_dag.py
[2024-04-15T14:30:10.492+0000] {logging_mixin.py:188} INFO - [2024-04-15T14:30:10.492+0000] {dag.py:3096} INFO - Sync 1 DAGs
[2024-04-15T14:30:10.545+0000] {logging_mixin.py:188} INFO - [2024-04-15T14:30:10.545+0000] {dag.py:3954} INFO - Setting next_dagrun for example_skip_dag to 2024-04-14 00:00:00+00:00, run_after=2024-04-15 00:00:00+00:00
[2024-04-15T14:30:10.588+0000] {processor.py:183} INFO - Processing /home/airflow/.local/lib/python3.12/site-packages/airflow/example_dags/example_skip_dag.py took 0.171 seconds
[2024-04-15T14:30:41.916+0000] {processor.py:161} INFO - Started process (PID=277) to work on /home/airflow/.local/lib/python3.12/site-packages/airflow/example_dags/example_skip_dag.py
[2024-04-15T14:30:41.932+0000] {processor.py:830} INFO - Processing file /home/airflow/.local/lib/python3.12/site-packages/airflow/example_dags/example_skip_dag.py for tasks to queue
[2024-04-15T14:30:41.953+0000] {logging_mixin.py:188} INFO - [2024-04-15T14:30:41.952+0000] {dagbag.py:540} INFO - Filling up the DagBag from /home/airflow/.local/lib/python3.12/site-packages/airflow/example_dags/example_skip_dag.py
[2024-04-15T14:30:42.056+0000] {processor.py:840} INFO - DAG(s) 'example_skip_dag' retrieved from /home/airflow/.local/lib/python3.12/site-packages/airflow/example_dags/example_skip_dag.py
[2024-04-15T14:30:42.151+0000] {logging_mixin.py:188} INFO - [2024-04-15T14:30:42.150+0000] {dag.py:3096} INFO - Sync 1 DAGs
[2024-04-15T14:30:42.297+0000] {logging_mixin.py:188} INFO - [2024-04-15T14:30:42.296+0000] {dag.py:3954} INFO - Setting next_dagrun for example_skip_dag to 2024-04-14 00:00:00+00:00, run_after=2024-04-15 00:00:00+00:00
[2024-04-15T14:30:42.402+0000] {processor.py:183} INFO - Processing /home/airflow/.local/lib/python3.12/site-packages/airflow/example_dags/example_skip_dag.py took 0.507 seconds
[2024-04-15T14:31:12.572+0000] {processor.py:161} INFO - Started process (PID=336) to work on /home/airflow/.local/lib/python3.12/site-packages/airflow/example_dags/example_skip_dag.py
[2024-04-15T14:31:12.574+0000] {processor.py:830} INFO - Processing file /home/airflow/.local/lib/python3.12/site-packages/airflow/example_dags/example_skip_dag.py for tasks to queue
[2024-04-15T14:31:12.579+0000] {logging_mixin.py:188} INFO - [2024-04-15T14:31:12.579+0000] {dagbag.py:540} INFO - Filling up the DagBag from /home/airflow/.local/lib/python3.12/site-packages/airflow/example_dags/example_skip_dag.py
[2024-04-15T14:31:12.592+0000] {processor.py:840} INFO - DAG(s) 'example_skip_dag' retrieved from /home/airflow/.local/lib/python3.12/site-packages/airflow/example_dags/example_skip_dag.py
[2024-04-15T14:31:12.633+0000] {logging_mixin.py:188} INFO - [2024-04-15T14:31:12.632+0000] {dag.py:3096} INFO - Sync 1 DAGs
[2024-04-15T14:31:12.691+0000] {logging_mixin.py:188} INFO - [2024-04-15T14:31:12.691+0000] {dag.py:3954} INFO - Setting next_dagrun for example_skip_dag to 2024-04-14 00:00:00+00:00, run_after=2024-04-15 00:00:00+00:00
[2024-04-15T14:31:12.739+0000] {processor.py:183} INFO - Processing /home/airflow/.local/lib/python3.12/site-packages/airflow/example_dags/example_skip_dag.py took 0.182 seconds
[2024-04-15T14:31:43.532+0000] {processor.py:161} INFO - Started process (PID=394) to work on /home/airflow/.local/lib/python3.12/site-packages/airflow/example_dags/example_skip_dag.py
[2024-04-15T14:31:43.539+0000] {processor.py:830} INFO - Processing file /home/airflow/.local/lib/python3.12/site-packages/airflow/example_dags/example_skip_dag.py for tasks to queue
[2024-04-15T14:31:43.547+0000] {logging_mixin.py:188} INFO - [2024-04-15T14:31:43.546+0000] {dagbag.py:540} INFO - Filling up the DagBag from /home/airflow/.local/lib/python3.12/site-packages/airflow/example_dags/example_skip_dag.py
[2024-04-15T14:31:43.572+0000] {processor.py:840} INFO - DAG(s) 'example_skip_dag' retrieved from /home/airflow/.local/lib/python3.12/site-packages/airflow/example_dags/example_skip_dag.py
[2024-04-15T14:31:43.638+0000] {logging_mixin.py:188} INFO - [2024-04-15T14:31:43.637+0000] {dag.py:3096} INFO - Sync 1 DAGs
[2024-04-15T14:31:43.710+0000] {logging_mixin.py:188} INFO - [2024-04-15T14:31:43.709+0000] {dag.py:3954} INFO - Setting next_dagrun for example_skip_dag to 2024-04-14 00:00:00+00:00, run_after=2024-04-15 00:00:00+00:00
[2024-04-15T14:31:43.763+0000] {processor.py:183} INFO - Processing /home/airflow/.local/lib/python3.12/site-packages/airflow/example_dags/example_skip_dag.py took 0.263 seconds
[2024-04-15T14:32:14.026+0000] {processor.py:161} INFO - Started process (PID=454) to work on /home/airflow/.local/lib/python3.12/site-packages/airflow/example_dags/example_skip_dag.py
[2024-04-15T14:32:14.027+0000] {processor.py:830} INFO - Processing file /home/airflow/.local/lib/python3.12/site-packages/airflow/example_dags/example_skip_dag.py for tasks to queue
[2024-04-15T14:32:14.031+0000] {logging_mixin.py:188} INFO - [2024-04-15T14:32:14.031+0000] {dagbag.py:540} INFO - Filling up the DagBag from /home/airflow/.local/lib/python3.12/site-packages/airflow/example_dags/example_skip_dag.py
[2024-04-15T14:32:14.044+0000] {processor.py:840} INFO - DAG(s) 'example_skip_dag' retrieved from /home/airflow/.local/lib/python3.12/site-packages/airflow/example_dags/example_skip_dag.py
[2024-04-15T14:32:14.085+0000] {logging_mixin.py:188} INFO - [2024-04-15T14:32:14.085+0000] {dag.py:3096} INFO - Sync 1 DAGs
[2024-04-15T14:32:14.158+0000] {logging_mixin.py:188} INFO - [2024-04-15T14:32:14.158+0000] {dag.py:3954} INFO - Setting next_dagrun for example_skip_dag to 2024-04-14 00:00:00+00:00, run_after=2024-04-15 00:00:00+00:00
[2024-04-15T14:32:14.204+0000] {processor.py:183} INFO - Processing /home/airflow/.local/lib/python3.12/site-packages/airflow/example_dags/example_skip_dag.py took 0.188 seconds
[2024-04-15T14:32:44.473+0000] {processor.py:161} INFO - Started process (PID=517) to work on /home/airflow/.local/lib/python3.12/site-packages/airflow/example_dags/example_skip_dag.py
[2024-04-15T14:32:44.475+0000] {processor.py:830} INFO - Processing file /home/airflow/.local/lib/python3.12/site-packages/airflow/example_dags/example_skip_dag.py for tasks to queue
[2024-04-15T14:32:44.477+0000] {logging_mixin.py:188} INFO - [2024-04-15T14:32:44.477+0000] {dagbag.py:540} INFO - Filling up the DagBag from /home/airflow/.local/lib/python3.12/site-packages/airflow/example_dags/example_skip_dag.py
[2024-04-15T14:32:44.488+0000] {processor.py:840} INFO - DAG(s) 'example_skip_dag' retrieved from /home/airflow/.local/lib/python3.12/site-packages/airflow/example_dags/example_skip_dag.py
[2024-04-15T14:32:44.515+0000] {logging_mixin.py:188} INFO - [2024-04-15T14:32:44.515+0000] {dag.py:3096} INFO - Sync 1 DAGs
[2024-04-15T14:32:44.548+0000] {logging_mixin.py:188} INFO - [2024-04-15T14:32:44.548+0000] {dag.py:3954} INFO - Setting next_dagrun for example_skip_dag to 2024-04-14 00:00:00+00:00, run_after=2024-04-15 00:00:00+00:00
[2024-04-15T14:32:44.593+0000] {processor.py:183} INFO - Processing /home/airflow/.local/lib/python3.12/site-packages/airflow/example_dags/example_skip_dag.py took 0.127 seconds
[2024-04-15T14:33:14.972+0000] {processor.py:161} INFO - Started process (PID=576) to work on /home/airflow/.local/lib/python3.12/site-packages/airflow/example_dags/example_skip_dag.py
[2024-04-15T14:33:14.973+0000] {processor.py:830} INFO - Processing file /home/airflow/.local/lib/python3.12/site-packages/airflow/example_dags/example_skip_dag.py for tasks to queue
[2024-04-15T14:33:14.976+0000] {logging_mixin.py:188} INFO - [2024-04-15T14:33:14.975+0000] {dagbag.py:540} INFO - Filling up the DagBag from /home/airflow/.local/lib/python3.12/site-packages/airflow/example_dags/example_skip_dag.py
[2024-04-15T14:33:14.986+0000] {processor.py:840} INFO - DAG(s) 'example_skip_dag' retrieved from /home/airflow/.local/lib/python3.12/site-packages/airflow/example_dags/example_skip_dag.py
[2024-04-15T14:33:15.021+0000] {logging_mixin.py:188} INFO - [2024-04-15T14:33:15.021+0000] {dag.py:3096} INFO - Sync 1 DAGs
[2024-04-15T14:33:15.056+0000] {logging_mixin.py:188} INFO - [2024-04-15T14:33:15.055+0000] {dag.py:3954} INFO - Setting next_dagrun for example_skip_dag to 2024-04-14 00:00:00+00:00, run_after=2024-04-15 00:00:00+00:00
[2024-04-15T14:33:15.083+0000] {processor.py:183} INFO - Processing /home/airflow/.local/lib/python3.12/site-packages/airflow/example_dags/example_skip_dag.py took 0.119 seconds
[2024-04-15T14:33:45.329+0000] {processor.py:161} INFO - Started process (PID=635) to work on /home/airflow/.local/lib/python3.12/site-packages/airflow/example_dags/example_skip_dag.py
[2024-04-15T14:33:45.330+0000] {processor.py:830} INFO - Processing file /home/airflow/.local/lib/python3.12/site-packages/airflow/example_dags/example_skip_dag.py for tasks to queue
[2024-04-15T14:33:45.333+0000] {logging_mixin.py:188} INFO - [2024-04-15T14:33:45.332+0000] {dagbag.py:540} INFO - Filling up the DagBag from /home/airflow/.local/lib/python3.12/site-packages/airflow/example_dags/example_skip_dag.py
[2024-04-15T14:33:45.343+0000] {processor.py:840} INFO - DAG(s) 'example_skip_dag' retrieved from /home/airflow/.local/lib/python3.12/site-packages/airflow/example_dags/example_skip_dag.py
[2024-04-15T14:33:45.375+0000] {logging_mixin.py:188} INFO - [2024-04-15T14:33:45.375+0000] {dag.py:3096} INFO - Sync 1 DAGs
[2024-04-15T14:33:45.410+0000] {logging_mixin.py:188} INFO - [2024-04-15T14:33:45.410+0000] {dag.py:3954} INFO - Setting next_dagrun for example_skip_dag to 2024-04-14 00:00:00+00:00, run_after=2024-04-15 00:00:00+00:00
[2024-04-15T14:33:45.442+0000] {processor.py:183} INFO - Processing /home/airflow/.local/lib/python3.12/site-packages/airflow/example_dags/example_skip_dag.py took 0.122 seconds
[2024-04-15T14:34:15.585+0000] {processor.py:161} INFO - Started process (PID=694) to work on /home/airflow/.local/lib/python3.12/site-packages/airflow/example_dags/example_skip_dag.py
[2024-04-15T14:34:15.587+0000] {processor.py:830} INFO - Processing file /home/airflow/.local/lib/python3.12/site-packages/airflow/example_dags/example_skip_dag.py for tasks to queue
[2024-04-15T14:34:15.590+0000] {logging_mixin.py:188} INFO - [2024-04-15T14:34:15.589+0000] {dagbag.py:540} INFO - Filling up the DagBag from /home/airflow/.local/lib/python3.12/site-packages/airflow/example_dags/example_skip_dag.py
[2024-04-15T14:34:15.600+0000] {processor.py:840} INFO - DAG(s) 'example_skip_dag' retrieved from /home/airflow/.local/lib/python3.12/site-packages/airflow/example_dags/example_skip_dag.py
[2024-04-15T14:34:15.632+0000] {logging_mixin.py:188} INFO - [2024-04-15T14:34:15.631+0000] {dag.py:3096} INFO - Sync 1 DAGs
[2024-04-15T14:34:15.666+0000] {logging_mixin.py:188} INFO - [2024-04-15T14:34:15.665+0000] {dag.py:3954} INFO - Setting next_dagrun for example_skip_dag to 2024-04-14 00:00:00+00:00, run_after=2024-04-15 00:00:00+00:00
[2024-04-15T14:34:15.694+0000] {processor.py:183} INFO - Processing /home/airflow/.local/lib/python3.12/site-packages/airflow/example_dags/example_skip_dag.py took 0.116 seconds
[2024-04-15T14:34:46.215+0000] {processor.py:161} INFO - Started process (PID=753) to work on /home/airflow/.local/lib/python3.12/site-packages/airflow/example_dags/example_skip_dag.py
[2024-04-15T14:34:46.217+0000] {processor.py:830} INFO - Processing file /home/airflow/.local/lib/python3.12/site-packages/airflow/example_dags/example_skip_dag.py for tasks to queue
[2024-04-15T14:34:46.219+0000] {logging_mixin.py:188} INFO - [2024-04-15T14:34:46.219+0000] {dagbag.py:540} INFO - Filling up the DagBag from /home/airflow/.local/lib/python3.12/site-packages/airflow/example_dags/example_skip_dag.py
[2024-04-15T14:34:46.229+0000] {processor.py:840} INFO - DAG(s) 'example_skip_dag' retrieved from /home/airflow/.local/lib/python3.12/site-packages/airflow/example_dags/example_skip_dag.py
[2024-04-15T14:34:46.260+0000] {logging_mixin.py:188} INFO - [2024-04-15T14:34:46.259+0000] {dag.py:3096} INFO - Sync 1 DAGs
[2024-04-15T14:34:46.291+0000] {logging_mixin.py:188} INFO - [2024-04-15T14:34:46.291+0000] {dag.py:3954} INFO - Setting next_dagrun for example_skip_dag to 2024-04-14 00:00:00+00:00, run_after=2024-04-15 00:00:00+00:00
[2024-04-15T14:34:46.320+0000] {processor.py:183} INFO - Processing /home/airflow/.local/lib/python3.12/site-packages/airflow/example_dags/example_skip_dag.py took 0.113 seconds
[2024-04-15T14:35:16.820+0000] {processor.py:161} INFO - Started process (PID=810) to work on /home/airflow/.local/lib/python3.12/site-packages/airflow/example_dags/example_skip_dag.py
[2024-04-15T14:35:16.821+0000] {processor.py:830} INFO - Processing file /home/airflow/.local/lib/python3.12/site-packages/airflow/example_dags/example_skip_dag.py for tasks to queue
[2024-04-15T14:35:16.824+0000] {logging_mixin.py:188} INFO - [2024-04-15T14:35:16.823+0000] {dagbag.py:540} INFO - Filling up the DagBag from /home/airflow/.local/lib/python3.12/site-packages/airflow/example_dags/example_skip_dag.py
[2024-04-15T14:35:16.833+0000] {processor.py:840} INFO - DAG(s) 'example_skip_dag' retrieved from /home/airflow/.local/lib/python3.12/site-packages/airflow/example_dags/example_skip_dag.py
[2024-04-15T14:35:16.868+0000] {logging_mixin.py:188} INFO - [2024-04-15T14:35:16.868+0000] {dag.py:3096} INFO - Sync 1 DAGs
[2024-04-15T14:35:16.905+0000] {logging_mixin.py:188} INFO - [2024-04-15T14:35:16.905+0000] {dag.py:3954} INFO - Setting next_dagrun for example_skip_dag to 2024-04-14 00:00:00+00:00, run_after=2024-04-15 00:00:00+00:00
[2024-04-15T14:35:16.933+0000] {processor.py:183} INFO - Processing /home/airflow/.local/lib/python3.12/site-packages/airflow/example_dags/example_skip_dag.py took 0.122 seconds
[2024-04-15T14:35:47.889+0000] {processor.py:161} INFO - Started process (PID=869) to work on /home/airflow/.local/lib/python3.12/site-packages/airflow/example_dags/example_skip_dag.py
[2024-04-15T14:35:47.891+0000] {processor.py:830} INFO - Processing file /home/airflow/.local/lib/python3.12/site-packages/airflow/example_dags/example_skip_dag.py for tasks to queue
[2024-04-15T14:35:47.894+0000] {logging_mixin.py:188} INFO - [2024-04-15T14:35:47.894+0000] {dagbag.py:540} INFO - Filling up the DagBag from /home/airflow/.local/lib/python3.12/site-packages/airflow/example_dags/example_skip_dag.py
[2024-04-15T14:35:47.905+0000] {processor.py:840} INFO - DAG(s) 'example_skip_dag' retrieved from /home/airflow/.local/lib/python3.12/site-packages/airflow/example_dags/example_skip_dag.py
[2024-04-15T14:35:47.937+0000] {logging_mixin.py:188} INFO - [2024-04-15T14:35:47.936+0000] {dag.py:3096} INFO - Sync 1 DAGs
[2024-04-15T14:35:47.977+0000] {logging_mixin.py:188} INFO - [2024-04-15T14:35:47.976+0000] {dag.py:3954} INFO - Setting next_dagrun for example_skip_dag to 2024-04-14 00:00:00+00:00, run_after=2024-04-15 00:00:00+00:00
[2024-04-15T14:35:48.010+0000] {processor.py:183} INFO - Processing /home/airflow/.local/lib/python3.12/site-packages/airflow/example_dags/example_skip_dag.py took 0.130 seconds
[2024-04-15T14:36:18.909+0000] {processor.py:161} INFO - Started process (PID=928) to work on /home/airflow/.local/lib/python3.12/site-packages/airflow/example_dags/example_skip_dag.py
[2024-04-15T14:36:18.910+0000] {processor.py:830} INFO - Processing file /home/airflow/.local/lib/python3.12/site-packages/airflow/example_dags/example_skip_dag.py for tasks to queue
[2024-04-15T14:36:18.914+0000] {logging_mixin.py:188} INFO - [2024-04-15T14:36:18.913+0000] {dagbag.py:540} INFO - Filling up the DagBag from /home/airflow/.local/lib/python3.12/site-packages/airflow/example_dags/example_skip_dag.py
[2024-04-15T14:36:18.934+0000] {processor.py:840} INFO - DAG(s) 'example_skip_dag' retrieved from /home/airflow/.local/lib/python3.12/site-packages/airflow/example_dags/example_skip_dag.py
[2024-04-15T14:36:19.014+0000] {logging_mixin.py:188} INFO - [2024-04-15T14:36:19.014+0000] {dag.py:3096} INFO - Sync 1 DAGs
[2024-04-15T14:36:19.126+0000] {logging_mixin.py:188} INFO - [2024-04-15T14:36:19.125+0000] {dag.py:3954} INFO - Setting next_dagrun for example_skip_dag to 2024-04-14 00:00:00+00:00, run_after=2024-04-15 00:00:00+00:00
[2024-04-15T14:36:19.456+0000] {processor.py:183} INFO - Processing /home/airflow/.local/lib/python3.12/site-packages/airflow/example_dags/example_skip_dag.py took 0.562 seconds
[2024-04-15T14:36:50.252+0000] {processor.py:161} INFO - Started process (PID=987) to work on /home/airflow/.local/lib/python3.12/site-packages/airflow/example_dags/example_skip_dag.py
[2024-04-15T14:36:50.254+0000] {processor.py:830} INFO - Processing file /home/airflow/.local/lib/python3.12/site-packages/airflow/example_dags/example_skip_dag.py for tasks to queue
[2024-04-15T14:36:50.257+0000] {logging_mixin.py:188} INFO - [2024-04-15T14:36:50.256+0000] {dagbag.py:540} INFO - Filling up the DagBag from /home/airflow/.local/lib/python3.12/site-packages/airflow/example_dags/example_skip_dag.py
[2024-04-15T14:36:50.267+0000] {processor.py:840} INFO - DAG(s) 'example_skip_dag' retrieved from /home/airflow/.local/lib/python3.12/site-packages/airflow/example_dags/example_skip_dag.py
[2024-04-15T14:36:50.298+0000] {logging_mixin.py:188} INFO - [2024-04-15T14:36:50.298+0000] {dag.py:3096} INFO - Sync 1 DAGs
[2024-04-15T14:36:50.331+0000] {logging_mixin.py:188} INFO - [2024-04-15T14:36:50.331+0000] {dag.py:3954} INFO - Setting next_dagrun for example_skip_dag to 2024-04-14 00:00:00+00:00, run_after=2024-04-15 00:00:00+00:00
[2024-04-15T14:36:50.362+0000] {processor.py:183} INFO - Processing /home/airflow/.local/lib/python3.12/site-packages/airflow/example_dags/example_skip_dag.py took 0.118 seconds
[2024-04-15T14:37:21.181+0000] {processor.py:161} INFO - Started process (PID=1046) to work on /home/airflow/.local/lib/python3.12/site-packages/airflow/example_dags/example_skip_dag.py
[2024-04-15T14:37:21.182+0000] {processor.py:830} INFO - Processing file /home/airflow/.local/lib/python3.12/site-packages/airflow/example_dags/example_skip_dag.py for tasks to queue
[2024-04-15T14:37:21.185+0000] {logging_mixin.py:188} INFO - [2024-04-15T14:37:21.184+0000] {dagbag.py:540} INFO - Filling up the DagBag from /home/airflow/.local/lib/python3.12/site-packages/airflow/example_dags/example_skip_dag.py
[2024-04-15T14:37:21.193+0000] {processor.py:840} INFO - DAG(s) 'example_skip_dag' retrieved from /home/airflow/.local/lib/python3.12/site-packages/airflow/example_dags/example_skip_dag.py
[2024-04-15T14:37:21.223+0000] {logging_mixin.py:188} INFO - [2024-04-15T14:37:21.222+0000] {dag.py:3096} INFO - Sync 1 DAGs
[2024-04-15T14:37:21.257+0000] {logging_mixin.py:188} INFO - [2024-04-15T14:37:21.257+0000] {dag.py:3954} INFO - Setting next_dagrun for example_skip_dag to 2024-04-14 00:00:00+00:00, run_after=2024-04-15 00:00:00+00:00
[2024-04-15T14:37:21.288+0000] {processor.py:183} INFO - Processing /home/airflow/.local/lib/python3.12/site-packages/airflow/example_dags/example_skip_dag.py took 0.115 seconds
[2024-04-15T14:37:51.631+0000] {processor.py:161} INFO - Started process (PID=1105) to work on /home/airflow/.local/lib/python3.12/site-packages/airflow/example_dags/example_skip_dag.py
[2024-04-15T14:37:51.633+0000] {processor.py:830} INFO - Processing file /home/airflow/.local/lib/python3.12/site-packages/airflow/example_dags/example_skip_dag.py for tasks to queue
[2024-04-15T14:37:51.637+0000] {logging_mixin.py:188} INFO - [2024-04-15T14:37:51.636+0000] {dagbag.py:540} INFO - Filling up the DagBag from /home/airflow/.local/lib/python3.12/site-packages/airflow/example_dags/example_skip_dag.py
[2024-04-15T14:37:51.649+0000] {processor.py:840} INFO - DAG(s) 'example_skip_dag' retrieved from /home/airflow/.local/lib/python3.12/site-packages/airflow/example_dags/example_skip_dag.py
[2024-04-15T14:37:51.718+0000] {logging_mixin.py:188} INFO - [2024-04-15T14:37:51.717+0000] {dag.py:3096} INFO - Sync 1 DAGs
[2024-04-15T14:37:51.779+0000] {logging_mixin.py:188} INFO - [2024-04-15T14:37:51.779+0000] {dag.py:3954} INFO - Setting next_dagrun for example_skip_dag to 2024-04-14 00:00:00+00:00, run_after=2024-04-15 00:00:00+00:00
[2024-04-15T14:37:51.824+0000] {processor.py:183} INFO - Processing /home/airflow/.local/lib/python3.12/site-packages/airflow/example_dags/example_skip_dag.py took 0.203 seconds
[2024-04-15T14:38:22.150+0000] {processor.py:161} INFO - Started process (PID=1164) to work on /home/airflow/.local/lib/python3.12/site-packages/airflow/example_dags/example_skip_dag.py
[2024-04-15T14:38:22.151+0000] {processor.py:830} INFO - Processing file /home/airflow/.local/lib/python3.12/site-packages/airflow/example_dags/example_skip_dag.py for tasks to queue
[2024-04-15T14:38:22.154+0000] {logging_mixin.py:188} INFO - [2024-04-15T14:38:22.154+0000] {dagbag.py:540} INFO - Filling up the DagBag from /home/airflow/.local/lib/python3.12/site-packages/airflow/example_dags/example_skip_dag.py
[2024-04-15T14:38:22.163+0000] {processor.py:840} INFO - DAG(s) 'example_skip_dag' retrieved from /home/airflow/.local/lib/python3.12/site-packages/airflow/example_dags/example_skip_dag.py
[2024-04-15T14:38:22.194+0000] {logging_mixin.py:188} INFO - [2024-04-15T14:38:22.194+0000] {dag.py:3096} INFO - Sync 1 DAGs
[2024-04-15T14:38:22.230+0000] {logging_mixin.py:188} INFO - [2024-04-15T14:38:22.229+0000] {dag.py:3954} INFO - Setting next_dagrun for example_skip_dag to 2024-04-14 00:00:00+00:00, run_after=2024-04-15 00:00:00+00:00
[2024-04-15T14:38:22.260+0000] {processor.py:183} INFO - Processing /home/airflow/.local/lib/python3.12/site-packages/airflow/example_dags/example_skip_dag.py took 0.120 seconds
