[2024-04-15T14:28:46.507+0000] {processor.py:161} INFO - Started process (PID=72) to work on /home/airflow/.local/lib/python3.12/site-packages/airflow/example_dags/example_external_task_marker_dag.py
[2024-04-15T14:28:46.511+0000] {processor.py:830} INFO - Processing file /home/airflow/.local/lib/python3.12/site-packages/airflow/example_dags/example_external_task_marker_dag.py for tasks to queue
[2024-04-15T14:28:46.517+0000] {logging_mixin.py:188} INFO - [2024-04-15T14:28:46.516+0000] {dagbag.py:540} INFO - Filling up the DagBag from /home/airflow/.local/lib/python3.12/site-packages/airflow/example_dags/example_external_task_marker_dag.py
[2024-04-15T14:28:46.538+0000] {processor.py:840} INFO - DAG(s) 'example_external_task_marker_child', 'example_external_task_marker_parent' retrieved from /home/airflow/.local/lib/python3.12/site-packages/airflow/example_dags/example_external_task_marker_dag.py
[2024-04-15T14:28:46.670+0000] {logging_mixin.py:188} INFO - [2024-04-15T14:28:46.669+0000] {dag.py:3096} INFO - Sync 2 DAGs
[2024-04-15T14:28:46.752+0000] {logging_mixin.py:188} INFO - [2024-04-15T14:28:46.752+0000] {dag.py:3954} INFO - Setting next_dagrun for example_external_task_marker_child to None, run_after=None
[2024-04-15T14:28:46.779+0000] {logging_mixin.py:188} INFO - [2024-04-15T14:28:46.779+0000] {dag.py:3954} INFO - Setting next_dagrun for example_external_task_marker_parent to None, run_after=None
[2024-04-15T14:28:46.875+0000] {processor.py:183} INFO - Processing /home/airflow/.local/lib/python3.12/site-packages/airflow/example_dags/example_external_task_marker_dag.py took 0.380 seconds
[2024-04-15T14:29:16.968+0000] {processor.py:161} INFO - Started process (PID=131) to work on /home/airflow/.local/lib/python3.12/site-packages/airflow/example_dags/example_external_task_marker_dag.py
[2024-04-15T14:29:16.970+0000] {processor.py:830} INFO - Processing file /home/airflow/.local/lib/python3.12/site-packages/airflow/example_dags/example_external_task_marker_dag.py for tasks to queue
[2024-04-15T14:29:16.972+0000] {logging_mixin.py:188} INFO - [2024-04-15T14:29:16.972+0000] {dagbag.py:540} INFO - Filling up the DagBag from /home/airflow/.local/lib/python3.12/site-packages/airflow/example_dags/example_external_task_marker_dag.py
[2024-04-15T14:29:16.981+0000] {processor.py:840} INFO - DAG(s) 'example_external_task_marker_child', 'example_external_task_marker_parent' retrieved from /home/airflow/.local/lib/python3.12/site-packages/airflow/example_dags/example_external_task_marker_dag.py
[2024-04-15T14:29:17.014+0000] {logging_mixin.py:188} INFO - [2024-04-15T14:29:17.014+0000] {dag.py:3096} INFO - Sync 2 DAGs
[2024-04-15T14:29:17.033+0000] {logging_mixin.py:188} INFO - [2024-04-15T14:29:17.033+0000] {dag.py:3954} INFO - Setting next_dagrun for example_external_task_marker_child to None, run_after=None
[2024-04-15T14:29:17.039+0000] {logging_mixin.py:188} INFO - [2024-04-15T14:29:17.038+0000] {dag.py:3954} INFO - Setting next_dagrun for example_external_task_marker_parent to None, run_after=None
[2024-04-15T14:29:17.067+0000] {processor.py:183} INFO - Processing /home/airflow/.local/lib/python3.12/site-packages/airflow/example_dags/example_external_task_marker_dag.py took 0.106 seconds
[2024-04-15T14:29:47.539+0000] {processor.py:161} INFO - Started process (PID=190) to work on /home/airflow/.local/lib/python3.12/site-packages/airflow/example_dags/example_external_task_marker_dag.py
[2024-04-15T14:29:47.540+0000] {processor.py:830} INFO - Processing file /home/airflow/.local/lib/python3.12/site-packages/airflow/example_dags/example_external_task_marker_dag.py for tasks to queue
[2024-04-15T14:29:47.542+0000] {logging_mixin.py:188} INFO - [2024-04-15T14:29:47.542+0000] {dagbag.py:540} INFO - Filling up the DagBag from /home/airflow/.local/lib/python3.12/site-packages/airflow/example_dags/example_external_task_marker_dag.py
[2024-04-15T14:29:47.550+0000] {processor.py:840} INFO - DAG(s) 'example_external_task_marker_parent', 'example_external_task_marker_child' retrieved from /home/airflow/.local/lib/python3.12/site-packages/airflow/example_dags/example_external_task_marker_dag.py
[2024-04-15T14:29:47.581+0000] {logging_mixin.py:188} INFO - [2024-04-15T14:29:47.581+0000] {dag.py:3096} INFO - Sync 2 DAGs
[2024-04-15T14:29:47.606+0000] {logging_mixin.py:188} INFO - [2024-04-15T14:29:47.606+0000] {dag.py:3954} INFO - Setting next_dagrun for example_external_task_marker_child to None, run_after=None
[2024-04-15T14:29:47.611+0000] {logging_mixin.py:188} INFO - [2024-04-15T14:29:47.611+0000] {dag.py:3954} INFO - Setting next_dagrun for example_external_task_marker_parent to None, run_after=None
[2024-04-15T14:29:47.633+0000] {processor.py:183} INFO - Processing /home/airflow/.local/lib/python3.12/site-packages/airflow/example_dags/example_external_task_marker_dag.py took 0.102 seconds
[2024-04-15T14:30:23.170+0000] {processor.py:161} INFO - Started process (PID=249) to work on /home/airflow/.local/lib/python3.12/site-packages/airflow/example_dags/example_external_task_marker_dag.py
[2024-04-15T14:30:23.227+0000] {processor.py:830} INFO - Processing file /home/airflow/.local/lib/python3.12/site-packages/airflow/example_dags/example_external_task_marker_dag.py for tasks to queue
[2024-04-15T14:30:23.241+0000] {logging_mixin.py:188} INFO - [2024-04-15T14:30:23.241+0000] {dagbag.py:540} INFO - Filling up the DagBag from /home/airflow/.local/lib/python3.12/site-packages/airflow/example_dags/example_external_task_marker_dag.py
[2024-04-15T14:30:23.278+0000] {processor.py:840} INFO - DAG(s) 'example_external_task_marker_parent', 'example_external_task_marker_child' retrieved from /home/airflow/.local/lib/python3.12/site-packages/airflow/example_dags/example_external_task_marker_dag.py
[2024-04-15T14:30:23.397+0000] {logging_mixin.py:188} INFO - [2024-04-15T14:30:23.396+0000] {dag.py:3096} INFO - Sync 2 DAGs
[2024-04-15T14:30:23.469+0000] {logging_mixin.py:188} INFO - [2024-04-15T14:30:23.469+0000] {dag.py:3954} INFO - Setting next_dagrun for example_external_task_marker_child to None, run_after=None
[2024-04-15T14:30:23.537+0000] {logging_mixin.py:188} INFO - [2024-04-15T14:30:23.536+0000] {dag.py:3954} INFO - Setting next_dagrun for example_external_task_marker_parent to None, run_after=None
[2024-04-15T14:30:23.695+0000] {processor.py:183} INFO - Processing /home/airflow/.local/lib/python3.12/site-packages/airflow/example_dags/example_external_task_marker_dag.py took 0.566 seconds
[2024-04-15T14:30:54.058+0000] {processor.py:161} INFO - Started process (PID=308) to work on /home/airflow/.local/lib/python3.12/site-packages/airflow/example_dags/example_external_task_marker_dag.py
[2024-04-15T14:30:54.065+0000] {processor.py:830} INFO - Processing file /home/airflow/.local/lib/python3.12/site-packages/airflow/example_dags/example_external_task_marker_dag.py for tasks to queue
[2024-04-15T14:30:54.074+0000] {logging_mixin.py:188} INFO - [2024-04-15T14:30:54.073+0000] {dagbag.py:540} INFO - Filling up the DagBag from /home/airflow/.local/lib/python3.12/site-packages/airflow/example_dags/example_external_task_marker_dag.py
[2024-04-15T14:30:54.097+0000] {processor.py:840} INFO - DAG(s) 'example_external_task_marker_parent', 'example_external_task_marker_child' retrieved from /home/airflow/.local/lib/python3.12/site-packages/airflow/example_dags/example_external_task_marker_dag.py
[2024-04-15T14:30:54.146+0000] {logging_mixin.py:188} INFO - [2024-04-15T14:30:54.146+0000] {dag.py:3096} INFO - Sync 2 DAGs
[2024-04-15T14:30:54.180+0000] {logging_mixin.py:188} INFO - [2024-04-15T14:30:54.179+0000] {dag.py:3954} INFO - Setting next_dagrun for example_external_task_marker_child to None, run_after=None
[2024-04-15T14:30:54.190+0000] {logging_mixin.py:188} INFO - [2024-04-15T14:30:54.189+0000] {dag.py:3954} INFO - Setting next_dagrun for example_external_task_marker_parent to None, run_after=None
[2024-04-15T14:30:54.244+0000] {processor.py:183} INFO - Processing /home/airflow/.local/lib/python3.12/site-packages/airflow/example_dags/example_external_task_marker_dag.py took 0.202 seconds
[2024-04-15T14:31:24.477+0000] {processor.py:161} INFO - Started process (PID=366) to work on /home/airflow/.local/lib/python3.12/site-packages/airflow/example_dags/example_external_task_marker_dag.py
[2024-04-15T14:31:24.479+0000] {processor.py:830} INFO - Processing file /home/airflow/.local/lib/python3.12/site-packages/airflow/example_dags/example_external_task_marker_dag.py for tasks to queue
[2024-04-15T14:31:24.484+0000] {logging_mixin.py:188} INFO - [2024-04-15T14:31:24.483+0000] {dagbag.py:540} INFO - Filling up the DagBag from /home/airflow/.local/lib/python3.12/site-packages/airflow/example_dags/example_external_task_marker_dag.py
[2024-04-15T14:31:24.494+0000] {processor.py:840} INFO - DAG(s) 'example_external_task_marker_parent', 'example_external_task_marker_child' retrieved from /home/airflow/.local/lib/python3.12/site-packages/airflow/example_dags/example_external_task_marker_dag.py
[2024-04-15T14:31:24.542+0000] {logging_mixin.py:188} INFO - [2024-04-15T14:31:24.541+0000] {dag.py:3096} INFO - Sync 2 DAGs
[2024-04-15T14:31:24.569+0000] {logging_mixin.py:188} INFO - [2024-04-15T14:31:24.568+0000] {dag.py:3954} INFO - Setting next_dagrun for example_external_task_marker_child to None, run_after=None
[2024-04-15T14:31:24.575+0000] {logging_mixin.py:188} INFO - [2024-04-15T14:31:24.575+0000] {dag.py:3954} INFO - Setting next_dagrun for example_external_task_marker_parent to None, run_after=None
[2024-04-15T14:31:24.610+0000] {processor.py:183} INFO - Processing /home/airflow/.local/lib/python3.12/site-packages/airflow/example_dags/example_external_task_marker_dag.py took 0.146 seconds
[2024-04-15T14:31:54.714+0000] {processor.py:161} INFO - Started process (PID=426) to work on /home/airflow/.local/lib/python3.12/site-packages/airflow/example_dags/example_external_task_marker_dag.py
[2024-04-15T14:31:54.716+0000] {processor.py:830} INFO - Processing file /home/airflow/.local/lib/python3.12/site-packages/airflow/example_dags/example_external_task_marker_dag.py for tasks to queue
[2024-04-15T14:31:54.719+0000] {logging_mixin.py:188} INFO - [2024-04-15T14:31:54.718+0000] {dagbag.py:540} INFO - Filling up the DagBag from /home/airflow/.local/lib/python3.12/site-packages/airflow/example_dags/example_external_task_marker_dag.py
[2024-04-15T14:31:54.726+0000] {processor.py:840} INFO - DAG(s) 'example_external_task_marker_parent', 'example_external_task_marker_child' retrieved from /home/airflow/.local/lib/python3.12/site-packages/airflow/example_dags/example_external_task_marker_dag.py
[2024-04-15T14:31:54.758+0000] {logging_mixin.py:188} INFO - [2024-04-15T14:31:54.757+0000] {dag.py:3096} INFO - Sync 2 DAGs
[2024-04-15T14:31:54.778+0000] {logging_mixin.py:188} INFO - [2024-04-15T14:31:54.778+0000] {dag.py:3954} INFO - Setting next_dagrun for example_external_task_marker_child to None, run_after=None
[2024-04-15T14:31:54.785+0000] {logging_mixin.py:188} INFO - [2024-04-15T14:31:54.785+0000] {dag.py:3954} INFO - Setting next_dagrun for example_external_task_marker_parent to None, run_after=None
[2024-04-15T14:31:54.817+0000] {processor.py:183} INFO - Processing /home/airflow/.local/lib/python3.12/site-packages/airflow/example_dags/example_external_task_marker_dag.py took 0.110 seconds
[2024-04-15T14:32:25.091+0000] {processor.py:161} INFO - Started process (PID=484) to work on /home/airflow/.local/lib/python3.12/site-packages/airflow/example_dags/example_external_task_marker_dag.py
[2024-04-15T14:32:25.093+0000] {processor.py:830} INFO - Processing file /home/airflow/.local/lib/python3.12/site-packages/airflow/example_dags/example_external_task_marker_dag.py for tasks to queue
[2024-04-15T14:32:25.095+0000] {logging_mixin.py:188} INFO - [2024-04-15T14:32:25.095+0000] {dagbag.py:540} INFO - Filling up the DagBag from /home/airflow/.local/lib/python3.12/site-packages/airflow/example_dags/example_external_task_marker_dag.py
[2024-04-15T14:32:25.107+0000] {processor.py:840} INFO - DAG(s) 'example_external_task_marker_child', 'example_external_task_marker_parent' retrieved from /home/airflow/.local/lib/python3.12/site-packages/airflow/example_dags/example_external_task_marker_dag.py
[2024-04-15T14:32:25.157+0000] {logging_mixin.py:188} INFO - [2024-04-15T14:32:25.157+0000] {dag.py:3096} INFO - Sync 2 DAGs
[2024-04-15T14:32:25.190+0000] {logging_mixin.py:188} INFO - [2024-04-15T14:32:25.190+0000] {dag.py:3954} INFO - Setting next_dagrun for example_external_task_marker_child to None, run_after=None
[2024-04-15T14:32:25.196+0000] {logging_mixin.py:188} INFO - [2024-04-15T14:32:25.196+0000] {dag.py:3954} INFO - Setting next_dagrun for example_external_task_marker_parent to None, run_after=None
[2024-04-15T14:32:25.227+0000] {processor.py:183} INFO - Processing /home/airflow/.local/lib/python3.12/site-packages/airflow/example_dags/example_external_task_marker_dag.py took 0.143 seconds
[2024-04-15T14:32:55.973+0000] {processor.py:161} INFO - Started process (PID=542) to work on /home/airflow/.local/lib/python3.12/site-packages/airflow/example_dags/example_external_task_marker_dag.py
[2024-04-15T14:32:55.975+0000] {processor.py:830} INFO - Processing file /home/airflow/.local/lib/python3.12/site-packages/airflow/example_dags/example_external_task_marker_dag.py for tasks to queue
[2024-04-15T14:32:55.977+0000] {logging_mixin.py:188} INFO - [2024-04-15T14:32:55.977+0000] {dagbag.py:540} INFO - Filling up the DagBag from /home/airflow/.local/lib/python3.12/site-packages/airflow/example_dags/example_external_task_marker_dag.py
[2024-04-15T14:32:55.986+0000] {processor.py:840} INFO - DAG(s) 'example_external_task_marker_parent', 'example_external_task_marker_child' retrieved from /home/airflow/.local/lib/python3.12/site-packages/airflow/example_dags/example_external_task_marker_dag.py
[2024-04-15T14:32:56.023+0000] {logging_mixin.py:188} INFO - [2024-04-15T14:32:56.023+0000] {dag.py:3096} INFO - Sync 2 DAGs
[2024-04-15T14:32:56.043+0000] {logging_mixin.py:188} INFO - [2024-04-15T14:32:56.043+0000] {dag.py:3954} INFO - Setting next_dagrun for example_external_task_marker_child to None, run_after=None
[2024-04-15T14:32:56.050+0000] {logging_mixin.py:188} INFO - [2024-04-15T14:32:56.049+0000] {dag.py:3954} INFO - Setting next_dagrun for example_external_task_marker_parent to None, run_after=None
[2024-04-15T14:32:56.074+0000] {processor.py:183} INFO - Processing /home/airflow/.local/lib/python3.12/site-packages/airflow/example_dags/example_external_task_marker_dag.py took 0.109 seconds
[2024-04-15T14:33:26.686+0000] {processor.py:161} INFO - Started process (PID=601) to work on /home/airflow/.local/lib/python3.12/site-packages/airflow/example_dags/example_external_task_marker_dag.py
[2024-04-15T14:33:26.687+0000] {processor.py:830} INFO - Processing file /home/airflow/.local/lib/python3.12/site-packages/airflow/example_dags/example_external_task_marker_dag.py for tasks to queue
[2024-04-15T14:33:26.689+0000] {logging_mixin.py:188} INFO - [2024-04-15T14:33:26.689+0000] {dagbag.py:540} INFO - Filling up the DagBag from /home/airflow/.local/lib/python3.12/site-packages/airflow/example_dags/example_external_task_marker_dag.py
[2024-04-15T14:33:26.697+0000] {processor.py:840} INFO - DAG(s) 'example_external_task_marker_child', 'example_external_task_marker_parent' retrieved from /home/airflow/.local/lib/python3.12/site-packages/airflow/example_dags/example_external_task_marker_dag.py
[2024-04-15T14:33:26.729+0000] {logging_mixin.py:188} INFO - [2024-04-15T14:33:26.729+0000] {dag.py:3096} INFO - Sync 2 DAGs
[2024-04-15T14:33:26.751+0000] {logging_mixin.py:188} INFO - [2024-04-15T14:33:26.750+0000] {dag.py:3954} INFO - Setting next_dagrun for example_external_task_marker_child to None, run_after=None
[2024-04-15T14:33:26.756+0000] {logging_mixin.py:188} INFO - [2024-04-15T14:33:26.756+0000] {dag.py:3954} INFO - Setting next_dagrun for example_external_task_marker_parent to None, run_after=None
[2024-04-15T14:33:26.785+0000] {processor.py:183} INFO - Processing /home/airflow/.local/lib/python3.12/site-packages/airflow/example_dags/example_external_task_marker_dag.py took 0.109 seconds
[2024-04-15T14:33:57.229+0000] {processor.py:161} INFO - Started process (PID=660) to work on /home/airflow/.local/lib/python3.12/site-packages/airflow/example_dags/example_external_task_marker_dag.py
[2024-04-15T14:33:57.231+0000] {processor.py:830} INFO - Processing file /home/airflow/.local/lib/python3.12/site-packages/airflow/example_dags/example_external_task_marker_dag.py for tasks to queue
[2024-04-15T14:33:57.236+0000] {logging_mixin.py:188} INFO - [2024-04-15T14:33:57.235+0000] {dagbag.py:540} INFO - Filling up the DagBag from /home/airflow/.local/lib/python3.12/site-packages/airflow/example_dags/example_external_task_marker_dag.py
[2024-04-15T14:33:57.252+0000] {processor.py:840} INFO - DAG(s) 'example_external_task_marker_child', 'example_external_task_marker_parent' retrieved from /home/airflow/.local/lib/python3.12/site-packages/airflow/example_dags/example_external_task_marker_dag.py
[2024-04-15T14:33:57.314+0000] {logging_mixin.py:188} INFO - [2024-04-15T14:33:57.313+0000] {dag.py:3096} INFO - Sync 2 DAGs
[2024-04-15T14:33:57.401+0000] {logging_mixin.py:188} INFO - [2024-04-15T14:33:57.399+0000] {dag.py:3954} INFO - Setting next_dagrun for example_external_task_marker_child to None, run_after=None
[2024-04-15T14:33:57.416+0000] {logging_mixin.py:188} INFO - [2024-04-15T14:33:57.416+0000] {dag.py:3954} INFO - Setting next_dagrun for example_external_task_marker_parent to None, run_after=None
[2024-04-15T14:33:57.469+0000] {processor.py:183} INFO - Processing /home/airflow/.local/lib/python3.12/site-packages/airflow/example_dags/example_external_task_marker_dag.py took 0.255 seconds
[2024-04-15T14:34:27.769+0000] {processor.py:161} INFO - Started process (PID=718) to work on /home/airflow/.local/lib/python3.12/site-packages/airflow/example_dags/example_external_task_marker_dag.py
[2024-04-15T14:34:27.771+0000] {processor.py:830} INFO - Processing file /home/airflow/.local/lib/python3.12/site-packages/airflow/example_dags/example_external_task_marker_dag.py for tasks to queue
[2024-04-15T14:34:27.773+0000] {logging_mixin.py:188} INFO - [2024-04-15T14:34:27.773+0000] {dagbag.py:540} INFO - Filling up the DagBag from /home/airflow/.local/lib/python3.12/site-packages/airflow/example_dags/example_external_task_marker_dag.py
[2024-04-15T14:34:27.784+0000] {processor.py:840} INFO - DAG(s) 'example_external_task_marker_parent', 'example_external_task_marker_child' retrieved from /home/airflow/.local/lib/python3.12/site-packages/airflow/example_dags/example_external_task_marker_dag.py
[2024-04-15T14:34:27.815+0000] {logging_mixin.py:188} INFO - [2024-04-15T14:34:27.815+0000] {dag.py:3096} INFO - Sync 2 DAGs
[2024-04-15T14:34:27.834+0000] {logging_mixin.py:188} INFO - [2024-04-15T14:34:27.833+0000] {dag.py:3954} INFO - Setting next_dagrun for example_external_task_marker_child to None, run_after=None
[2024-04-15T14:34:27.840+0000] {logging_mixin.py:188} INFO - [2024-04-15T14:34:27.839+0000] {dag.py:3954} INFO - Setting next_dagrun for example_external_task_marker_parent to None, run_after=None
[2024-04-15T14:34:27.868+0000] {processor.py:183} INFO - Processing /home/airflow/.local/lib/python3.12/site-packages/airflow/example_dags/example_external_task_marker_dag.py took 0.109 seconds
[2024-04-15T14:34:58.340+0000] {processor.py:161} INFO - Started process (PID=777) to work on /home/airflow/.local/lib/python3.12/site-packages/airflow/example_dags/example_external_task_marker_dag.py
[2024-04-15T14:34:58.341+0000] {processor.py:830} INFO - Processing file /home/airflow/.local/lib/python3.12/site-packages/airflow/example_dags/example_external_task_marker_dag.py for tasks to queue
[2024-04-15T14:34:58.345+0000] {logging_mixin.py:188} INFO - [2024-04-15T14:34:58.344+0000] {dagbag.py:540} INFO - Filling up the DagBag from /home/airflow/.local/lib/python3.12/site-packages/airflow/example_dags/example_external_task_marker_dag.py
[2024-04-15T14:34:58.354+0000] {processor.py:840} INFO - DAG(s) 'example_external_task_marker_parent', 'example_external_task_marker_child' retrieved from /home/airflow/.local/lib/python3.12/site-packages/airflow/example_dags/example_external_task_marker_dag.py
[2024-04-15T14:34:58.387+0000] {logging_mixin.py:188} INFO - [2024-04-15T14:34:58.387+0000] {dag.py:3096} INFO - Sync 2 DAGs
[2024-04-15T14:34:58.405+0000] {logging_mixin.py:188} INFO - [2024-04-15T14:34:58.404+0000] {dag.py:3954} INFO - Setting next_dagrun for example_external_task_marker_child to None, run_after=None
[2024-04-15T14:34:58.410+0000] {logging_mixin.py:188} INFO - [2024-04-15T14:34:58.410+0000] {dag.py:3954} INFO - Setting next_dagrun for example_external_task_marker_parent to None, run_after=None
[2024-04-15T14:34:58.433+0000] {processor.py:183} INFO - Processing /home/airflow/.local/lib/python3.12/site-packages/airflow/example_dags/example_external_task_marker_dag.py took 0.100 seconds
[2024-04-15T14:35:28.970+0000] {processor.py:161} INFO - Started process (PID=836) to work on /home/airflow/.local/lib/python3.12/site-packages/airflow/example_dags/example_external_task_marker_dag.py
[2024-04-15T14:35:28.971+0000] {processor.py:830} INFO - Processing file /home/airflow/.local/lib/python3.12/site-packages/airflow/example_dags/example_external_task_marker_dag.py for tasks to queue
[2024-04-15T14:35:28.974+0000] {logging_mixin.py:188} INFO - [2024-04-15T14:35:28.974+0000] {dagbag.py:540} INFO - Filling up the DagBag from /home/airflow/.local/lib/python3.12/site-packages/airflow/example_dags/example_external_task_marker_dag.py
[2024-04-15T14:35:28.985+0000] {processor.py:840} INFO - DAG(s) 'example_external_task_marker_parent', 'example_external_task_marker_child' retrieved from /home/airflow/.local/lib/python3.12/site-packages/airflow/example_dags/example_external_task_marker_dag.py
[2024-04-15T14:35:29.017+0000] {logging_mixin.py:188} INFO - [2024-04-15T14:35:29.016+0000] {dag.py:3096} INFO - Sync 2 DAGs
[2024-04-15T14:35:29.034+0000] {logging_mixin.py:188} INFO - [2024-04-15T14:35:29.034+0000] {dag.py:3954} INFO - Setting next_dagrun for example_external_task_marker_child to None, run_after=None
[2024-04-15T14:35:29.040+0000] {logging_mixin.py:188} INFO - [2024-04-15T14:35:29.039+0000] {dag.py:3954} INFO - Setting next_dagrun for example_external_task_marker_parent to None, run_after=None
[2024-04-15T14:35:29.065+0000] {processor.py:183} INFO - Processing /home/airflow/.local/lib/python3.12/site-packages/airflow/example_dags/example_external_task_marker_dag.py took 0.104 seconds
[2024-04-15T14:35:59.657+0000] {processor.py:161} INFO - Started process (PID=895) to work on /home/airflow/.local/lib/python3.12/site-packages/airflow/example_dags/example_external_task_marker_dag.py
[2024-04-15T14:35:59.658+0000] {processor.py:830} INFO - Processing file /home/airflow/.local/lib/python3.12/site-packages/airflow/example_dags/example_external_task_marker_dag.py for tasks to queue
[2024-04-15T14:35:59.662+0000] {logging_mixin.py:188} INFO - [2024-04-15T14:35:59.661+0000] {dagbag.py:540} INFO - Filling up the DagBag from /home/airflow/.local/lib/python3.12/site-packages/airflow/example_dags/example_external_task_marker_dag.py
[2024-04-15T14:35:59.670+0000] {processor.py:840} INFO - DAG(s) 'example_external_task_marker_child', 'example_external_task_marker_parent' retrieved from /home/airflow/.local/lib/python3.12/site-packages/airflow/example_dags/example_external_task_marker_dag.py
[2024-04-15T14:35:59.704+0000] {logging_mixin.py:188} INFO - [2024-04-15T14:35:59.704+0000] {dag.py:3096} INFO - Sync 2 DAGs
[2024-04-15T14:35:59.722+0000] {logging_mixin.py:188} INFO - [2024-04-15T14:35:59.721+0000] {dag.py:3954} INFO - Setting next_dagrun for example_external_task_marker_child to None, run_after=None
[2024-04-15T14:35:59.727+0000] {logging_mixin.py:188} INFO - [2024-04-15T14:35:59.727+0000] {dag.py:3954} INFO - Setting next_dagrun for example_external_task_marker_parent to None, run_after=None
[2024-04-15T14:35:59.752+0000] {processor.py:183} INFO - Processing /home/airflow/.local/lib/python3.12/site-packages/airflow/example_dags/example_external_task_marker_dag.py took 0.104 seconds
[2024-04-15T14:36:30.076+0000] {processor.py:161} INFO - Started process (PID=954) to work on /home/airflow/.local/lib/python3.12/site-packages/airflow/example_dags/example_external_task_marker_dag.py
[2024-04-15T14:36:30.078+0000] {processor.py:830} INFO - Processing file /home/airflow/.local/lib/python3.12/site-packages/airflow/example_dags/example_external_task_marker_dag.py for tasks to queue
[2024-04-15T14:36:30.082+0000] {logging_mixin.py:188} INFO - [2024-04-15T14:36:30.081+0000] {dagbag.py:540} INFO - Filling up the DagBag from /home/airflow/.local/lib/python3.12/site-packages/airflow/example_dags/example_external_task_marker_dag.py
[2024-04-15T14:36:30.089+0000] {processor.py:840} INFO - DAG(s) 'example_external_task_marker_child', 'example_external_task_marker_parent' retrieved from /home/airflow/.local/lib/python3.12/site-packages/airflow/example_dags/example_external_task_marker_dag.py
[2024-04-15T14:36:30.125+0000] {logging_mixin.py:188} INFO - [2024-04-15T14:36:30.125+0000] {dag.py:3096} INFO - Sync 2 DAGs
[2024-04-15T14:36:30.145+0000] {logging_mixin.py:188} INFO - [2024-04-15T14:36:30.144+0000] {dag.py:3954} INFO - Setting next_dagrun for example_external_task_marker_child to None, run_after=None
[2024-04-15T14:36:30.150+0000] {logging_mixin.py:188} INFO - [2024-04-15T14:36:30.150+0000] {dag.py:3954} INFO - Setting next_dagrun for example_external_task_marker_parent to None, run_after=None
[2024-04-15T14:36:30.173+0000] {processor.py:183} INFO - Processing /home/airflow/.local/lib/python3.12/site-packages/airflow/example_dags/example_external_task_marker_dag.py took 0.106 seconds
[2024-04-15T14:37:00.667+0000] {processor.py:161} INFO - Started process (PID=1013) to work on /home/airflow/.local/lib/python3.12/site-packages/airflow/example_dags/example_external_task_marker_dag.py
[2024-04-15T14:37:00.669+0000] {processor.py:830} INFO - Processing file /home/airflow/.local/lib/python3.12/site-packages/airflow/example_dags/example_external_task_marker_dag.py for tasks to queue
[2024-04-15T14:37:00.671+0000] {logging_mixin.py:188} INFO - [2024-04-15T14:37:00.671+0000] {dagbag.py:540} INFO - Filling up the DagBag from /home/airflow/.local/lib/python3.12/site-packages/airflow/example_dags/example_external_task_marker_dag.py
[2024-04-15T14:37:00.679+0000] {processor.py:840} INFO - DAG(s) 'example_external_task_marker_child', 'example_external_task_marker_parent' retrieved from /home/airflow/.local/lib/python3.12/site-packages/airflow/example_dags/example_external_task_marker_dag.py
[2024-04-15T14:37:00.716+0000] {logging_mixin.py:188} INFO - [2024-04-15T14:37:00.716+0000] {dag.py:3096} INFO - Sync 2 DAGs
[2024-04-15T14:37:00.740+0000] {logging_mixin.py:188} INFO - [2024-04-15T14:37:00.740+0000] {dag.py:3954} INFO - Setting next_dagrun for example_external_task_marker_child to None, run_after=None
[2024-04-15T14:37:00.747+0000] {logging_mixin.py:188} INFO - [2024-04-15T14:37:00.747+0000] {dag.py:3954} INFO - Setting next_dagrun for example_external_task_marker_parent to None, run_after=None
[2024-04-15T14:37:00.774+0000] {processor.py:183} INFO - Processing /home/airflow/.local/lib/python3.12/site-packages/airflow/example_dags/example_external_task_marker_dag.py took 0.115 seconds
[2024-04-15T14:37:31.657+0000] {processor.py:161} INFO - Started process (PID=1072) to work on /home/airflow/.local/lib/python3.12/site-packages/airflow/example_dags/example_external_task_marker_dag.py
[2024-04-15T14:37:31.659+0000] {processor.py:830} INFO - Processing file /home/airflow/.local/lib/python3.12/site-packages/airflow/example_dags/example_external_task_marker_dag.py for tasks to queue
[2024-04-15T14:37:31.663+0000] {logging_mixin.py:188} INFO - [2024-04-15T14:37:31.663+0000] {dagbag.py:540} INFO - Filling up the DagBag from /home/airflow/.local/lib/python3.12/site-packages/airflow/example_dags/example_external_task_marker_dag.py
[2024-04-15T14:37:31.679+0000] {processor.py:840} INFO - DAG(s) 'example_external_task_marker_parent', 'example_external_task_marker_child' retrieved from /home/airflow/.local/lib/python3.12/site-packages/airflow/example_dags/example_external_task_marker_dag.py
[2024-04-15T14:37:31.730+0000] {logging_mixin.py:188} INFO - [2024-04-15T14:37:31.729+0000] {dag.py:3096} INFO - Sync 2 DAGs
[2024-04-15T14:37:31.755+0000] {logging_mixin.py:188} INFO - [2024-04-15T14:37:31.755+0000] {dag.py:3954} INFO - Setting next_dagrun for example_external_task_marker_child to None, run_after=None
[2024-04-15T14:37:31.761+0000] {logging_mixin.py:188} INFO - [2024-04-15T14:37:31.761+0000] {dag.py:3954} INFO - Setting next_dagrun for example_external_task_marker_parent to None, run_after=None
[2024-04-15T14:37:31.795+0000] {processor.py:183} INFO - Processing /home/airflow/.local/lib/python3.12/site-packages/airflow/example_dags/example_external_task_marker_dag.py took 0.150 seconds
[2024-04-15T14:38:02.851+0000] {processor.py:161} INFO - Started process (PID=1131) to work on /home/airflow/.local/lib/python3.12/site-packages/airflow/example_dags/example_external_task_marker_dag.py
[2024-04-15T14:38:02.853+0000] {processor.py:830} INFO - Processing file /home/airflow/.local/lib/python3.12/site-packages/airflow/example_dags/example_external_task_marker_dag.py for tasks to queue
[2024-04-15T14:38:02.857+0000] {logging_mixin.py:188} INFO - [2024-04-15T14:38:02.856+0000] {dagbag.py:540} INFO - Filling up the DagBag from /home/airflow/.local/lib/python3.12/site-packages/airflow/example_dags/example_external_task_marker_dag.py
[2024-04-15T14:38:02.867+0000] {processor.py:840} INFO - DAG(s) 'example_external_task_marker_parent', 'example_external_task_marker_child' retrieved from /home/airflow/.local/lib/python3.12/site-packages/airflow/example_dags/example_external_task_marker_dag.py
[2024-04-15T14:38:02.907+0000] {logging_mixin.py:188} INFO - [2024-04-15T14:38:02.906+0000] {dag.py:3096} INFO - Sync 2 DAGs
[2024-04-15T14:38:03.129+0000] {logging_mixin.py:188} INFO - [2024-04-15T14:38:03.129+0000] {dag.py:3954} INFO - Setting next_dagrun for example_external_task_marker_child to None, run_after=None
[2024-04-15T14:38:03.137+0000] {logging_mixin.py:188} INFO - [2024-04-15T14:38:03.137+0000] {dag.py:3954} INFO - Setting next_dagrun for example_external_task_marker_parent to None, run_after=None
[2024-04-15T14:38:03.173+0000] {processor.py:183} INFO - Processing /home/airflow/.local/lib/python3.12/site-packages/airflow/example_dags/example_external_task_marker_dag.py took 0.333 seconds
