[2024-04-15T14:28:46.320+0000] {processor.py:161} INFO - Started process (PID=71) to work on /home/airflow/.local/lib/python3.12/site-packages/airflow/example_dags/example_branch_python_dop_operator_3.py
[2024-04-15T14:28:46.322+0000] {processor.py:830} INFO - Processing file /home/airflow/.local/lib/python3.12/site-packages/airflow/example_dags/example_branch_python_dop_operator_3.py for tasks to queue
[2024-04-15T14:28:46.325+0000] {logging_mixin.py:188} INFO - [2024-04-15T14:28:46.324+0000] {dagbag.py:540} INFO - Filling up the DagBag from /home/airflow/.local/lib/python3.12/site-packages/airflow/example_dags/example_branch_python_dop_operator_3.py
[2024-04-15T14:28:46.346+0000] {processor.py:840} INFO - DAG(s) 'example_branch_dop_operator_v3' retrieved from /home/airflow/.local/lib/python3.12/site-packages/airflow/example_dags/example_branch_python_dop_operator_3.py
[2024-04-15T14:28:46.403+0000] {logging_mixin.py:188} INFO - [2024-04-15T14:28:46.403+0000] {dag.py:3096} INFO - Sync 1 DAGs
[2024-04-15T14:28:46.497+0000] {logging_mixin.py:188} INFO - [2024-04-15T14:28:46.497+0000] {dag.py:3954} INFO - Setting next_dagrun for example_branch_dop_operator_v3 to 2024-04-15 14:27:00+00:00, run_after=2024-04-15 14:28:00+00:00
[2024-04-15T14:28:46.577+0000] {processor.py:183} INFO - Processing /home/airflow/.local/lib/python3.12/site-packages/airflow/example_dags/example_branch_python_dop_operator_3.py took 0.266 seconds
[2024-04-15T14:29:16.799+0000] {processor.py:161} INFO - Started process (PID=130) to work on /home/airflow/.local/lib/python3.12/site-packages/airflow/example_dags/example_branch_python_dop_operator_3.py
[2024-04-15T14:29:16.800+0000] {processor.py:830} INFO - Processing file /home/airflow/.local/lib/python3.12/site-packages/airflow/example_dags/example_branch_python_dop_operator_3.py for tasks to queue
[2024-04-15T14:29:16.803+0000] {logging_mixin.py:188} INFO - [2024-04-15T14:29:16.802+0000] {dagbag.py:540} INFO - Filling up the DagBag from /home/airflow/.local/lib/python3.12/site-packages/airflow/example_dags/example_branch_python_dop_operator_3.py
[2024-04-15T14:29:16.817+0000] {processor.py:840} INFO - DAG(s) 'example_branch_dop_operator_v3' retrieved from /home/airflow/.local/lib/python3.12/site-packages/airflow/example_dags/example_branch_python_dop_operator_3.py
[2024-04-15T14:29:16.852+0000] {logging_mixin.py:188} INFO - [2024-04-15T14:29:16.852+0000] {dag.py:3096} INFO - Sync 1 DAGs
[2024-04-15T14:29:16.891+0000] {logging_mixin.py:188} INFO - [2024-04-15T14:29:16.890+0000] {dag.py:3954} INFO - Setting next_dagrun for example_branch_dop_operator_v3 to 2024-04-15 14:28:00+00:00, run_after=2024-04-15 14:29:00+00:00
[2024-04-15T14:29:16.918+0000] {processor.py:183} INFO - Processing /home/airflow/.local/lib/python3.12/site-packages/airflow/example_dags/example_branch_python_dop_operator_3.py took 0.129 seconds
[2024-04-15T14:29:47.480+0000] {processor.py:161} INFO - Started process (PID=189) to work on /home/airflow/.local/lib/python3.12/site-packages/airflow/example_dags/example_branch_python_dop_operator_3.py
[2024-04-15T14:29:47.481+0000] {processor.py:830} INFO - Processing file /home/airflow/.local/lib/python3.12/site-packages/airflow/example_dags/example_branch_python_dop_operator_3.py for tasks to queue
[2024-04-15T14:29:47.484+0000] {logging_mixin.py:188} INFO - [2024-04-15T14:29:47.483+0000] {dagbag.py:540} INFO - Filling up the DagBag from /home/airflow/.local/lib/python3.12/site-packages/airflow/example_dags/example_branch_python_dop_operator_3.py
[2024-04-15T14:29:47.498+0000] {processor.py:840} INFO - DAG(s) 'example_branch_dop_operator_v3' retrieved from /home/airflow/.local/lib/python3.12/site-packages/airflow/example_dags/example_branch_python_dop_operator_3.py
[2024-04-15T14:29:47.527+0000] {logging_mixin.py:188} INFO - [2024-04-15T14:29:47.526+0000] {dag.py:3096} INFO - Sync 1 DAGs
[2024-04-15T14:29:47.563+0000] {logging_mixin.py:188} INFO - [2024-04-15T14:29:47.563+0000] {dag.py:3954} INFO - Setting next_dagrun for example_branch_dop_operator_v3 to 2024-04-15 14:28:00+00:00, run_after=2024-04-15 14:29:00+00:00
[2024-04-15T14:29:47.592+0000] {processor.py:183} INFO - Processing /home/airflow/.local/lib/python3.12/site-packages/airflow/example_dags/example_branch_python_dop_operator_3.py took 0.119 seconds
[2024-04-15T14:30:22.972+0000] {processor.py:161} INFO - Started process (PID=248) to work on /home/airflow/.local/lib/python3.12/site-packages/airflow/example_dags/example_branch_python_dop_operator_3.py
[2024-04-15T14:30:22.976+0000] {processor.py:830} INFO - Processing file /home/airflow/.local/lib/python3.12/site-packages/airflow/example_dags/example_branch_python_dop_operator_3.py for tasks to queue
[2024-04-15T14:30:22.987+0000] {logging_mixin.py:188} INFO - [2024-04-15T14:30:22.986+0000] {dagbag.py:540} INFO - Filling up the DagBag from /home/airflow/.local/lib/python3.12/site-packages/airflow/example_dags/example_branch_python_dop_operator_3.py
[2024-04-15T14:30:23.025+0000] {processor.py:840} INFO - DAG(s) 'example_branch_dop_operator_v3' retrieved from /home/airflow/.local/lib/python3.12/site-packages/airflow/example_dags/example_branch_python_dop_operator_3.py
[2024-04-15T14:30:23.113+0000] {logging_mixin.py:188} INFO - [2024-04-15T14:30:23.113+0000] {dag.py:3096} INFO - Sync 1 DAGs
[2024-04-15T14:30:23.353+0000] {logging_mixin.py:188} INFO - [2024-04-15T14:30:23.335+0000] {dag.py:3954} INFO - Setting next_dagrun for example_branch_dop_operator_v3 to 2024-04-15 14:29:00+00:00, run_after=2024-04-15 14:30:00+00:00
[2024-04-15T14:30:23.498+0000] {processor.py:183} INFO - Processing /home/airflow/.local/lib/python3.12/site-packages/airflow/example_dags/example_branch_python_dop_operator_3.py took 0.559 seconds
[2024-04-15T14:30:53.636+0000] {processor.py:161} INFO - Started process (PID=307) to work on /home/airflow/.local/lib/python3.12/site-packages/airflow/example_dags/example_branch_python_dop_operator_3.py
[2024-04-15T14:30:53.644+0000] {processor.py:830} INFO - Processing file /home/airflow/.local/lib/python3.12/site-packages/airflow/example_dags/example_branch_python_dop_operator_3.py for tasks to queue
[2024-04-15T14:30:53.649+0000] {logging_mixin.py:188} INFO - [2024-04-15T14:30:53.649+0000] {dagbag.py:540} INFO - Filling up the DagBag from /home/airflow/.local/lib/python3.12/site-packages/airflow/example_dags/example_branch_python_dop_operator_3.py
[2024-04-15T14:30:53.677+0000] {processor.py:840} INFO - DAG(s) 'example_branch_dop_operator_v3' retrieved from /home/airflow/.local/lib/python3.12/site-packages/airflow/example_dags/example_branch_python_dop_operator_3.py
[2024-04-15T14:30:53.743+0000] {logging_mixin.py:188} INFO - [2024-04-15T14:30:53.742+0000] {dag.py:3096} INFO - Sync 1 DAGs
[2024-04-15T14:30:53.845+0000] {logging_mixin.py:188} INFO - [2024-04-15T14:30:53.843+0000] {dag.py:3954} INFO - Setting next_dagrun for example_branch_dop_operator_v3 to 2024-04-15 14:29:00+00:00, run_after=2024-04-15 14:30:00+00:00
[2024-04-15T14:30:53.938+0000] {processor.py:183} INFO - Processing /home/airflow/.local/lib/python3.12/site-packages/airflow/example_dags/example_branch_python_dop_operator_3.py took 0.324 seconds
[2024-04-15T14:31:24.225+0000] {processor.py:161} INFO - Started process (PID=365) to work on /home/airflow/.local/lib/python3.12/site-packages/airflow/example_dags/example_branch_python_dop_operator_3.py
[2024-04-15T14:31:24.226+0000] {processor.py:830} INFO - Processing file /home/airflow/.local/lib/python3.12/site-packages/airflow/example_dags/example_branch_python_dop_operator_3.py for tasks to queue
[2024-04-15T14:31:24.229+0000] {logging_mixin.py:188} INFO - [2024-04-15T14:31:24.229+0000] {dagbag.py:540} INFO - Filling up the DagBag from /home/airflow/.local/lib/python3.12/site-packages/airflow/example_dags/example_branch_python_dop_operator_3.py
[2024-04-15T14:31:24.242+0000] {processor.py:840} INFO - DAG(s) 'example_branch_dop_operator_v3' retrieved from /home/airflow/.local/lib/python3.12/site-packages/airflow/example_dags/example_branch_python_dop_operator_3.py
[2024-04-15T14:31:24.276+0000] {logging_mixin.py:188} INFO - [2024-04-15T14:31:24.275+0000] {dag.py:3096} INFO - Sync 1 DAGs
[2024-04-15T14:31:24.342+0000] {logging_mixin.py:188} INFO - [2024-04-15T14:31:24.342+0000] {dag.py:3954} INFO - Setting next_dagrun for example_branch_dop_operator_v3 to 2024-04-15 14:30:00+00:00, run_after=2024-04-15 14:31:00+00:00
[2024-04-15T14:31:24.407+0000] {processor.py:183} INFO - Processing /home/airflow/.local/lib/python3.12/site-packages/airflow/example_dags/example_branch_python_dop_operator_3.py took 0.191 seconds
[2024-04-15T14:31:54.547+0000] {processor.py:161} INFO - Started process (PID=425) to work on /home/airflow/.local/lib/python3.12/site-packages/airflow/example_dags/example_branch_python_dop_operator_3.py
[2024-04-15T14:31:54.548+0000] {processor.py:830} INFO - Processing file /home/airflow/.local/lib/python3.12/site-packages/airflow/example_dags/example_branch_python_dop_operator_3.py for tasks to queue
[2024-04-15T14:31:54.551+0000] {logging_mixin.py:188} INFO - [2024-04-15T14:31:54.550+0000] {dagbag.py:540} INFO - Filling up the DagBag from /home/airflow/.local/lib/python3.12/site-packages/airflow/example_dags/example_branch_python_dop_operator_3.py
[2024-04-15T14:31:54.562+0000] {processor.py:840} INFO - DAG(s) 'example_branch_dop_operator_v3' retrieved from /home/airflow/.local/lib/python3.12/site-packages/airflow/example_dags/example_branch_python_dop_operator_3.py
[2024-04-15T14:31:54.590+0000] {logging_mixin.py:188} INFO - [2024-04-15T14:31:54.590+0000] {dag.py:3096} INFO - Sync 1 DAGs
[2024-04-15T14:31:54.629+0000] {logging_mixin.py:188} INFO - [2024-04-15T14:31:54.629+0000] {dag.py:3954} INFO - Setting next_dagrun for example_branch_dop_operator_v3 to 2024-04-15 14:30:00+00:00, run_after=2024-04-15 14:31:00+00:00
[2024-04-15T14:31:54.660+0000] {processor.py:183} INFO - Processing /home/airflow/.local/lib/python3.12/site-packages/airflow/example_dags/example_branch_python_dop_operator_3.py took 0.123 seconds
[2024-04-15T14:32:25.026+0000] {processor.py:161} INFO - Started process (PID=483) to work on /home/airflow/.local/lib/python3.12/site-packages/airflow/example_dags/example_branch_python_dop_operator_3.py
[2024-04-15T14:32:25.028+0000] {processor.py:830} INFO - Processing file /home/airflow/.local/lib/python3.12/site-packages/airflow/example_dags/example_branch_python_dop_operator_3.py for tasks to queue
[2024-04-15T14:32:25.030+0000] {logging_mixin.py:188} INFO - [2024-04-15T14:32:25.030+0000] {dagbag.py:540} INFO - Filling up the DagBag from /home/airflow/.local/lib/python3.12/site-packages/airflow/example_dags/example_branch_python_dop_operator_3.py
[2024-04-15T14:32:25.042+0000] {processor.py:840} INFO - DAG(s) 'example_branch_dop_operator_v3' retrieved from /home/airflow/.local/lib/python3.12/site-packages/airflow/example_dags/example_branch_python_dop_operator_3.py
[2024-04-15T14:32:25.072+0000] {logging_mixin.py:188} INFO - [2024-04-15T14:32:25.071+0000] {dag.py:3096} INFO - Sync 1 DAGs
[2024-04-15T14:32:25.111+0000] {logging_mixin.py:188} INFO - [2024-04-15T14:32:25.111+0000] {dag.py:3954} INFO - Setting next_dagrun for example_branch_dop_operator_v3 to 2024-04-15 14:31:00+00:00, run_after=2024-04-15 14:32:00+00:00
[2024-04-15T14:32:25.159+0000] {processor.py:183} INFO - Processing /home/airflow/.local/lib/python3.12/site-packages/airflow/example_dags/example_branch_python_dop_operator_3.py took 0.140 seconds
[2024-04-15T14:32:55.918+0000] {processor.py:161} INFO - Started process (PID=541) to work on /home/airflow/.local/lib/python3.12/site-packages/airflow/example_dags/example_branch_python_dop_operator_3.py
[2024-04-15T14:32:55.920+0000] {processor.py:830} INFO - Processing file /home/airflow/.local/lib/python3.12/site-packages/airflow/example_dags/example_branch_python_dop_operator_3.py for tasks to queue
[2024-04-15T14:32:55.923+0000] {logging_mixin.py:188} INFO - [2024-04-15T14:32:55.923+0000] {dagbag.py:540} INFO - Filling up the DagBag from /home/airflow/.local/lib/python3.12/site-packages/airflow/example_dags/example_branch_python_dop_operator_3.py
[2024-04-15T14:32:55.941+0000] {processor.py:840} INFO - DAG(s) 'example_branch_dop_operator_v3' retrieved from /home/airflow/.local/lib/python3.12/site-packages/airflow/example_dags/example_branch_python_dop_operator_3.py
[2024-04-15T14:32:55.977+0000] {logging_mixin.py:188} INFO - [2024-04-15T14:32:55.977+0000] {dag.py:3096} INFO - Sync 1 DAGs
[2024-04-15T14:32:56.023+0000] {logging_mixin.py:188} INFO - [2024-04-15T14:32:56.022+0000] {dag.py:3954} INFO - Setting next_dagrun for example_branch_dop_operator_v3 to 2024-04-15 14:31:00+00:00, run_after=2024-04-15 14:32:00+00:00
[2024-04-15T14:32:56.050+0000] {processor.py:183} INFO - Processing /home/airflow/.local/lib/python3.12/site-packages/airflow/example_dags/example_branch_python_dop_operator_3.py took 0.148 seconds
[2024-04-15T14:33:26.641+0000] {processor.py:161} INFO - Started process (PID=600) to work on /home/airflow/.local/lib/python3.12/site-packages/airflow/example_dags/example_branch_python_dop_operator_3.py
[2024-04-15T14:33:26.642+0000] {processor.py:830} INFO - Processing file /home/airflow/.local/lib/python3.12/site-packages/airflow/example_dags/example_branch_python_dop_operator_3.py for tasks to queue
[2024-04-15T14:33:26.645+0000] {logging_mixin.py:188} INFO - [2024-04-15T14:33:26.645+0000] {dagbag.py:540} INFO - Filling up the DagBag from /home/airflow/.local/lib/python3.12/site-packages/airflow/example_dags/example_branch_python_dop_operator_3.py
[2024-04-15T14:33:26.660+0000] {processor.py:840} INFO - DAG(s) 'example_branch_dop_operator_v3' retrieved from /home/airflow/.local/lib/python3.12/site-packages/airflow/example_dags/example_branch_python_dop_operator_3.py
[2024-04-15T14:33:26.693+0000] {logging_mixin.py:188} INFO - [2024-04-15T14:33:26.693+0000] {dag.py:3096} INFO - Sync 1 DAGs
[2024-04-15T14:33:26.732+0000] {logging_mixin.py:188} INFO - [2024-04-15T14:33:26.732+0000] {dag.py:3954} INFO - Setting next_dagrun for example_branch_dop_operator_v3 to 2024-04-15 14:32:00+00:00, run_after=2024-04-15 14:33:00+00:00
[2024-04-15T14:33:26.771+0000] {processor.py:183} INFO - Processing /home/airflow/.local/lib/python3.12/site-packages/airflow/example_dags/example_branch_python_dop_operator_3.py took 0.139 seconds
[2024-04-15T14:33:56.988+0000] {processor.py:161} INFO - Started process (PID=659) to work on /home/airflow/.local/lib/python3.12/site-packages/airflow/example_dags/example_branch_python_dop_operator_3.py
[2024-04-15T14:33:56.989+0000] {processor.py:830} INFO - Processing file /home/airflow/.local/lib/python3.12/site-packages/airflow/example_dags/example_branch_python_dop_operator_3.py for tasks to queue
[2024-04-15T14:33:56.993+0000] {logging_mixin.py:188} INFO - [2024-04-15T14:33:56.992+0000] {dagbag.py:540} INFO - Filling up the DagBag from /home/airflow/.local/lib/python3.12/site-packages/airflow/example_dags/example_branch_python_dop_operator_3.py
[2024-04-15T14:33:57.009+0000] {processor.py:840} INFO - DAG(s) 'example_branch_dop_operator_v3' retrieved from /home/airflow/.local/lib/python3.12/site-packages/airflow/example_dags/example_branch_python_dop_operator_3.py
[2024-04-15T14:33:57.042+0000] {logging_mixin.py:188} INFO - [2024-04-15T14:33:57.042+0000] {dag.py:3096} INFO - Sync 1 DAGs
[2024-04-15T14:33:57.106+0000] {logging_mixin.py:188} INFO - [2024-04-15T14:33:57.106+0000] {dag.py:3954} INFO - Setting next_dagrun for example_branch_dop_operator_v3 to 2024-04-15 14:32:00+00:00, run_after=2024-04-15 14:33:00+00:00
[2024-04-15T14:33:57.156+0000] {processor.py:183} INFO - Processing /home/airflow/.local/lib/python3.12/site-packages/airflow/example_dags/example_branch_python_dop_operator_3.py took 0.178 seconds
[2024-04-15T14:34:27.707+0000] {processor.py:161} INFO - Started process (PID=717) to work on /home/airflow/.local/lib/python3.12/site-packages/airflow/example_dags/example_branch_python_dop_operator_3.py
[2024-04-15T14:34:27.709+0000] {processor.py:830} INFO - Processing file /home/airflow/.local/lib/python3.12/site-packages/airflow/example_dags/example_branch_python_dop_operator_3.py for tasks to queue
[2024-04-15T14:34:27.711+0000] {logging_mixin.py:188} INFO - [2024-04-15T14:34:27.711+0000] {dagbag.py:540} INFO - Filling up the DagBag from /home/airflow/.local/lib/python3.12/site-packages/airflow/example_dags/example_branch_python_dop_operator_3.py
[2024-04-15T14:34:27.725+0000] {processor.py:840} INFO - DAG(s) 'example_branch_dop_operator_v3' retrieved from /home/airflow/.local/lib/python3.12/site-packages/airflow/example_dags/example_branch_python_dop_operator_3.py
[2024-04-15T14:34:27.752+0000] {logging_mixin.py:188} INFO - [2024-04-15T14:34:27.751+0000] {dag.py:3096} INFO - Sync 1 DAGs
[2024-04-15T14:34:27.798+0000] {logging_mixin.py:188} INFO - [2024-04-15T14:34:27.798+0000] {dag.py:3954} INFO - Setting next_dagrun for example_branch_dop_operator_v3 to 2024-04-15 14:33:00+00:00, run_after=2024-04-15 14:34:00+00:00
[2024-04-15T14:34:27.827+0000] {processor.py:183} INFO - Processing /home/airflow/.local/lib/python3.12/site-packages/airflow/example_dags/example_branch_python_dop_operator_3.py took 0.128 seconds
[2024-04-15T14:34:58.224+0000] {processor.py:161} INFO - Started process (PID=776) to work on /home/airflow/.local/lib/python3.12/site-packages/airflow/example_dags/example_branch_python_dop_operator_3.py
[2024-04-15T14:34:58.226+0000] {processor.py:830} INFO - Processing file /home/airflow/.local/lib/python3.12/site-packages/airflow/example_dags/example_branch_python_dop_operator_3.py for tasks to queue
[2024-04-15T14:34:58.229+0000] {logging_mixin.py:188} INFO - [2024-04-15T14:34:58.228+0000] {dagbag.py:540} INFO - Filling up the DagBag from /home/airflow/.local/lib/python3.12/site-packages/airflow/example_dags/example_branch_python_dop_operator_3.py
[2024-04-15T14:34:58.241+0000] {processor.py:840} INFO - DAG(s) 'example_branch_dop_operator_v3' retrieved from /home/airflow/.local/lib/python3.12/site-packages/airflow/example_dags/example_branch_python_dop_operator_3.py
[2024-04-15T14:34:58.267+0000] {logging_mixin.py:188} INFO - [2024-04-15T14:34:58.267+0000] {dag.py:3096} INFO - Sync 1 DAGs
[2024-04-15T14:34:58.304+0000] {logging_mixin.py:188} INFO - [2024-04-15T14:34:58.304+0000] {dag.py:3954} INFO - Setting next_dagrun for example_branch_dop_operator_v3 to 2024-04-15 14:33:00+00:00, run_after=2024-04-15 14:34:00+00:00
[2024-04-15T14:34:58.339+0000] {processor.py:183} INFO - Processing /home/airflow/.local/lib/python3.12/site-packages/airflow/example_dags/example_branch_python_dop_operator_3.py took 0.125 seconds
[2024-04-15T14:35:28.807+0000] {processor.py:161} INFO - Started process (PID=835) to work on /home/airflow/.local/lib/python3.12/site-packages/airflow/example_dags/example_branch_python_dop_operator_3.py
[2024-04-15T14:35:28.808+0000] {processor.py:830} INFO - Processing file /home/airflow/.local/lib/python3.12/site-packages/airflow/example_dags/example_branch_python_dop_operator_3.py for tasks to queue
[2024-04-15T14:35:28.812+0000] {logging_mixin.py:188} INFO - [2024-04-15T14:35:28.811+0000] {dagbag.py:540} INFO - Filling up the DagBag from /home/airflow/.local/lib/python3.12/site-packages/airflow/example_dags/example_branch_python_dop_operator_3.py
[2024-04-15T14:35:28.829+0000] {processor.py:840} INFO - DAG(s) 'example_branch_dop_operator_v3' retrieved from /home/airflow/.local/lib/python3.12/site-packages/airflow/example_dags/example_branch_python_dop_operator_3.py
[2024-04-15T14:35:28.872+0000] {logging_mixin.py:188} INFO - [2024-04-15T14:35:28.871+0000] {dag.py:3096} INFO - Sync 1 DAGs
[2024-04-15T14:35:28.943+0000] {logging_mixin.py:188} INFO - [2024-04-15T14:35:28.942+0000] {dag.py:3954} INFO - Setting next_dagrun for example_branch_dop_operator_v3 to 2024-04-15 14:34:00+00:00, run_after=2024-04-15 14:35:00+00:00
[2024-04-15T14:35:28.981+0000] {processor.py:183} INFO - Processing /home/airflow/.local/lib/python3.12/site-packages/airflow/example_dags/example_branch_python_dop_operator_3.py took 0.187 seconds
[2024-04-15T14:35:59.551+0000] {processor.py:161} INFO - Started process (PID=894) to work on /home/airflow/.local/lib/python3.12/site-packages/airflow/example_dags/example_branch_python_dop_operator_3.py
[2024-04-15T14:35:59.553+0000] {processor.py:830} INFO - Processing file /home/airflow/.local/lib/python3.12/site-packages/airflow/example_dags/example_branch_python_dop_operator_3.py for tasks to queue
[2024-04-15T14:35:59.555+0000] {logging_mixin.py:188} INFO - [2024-04-15T14:35:59.555+0000] {dagbag.py:540} INFO - Filling up the DagBag from /home/airflow/.local/lib/python3.12/site-packages/airflow/example_dags/example_branch_python_dop_operator_3.py
[2024-04-15T14:35:59.568+0000] {processor.py:840} INFO - DAG(s) 'example_branch_dop_operator_v3' retrieved from /home/airflow/.local/lib/python3.12/site-packages/airflow/example_dags/example_branch_python_dop_operator_3.py
[2024-04-15T14:35:59.600+0000] {logging_mixin.py:188} INFO - [2024-04-15T14:35:59.599+0000] {dag.py:3096} INFO - Sync 1 DAGs
[2024-04-15T14:35:59.648+0000] {logging_mixin.py:188} INFO - [2024-04-15T14:35:59.647+0000] {dag.py:3954} INFO - Setting next_dagrun for example_branch_dop_operator_v3 to 2024-04-15 14:34:00+00:00, run_after=2024-04-15 14:35:00+00:00
[2024-04-15T14:35:59.689+0000] {processor.py:183} INFO - Processing /home/airflow/.local/lib/python3.12/site-packages/airflow/example_dags/example_branch_python_dop_operator_3.py took 0.147 seconds
[2024-04-15T14:36:30.001+0000] {processor.py:161} INFO - Started process (PID=953) to work on /home/airflow/.local/lib/python3.12/site-packages/airflow/example_dags/example_branch_python_dop_operator_3.py
[2024-04-15T14:36:30.002+0000] {processor.py:830} INFO - Processing file /home/airflow/.local/lib/python3.12/site-packages/airflow/example_dags/example_branch_python_dop_operator_3.py for tasks to queue
[2024-04-15T14:36:30.005+0000] {logging_mixin.py:188} INFO - [2024-04-15T14:36:30.004+0000] {dagbag.py:540} INFO - Filling up the DagBag from /home/airflow/.local/lib/python3.12/site-packages/airflow/example_dags/example_branch_python_dop_operator_3.py
[2024-04-15T14:36:30.016+0000] {processor.py:840} INFO - DAG(s) 'example_branch_dop_operator_v3' retrieved from /home/airflow/.local/lib/python3.12/site-packages/airflow/example_dags/example_branch_python_dop_operator_3.py
[2024-04-15T14:36:30.044+0000] {logging_mixin.py:188} INFO - [2024-04-15T14:36:30.044+0000] {dag.py:3096} INFO - Sync 1 DAGs
[2024-04-15T14:36:30.090+0000] {logging_mixin.py:188} INFO - [2024-04-15T14:36:30.089+0000] {dag.py:3954} INFO - Setting next_dagrun for example_branch_dop_operator_v3 to 2024-04-15 14:35:00+00:00, run_after=2024-04-15 14:36:00+00:00
[2024-04-15T14:36:30.121+0000] {processor.py:183} INFO - Processing /home/airflow/.local/lib/python3.12/site-packages/airflow/example_dags/example_branch_python_dop_operator_3.py took 0.129 seconds
[2024-04-15T14:37:00.501+0000] {processor.py:161} INFO - Started process (PID=1012) to work on /home/airflow/.local/lib/python3.12/site-packages/airflow/example_dags/example_branch_python_dop_operator_3.py
[2024-04-15T14:37:00.502+0000] {processor.py:830} INFO - Processing file /home/airflow/.local/lib/python3.12/site-packages/airflow/example_dags/example_branch_python_dop_operator_3.py for tasks to queue
[2024-04-15T14:37:00.504+0000] {logging_mixin.py:188} INFO - [2024-04-15T14:37:00.504+0000] {dagbag.py:540} INFO - Filling up the DagBag from /home/airflow/.local/lib/python3.12/site-packages/airflow/example_dags/example_branch_python_dop_operator_3.py
[2024-04-15T14:37:00.515+0000] {processor.py:840} INFO - DAG(s) 'example_branch_dop_operator_v3' retrieved from /home/airflow/.local/lib/python3.12/site-packages/airflow/example_dags/example_branch_python_dop_operator_3.py
[2024-04-15T14:37:00.541+0000] {logging_mixin.py:188} INFO - [2024-04-15T14:37:00.541+0000] {dag.py:3096} INFO - Sync 1 DAGs
[2024-04-15T14:37:00.585+0000] {logging_mixin.py:188} INFO - [2024-04-15T14:37:00.584+0000] {dag.py:3954} INFO - Setting next_dagrun for example_branch_dop_operator_v3 to 2024-04-15 14:36:00+00:00, run_after=2024-04-15 14:37:00+00:00
[2024-04-15T14:37:00.615+0000] {processor.py:183} INFO - Processing /home/airflow/.local/lib/python3.12/site-packages/airflow/example_dags/example_branch_python_dop_operator_3.py took 0.122 seconds
[2024-04-15T14:37:31.651+0000] {processor.py:161} INFO - Started process (PID=1071) to work on /home/airflow/.local/lib/python3.12/site-packages/airflow/example_dags/example_branch_python_dop_operator_3.py
[2024-04-15T14:37:31.653+0000] {processor.py:830} INFO - Processing file /home/airflow/.local/lib/python3.12/site-packages/airflow/example_dags/example_branch_python_dop_operator_3.py for tasks to queue
[2024-04-15T14:37:31.658+0000] {logging_mixin.py:188} INFO - [2024-04-15T14:37:31.657+0000] {dagbag.py:540} INFO - Filling up the DagBag from /home/airflow/.local/lib/python3.12/site-packages/airflow/example_dags/example_branch_python_dop_operator_3.py
[2024-04-15T14:37:31.677+0000] {processor.py:840} INFO - DAG(s) 'example_branch_dop_operator_v3' retrieved from /home/airflow/.local/lib/python3.12/site-packages/airflow/example_dags/example_branch_python_dop_operator_3.py
[2024-04-15T14:37:31.728+0000] {logging_mixin.py:188} INFO - [2024-04-15T14:37:31.728+0000] {dag.py:3096} INFO - Sync 1 DAGs
[2024-04-15T14:37:31.779+0000] {logging_mixin.py:188} INFO - [2024-04-15T14:37:31.778+0000] {dag.py:3954} INFO - Setting next_dagrun for example_branch_dop_operator_v3 to 2024-04-15 14:36:00+00:00, run_after=2024-04-15 14:37:00+00:00
[2024-04-15T14:37:31.811+0000] {processor.py:183} INFO - Processing /home/airflow/.local/lib/python3.12/site-packages/airflow/example_dags/example_branch_python_dop_operator_3.py took 0.172 seconds
[2024-04-15T14:38:02.624+0000] {processor.py:161} INFO - Started process (PID=1130) to work on /home/airflow/.local/lib/python3.12/site-packages/airflow/example_dags/example_branch_python_dop_operator_3.py
[2024-04-15T14:38:02.626+0000] {processor.py:830} INFO - Processing file /home/airflow/.local/lib/python3.12/site-packages/airflow/example_dags/example_branch_python_dop_operator_3.py for tasks to queue
[2024-04-15T14:38:02.629+0000] {logging_mixin.py:188} INFO - [2024-04-15T14:38:02.628+0000] {dagbag.py:540} INFO - Filling up the DagBag from /home/airflow/.local/lib/python3.12/site-packages/airflow/example_dags/example_branch_python_dop_operator_3.py
[2024-04-15T14:38:02.644+0000] {processor.py:840} INFO - DAG(s) 'example_branch_dop_operator_v3' retrieved from /home/airflow/.local/lib/python3.12/site-packages/airflow/example_dags/example_branch_python_dop_operator_3.py
[2024-04-15T14:38:02.681+0000] {logging_mixin.py:188} INFO - [2024-04-15T14:38:02.680+0000] {dag.py:3096} INFO - Sync 1 DAGs
[2024-04-15T14:38:02.924+0000] {logging_mixin.py:188} INFO - [2024-04-15T14:38:02.924+0000] {dag.py:3954} INFO - Setting next_dagrun for example_branch_dop_operator_v3 to 2024-04-15 14:37:00+00:00, run_after=2024-04-15 14:38:00+00:00
[2024-04-15T14:38:02.967+0000] {processor.py:183} INFO - Processing /home/airflow/.local/lib/python3.12/site-packages/airflow/example_dags/example_branch_python_dop_operator_3.py took 0.353 seconds
