[2024-04-15T14:28:44.431+0000] {processor.py:161} INFO - Started process (PID=62) to work on /home/airflow/.local/lib/python3.12/site-packages/airflow/example_dags/example_latest_only.py
[2024-04-15T14:28:44.447+0000] {processor.py:830} INFO - Processing file /home/airflow/.local/lib/python3.12/site-packages/airflow/example_dags/example_latest_only.py for tasks to queue
[2024-04-15T14:28:44.451+0000] {logging_mixin.py:188} INFO - [2024-04-15T14:28:44.451+0000] {dagbag.py:540} INFO - Filling up the DagBag from /home/airflow/.local/lib/python3.12/site-packages/airflow/example_dags/example_latest_only.py
[2024-04-15T14:28:44.467+0000] {processor.py:840} INFO - DAG(s) 'latest_only' retrieved from /home/airflow/.local/lib/python3.12/site-packages/airflow/example_dags/example_latest_only.py
[2024-04-15T14:28:44.545+0000] {logging_mixin.py:188} INFO - [2024-04-15T14:28:44.544+0000] {dag.py:3096} INFO - Sync 1 DAGs
[2024-04-15T14:28:44.606+0000] {logging_mixin.py:188} INFO - [2024-04-15T14:28:44.605+0000] {dag.py:3954} INFO - Setting next_dagrun for latest_only to 2024-04-15 08:00:00+00:00, run_after=2024-04-15 12:00:00+00:00
[2024-04-15T14:28:44.686+0000] {processor.py:183} INFO - Processing /home/airflow/.local/lib/python3.12/site-packages/airflow/example_dags/example_latest_only.py took 0.273 seconds
[2024-04-15T14:29:14.848+0000] {processor.py:161} INFO - Started process (PID=121) to work on /home/airflow/.local/lib/python3.12/site-packages/airflow/example_dags/example_latest_only.py
[2024-04-15T14:29:14.849+0000] {processor.py:830} INFO - Processing file /home/airflow/.local/lib/python3.12/site-packages/airflow/example_dags/example_latest_only.py for tasks to queue
[2024-04-15T14:29:14.852+0000] {logging_mixin.py:188} INFO - [2024-04-15T14:29:14.851+0000] {dagbag.py:540} INFO - Filling up the DagBag from /home/airflow/.local/lib/python3.12/site-packages/airflow/example_dags/example_latest_only.py
[2024-04-15T14:29:14.860+0000] {processor.py:840} INFO - DAG(s) 'latest_only' retrieved from /home/airflow/.local/lib/python3.12/site-packages/airflow/example_dags/example_latest_only.py
[2024-04-15T14:29:14.890+0000] {logging_mixin.py:188} INFO - [2024-04-15T14:29:14.890+0000] {dag.py:3096} INFO - Sync 1 DAGs
[2024-04-15T14:29:14.924+0000] {logging_mixin.py:188} INFO - [2024-04-15T14:29:14.923+0000] {dag.py:3954} INFO - Setting next_dagrun for latest_only to 2024-04-15 08:00:00+00:00, run_after=2024-04-15 12:00:00+00:00
[2024-04-15T14:29:14.957+0000] {processor.py:183} INFO - Processing /home/airflow/.local/lib/python3.12/site-packages/airflow/example_dags/example_latest_only.py took 0.120 seconds
[2024-04-15T14:29:45.626+0000] {processor.py:161} INFO - Started process (PID=180) to work on /home/airflow/.local/lib/python3.12/site-packages/airflow/example_dags/example_latest_only.py
[2024-04-15T14:29:45.627+0000] {processor.py:830} INFO - Processing file /home/airflow/.local/lib/python3.12/site-packages/airflow/example_dags/example_latest_only.py for tasks to queue
[2024-04-15T14:29:45.630+0000] {logging_mixin.py:188} INFO - [2024-04-15T14:29:45.629+0000] {dagbag.py:540} INFO - Filling up the DagBag from /home/airflow/.local/lib/python3.12/site-packages/airflow/example_dags/example_latest_only.py
[2024-04-15T14:29:45.636+0000] {processor.py:840} INFO - DAG(s) 'latest_only' retrieved from /home/airflow/.local/lib/python3.12/site-packages/airflow/example_dags/example_latest_only.py
[2024-04-15T14:29:45.660+0000] {logging_mixin.py:188} INFO - [2024-04-15T14:29:45.660+0000] {dag.py:3096} INFO - Sync 1 DAGs
[2024-04-15T14:29:45.691+0000] {logging_mixin.py:188} INFO - [2024-04-15T14:29:45.690+0000] {dag.py:3954} INFO - Setting next_dagrun for latest_only to 2024-04-15 08:00:00+00:00, run_after=2024-04-15 12:00:00+00:00
[2024-04-15T14:29:45.730+0000] {processor.py:183} INFO - Processing /home/airflow/.local/lib/python3.12/site-packages/airflow/example_dags/example_latest_only.py took 0.110 seconds
[2024-04-15T14:30:18.618+0000] {processor.py:161} INFO - Started process (PID=239) to work on /home/airflow/.local/lib/python3.12/site-packages/airflow/example_dags/example_latest_only.py
[2024-04-15T14:30:18.663+0000] {processor.py:830} INFO - Processing file /home/airflow/.local/lib/python3.12/site-packages/airflow/example_dags/example_latest_only.py for tasks to queue
[2024-04-15T14:30:18.676+0000] {logging_mixin.py:188} INFO - [2024-04-15T14:30:18.675+0000] {dagbag.py:540} INFO - Filling up the DagBag from /home/airflow/.local/lib/python3.12/site-packages/airflow/example_dags/example_latest_only.py
[2024-04-15T14:30:18.736+0000] {processor.py:840} INFO - DAG(s) 'latest_only' retrieved from /home/airflow/.local/lib/python3.12/site-packages/airflow/example_dags/example_latest_only.py
[2024-04-15T14:30:18.973+0000] {logging_mixin.py:188} INFO - [2024-04-15T14:30:18.960+0000] {dag.py:3096} INFO - Sync 1 DAGs
[2024-04-15T14:30:19.218+0000] {logging_mixin.py:188} INFO - [2024-04-15T14:30:19.204+0000] {dag.py:3954} INFO - Setting next_dagrun for latest_only to 2024-04-15 08:00:00+00:00, run_after=2024-04-15 12:00:00+00:00
[2024-04-15T14:30:19.342+0000] {processor.py:183} INFO - Processing /home/airflow/.local/lib/python3.12/site-packages/airflow/example_dags/example_latest_only.py took 0.779 seconds
[2024-04-15T14:30:50.518+0000] {processor.py:161} INFO - Started process (PID=298) to work on /home/airflow/.local/lib/python3.12/site-packages/airflow/example_dags/example_latest_only.py
[2024-04-15T14:30:50.520+0000] {processor.py:830} INFO - Processing file /home/airflow/.local/lib/python3.12/site-packages/airflow/example_dags/example_latest_only.py for tasks to queue
[2024-04-15T14:30:50.529+0000] {logging_mixin.py:188} INFO - [2024-04-15T14:30:50.528+0000] {dagbag.py:540} INFO - Filling up the DagBag from /home/airflow/.local/lib/python3.12/site-packages/airflow/example_dags/example_latest_only.py
[2024-04-15T14:30:50.548+0000] {processor.py:840} INFO - DAG(s) 'latest_only' retrieved from /home/airflow/.local/lib/python3.12/site-packages/airflow/example_dags/example_latest_only.py
[2024-04-15T14:30:50.618+0000] {logging_mixin.py:188} INFO - [2024-04-15T14:30:50.618+0000] {dag.py:3096} INFO - Sync 1 DAGs
[2024-04-15T14:30:50.714+0000] {logging_mixin.py:188} INFO - [2024-04-15T14:30:50.713+0000] {dag.py:3954} INFO - Setting next_dagrun for latest_only to 2024-04-15 08:00:00+00:00, run_after=2024-04-15 12:00:00+00:00
[2024-04-15T14:30:50.819+0000] {processor.py:183} INFO - Processing /home/airflow/.local/lib/python3.12/site-packages/airflow/example_dags/example_latest_only.py took 0.331 seconds
[2024-04-15T14:31:21.109+0000] {processor.py:161} INFO - Started process (PID=356) to work on /home/airflow/.local/lib/python3.12/site-packages/airflow/example_dags/example_latest_only.py
[2024-04-15T14:31:21.121+0000] {processor.py:830} INFO - Processing file /home/airflow/.local/lib/python3.12/site-packages/airflow/example_dags/example_latest_only.py for tasks to queue
[2024-04-15T14:31:21.126+0000] {logging_mixin.py:188} INFO - [2024-04-15T14:31:21.126+0000] {dagbag.py:540} INFO - Filling up the DagBag from /home/airflow/.local/lib/python3.12/site-packages/airflow/example_dags/example_latest_only.py
[2024-04-15T14:31:21.143+0000] {processor.py:840} INFO - DAG(s) 'latest_only' retrieved from /home/airflow/.local/lib/python3.12/site-packages/airflow/example_dags/example_latest_only.py
[2024-04-15T14:31:21.181+0000] {logging_mixin.py:188} INFO - [2024-04-15T14:31:21.181+0000] {dag.py:3096} INFO - Sync 1 DAGs
[2024-04-15T14:31:21.240+0000] {logging_mixin.py:188} INFO - [2024-04-15T14:31:21.239+0000] {dag.py:3954} INFO - Setting next_dagrun for latest_only to 2024-04-15 08:00:00+00:00, run_after=2024-04-15 12:00:00+00:00
[2024-04-15T14:31:21.299+0000] {processor.py:183} INFO - Processing /home/airflow/.local/lib/python3.12/site-packages/airflow/example_dags/example_latest_only.py took 0.211 seconds
[2024-04-15T14:31:51.457+0000] {processor.py:161} INFO - Started process (PID=415) to work on /home/airflow/.local/lib/python3.12/site-packages/airflow/example_dags/example_latest_only.py
[2024-04-15T14:31:51.458+0000] {processor.py:830} INFO - Processing file /home/airflow/.local/lib/python3.12/site-packages/airflow/example_dags/example_latest_only.py for tasks to queue
[2024-04-15T14:31:51.461+0000] {logging_mixin.py:188} INFO - [2024-04-15T14:31:51.460+0000] {dagbag.py:540} INFO - Filling up the DagBag from /home/airflow/.local/lib/python3.12/site-packages/airflow/example_dags/example_latest_only.py
[2024-04-15T14:31:51.468+0000] {processor.py:840} INFO - DAG(s) 'latest_only' retrieved from /home/airflow/.local/lib/python3.12/site-packages/airflow/example_dags/example_latest_only.py
[2024-04-15T14:31:51.500+0000] {logging_mixin.py:188} INFO - [2024-04-15T14:31:51.500+0000] {dag.py:3096} INFO - Sync 1 DAGs
[2024-04-15T14:31:51.546+0000] {logging_mixin.py:188} INFO - [2024-04-15T14:31:51.546+0000] {dag.py:3954} INFO - Setting next_dagrun for latest_only to 2024-04-15 08:00:00+00:00, run_after=2024-04-15 12:00:00+00:00
[2024-04-15T14:31:51.590+0000] {processor.py:183} INFO - Processing /home/airflow/.local/lib/python3.12/site-packages/airflow/example_dags/example_latest_only.py took 0.145 seconds
[2024-04-15T14:32:22.382+0000] {processor.py:161} INFO - Started process (PID=473) to work on /home/airflow/.local/lib/python3.12/site-packages/airflow/example_dags/example_latest_only.py
[2024-04-15T14:32:22.384+0000] {processor.py:830} INFO - Processing file /home/airflow/.local/lib/python3.12/site-packages/airflow/example_dags/example_latest_only.py for tasks to queue
[2024-04-15T14:32:22.387+0000] {logging_mixin.py:188} INFO - [2024-04-15T14:32:22.386+0000] {dagbag.py:540} INFO - Filling up the DagBag from /home/airflow/.local/lib/python3.12/site-packages/airflow/example_dags/example_latest_only.py
[2024-04-15T14:32:22.393+0000] {processor.py:840} INFO - DAG(s) 'latest_only' retrieved from /home/airflow/.local/lib/python3.12/site-packages/airflow/example_dags/example_latest_only.py
[2024-04-15T14:32:22.421+0000] {logging_mixin.py:188} INFO - [2024-04-15T14:32:22.421+0000] {dag.py:3096} INFO - Sync 1 DAGs
[2024-04-15T14:32:22.453+0000] {logging_mixin.py:188} INFO - [2024-04-15T14:32:22.453+0000] {dag.py:3954} INFO - Setting next_dagrun for latest_only to 2024-04-15 08:00:00+00:00, run_after=2024-04-15 12:00:00+00:00
[2024-04-15T14:32:22.481+0000] {processor.py:183} INFO - Processing /home/airflow/.local/lib/python3.12/site-packages/airflow/example_dags/example_latest_only.py took 0.106 seconds
[2024-04-15T14:32:52.734+0000] {processor.py:161} INFO - Started process (PID=531) to work on /home/airflow/.local/lib/python3.12/site-packages/airflow/example_dags/example_latest_only.py
[2024-04-15T14:32:52.736+0000] {processor.py:830} INFO - Processing file /home/airflow/.local/lib/python3.12/site-packages/airflow/example_dags/example_latest_only.py for tasks to queue
[2024-04-15T14:32:52.739+0000] {logging_mixin.py:188} INFO - [2024-04-15T14:32:52.738+0000] {dagbag.py:540} INFO - Filling up the DagBag from /home/airflow/.local/lib/python3.12/site-packages/airflow/example_dags/example_latest_only.py
[2024-04-15T14:32:52.745+0000] {processor.py:840} INFO - DAG(s) 'latest_only' retrieved from /home/airflow/.local/lib/python3.12/site-packages/airflow/example_dags/example_latest_only.py
[2024-04-15T14:32:52.775+0000] {logging_mixin.py:188} INFO - [2024-04-15T14:32:52.775+0000] {dag.py:3096} INFO - Sync 1 DAGs
[2024-04-15T14:32:52.812+0000] {logging_mixin.py:188} INFO - [2024-04-15T14:32:52.812+0000] {dag.py:3954} INFO - Setting next_dagrun for latest_only to 2024-04-15 08:00:00+00:00, run_after=2024-04-15 12:00:00+00:00
[2024-04-15T14:32:52.847+0000] {processor.py:183} INFO - Processing /home/airflow/.local/lib/python3.12/site-packages/airflow/example_dags/example_latest_only.py took 0.123 seconds
[2024-04-15T14:33:23.168+0000] {processor.py:161} INFO - Started process (PID=590) to work on /home/airflow/.local/lib/python3.12/site-packages/airflow/example_dags/example_latest_only.py
[2024-04-15T14:33:23.170+0000] {processor.py:830} INFO - Processing file /home/airflow/.local/lib/python3.12/site-packages/airflow/example_dags/example_latest_only.py for tasks to queue
[2024-04-15T14:33:23.174+0000] {logging_mixin.py:188} INFO - [2024-04-15T14:33:23.173+0000] {dagbag.py:540} INFO - Filling up the DagBag from /home/airflow/.local/lib/python3.12/site-packages/airflow/example_dags/example_latest_only.py
[2024-04-15T14:33:23.182+0000] {processor.py:840} INFO - DAG(s) 'latest_only' retrieved from /home/airflow/.local/lib/python3.12/site-packages/airflow/example_dags/example_latest_only.py
[2024-04-15T14:33:23.220+0000] {logging_mixin.py:188} INFO - [2024-04-15T14:33:23.219+0000] {dag.py:3096} INFO - Sync 1 DAGs
[2024-04-15T14:33:23.275+0000] {logging_mixin.py:188} INFO - [2024-04-15T14:33:23.274+0000] {dag.py:3954} INFO - Setting next_dagrun for latest_only to 2024-04-15 08:00:00+00:00, run_after=2024-04-15 12:00:00+00:00
[2024-04-15T14:33:23.312+0000] {processor.py:183} INFO - Processing /home/airflow/.local/lib/python3.12/site-packages/airflow/example_dags/example_latest_only.py took 0.154 seconds
[2024-04-15T14:33:53.896+0000] {processor.py:161} INFO - Started process (PID=649) to work on /home/airflow/.local/lib/python3.12/site-packages/airflow/example_dags/example_latest_only.py
[2024-04-15T14:33:53.899+0000] {processor.py:830} INFO - Processing file /home/airflow/.local/lib/python3.12/site-packages/airflow/example_dags/example_latest_only.py for tasks to queue
[2024-04-15T14:33:53.902+0000] {logging_mixin.py:188} INFO - [2024-04-15T14:33:53.902+0000] {dagbag.py:540} INFO - Filling up the DagBag from /home/airflow/.local/lib/python3.12/site-packages/airflow/example_dags/example_latest_only.py
[2024-04-15T14:33:53.910+0000] {processor.py:840} INFO - DAG(s) 'latest_only' retrieved from /home/airflow/.local/lib/python3.12/site-packages/airflow/example_dags/example_latest_only.py
[2024-04-15T14:33:53.941+0000] {logging_mixin.py:188} INFO - [2024-04-15T14:33:53.940+0000] {dag.py:3096} INFO - Sync 1 DAGs
[2024-04-15T14:33:53.973+0000] {logging_mixin.py:188} INFO - [2024-04-15T14:33:53.973+0000] {dag.py:3954} INFO - Setting next_dagrun for latest_only to 2024-04-15 08:00:00+00:00, run_after=2024-04-15 12:00:00+00:00
[2024-04-15T14:33:54.006+0000] {processor.py:183} INFO - Processing /home/airflow/.local/lib/python3.12/site-packages/airflow/example_dags/example_latest_only.py took 0.121 seconds
[2024-04-15T14:34:24.769+0000] {processor.py:161} INFO - Started process (PID=708) to work on /home/airflow/.local/lib/python3.12/site-packages/airflow/example_dags/example_latest_only.py
[2024-04-15T14:34:24.770+0000] {processor.py:830} INFO - Processing file /home/airflow/.local/lib/python3.12/site-packages/airflow/example_dags/example_latest_only.py for tasks to queue
[2024-04-15T14:34:24.773+0000] {logging_mixin.py:188} INFO - [2024-04-15T14:34:24.772+0000] {dagbag.py:540} INFO - Filling up the DagBag from /home/airflow/.local/lib/python3.12/site-packages/airflow/example_dags/example_latest_only.py
[2024-04-15T14:34:24.780+0000] {processor.py:840} INFO - DAG(s) 'latest_only' retrieved from /home/airflow/.local/lib/python3.12/site-packages/airflow/example_dags/example_latest_only.py
[2024-04-15T14:34:24.810+0000] {logging_mixin.py:188} INFO - [2024-04-15T14:34:24.810+0000] {dag.py:3096} INFO - Sync 1 DAGs
[2024-04-15T14:34:24.846+0000] {logging_mixin.py:188} INFO - [2024-04-15T14:34:24.845+0000] {dag.py:3954} INFO - Setting next_dagrun for latest_only to 2024-04-15 08:00:00+00:00, run_after=2024-04-15 12:00:00+00:00
[2024-04-15T14:34:24.879+0000] {processor.py:183} INFO - Processing /home/airflow/.local/lib/python3.12/site-packages/airflow/example_dags/example_latest_only.py took 0.119 seconds
[2024-04-15T14:34:55.272+0000] {processor.py:161} INFO - Started process (PID=767) to work on /home/airflow/.local/lib/python3.12/site-packages/airflow/example_dags/example_latest_only.py
[2024-04-15T14:34:55.274+0000] {processor.py:830} INFO - Processing file /home/airflow/.local/lib/python3.12/site-packages/airflow/example_dags/example_latest_only.py for tasks to queue
[2024-04-15T14:34:55.277+0000] {logging_mixin.py:188} INFO - [2024-04-15T14:34:55.276+0000] {dagbag.py:540} INFO - Filling up the DagBag from /home/airflow/.local/lib/python3.12/site-packages/airflow/example_dags/example_latest_only.py
[2024-04-15T14:34:55.285+0000] {processor.py:840} INFO - DAG(s) 'latest_only' retrieved from /home/airflow/.local/lib/python3.12/site-packages/airflow/example_dags/example_latest_only.py
[2024-04-15T14:34:55.314+0000] {logging_mixin.py:188} INFO - [2024-04-15T14:34:55.314+0000] {dag.py:3096} INFO - Sync 1 DAGs
[2024-04-15T14:34:55.349+0000] {logging_mixin.py:188} INFO - [2024-04-15T14:34:55.348+0000] {dag.py:3954} INFO - Setting next_dagrun for latest_only to 2024-04-15 08:00:00+00:00, run_after=2024-04-15 12:00:00+00:00
[2024-04-15T14:34:55.382+0000] {processor.py:183} INFO - Processing /home/airflow/.local/lib/python3.12/site-packages/airflow/example_dags/example_latest_only.py took 0.116 seconds
[2024-04-15T14:35:25.723+0000] {processor.py:161} INFO - Started process (PID=826) to work on /home/airflow/.local/lib/python3.12/site-packages/airflow/example_dags/example_latest_only.py
[2024-04-15T14:35:25.724+0000] {processor.py:830} INFO - Processing file /home/airflow/.local/lib/python3.12/site-packages/airflow/example_dags/example_latest_only.py for tasks to queue
[2024-04-15T14:35:25.726+0000] {logging_mixin.py:188} INFO - [2024-04-15T14:35:25.726+0000] {dagbag.py:540} INFO - Filling up the DagBag from /home/airflow/.local/lib/python3.12/site-packages/airflow/example_dags/example_latest_only.py
[2024-04-15T14:35:25.732+0000] {processor.py:840} INFO - DAG(s) 'latest_only' retrieved from /home/airflow/.local/lib/python3.12/site-packages/airflow/example_dags/example_latest_only.py
[2024-04-15T14:35:25.762+0000] {logging_mixin.py:188} INFO - [2024-04-15T14:35:25.761+0000] {dag.py:3096} INFO - Sync 1 DAGs
[2024-04-15T14:35:25.799+0000] {logging_mixin.py:188} INFO - [2024-04-15T14:35:25.798+0000] {dag.py:3954} INFO - Setting next_dagrun for latest_only to 2024-04-15 08:00:00+00:00, run_after=2024-04-15 12:00:00+00:00
[2024-04-15T14:35:25.828+0000] {processor.py:183} INFO - Processing /home/airflow/.local/lib/python3.12/site-packages/airflow/example_dags/example_latest_only.py took 0.113 seconds
[2024-04-15T14:35:56.228+0000] {processor.py:161} INFO - Started process (PID=885) to work on /home/airflow/.local/lib/python3.12/site-packages/airflow/example_dags/example_latest_only.py
[2024-04-15T14:35:56.230+0000] {processor.py:830} INFO - Processing file /home/airflow/.local/lib/python3.12/site-packages/airflow/example_dags/example_latest_only.py for tasks to queue
[2024-04-15T14:35:56.233+0000] {logging_mixin.py:188} INFO - [2024-04-15T14:35:56.232+0000] {dagbag.py:540} INFO - Filling up the DagBag from /home/airflow/.local/lib/python3.12/site-packages/airflow/example_dags/example_latest_only.py
[2024-04-15T14:35:56.239+0000] {processor.py:840} INFO - DAG(s) 'latest_only' retrieved from /home/airflow/.local/lib/python3.12/site-packages/airflow/example_dags/example_latest_only.py
[2024-04-15T14:35:56.267+0000] {logging_mixin.py:188} INFO - [2024-04-15T14:35:56.266+0000] {dag.py:3096} INFO - Sync 1 DAGs
[2024-04-15T14:35:56.296+0000] {logging_mixin.py:188} INFO - [2024-04-15T14:35:56.296+0000] {dag.py:3954} INFO - Setting next_dagrun for latest_only to 2024-04-15 08:00:00+00:00, run_after=2024-04-15 12:00:00+00:00
[2024-04-15T14:35:56.326+0000] {processor.py:183} INFO - Processing /home/airflow/.local/lib/python3.12/site-packages/airflow/example_dags/example_latest_only.py took 0.108 seconds
[2024-04-15T14:36:26.923+0000] {processor.py:161} INFO - Started process (PID=944) to work on /home/airflow/.local/lib/python3.12/site-packages/airflow/example_dags/example_latest_only.py
[2024-04-15T14:36:26.925+0000] {processor.py:830} INFO - Processing file /home/airflow/.local/lib/python3.12/site-packages/airflow/example_dags/example_latest_only.py for tasks to queue
[2024-04-15T14:36:26.928+0000] {logging_mixin.py:188} INFO - [2024-04-15T14:36:26.928+0000] {dagbag.py:540} INFO - Filling up the DagBag from /home/airflow/.local/lib/python3.12/site-packages/airflow/example_dags/example_latest_only.py
[2024-04-15T14:36:26.937+0000] {processor.py:840} INFO - DAG(s) 'latest_only' retrieved from /home/airflow/.local/lib/python3.12/site-packages/airflow/example_dags/example_latest_only.py
[2024-04-15T14:36:26.968+0000] {logging_mixin.py:188} INFO - [2024-04-15T14:36:26.968+0000] {dag.py:3096} INFO - Sync 1 DAGs
[2024-04-15T14:36:27.002+0000] {logging_mixin.py:188} INFO - [2024-04-15T14:36:27.002+0000] {dag.py:3954} INFO - Setting next_dagrun for latest_only to 2024-04-15 08:00:00+00:00, run_after=2024-04-15 12:00:00+00:00
[2024-04-15T14:36:27.039+0000] {processor.py:183} INFO - Processing /home/airflow/.local/lib/python3.12/site-packages/airflow/example_dags/example_latest_only.py took 0.123 seconds
[2024-04-15T14:36:57.326+0000] {processor.py:161} INFO - Started process (PID=1003) to work on /home/airflow/.local/lib/python3.12/site-packages/airflow/example_dags/example_latest_only.py
[2024-04-15T14:36:57.328+0000] {processor.py:830} INFO - Processing file /home/airflow/.local/lib/python3.12/site-packages/airflow/example_dags/example_latest_only.py for tasks to queue
[2024-04-15T14:36:57.332+0000] {logging_mixin.py:188} INFO - [2024-04-15T14:36:57.331+0000] {dagbag.py:540} INFO - Filling up the DagBag from /home/airflow/.local/lib/python3.12/site-packages/airflow/example_dags/example_latest_only.py
[2024-04-15T14:36:57.341+0000] {processor.py:840} INFO - DAG(s) 'latest_only' retrieved from /home/airflow/.local/lib/python3.12/site-packages/airflow/example_dags/example_latest_only.py
[2024-04-15T14:36:57.379+0000] {logging_mixin.py:188} INFO - [2024-04-15T14:36:57.379+0000] {dag.py:3096} INFO - Sync 1 DAGs
[2024-04-15T14:36:57.420+0000] {logging_mixin.py:188} INFO - [2024-04-15T14:36:57.419+0000] {dag.py:3954} INFO - Setting next_dagrun for latest_only to 2024-04-15 08:00:00+00:00, run_after=2024-04-15 12:00:00+00:00
[2024-04-15T14:36:57.463+0000] {processor.py:183} INFO - Processing /home/airflow/.local/lib/python3.12/site-packages/airflow/example_dags/example_latest_only.py took 0.148 seconds
[2024-04-15T14:37:27.969+0000] {processor.py:161} INFO - Started process (PID=1062) to work on /home/airflow/.local/lib/python3.12/site-packages/airflow/example_dags/example_latest_only.py
[2024-04-15T14:37:27.971+0000] {processor.py:830} INFO - Processing file /home/airflow/.local/lib/python3.12/site-packages/airflow/example_dags/example_latest_only.py for tasks to queue
[2024-04-15T14:37:27.974+0000] {logging_mixin.py:188} INFO - [2024-04-15T14:37:27.974+0000] {dagbag.py:540} INFO - Filling up the DagBag from /home/airflow/.local/lib/python3.12/site-packages/airflow/example_dags/example_latest_only.py
[2024-04-15T14:37:27.982+0000] {processor.py:840} INFO - DAG(s) 'latest_only' retrieved from /home/airflow/.local/lib/python3.12/site-packages/airflow/example_dags/example_latest_only.py
[2024-04-15T14:37:28.012+0000] {logging_mixin.py:188} INFO - [2024-04-15T14:37:28.011+0000] {dag.py:3096} INFO - Sync 1 DAGs
[2024-04-15T14:37:28.233+0000] {logging_mixin.py:188} INFO - [2024-04-15T14:37:28.233+0000] {dag.py:3954} INFO - Setting next_dagrun for latest_only to 2024-04-15 08:00:00+00:00, run_after=2024-04-15 12:00:00+00:00
[2024-04-15T14:37:28.270+0000] {processor.py:183} INFO - Processing /home/airflow/.local/lib/python3.12/site-packages/airflow/example_dags/example_latest_only.py took 0.311 seconds
[2024-04-15T14:37:59.005+0000] {processor.py:161} INFO - Started process (PID=1121) to work on /home/airflow/.local/lib/python3.12/site-packages/airflow/example_dags/example_latest_only.py
[2024-04-15T14:37:59.007+0000] {processor.py:830} INFO - Processing file /home/airflow/.local/lib/python3.12/site-packages/airflow/example_dags/example_latest_only.py for tasks to queue
[2024-04-15T14:37:59.010+0000] {logging_mixin.py:188} INFO - [2024-04-15T14:37:59.010+0000] {dagbag.py:540} INFO - Filling up the DagBag from /home/airflow/.local/lib/python3.12/site-packages/airflow/example_dags/example_latest_only.py
[2024-04-15T14:37:59.019+0000] {processor.py:840} INFO - DAG(s) 'latest_only' retrieved from /home/airflow/.local/lib/python3.12/site-packages/airflow/example_dags/example_latest_only.py
[2024-04-15T14:37:59.056+0000] {logging_mixin.py:188} INFO - [2024-04-15T14:37:59.055+0000] {dag.py:3096} INFO - Sync 1 DAGs
[2024-04-15T14:37:59.095+0000] {logging_mixin.py:188} INFO - [2024-04-15T14:37:59.094+0000] {dag.py:3954} INFO - Setting next_dagrun for latest_only to 2024-04-15 08:00:00+00:00, run_after=2024-04-15 12:00:00+00:00
[2024-04-15T14:37:59.287+0000] {processor.py:183} INFO - Processing /home/airflow/.local/lib/python3.12/site-packages/airflow/example_dags/example_latest_only.py took 0.291 seconds
