[2024-04-15T14:28:48.031+0000] {processor.py:161} INFO - Started process (PID=80) to work on /home/airflow/.local/lib/python3.12/site-packages/airflow/example_dags/example_bash_operator.py
[2024-04-15T14:28:48.033+0000] {processor.py:830} INFO - Processing file /home/airflow/.local/lib/python3.12/site-packages/airflow/example_dags/example_bash_operator.py for tasks to queue
[2024-04-15T14:28:48.036+0000] {logging_mixin.py:188} INFO - [2024-04-15T14:28:48.035+0000] {dagbag.py:540} INFO - Filling up the DagBag from /home/airflow/.local/lib/python3.12/site-packages/airflow/example_dags/example_bash_operator.py
[2024-04-15T14:28:48.060+0000] {processor.py:840} INFO - DAG(s) 'example_bash_operator' retrieved from /home/airflow/.local/lib/python3.12/site-packages/airflow/example_dags/example_bash_operator.py
[2024-04-15T14:28:48.157+0000] {logging_mixin.py:188} INFO - [2024-04-15T14:28:48.156+0000] {dag.py:3096} INFO - Sync 1 DAGs
[2024-04-15T14:28:48.232+0000] {logging_mixin.py:188} INFO - [2024-04-15T14:28:48.232+0000] {dag.py:3954} INFO - Setting next_dagrun for example_bash_operator to 2024-04-14 00:00:00+00:00, run_after=2024-04-15 00:00:00+00:00
[2024-04-15T14:28:48.288+0000] {processor.py:183} INFO - Processing /home/airflow/.local/lib/python3.12/site-packages/airflow/example_dags/example_bash_operator.py took 0.271 seconds
[2024-04-15T14:29:18.851+0000] {processor.py:161} INFO - Started process (PID=139) to work on /home/airflow/.local/lib/python3.12/site-packages/airflow/example_dags/example_bash_operator.py
[2024-04-15T14:29:18.853+0000] {processor.py:830} INFO - Processing file /home/airflow/.local/lib/python3.12/site-packages/airflow/example_dags/example_bash_operator.py for tasks to queue
[2024-04-15T14:29:18.856+0000] {logging_mixin.py:188} INFO - [2024-04-15T14:29:18.855+0000] {dagbag.py:540} INFO - Filling up the DagBag from /home/airflow/.local/lib/python3.12/site-packages/airflow/example_dags/example_bash_operator.py
[2024-04-15T14:29:18.878+0000] {processor.py:840} INFO - DAG(s) 'example_bash_operator' retrieved from /home/airflow/.local/lib/python3.12/site-packages/airflow/example_dags/example_bash_operator.py
[2024-04-15T14:29:18.931+0000] {logging_mixin.py:188} INFO - [2024-04-15T14:29:18.931+0000] {dag.py:3096} INFO - Sync 1 DAGs
[2024-04-15T14:29:18.971+0000] {logging_mixin.py:188} INFO - [2024-04-15T14:29:18.971+0000] {dag.py:3954} INFO - Setting next_dagrun for example_bash_operator to 2024-04-14 00:00:00+00:00, run_after=2024-04-15 00:00:00+00:00
[2024-04-15T14:29:18.999+0000] {processor.py:183} INFO - Processing /home/airflow/.local/lib/python3.12/site-packages/airflow/example_dags/example_bash_operator.py took 0.157 seconds
[2024-04-15T14:29:49.552+0000] {processor.py:161} INFO - Started process (PID=198) to work on /home/airflow/.local/lib/python3.12/site-packages/airflow/example_dags/example_bash_operator.py
[2024-04-15T14:29:49.554+0000] {processor.py:830} INFO - Processing file /home/airflow/.local/lib/python3.12/site-packages/airflow/example_dags/example_bash_operator.py for tasks to queue
[2024-04-15T14:29:49.559+0000] {logging_mixin.py:188} INFO - [2024-04-15T14:29:49.558+0000] {dagbag.py:540} INFO - Filling up the DagBag from /home/airflow/.local/lib/python3.12/site-packages/airflow/example_dags/example_bash_operator.py
[2024-04-15T14:29:49.577+0000] {processor.py:840} INFO - DAG(s) 'example_bash_operator' retrieved from /home/airflow/.local/lib/python3.12/site-packages/airflow/example_dags/example_bash_operator.py
[2024-04-15T14:29:49.645+0000] {logging_mixin.py:188} INFO - [2024-04-15T14:29:49.644+0000] {dag.py:3096} INFO - Sync 1 DAGs
[2024-04-15T14:29:49.689+0000] {logging_mixin.py:188} INFO - [2024-04-15T14:29:49.689+0000] {dag.py:3954} INFO - Setting next_dagrun for example_bash_operator to 2024-04-14 00:00:00+00:00, run_after=2024-04-15 00:00:00+00:00
[2024-04-15T14:29:49.729+0000] {processor.py:183} INFO - Processing /home/airflow/.local/lib/python3.12/site-packages/airflow/example_dags/example_bash_operator.py took 0.186 seconds
[2024-04-15T14:30:25.948+0000] {processor.py:161} INFO - Started process (PID=257) to work on /home/airflow/.local/lib/python3.12/site-packages/airflow/example_dags/example_bash_operator.py
[2024-04-15T14:30:25.950+0000] {processor.py:830} INFO - Processing file /home/airflow/.local/lib/python3.12/site-packages/airflow/example_dags/example_bash_operator.py for tasks to queue
[2024-04-15T14:30:25.963+0000] {logging_mixin.py:188} INFO - [2024-04-15T14:30:25.961+0000] {dagbag.py:540} INFO - Filling up the DagBag from /home/airflow/.local/lib/python3.12/site-packages/airflow/example_dags/example_bash_operator.py
[2024-04-15T14:30:26.017+0000] {processor.py:840} INFO - DAG(s) 'example_bash_operator' retrieved from /home/airflow/.local/lib/python3.12/site-packages/airflow/example_dags/example_bash_operator.py
[2024-04-15T14:30:26.177+0000] {logging_mixin.py:188} INFO - [2024-04-15T14:30:26.172+0000] {dag.py:3096} INFO - Sync 1 DAGs
[2024-04-15T14:30:26.362+0000] {logging_mixin.py:188} INFO - [2024-04-15T14:30:26.361+0000] {dag.py:3954} INFO - Setting next_dagrun for example_bash_operator to 2024-04-14 00:00:00+00:00, run_after=2024-04-15 00:00:00+00:00
[2024-04-15T14:30:26.479+0000] {processor.py:183} INFO - Processing /home/airflow/.local/lib/python3.12/site-packages/airflow/example_dags/example_bash_operator.py took 0.556 seconds
[2024-04-15T14:30:57.705+0000] {processor.py:161} INFO - Started process (PID=316) to work on /home/airflow/.local/lib/python3.12/site-packages/airflow/example_dags/example_bash_operator.py
[2024-04-15T14:30:57.707+0000] {processor.py:830} INFO - Processing file /home/airflow/.local/lib/python3.12/site-packages/airflow/example_dags/example_bash_operator.py for tasks to queue
[2024-04-15T14:30:57.712+0000] {logging_mixin.py:188} INFO - [2024-04-15T14:30:57.711+0000] {dagbag.py:540} INFO - Filling up the DagBag from /home/airflow/.local/lib/python3.12/site-packages/airflow/example_dags/example_bash_operator.py
[2024-04-15T14:30:57.743+0000] {processor.py:840} INFO - DAG(s) 'example_bash_operator' retrieved from /home/airflow/.local/lib/python3.12/site-packages/airflow/example_dags/example_bash_operator.py
[2024-04-15T14:30:57.854+0000] {logging_mixin.py:188} INFO - [2024-04-15T14:30:57.854+0000] {dag.py:3096} INFO - Sync 1 DAGs
[2024-04-15T14:30:57.970+0000] {logging_mixin.py:188} INFO - [2024-04-15T14:30:57.970+0000] {dag.py:3954} INFO - Setting next_dagrun for example_bash_operator to 2024-04-14 00:00:00+00:00, run_after=2024-04-15 00:00:00+00:00
[2024-04-15T14:30:58.043+0000] {processor.py:183} INFO - Processing /home/airflow/.local/lib/python3.12/site-packages/airflow/example_dags/example_bash_operator.py took 0.355 seconds
[2024-04-15T14:31:28.897+0000] {processor.py:161} INFO - Started process (PID=374) to work on /home/airflow/.local/lib/python3.12/site-packages/airflow/example_dags/example_bash_operator.py
[2024-04-15T14:31:28.899+0000] {processor.py:830} INFO - Processing file /home/airflow/.local/lib/python3.12/site-packages/airflow/example_dags/example_bash_operator.py for tasks to queue
[2024-04-15T14:31:28.904+0000] {logging_mixin.py:188} INFO - [2024-04-15T14:31:28.904+0000] {dagbag.py:540} INFO - Filling up the DagBag from /home/airflow/.local/lib/python3.12/site-packages/airflow/example_dags/example_bash_operator.py
[2024-04-15T14:31:28.929+0000] {processor.py:840} INFO - DAG(s) 'example_bash_operator' retrieved from /home/airflow/.local/lib/python3.12/site-packages/airflow/example_dags/example_bash_operator.py
[2024-04-15T14:31:28.996+0000] {logging_mixin.py:188} INFO - [2024-04-15T14:31:28.996+0000] {dag.py:3096} INFO - Sync 1 DAGs
[2024-04-15T14:31:29.041+0000] {logging_mixin.py:188} INFO - [2024-04-15T14:31:29.041+0000] {dag.py:3954} INFO - Setting next_dagrun for example_bash_operator to 2024-04-14 00:00:00+00:00, run_after=2024-04-15 00:00:00+00:00
[2024-04-15T14:31:29.082+0000] {processor.py:183} INFO - Processing /home/airflow/.local/lib/python3.12/site-packages/airflow/example_dags/example_bash_operator.py took 0.192 seconds
[2024-04-15T14:31:59.304+0000] {processor.py:161} INFO - Started process (PID=434) to work on /home/airflow/.local/lib/python3.12/site-packages/airflow/example_dags/example_bash_operator.py
[2024-04-15T14:31:59.306+0000] {processor.py:830} INFO - Processing file /home/airflow/.local/lib/python3.12/site-packages/airflow/example_dags/example_bash_operator.py for tasks to queue
[2024-04-15T14:31:59.309+0000] {logging_mixin.py:188} INFO - [2024-04-15T14:31:59.308+0000] {dagbag.py:540} INFO - Filling up the DagBag from /home/airflow/.local/lib/python3.12/site-packages/airflow/example_dags/example_bash_operator.py
[2024-04-15T14:31:59.326+0000] {processor.py:840} INFO - DAG(s) 'example_bash_operator' retrieved from /home/airflow/.local/lib/python3.12/site-packages/airflow/example_dags/example_bash_operator.py
[2024-04-15T14:31:59.366+0000] {logging_mixin.py:188} INFO - [2024-04-15T14:31:59.365+0000] {dag.py:3096} INFO - Sync 1 DAGs
[2024-04-15T14:31:59.402+0000] {logging_mixin.py:188} INFO - [2024-04-15T14:31:59.401+0000] {dag.py:3954} INFO - Setting next_dagrun for example_bash_operator to 2024-04-14 00:00:00+00:00, run_after=2024-04-15 00:00:00+00:00
[2024-04-15T14:31:59.430+0000] {processor.py:183} INFO - Processing /home/airflow/.local/lib/python3.12/site-packages/airflow/example_dags/example_bash_operator.py took 0.134 seconds
[2024-04-15T14:32:29.981+0000] {processor.py:161} INFO - Started process (PID=492) to work on /home/airflow/.local/lib/python3.12/site-packages/airflow/example_dags/example_bash_operator.py
[2024-04-15T14:32:29.982+0000] {processor.py:830} INFO - Processing file /home/airflow/.local/lib/python3.12/site-packages/airflow/example_dags/example_bash_operator.py for tasks to queue
[2024-04-15T14:32:29.985+0000] {logging_mixin.py:188} INFO - [2024-04-15T14:32:29.984+0000] {dagbag.py:540} INFO - Filling up the DagBag from /home/airflow/.local/lib/python3.12/site-packages/airflow/example_dags/example_bash_operator.py
[2024-04-15T14:32:29.998+0000] {processor.py:840} INFO - DAG(s) 'example_bash_operator' retrieved from /home/airflow/.local/lib/python3.12/site-packages/airflow/example_dags/example_bash_operator.py
[2024-04-15T14:32:30.034+0000] {logging_mixin.py:188} INFO - [2024-04-15T14:32:30.034+0000] {dag.py:3096} INFO - Sync 1 DAGs
[2024-04-15T14:32:30.064+0000] {logging_mixin.py:188} INFO - [2024-04-15T14:32:30.064+0000] {dag.py:3954} INFO - Setting next_dagrun for example_bash_operator to 2024-04-14 00:00:00+00:00, run_after=2024-04-15 00:00:00+00:00
[2024-04-15T14:32:30.090+0000] {processor.py:183} INFO - Processing /home/airflow/.local/lib/python3.12/site-packages/airflow/example_dags/example_bash_operator.py took 0.116 seconds
[2024-04-15T14:33:00.728+0000] {processor.py:161} INFO - Started process (PID=550) to work on /home/airflow/.local/lib/python3.12/site-packages/airflow/example_dags/example_bash_operator.py
[2024-04-15T14:33:00.730+0000] {processor.py:830} INFO - Processing file /home/airflow/.local/lib/python3.12/site-packages/airflow/example_dags/example_bash_operator.py for tasks to queue
[2024-04-15T14:33:00.732+0000] {logging_mixin.py:188} INFO - [2024-04-15T14:33:00.731+0000] {dagbag.py:540} INFO - Filling up the DagBag from /home/airflow/.local/lib/python3.12/site-packages/airflow/example_dags/example_bash_operator.py
[2024-04-15T14:33:00.746+0000] {processor.py:840} INFO - DAG(s) 'example_bash_operator' retrieved from /home/airflow/.local/lib/python3.12/site-packages/airflow/example_dags/example_bash_operator.py
[2024-04-15T14:33:00.784+0000] {logging_mixin.py:188} INFO - [2024-04-15T14:33:00.784+0000] {dag.py:3096} INFO - Sync 1 DAGs
[2024-04-15T14:33:00.832+0000] {logging_mixin.py:188} INFO - [2024-04-15T14:33:00.832+0000] {dag.py:3954} INFO - Setting next_dagrun for example_bash_operator to 2024-04-14 00:00:00+00:00, run_after=2024-04-15 00:00:00+00:00
[2024-04-15T14:33:00.860+0000] {processor.py:183} INFO - Processing /home/airflow/.local/lib/python3.12/site-packages/airflow/example_dags/example_bash_operator.py took 0.139 seconds
[2024-04-15T14:33:31.677+0000] {processor.py:161} INFO - Started process (PID=609) to work on /home/airflow/.local/lib/python3.12/site-packages/airflow/example_dags/example_bash_operator.py
[2024-04-15T14:33:31.679+0000] {processor.py:830} INFO - Processing file /home/airflow/.local/lib/python3.12/site-packages/airflow/example_dags/example_bash_operator.py for tasks to queue
[2024-04-15T14:33:31.682+0000] {logging_mixin.py:188} INFO - [2024-04-15T14:33:31.681+0000] {dagbag.py:540} INFO - Filling up the DagBag from /home/airflow/.local/lib/python3.12/site-packages/airflow/example_dags/example_bash_operator.py
[2024-04-15T14:33:31.730+0000] {processor.py:840} INFO - DAG(s) 'example_bash_operator' retrieved from /home/airflow/.local/lib/python3.12/site-packages/airflow/example_dags/example_bash_operator.py
[2024-04-15T14:33:31.882+0000] {logging_mixin.py:188} INFO - [2024-04-15T14:33:31.882+0000] {dag.py:3096} INFO - Sync 1 DAGs
[2024-04-15T14:33:31.940+0000] {logging_mixin.py:188} INFO - [2024-04-15T14:33:31.940+0000] {dag.py:3954} INFO - Setting next_dagrun for example_bash_operator to 2024-04-14 00:00:00+00:00, run_after=2024-04-15 00:00:00+00:00
[2024-04-15T14:33:31.993+0000] {processor.py:183} INFO - Processing /home/airflow/.local/lib/python3.12/site-packages/airflow/example_dags/example_bash_operator.py took 0.329 seconds
[2024-04-15T14:34:02.381+0000] {processor.py:161} INFO - Started process (PID=668) to work on /home/airflow/.local/lib/python3.12/site-packages/airflow/example_dags/example_bash_operator.py
[2024-04-15T14:34:02.382+0000] {processor.py:830} INFO - Processing file /home/airflow/.local/lib/python3.12/site-packages/airflow/example_dags/example_bash_operator.py for tasks to queue
[2024-04-15T14:34:02.384+0000] {logging_mixin.py:188} INFO - [2024-04-15T14:34:02.384+0000] {dagbag.py:540} INFO - Filling up the DagBag from /home/airflow/.local/lib/python3.12/site-packages/airflow/example_dags/example_bash_operator.py
[2024-04-15T14:34:02.399+0000] {processor.py:840} INFO - DAG(s) 'example_bash_operator' retrieved from /home/airflow/.local/lib/python3.12/site-packages/airflow/example_dags/example_bash_operator.py
[2024-04-15T14:34:02.436+0000] {logging_mixin.py:188} INFO - [2024-04-15T14:34:02.435+0000] {dag.py:3096} INFO - Sync 1 DAGs
[2024-04-15T14:34:02.467+0000] {logging_mixin.py:188} INFO - [2024-04-15T14:34:02.467+0000] {dag.py:3954} INFO - Setting next_dagrun for example_bash_operator to 2024-04-14 00:00:00+00:00, run_after=2024-04-15 00:00:00+00:00
[2024-04-15T14:34:02.495+0000] {processor.py:183} INFO - Processing /home/airflow/.local/lib/python3.12/site-packages/airflow/example_dags/example_bash_operator.py took 0.122 seconds
[2024-04-15T14:34:32.741+0000] {processor.py:161} INFO - Started process (PID=727) to work on /home/airflow/.local/lib/python3.12/site-packages/airflow/example_dags/example_bash_operator.py
[2024-04-15T14:34:32.743+0000] {processor.py:830} INFO - Processing file /home/airflow/.local/lib/python3.12/site-packages/airflow/example_dags/example_bash_operator.py for tasks to queue
[2024-04-15T14:34:32.750+0000] {logging_mixin.py:188} INFO - [2024-04-15T14:34:32.749+0000] {dagbag.py:540} INFO - Filling up the DagBag from /home/airflow/.local/lib/python3.12/site-packages/airflow/example_dags/example_bash_operator.py
[2024-04-15T14:34:32.774+0000] {processor.py:840} INFO - DAG(s) 'example_bash_operator' retrieved from /home/airflow/.local/lib/python3.12/site-packages/airflow/example_dags/example_bash_operator.py
[2024-04-15T14:34:32.841+0000] {logging_mixin.py:188} INFO - [2024-04-15T14:34:32.841+0000] {dag.py:3096} INFO - Sync 1 DAGs
[2024-04-15T14:34:32.926+0000] {logging_mixin.py:188} INFO - [2024-04-15T14:34:32.925+0000] {dag.py:3954} INFO - Setting next_dagrun for example_bash_operator to 2024-04-14 00:00:00+00:00, run_after=2024-04-15 00:00:00+00:00
[2024-04-15T14:34:32.978+0000] {processor.py:183} INFO - Processing /home/airflow/.local/lib/python3.12/site-packages/airflow/example_dags/example_bash_operator.py took 0.248 seconds
[2024-04-15T14:35:03.238+0000] {processor.py:161} INFO - Started process (PID=787) to work on /home/airflow/.local/lib/python3.12/site-packages/airflow/example_dags/example_bash_operator.py
[2024-04-15T14:35:03.239+0000] {processor.py:830} INFO - Processing file /home/airflow/.local/lib/python3.12/site-packages/airflow/example_dags/example_bash_operator.py for tasks to queue
[2024-04-15T14:35:03.243+0000] {logging_mixin.py:188} INFO - [2024-04-15T14:35:03.242+0000] {dagbag.py:540} INFO - Filling up the DagBag from /home/airflow/.local/lib/python3.12/site-packages/airflow/example_dags/example_bash_operator.py
[2024-04-15T14:35:03.263+0000] {processor.py:840} INFO - DAG(s) 'example_bash_operator' retrieved from /home/airflow/.local/lib/python3.12/site-packages/airflow/example_dags/example_bash_operator.py
[2024-04-15T14:35:03.312+0000] {logging_mixin.py:188} INFO - [2024-04-15T14:35:03.312+0000] {dag.py:3096} INFO - Sync 1 DAGs
[2024-04-15T14:35:03.347+0000] {logging_mixin.py:188} INFO - [2024-04-15T14:35:03.347+0000] {dag.py:3954} INFO - Setting next_dagrun for example_bash_operator to 2024-04-14 00:00:00+00:00, run_after=2024-04-15 00:00:00+00:00
[2024-04-15T14:35:03.377+0000] {processor.py:183} INFO - Processing /home/airflow/.local/lib/python3.12/site-packages/airflow/example_dags/example_bash_operator.py took 0.146 seconds
[2024-04-15T14:35:34.056+0000] {processor.py:161} INFO - Started process (PID=845) to work on /home/airflow/.local/lib/python3.12/site-packages/airflow/example_dags/example_bash_operator.py
[2024-04-15T14:35:34.058+0000] {processor.py:830} INFO - Processing file /home/airflow/.local/lib/python3.12/site-packages/airflow/example_dags/example_bash_operator.py for tasks to queue
[2024-04-15T14:35:34.061+0000] {logging_mixin.py:188} INFO - [2024-04-15T14:35:34.061+0000] {dagbag.py:540} INFO - Filling up the DagBag from /home/airflow/.local/lib/python3.12/site-packages/airflow/example_dags/example_bash_operator.py
[2024-04-15T14:35:34.079+0000] {processor.py:840} INFO - DAG(s) 'example_bash_operator' retrieved from /home/airflow/.local/lib/python3.12/site-packages/airflow/example_dags/example_bash_operator.py
[2024-04-15T14:35:34.121+0000] {logging_mixin.py:188} INFO - [2024-04-15T14:35:34.120+0000] {dag.py:3096} INFO - Sync 1 DAGs
[2024-04-15T14:35:34.156+0000] {logging_mixin.py:188} INFO - [2024-04-15T14:35:34.156+0000] {dag.py:3954} INFO - Setting next_dagrun for example_bash_operator to 2024-04-14 00:00:00+00:00, run_after=2024-04-15 00:00:00+00:00
[2024-04-15T14:35:34.188+0000] {processor.py:183} INFO - Processing /home/airflow/.local/lib/python3.12/site-packages/airflow/example_dags/example_bash_operator.py took 0.141 seconds
[2024-04-15T14:36:04.487+0000] {processor.py:161} INFO - Started process (PID=904) to work on /home/airflow/.local/lib/python3.12/site-packages/airflow/example_dags/example_bash_operator.py
[2024-04-15T14:36:04.489+0000] {processor.py:830} INFO - Processing file /home/airflow/.local/lib/python3.12/site-packages/airflow/example_dags/example_bash_operator.py for tasks to queue
[2024-04-15T14:36:04.492+0000] {logging_mixin.py:188} INFO - [2024-04-15T14:36:04.491+0000] {dagbag.py:540} INFO - Filling up the DagBag from /home/airflow/.local/lib/python3.12/site-packages/airflow/example_dags/example_bash_operator.py
[2024-04-15T14:36:04.508+0000] {processor.py:840} INFO - DAG(s) 'example_bash_operator' retrieved from /home/airflow/.local/lib/python3.12/site-packages/airflow/example_dags/example_bash_operator.py
[2024-04-15T14:36:04.551+0000] {logging_mixin.py:188} INFO - [2024-04-15T14:36:04.551+0000] {dag.py:3096} INFO - Sync 1 DAGs
[2024-04-15T14:36:04.584+0000] {logging_mixin.py:188} INFO - [2024-04-15T14:36:04.584+0000] {dag.py:3954} INFO - Setting next_dagrun for example_bash_operator to 2024-04-14 00:00:00+00:00, run_after=2024-04-15 00:00:00+00:00
[2024-04-15T14:36:04.616+0000] {processor.py:183} INFO - Processing /home/airflow/.local/lib/python3.12/site-packages/airflow/example_dags/example_bash_operator.py took 0.137 seconds
[2024-04-15T14:36:35.222+0000] {processor.py:161} INFO - Started process (PID=963) to work on /home/airflow/.local/lib/python3.12/site-packages/airflow/example_dags/example_bash_operator.py
[2024-04-15T14:36:35.224+0000] {processor.py:830} INFO - Processing file /home/airflow/.local/lib/python3.12/site-packages/airflow/example_dags/example_bash_operator.py for tasks to queue
[2024-04-15T14:36:35.229+0000] {logging_mixin.py:188} INFO - [2024-04-15T14:36:35.228+0000] {dagbag.py:540} INFO - Filling up the DagBag from /home/airflow/.local/lib/python3.12/site-packages/airflow/example_dags/example_bash_operator.py
[2024-04-15T14:36:35.247+0000] {processor.py:840} INFO - DAG(s) 'example_bash_operator' retrieved from /home/airflow/.local/lib/python3.12/site-packages/airflow/example_dags/example_bash_operator.py
[2024-04-15T14:36:35.290+0000] {logging_mixin.py:188} INFO - [2024-04-15T14:36:35.289+0000] {dag.py:3096} INFO - Sync 1 DAGs
[2024-04-15T14:36:35.327+0000] {logging_mixin.py:188} INFO - [2024-04-15T14:36:35.326+0000] {dag.py:3954} INFO - Setting next_dagrun for example_bash_operator to 2024-04-14 00:00:00+00:00, run_after=2024-04-15 00:00:00+00:00
[2024-04-15T14:36:35.358+0000] {processor.py:183} INFO - Processing /home/airflow/.local/lib/python3.12/site-packages/airflow/example_dags/example_bash_operator.py took 0.143 seconds
[2024-04-15T14:37:05.585+0000] {processor.py:161} INFO - Started process (PID=1022) to work on /home/airflow/.local/lib/python3.12/site-packages/airflow/example_dags/example_bash_operator.py
[2024-04-15T14:37:05.586+0000] {processor.py:830} INFO - Processing file /home/airflow/.local/lib/python3.12/site-packages/airflow/example_dags/example_bash_operator.py for tasks to queue
[2024-04-15T14:37:05.589+0000] {logging_mixin.py:188} INFO - [2024-04-15T14:37:05.589+0000] {dagbag.py:540} INFO - Filling up the DagBag from /home/airflow/.local/lib/python3.12/site-packages/airflow/example_dags/example_bash_operator.py
[2024-04-15T14:37:05.603+0000] {processor.py:840} INFO - DAG(s) 'example_bash_operator' retrieved from /home/airflow/.local/lib/python3.12/site-packages/airflow/example_dags/example_bash_operator.py
[2024-04-15T14:37:05.644+0000] {logging_mixin.py:188} INFO - [2024-04-15T14:37:05.644+0000] {dag.py:3096} INFO - Sync 1 DAGs
[2024-04-15T14:37:05.681+0000] {logging_mixin.py:188} INFO - [2024-04-15T14:37:05.681+0000] {dag.py:3954} INFO - Setting next_dagrun for example_bash_operator to 2024-04-14 00:00:00+00:00, run_after=2024-04-15 00:00:00+00:00
[2024-04-15T14:37:05.707+0000] {processor.py:183} INFO - Processing /home/airflow/.local/lib/python3.12/site-packages/airflow/example_dags/example_bash_operator.py took 0.130 seconds
[2024-04-15T14:37:35.916+0000] {processor.py:161} INFO - Started process (PID=1081) to work on /home/airflow/.local/lib/python3.12/site-packages/airflow/example_dags/example_bash_operator.py
[2024-04-15T14:37:35.917+0000] {processor.py:830} INFO - Processing file /home/airflow/.local/lib/python3.12/site-packages/airflow/example_dags/example_bash_operator.py for tasks to queue
[2024-04-15T14:37:35.919+0000] {logging_mixin.py:188} INFO - [2024-04-15T14:37:35.919+0000] {dagbag.py:540} INFO - Filling up the DagBag from /home/airflow/.local/lib/python3.12/site-packages/airflow/example_dags/example_bash_operator.py
[2024-04-15T14:37:35.934+0000] {processor.py:840} INFO - DAG(s) 'example_bash_operator' retrieved from /home/airflow/.local/lib/python3.12/site-packages/airflow/example_dags/example_bash_operator.py
[2024-04-15T14:37:35.973+0000] {logging_mixin.py:188} INFO - [2024-04-15T14:37:35.973+0000] {dag.py:3096} INFO - Sync 1 DAGs
[2024-04-15T14:37:36.004+0000] {logging_mixin.py:188} INFO - [2024-04-15T14:37:36.004+0000] {dag.py:3954} INFO - Setting next_dagrun for example_bash_operator to 2024-04-14 00:00:00+00:00, run_after=2024-04-15 00:00:00+00:00
[2024-04-15T14:37:36.031+0000] {processor.py:183} INFO - Processing /home/airflow/.local/lib/python3.12/site-packages/airflow/example_dags/example_bash_operator.py took 0.123 seconds
[2024-04-15T14:38:06.671+0000] {processor.py:161} INFO - Started process (PID=1140) to work on /home/airflow/.local/lib/python3.12/site-packages/airflow/example_dags/example_bash_operator.py
[2024-04-15T14:38:06.673+0000] {processor.py:830} INFO - Processing file /home/airflow/.local/lib/python3.12/site-packages/airflow/example_dags/example_bash_operator.py for tasks to queue
[2024-04-15T14:38:06.681+0000] {logging_mixin.py:188} INFO - [2024-04-15T14:38:06.681+0000] {dagbag.py:540} INFO - Filling up the DagBag from /home/airflow/.local/lib/python3.12/site-packages/airflow/example_dags/example_bash_operator.py
[2024-04-15T14:38:06.730+0000] {processor.py:840} INFO - DAG(s) 'example_bash_operator' retrieved from /home/airflow/.local/lib/python3.12/site-packages/airflow/example_dags/example_bash_operator.py
[2024-04-15T14:38:07.114+0000] {logging_mixin.py:188} INFO - [2024-04-15T14:38:07.113+0000] {dag.py:3096} INFO - Sync 1 DAGs
[2024-04-15T14:38:07.163+0000] {logging_mixin.py:188} INFO - [2024-04-15T14:38:07.163+0000] {dag.py:3954} INFO - Setting next_dagrun for example_bash_operator to 2024-04-14 00:00:00+00:00, run_after=2024-04-15 00:00:00+00:00
[2024-04-15T14:38:07.222+0000] {processor.py:183} INFO - Processing /home/airflow/.local/lib/python3.12/site-packages/airflow/example_dags/example_bash_operator.py took 0.568 seconds
