[2024-04-15T14:28:45.330+0000] {processor.py:161} INFO - Started process (PID=66) to work on /home/airflow/.local/lib/python3.12/site-packages/airflow/example_dags/example_dynamic_task_mapping_with_no_taskflow_operators.py
[2024-04-15T14:28:45.332+0000] {processor.py:830} INFO - Processing file /home/airflow/.local/lib/python3.12/site-packages/airflow/example_dags/example_dynamic_task_mapping_with_no_taskflow_operators.py for tasks to queue
[2024-04-15T14:28:45.336+0000] {logging_mixin.py:188} INFO - [2024-04-15T14:28:45.335+0000] {dagbag.py:540} INFO - Filling up the DagBag from /home/airflow/.local/lib/python3.12/site-packages/airflow/example_dags/example_dynamic_task_mapping_with_no_taskflow_operators.py
[2024-04-15T14:28:45.350+0000] {processor.py:840} INFO - DAG(s) 'example_dynamic_task_mapping_with_no_taskflow_operators' retrieved from /home/airflow/.local/lib/python3.12/site-packages/airflow/example_dags/example_dynamic_task_mapping_with_no_taskflow_operators.py
[2024-04-15T14:28:45.396+0000] {logging_mixin.py:188} INFO - [2024-04-15T14:28:45.395+0000] {dag.py:3096} INFO - Sync 1 DAGs
[2024-04-15T14:28:45.442+0000] {logging_mixin.py:188} INFO - [2024-04-15T14:28:45.442+0000] {dag.py:3954} INFO - Setting next_dagrun for example_dynamic_task_mapping_with_no_taskflow_operators to 2024-04-14 00:00:00+00:00, run_after=2024-04-15 00:00:00+00:00
[2024-04-15T14:28:45.478+0000] {processor.py:183} INFO - Processing /home/airflow/.local/lib/python3.12/site-packages/airflow/example_dags/example_dynamic_task_mapping_with_no_taskflow_operators.py took 0.157 seconds
[2024-04-15T14:29:16.347+0000] {processor.py:161} INFO - Started process (PID=125) to work on /home/airflow/.local/lib/python3.12/site-packages/airflow/example_dags/example_dynamic_task_mapping_with_no_taskflow_operators.py
[2024-04-15T14:29:16.349+0000] {processor.py:830} INFO - Processing file /home/airflow/.local/lib/python3.12/site-packages/airflow/example_dags/example_dynamic_task_mapping_with_no_taskflow_operators.py for tasks to queue
[2024-04-15T14:29:16.352+0000] {logging_mixin.py:188} INFO - [2024-04-15T14:29:16.351+0000] {dagbag.py:540} INFO - Filling up the DagBag from /home/airflow/.local/lib/python3.12/site-packages/airflow/example_dags/example_dynamic_task_mapping_with_no_taskflow_operators.py
[2024-04-15T14:29:16.370+0000] {processor.py:840} INFO - DAG(s) 'example_dynamic_task_mapping_with_no_taskflow_operators' retrieved from /home/airflow/.local/lib/python3.12/site-packages/airflow/example_dags/example_dynamic_task_mapping_with_no_taskflow_operators.py
[2024-04-15T14:29:16.404+0000] {logging_mixin.py:188} INFO - [2024-04-15T14:29:16.404+0000] {dag.py:3096} INFO - Sync 1 DAGs
[2024-04-15T14:29:16.446+0000] {logging_mixin.py:188} INFO - [2024-04-15T14:29:16.445+0000] {dag.py:3954} INFO - Setting next_dagrun for example_dynamic_task_mapping_with_no_taskflow_operators to 2024-04-14 00:00:00+00:00, run_after=2024-04-15 00:00:00+00:00
[2024-04-15T14:29:16.478+0000] {processor.py:183} INFO - Processing /home/airflow/.local/lib/python3.12/site-packages/airflow/example_dags/example_dynamic_task_mapping_with_no_taskflow_operators.py took 0.142 seconds
[2024-04-15T14:29:47.042+0000] {processor.py:161} INFO - Started process (PID=184) to work on /home/airflow/.local/lib/python3.12/site-packages/airflow/example_dags/example_dynamic_task_mapping_with_no_taskflow_operators.py
[2024-04-15T14:29:47.049+0000] {processor.py:830} INFO - Processing file /home/airflow/.local/lib/python3.12/site-packages/airflow/example_dags/example_dynamic_task_mapping_with_no_taskflow_operators.py for tasks to queue
[2024-04-15T14:29:47.051+0000] {logging_mixin.py:188} INFO - [2024-04-15T14:29:47.051+0000] {dagbag.py:540} INFO - Filling up the DagBag from /home/airflow/.local/lib/python3.12/site-packages/airflow/example_dags/example_dynamic_task_mapping_with_no_taskflow_operators.py
[2024-04-15T14:29:47.063+0000] {processor.py:840} INFO - DAG(s) 'example_dynamic_task_mapping_with_no_taskflow_operators' retrieved from /home/airflow/.local/lib/python3.12/site-packages/airflow/example_dags/example_dynamic_task_mapping_with_no_taskflow_operators.py
[2024-04-15T14:29:47.100+0000] {logging_mixin.py:188} INFO - [2024-04-15T14:29:47.100+0000] {dag.py:3096} INFO - Sync 1 DAGs
[2024-04-15T14:29:47.141+0000] {logging_mixin.py:188} INFO - [2024-04-15T14:29:47.140+0000] {dag.py:3954} INFO - Setting next_dagrun for example_dynamic_task_mapping_with_no_taskflow_operators to 2024-04-14 00:00:00+00:00, run_after=2024-04-15 00:00:00+00:00
[2024-04-15T14:29:47.179+0000] {processor.py:183} INFO - Processing /home/airflow/.local/lib/python3.12/site-packages/airflow/example_dags/example_dynamic_task_mapping_with_no_taskflow_operators.py took 0.146 seconds
[2024-04-15T14:30:20.721+0000] {processor.py:161} INFO - Started process (PID=243) to work on /home/airflow/.local/lib/python3.12/site-packages/airflow/example_dags/example_dynamic_task_mapping_with_no_taskflow_operators.py
[2024-04-15T14:30:20.723+0000] {processor.py:830} INFO - Processing file /home/airflow/.local/lib/python3.12/site-packages/airflow/example_dags/example_dynamic_task_mapping_with_no_taskflow_operators.py for tasks to queue
[2024-04-15T14:30:20.728+0000] {logging_mixin.py:188} INFO - [2024-04-15T14:30:20.727+0000] {dagbag.py:540} INFO - Filling up the DagBag from /home/airflow/.local/lib/python3.12/site-packages/airflow/example_dags/example_dynamic_task_mapping_with_no_taskflow_operators.py
[2024-04-15T14:30:20.761+0000] {processor.py:840} INFO - DAG(s) 'example_dynamic_task_mapping_with_no_taskflow_operators' retrieved from /home/airflow/.local/lib/python3.12/site-packages/airflow/example_dags/example_dynamic_task_mapping_with_no_taskflow_operators.py
[2024-04-15T14:30:20.839+0000] {logging_mixin.py:188} INFO - [2024-04-15T14:30:20.838+0000] {dag.py:3096} INFO - Sync 1 DAGs
[2024-04-15T14:30:21.036+0000] {logging_mixin.py:188} INFO - [2024-04-15T14:30:21.036+0000] {dag.py:3954} INFO - Setting next_dagrun for example_dynamic_task_mapping_with_no_taskflow_operators to 2024-04-14 00:00:00+00:00, run_after=2024-04-15 00:00:00+00:00
[2024-04-15T14:30:21.299+0000] {processor.py:183} INFO - Processing /home/airflow/.local/lib/python3.12/site-packages/airflow/example_dags/example_dynamic_task_mapping_with_no_taskflow_operators.py took 0.611 seconds
[2024-04-15T14:30:51.540+0000] {processor.py:161} INFO - Started process (PID=301) to work on /home/airflow/.local/lib/python3.12/site-packages/airflow/example_dags/example_dynamic_task_mapping_with_no_taskflow_operators.py
[2024-04-15T14:30:51.542+0000] {processor.py:830} INFO - Processing file /home/airflow/.local/lib/python3.12/site-packages/airflow/example_dags/example_dynamic_task_mapping_with_no_taskflow_operators.py for tasks to queue
[2024-04-15T14:30:51.546+0000] {logging_mixin.py:188} INFO - [2024-04-15T14:30:51.545+0000] {dagbag.py:540} INFO - Filling up the DagBag from /home/airflow/.local/lib/python3.12/site-packages/airflow/example_dags/example_dynamic_task_mapping_with_no_taskflow_operators.py
[2024-04-15T14:30:51.578+0000] {processor.py:840} INFO - DAG(s) 'example_dynamic_task_mapping_with_no_taskflow_operators' retrieved from /home/airflow/.local/lib/python3.12/site-packages/airflow/example_dags/example_dynamic_task_mapping_with_no_taskflow_operators.py
[2024-04-15T14:30:51.609+0000] {logging_mixin.py:188} INFO - [2024-04-15T14:30:51.608+0000] {dag.py:3096} INFO - Sync 1 DAGs
[2024-04-15T14:30:51.660+0000] {logging_mixin.py:188} INFO - [2024-04-15T14:30:51.659+0000] {dag.py:3954} INFO - Setting next_dagrun for example_dynamic_task_mapping_with_no_taskflow_operators to 2024-04-14 00:00:00+00:00, run_after=2024-04-15 00:00:00+00:00
[2024-04-15T14:30:51.701+0000] {processor.py:183} INFO - Processing /home/airflow/.local/lib/python3.12/site-packages/airflow/example_dags/example_dynamic_task_mapping_with_no_taskflow_operators.py took 0.194 seconds
[2024-04-15T14:31:22.253+0000] {processor.py:161} INFO - Started process (PID=359) to work on /home/airflow/.local/lib/python3.12/site-packages/airflow/example_dags/example_dynamic_task_mapping_with_no_taskflow_operators.py
[2024-04-15T14:31:22.254+0000] {processor.py:830} INFO - Processing file /home/airflow/.local/lib/python3.12/site-packages/airflow/example_dags/example_dynamic_task_mapping_with_no_taskflow_operators.py for tasks to queue
[2024-04-15T14:31:22.269+0000] {logging_mixin.py:188} INFO - [2024-04-15T14:31:22.257+0000] {dagbag.py:540} INFO - Filling up the DagBag from /home/airflow/.local/lib/python3.12/site-packages/airflow/example_dags/example_dynamic_task_mapping_with_no_taskflow_operators.py
[2024-04-15T14:31:22.290+0000] {processor.py:840} INFO - DAG(s) 'example_dynamic_task_mapping_with_no_taskflow_operators' retrieved from /home/airflow/.local/lib/python3.12/site-packages/airflow/example_dags/example_dynamic_task_mapping_with_no_taskflow_operators.py
[2024-04-15T14:31:22.351+0000] {logging_mixin.py:188} INFO - [2024-04-15T14:31:22.350+0000] {dag.py:3096} INFO - Sync 1 DAGs
[2024-04-15T14:31:22.456+0000] {logging_mixin.py:188} INFO - [2024-04-15T14:31:22.455+0000] {dag.py:3954} INFO - Setting next_dagrun for example_dynamic_task_mapping_with_no_taskflow_operators to 2024-04-14 00:00:00+00:00, run_after=2024-04-15 00:00:00+00:00
[2024-04-15T14:31:22.547+0000] {processor.py:183} INFO - Processing /home/airflow/.local/lib/python3.12/site-packages/airflow/example_dags/example_dynamic_task_mapping_with_no_taskflow_operators.py took 0.316 seconds
[2024-04-15T14:31:53.621+0000] {processor.py:161} INFO - Started process (PID=419) to work on /home/airflow/.local/lib/python3.12/site-packages/airflow/example_dags/example_dynamic_task_mapping_with_no_taskflow_operators.py
[2024-04-15T14:31:53.623+0000] {processor.py:830} INFO - Processing file /home/airflow/.local/lib/python3.12/site-packages/airflow/example_dags/example_dynamic_task_mapping_with_no_taskflow_operators.py for tasks to queue
[2024-04-15T14:31:53.635+0000] {logging_mixin.py:188} INFO - [2024-04-15T14:31:53.634+0000] {dagbag.py:540} INFO - Filling up the DagBag from /home/airflow/.local/lib/python3.12/site-packages/airflow/example_dags/example_dynamic_task_mapping_with_no_taskflow_operators.py
[2024-04-15T14:31:53.658+0000] {processor.py:840} INFO - DAG(s) 'example_dynamic_task_mapping_with_no_taskflow_operators' retrieved from /home/airflow/.local/lib/python3.12/site-packages/airflow/example_dags/example_dynamic_task_mapping_with_no_taskflow_operators.py
[2024-04-15T14:31:53.712+0000] {logging_mixin.py:188} INFO - [2024-04-15T14:31:53.711+0000] {dag.py:3096} INFO - Sync 1 DAGs
[2024-04-15T14:31:53.770+0000] {logging_mixin.py:188} INFO - [2024-04-15T14:31:53.769+0000] {dag.py:3954} INFO - Setting next_dagrun for example_dynamic_task_mapping_with_no_taskflow_operators to 2024-04-14 00:00:00+00:00, run_after=2024-04-15 00:00:00+00:00
[2024-04-15T14:31:53.830+0000] {processor.py:183} INFO - Processing /home/airflow/.local/lib/python3.12/site-packages/airflow/example_dags/example_dynamic_task_mapping_with_no_taskflow_operators.py took 0.222 seconds
[2024-04-15T14:32:23.918+0000] {processor.py:161} INFO - Started process (PID=476) to work on /home/airflow/.local/lib/python3.12/site-packages/airflow/example_dags/example_dynamic_task_mapping_with_no_taskflow_operators.py
[2024-04-15T14:32:23.919+0000] {processor.py:830} INFO - Processing file /home/airflow/.local/lib/python3.12/site-packages/airflow/example_dags/example_dynamic_task_mapping_with_no_taskflow_operators.py for tasks to queue
[2024-04-15T14:32:23.922+0000] {logging_mixin.py:188} INFO - [2024-04-15T14:32:23.922+0000] {dagbag.py:540} INFO - Filling up the DagBag from /home/airflow/.local/lib/python3.12/site-packages/airflow/example_dags/example_dynamic_task_mapping_with_no_taskflow_operators.py
[2024-04-15T14:32:23.934+0000] {processor.py:840} INFO - DAG(s) 'example_dynamic_task_mapping_with_no_taskflow_operators' retrieved from /home/airflow/.local/lib/python3.12/site-packages/airflow/example_dags/example_dynamic_task_mapping_with_no_taskflow_operators.py
[2024-04-15T14:32:23.960+0000] {logging_mixin.py:188} INFO - [2024-04-15T14:32:23.960+0000] {dag.py:3096} INFO - Sync 1 DAGs
[2024-04-15T14:32:23.990+0000] {logging_mixin.py:188} INFO - [2024-04-15T14:32:23.990+0000] {dag.py:3954} INFO - Setting next_dagrun for example_dynamic_task_mapping_with_no_taskflow_operators to 2024-04-14 00:00:00+00:00, run_after=2024-04-15 00:00:00+00:00
[2024-04-15T14:32:24.018+0000] {processor.py:183} INFO - Processing /home/airflow/.local/lib/python3.12/site-packages/airflow/example_dags/example_dynamic_task_mapping_with_no_taskflow_operators.py took 0.111 seconds
[2024-04-15T14:32:54.114+0000] {processor.py:161} INFO - Started process (PID=534) to work on /home/airflow/.local/lib/python3.12/site-packages/airflow/example_dags/example_dynamic_task_mapping_with_no_taskflow_operators.py
[2024-04-15T14:32:54.116+0000] {processor.py:830} INFO - Processing file /home/airflow/.local/lib/python3.12/site-packages/airflow/example_dags/example_dynamic_task_mapping_with_no_taskflow_operators.py for tasks to queue
[2024-04-15T14:32:54.118+0000] {logging_mixin.py:188} INFO - [2024-04-15T14:32:54.117+0000] {dagbag.py:540} INFO - Filling up the DagBag from /home/airflow/.local/lib/python3.12/site-packages/airflow/example_dags/example_dynamic_task_mapping_with_no_taskflow_operators.py
[2024-04-15T14:32:54.125+0000] {processor.py:840} INFO - DAG(s) 'example_dynamic_task_mapping_with_no_taskflow_operators' retrieved from /home/airflow/.local/lib/python3.12/site-packages/airflow/example_dags/example_dynamic_task_mapping_with_no_taskflow_operators.py
[2024-04-15T14:32:54.149+0000] {logging_mixin.py:188} INFO - [2024-04-15T14:32:54.148+0000] {dag.py:3096} INFO - Sync 1 DAGs
[2024-04-15T14:32:54.178+0000] {logging_mixin.py:188} INFO - [2024-04-15T14:32:54.177+0000] {dag.py:3954} INFO - Setting next_dagrun for example_dynamic_task_mapping_with_no_taskflow_operators to 2024-04-14 00:00:00+00:00, run_after=2024-04-15 00:00:00+00:00
[2024-04-15T14:32:54.204+0000] {processor.py:183} INFO - Processing /home/airflow/.local/lib/python3.12/site-packages/airflow/example_dags/example_dynamic_task_mapping_with_no_taskflow_operators.py took 0.096 seconds
[2024-04-15T14:33:24.610+0000] {processor.py:161} INFO - Started process (PID=593) to work on /home/airflow/.local/lib/python3.12/site-packages/airflow/example_dags/example_dynamic_task_mapping_with_no_taskflow_operators.py
[2024-04-15T14:33:24.613+0000] {processor.py:830} INFO - Processing file /home/airflow/.local/lib/python3.12/site-packages/airflow/example_dags/example_dynamic_task_mapping_with_no_taskflow_operators.py for tasks to queue
[2024-04-15T14:33:24.616+0000] {logging_mixin.py:188} INFO - [2024-04-15T14:33:24.615+0000] {dagbag.py:540} INFO - Filling up the DagBag from /home/airflow/.local/lib/python3.12/site-packages/airflow/example_dags/example_dynamic_task_mapping_with_no_taskflow_operators.py
[2024-04-15T14:33:24.627+0000] {processor.py:840} INFO - DAG(s) 'example_dynamic_task_mapping_with_no_taskflow_operators' retrieved from /home/airflow/.local/lib/python3.12/site-packages/airflow/example_dags/example_dynamic_task_mapping_with_no_taskflow_operators.py
[2024-04-15T14:33:24.666+0000] {logging_mixin.py:188} INFO - [2024-04-15T14:33:24.665+0000] {dag.py:3096} INFO - Sync 1 DAGs
[2024-04-15T14:33:24.707+0000] {logging_mixin.py:188} INFO - [2024-04-15T14:33:24.706+0000] {dag.py:3954} INFO - Setting next_dagrun for example_dynamic_task_mapping_with_no_taskflow_operators to 2024-04-14 00:00:00+00:00, run_after=2024-04-15 00:00:00+00:00
[2024-04-15T14:33:24.739+0000] {processor.py:183} INFO - Processing /home/airflow/.local/lib/python3.12/site-packages/airflow/example_dags/example_dynamic_task_mapping_with_no_taskflow_operators.py took 0.139 seconds
[2024-04-15T14:33:55.201+0000] {processor.py:161} INFO - Started process (PID=652) to work on /home/airflow/.local/lib/python3.12/site-packages/airflow/example_dags/example_dynamic_task_mapping_with_no_taskflow_operators.py
[2024-04-15T14:33:55.203+0000] {processor.py:830} INFO - Processing file /home/airflow/.local/lib/python3.12/site-packages/airflow/example_dags/example_dynamic_task_mapping_with_no_taskflow_operators.py for tasks to queue
[2024-04-15T14:33:55.206+0000] {logging_mixin.py:188} INFO - [2024-04-15T14:33:55.205+0000] {dagbag.py:540} INFO - Filling up the DagBag from /home/airflow/.local/lib/python3.12/site-packages/airflow/example_dags/example_dynamic_task_mapping_with_no_taskflow_operators.py
[2024-04-15T14:33:55.215+0000] {processor.py:840} INFO - DAG(s) 'example_dynamic_task_mapping_with_no_taskflow_operators' retrieved from /home/airflow/.local/lib/python3.12/site-packages/airflow/example_dags/example_dynamic_task_mapping_with_no_taskflow_operators.py
[2024-04-15T14:33:55.244+0000] {logging_mixin.py:188} INFO - [2024-04-15T14:33:55.244+0000] {dag.py:3096} INFO - Sync 1 DAGs
[2024-04-15T14:33:55.274+0000] {logging_mixin.py:188} INFO - [2024-04-15T14:33:55.273+0000] {dag.py:3954} INFO - Setting next_dagrun for example_dynamic_task_mapping_with_no_taskflow_operators to 2024-04-14 00:00:00+00:00, run_after=2024-04-15 00:00:00+00:00
[2024-04-15T14:33:55.302+0000] {processor.py:183} INFO - Processing /home/airflow/.local/lib/python3.12/site-packages/airflow/example_dags/example_dynamic_task_mapping_with_no_taskflow_operators.py took 0.108 seconds
[2024-04-15T14:34:26.142+0000] {processor.py:161} INFO - Started process (PID=711) to work on /home/airflow/.local/lib/python3.12/site-packages/airflow/example_dags/example_dynamic_task_mapping_with_no_taskflow_operators.py
[2024-04-15T14:34:26.143+0000] {processor.py:830} INFO - Processing file /home/airflow/.local/lib/python3.12/site-packages/airflow/example_dags/example_dynamic_task_mapping_with_no_taskflow_operators.py for tasks to queue
[2024-04-15T14:34:26.146+0000] {logging_mixin.py:188} INFO - [2024-04-15T14:34:26.145+0000] {dagbag.py:540} INFO - Filling up the DagBag from /home/airflow/.local/lib/python3.12/site-packages/airflow/example_dags/example_dynamic_task_mapping_with_no_taskflow_operators.py
[2024-04-15T14:34:26.153+0000] {processor.py:840} INFO - DAG(s) 'example_dynamic_task_mapping_with_no_taskflow_operators' retrieved from /home/airflow/.local/lib/python3.12/site-packages/airflow/example_dags/example_dynamic_task_mapping_with_no_taskflow_operators.py
[2024-04-15T14:34:26.183+0000] {logging_mixin.py:188} INFO - [2024-04-15T14:34:26.183+0000] {dag.py:3096} INFO - Sync 1 DAGs
[2024-04-15T14:34:26.211+0000] {logging_mixin.py:188} INFO - [2024-04-15T14:34:26.211+0000] {dag.py:3954} INFO - Setting next_dagrun for example_dynamic_task_mapping_with_no_taskflow_operators to 2024-04-14 00:00:00+00:00, run_after=2024-04-15 00:00:00+00:00
[2024-04-15T14:34:26.238+0000] {processor.py:183} INFO - Processing /home/airflow/.local/lib/python3.12/site-packages/airflow/example_dags/example_dynamic_task_mapping_with_no_taskflow_operators.py took 0.105 seconds
[2024-04-15T14:34:56.641+0000] {processor.py:161} INFO - Started process (PID=770) to work on /home/airflow/.local/lib/python3.12/site-packages/airflow/example_dags/example_dynamic_task_mapping_with_no_taskflow_operators.py
[2024-04-15T14:34:56.643+0000] {processor.py:830} INFO - Processing file /home/airflow/.local/lib/python3.12/site-packages/airflow/example_dags/example_dynamic_task_mapping_with_no_taskflow_operators.py for tasks to queue
[2024-04-15T14:34:56.646+0000] {logging_mixin.py:188} INFO - [2024-04-15T14:34:56.645+0000] {dagbag.py:540} INFO - Filling up the DagBag from /home/airflow/.local/lib/python3.12/site-packages/airflow/example_dags/example_dynamic_task_mapping_with_no_taskflow_operators.py
[2024-04-15T14:34:56.654+0000] {processor.py:840} INFO - DAG(s) 'example_dynamic_task_mapping_with_no_taskflow_operators' retrieved from /home/airflow/.local/lib/python3.12/site-packages/airflow/example_dags/example_dynamic_task_mapping_with_no_taskflow_operators.py
[2024-04-15T14:34:56.684+0000] {logging_mixin.py:188} INFO - [2024-04-15T14:34:56.683+0000] {dag.py:3096} INFO - Sync 1 DAGs
[2024-04-15T14:34:56.711+0000] {logging_mixin.py:188} INFO - [2024-04-15T14:34:56.711+0000] {dag.py:3954} INFO - Setting next_dagrun for example_dynamic_task_mapping_with_no_taskflow_operators to 2024-04-14 00:00:00+00:00, run_after=2024-04-15 00:00:00+00:00
[2024-04-15T14:34:56.734+0000] {processor.py:183} INFO - Processing /home/airflow/.local/lib/python3.12/site-packages/airflow/example_dags/example_dynamic_task_mapping_with_no_taskflow_operators.py took 0.101 seconds
[2024-04-15T14:35:27.036+0000] {processor.py:161} INFO - Started process (PID=829) to work on /home/airflow/.local/lib/python3.12/site-packages/airflow/example_dags/example_dynamic_task_mapping_with_no_taskflow_operators.py
[2024-04-15T14:35:27.038+0000] {processor.py:830} INFO - Processing file /home/airflow/.local/lib/python3.12/site-packages/airflow/example_dags/example_dynamic_task_mapping_with_no_taskflow_operators.py for tasks to queue
[2024-04-15T14:35:27.040+0000] {logging_mixin.py:188} INFO - [2024-04-15T14:35:27.040+0000] {dagbag.py:540} INFO - Filling up the DagBag from /home/airflow/.local/lib/python3.12/site-packages/airflow/example_dags/example_dynamic_task_mapping_with_no_taskflow_operators.py
[2024-04-15T14:35:27.049+0000] {processor.py:840} INFO - DAG(s) 'example_dynamic_task_mapping_with_no_taskflow_operators' retrieved from /home/airflow/.local/lib/python3.12/site-packages/airflow/example_dags/example_dynamic_task_mapping_with_no_taskflow_operators.py
[2024-04-15T14:35:27.075+0000] {logging_mixin.py:188} INFO - [2024-04-15T14:35:27.075+0000] {dag.py:3096} INFO - Sync 1 DAGs
[2024-04-15T14:35:27.103+0000] {logging_mixin.py:188} INFO - [2024-04-15T14:35:27.103+0000] {dag.py:3954} INFO - Setting next_dagrun for example_dynamic_task_mapping_with_no_taskflow_operators to 2024-04-14 00:00:00+00:00, run_after=2024-04-15 00:00:00+00:00
[2024-04-15T14:35:27.130+0000] {processor.py:183} INFO - Processing /home/airflow/.local/lib/python3.12/site-packages/airflow/example_dags/example_dynamic_task_mapping_with_no_taskflow_operators.py took 0.101 seconds
[2024-04-15T14:35:57.876+0000] {processor.py:161} INFO - Started process (PID=888) to work on /home/airflow/.local/lib/python3.12/site-packages/airflow/example_dags/example_dynamic_task_mapping_with_no_taskflow_operators.py
[2024-04-15T14:35:57.879+0000] {processor.py:830} INFO - Processing file /home/airflow/.local/lib/python3.12/site-packages/airflow/example_dags/example_dynamic_task_mapping_with_no_taskflow_operators.py for tasks to queue
[2024-04-15T14:35:57.892+0000] {logging_mixin.py:188} INFO - [2024-04-15T14:35:57.891+0000] {dagbag.py:540} INFO - Filling up the DagBag from /home/airflow/.local/lib/python3.12/site-packages/airflow/example_dags/example_dynamic_task_mapping_with_no_taskflow_operators.py
[2024-04-15T14:35:57.914+0000] {processor.py:840} INFO - DAG(s) 'example_dynamic_task_mapping_with_no_taskflow_operators' retrieved from /home/airflow/.local/lib/python3.12/site-packages/airflow/example_dags/example_dynamic_task_mapping_with_no_taskflow_operators.py
[2024-04-15T14:35:57.982+0000] {logging_mixin.py:188} INFO - [2024-04-15T14:35:57.981+0000] {dag.py:3096} INFO - Sync 1 DAGs
[2024-04-15T14:35:58.072+0000] {logging_mixin.py:188} INFO - [2024-04-15T14:35:58.072+0000] {dag.py:3954} INFO - Setting next_dagrun for example_dynamic_task_mapping_with_no_taskflow_operators to 2024-04-14 00:00:00+00:00, run_after=2024-04-15 00:00:00+00:00
[2024-04-15T14:35:58.106+0000] {processor.py:183} INFO - Processing /home/airflow/.local/lib/python3.12/site-packages/airflow/example_dags/example_dynamic_task_mapping_with_no_taskflow_operators.py took 0.251 seconds
[2024-04-15T14:36:28.264+0000] {processor.py:161} INFO - Started process (PID=947) to work on /home/airflow/.local/lib/python3.12/site-packages/airflow/example_dags/example_dynamic_task_mapping_with_no_taskflow_operators.py
[2024-04-15T14:36:28.266+0000] {processor.py:830} INFO - Processing file /home/airflow/.local/lib/python3.12/site-packages/airflow/example_dags/example_dynamic_task_mapping_with_no_taskflow_operators.py for tasks to queue
[2024-04-15T14:36:28.268+0000] {logging_mixin.py:188} INFO - [2024-04-15T14:36:28.268+0000] {dagbag.py:540} INFO - Filling up the DagBag from /home/airflow/.local/lib/python3.12/site-packages/airflow/example_dags/example_dynamic_task_mapping_with_no_taskflow_operators.py
[2024-04-15T14:36:28.278+0000] {processor.py:840} INFO - DAG(s) 'example_dynamic_task_mapping_with_no_taskflow_operators' retrieved from /home/airflow/.local/lib/python3.12/site-packages/airflow/example_dags/example_dynamic_task_mapping_with_no_taskflow_operators.py
[2024-04-15T14:36:28.304+0000] {logging_mixin.py:188} INFO - [2024-04-15T14:36:28.303+0000] {dag.py:3096} INFO - Sync 1 DAGs
[2024-04-15T14:36:28.334+0000] {logging_mixin.py:188} INFO - [2024-04-15T14:36:28.333+0000] {dag.py:3954} INFO - Setting next_dagrun for example_dynamic_task_mapping_with_no_taskflow_operators to 2024-04-14 00:00:00+00:00, run_after=2024-04-15 00:00:00+00:00
[2024-04-15T14:36:28.363+0000] {processor.py:183} INFO - Processing /home/airflow/.local/lib/python3.12/site-packages/airflow/example_dags/example_dynamic_task_mapping_with_no_taskflow_operators.py took 0.107 seconds
[2024-04-15T14:36:58.877+0000] {processor.py:161} INFO - Started process (PID=1006) to work on /home/airflow/.local/lib/python3.12/site-packages/airflow/example_dags/example_dynamic_task_mapping_with_no_taskflow_operators.py
[2024-04-15T14:36:58.878+0000] {processor.py:830} INFO - Processing file /home/airflow/.local/lib/python3.12/site-packages/airflow/example_dags/example_dynamic_task_mapping_with_no_taskflow_operators.py for tasks to queue
[2024-04-15T14:36:58.888+0000] {logging_mixin.py:188} INFO - [2024-04-15T14:36:58.888+0000] {dagbag.py:540} INFO - Filling up the DagBag from /home/airflow/.local/lib/python3.12/site-packages/airflow/example_dags/example_dynamic_task_mapping_with_no_taskflow_operators.py
[2024-04-15T14:36:58.905+0000] {processor.py:840} INFO - DAG(s) 'example_dynamic_task_mapping_with_no_taskflow_operators' retrieved from /home/airflow/.local/lib/python3.12/site-packages/airflow/example_dags/example_dynamic_task_mapping_with_no_taskflow_operators.py
[2024-04-15T14:36:58.969+0000] {logging_mixin.py:188} INFO - [2024-04-15T14:36:58.969+0000] {dag.py:3096} INFO - Sync 1 DAGs
[2024-04-15T14:36:59.028+0000] {logging_mixin.py:188} INFO - [2024-04-15T14:36:59.028+0000] {dag.py:3954} INFO - Setting next_dagrun for example_dynamic_task_mapping_with_no_taskflow_operators to 2024-04-14 00:00:00+00:00, run_after=2024-04-15 00:00:00+00:00
[2024-04-15T14:36:59.094+0000] {processor.py:183} INFO - Processing /home/airflow/.local/lib/python3.12/site-packages/airflow/example_dags/example_dynamic_task_mapping_with_no_taskflow_operators.py took 0.232 seconds
[2024-04-15T14:37:29.438+0000] {processor.py:161} INFO - Started process (PID=1065) to work on /home/airflow/.local/lib/python3.12/site-packages/airflow/example_dags/example_dynamic_task_mapping_with_no_taskflow_operators.py
[2024-04-15T14:37:29.441+0000] {processor.py:830} INFO - Processing file /home/airflow/.local/lib/python3.12/site-packages/airflow/example_dags/example_dynamic_task_mapping_with_no_taskflow_operators.py for tasks to queue
[2024-04-15T14:37:29.445+0000] {logging_mixin.py:188} INFO - [2024-04-15T14:37:29.444+0000] {dagbag.py:540} INFO - Filling up the DagBag from /home/airflow/.local/lib/python3.12/site-packages/airflow/example_dags/example_dynamic_task_mapping_with_no_taskflow_operators.py
[2024-04-15T14:37:29.456+0000] {processor.py:840} INFO - DAG(s) 'example_dynamic_task_mapping_with_no_taskflow_operators' retrieved from /home/airflow/.local/lib/python3.12/site-packages/airflow/example_dags/example_dynamic_task_mapping_with_no_taskflow_operators.py
[2024-04-15T14:37:29.492+0000] {logging_mixin.py:188} INFO - [2024-04-15T14:37:29.492+0000] {dag.py:3096} INFO - Sync 1 DAGs
[2024-04-15T14:37:29.712+0000] {logging_mixin.py:188} INFO - [2024-04-15T14:37:29.712+0000] {dag.py:3954} INFO - Setting next_dagrun for example_dynamic_task_mapping_with_no_taskflow_operators to 2024-04-14 00:00:00+00:00, run_after=2024-04-15 00:00:00+00:00
[2024-04-15T14:37:29.754+0000] {processor.py:183} INFO - Processing /home/airflow/.local/lib/python3.12/site-packages/airflow/example_dags/example_dynamic_task_mapping_with_no_taskflow_operators.py took 0.333 seconds
[2024-04-15T14:38:00.715+0000] {processor.py:161} INFO - Started process (PID=1124) to work on /home/airflow/.local/lib/python3.12/site-packages/airflow/example_dags/example_dynamic_task_mapping_with_no_taskflow_operators.py
[2024-04-15T14:38:00.716+0000] {processor.py:830} INFO - Processing file /home/airflow/.local/lib/python3.12/site-packages/airflow/example_dags/example_dynamic_task_mapping_with_no_taskflow_operators.py for tasks to queue
[2024-04-15T14:38:00.720+0000] {logging_mixin.py:188} INFO - [2024-04-15T14:38:00.719+0000] {dagbag.py:540} INFO - Filling up the DagBag from /home/airflow/.local/lib/python3.12/site-packages/airflow/example_dags/example_dynamic_task_mapping_with_no_taskflow_operators.py
[2024-04-15T14:38:00.734+0000] {processor.py:840} INFO - DAG(s) 'example_dynamic_task_mapping_with_no_taskflow_operators' retrieved from /home/airflow/.local/lib/python3.12/site-packages/airflow/example_dags/example_dynamic_task_mapping_with_no_taskflow_operators.py
[2024-04-15T14:38:00.766+0000] {logging_mixin.py:188} INFO - [2024-04-15T14:38:00.766+0000] {dag.py:3096} INFO - Sync 1 DAGs
[2024-04-15T14:38:00.954+0000] {logging_mixin.py:188} INFO - [2024-04-15T14:38:00.954+0000] {dag.py:3954} INFO - Setting next_dagrun for example_dynamic_task_mapping_with_no_taskflow_operators to 2024-04-14 00:00:00+00:00, run_after=2024-04-15 00:00:00+00:00
[2024-04-15T14:38:00.980+0000] {processor.py:183} INFO - Processing /home/airflow/.local/lib/python3.12/site-packages/airflow/example_dags/example_dynamic_task_mapping_with_no_taskflow_operators.py took 0.275 seconds
