[2024-04-15T14:28:47.478+0000] {processor.py:161} INFO - Started process (PID=76) to work on /home/airflow/.local/lib/python3.12/site-packages/airflow/example_dags/example_subdag_operator.py
[2024-04-15T14:28:47.483+0000] {processor.py:830} INFO - Processing file /home/airflow/.local/lib/python3.12/site-packages/airflow/example_dags/example_subdag_operator.py for tasks to queue
[2024-04-15T14:28:47.487+0000] {logging_mixin.py:188} INFO - [2024-04-15T14:28:47.486+0000] {dagbag.py:540} INFO - Filling up the DagBag from /home/airflow/.local/lib/python3.12/site-packages/airflow/example_dags/example_subdag_operator.py
[2024-04-15T14:28:47.556+0000] {processor.py:840} INFO - DAG(s) 'example_subdag_operator.section-1', 'example_subdag_operator.section-2', 'example_subdag_operator' retrieved from /home/airflow/.local/lib/python3.12/site-packages/airflow/example_dags/example_subdag_operator.py
[2024-04-15T14:28:47.605+0000] {logging_mixin.py:188} INFO - [2024-04-15T14:28:47.604+0000] {dag.py:3096} INFO - Sync 3 DAGs
[2024-04-15T14:28:47.663+0000] {logging_mixin.py:188} INFO - [2024-04-15T14:28:47.662+0000] {dag.py:3954} INFO - Setting next_dagrun for example_subdag_operator to 2022-01-01 00:00:00+00:00, run_after=2022-01-01 00:00:00+00:00
[2024-04-15T14:28:47.671+0000] {logging_mixin.py:188} INFO - [2024-04-15T14:28:47.670+0000] {dag.py:3954} INFO - Setting next_dagrun for example_subdag_operator.section-1 to None, run_after=None
[2024-04-15T14:28:47.674+0000] {logging_mixin.py:188} INFO - [2024-04-15T14:28:47.674+0000] {dag.py:3954} INFO - Setting next_dagrun for example_subdag_operator.section-2 to None, run_after=None
[2024-04-15T14:28:47.702+0000] {logging_mixin.py:188} INFO - [2024-04-15T14:28:47.702+0000] {dag.py:3096} INFO - Sync 2 DAGs
[2024-04-15T14:28:47.724+0000] {logging_mixin.py:188} INFO - [2024-04-15T14:28:47.724+0000] {dag.py:3954} INFO - Setting next_dagrun for example_subdag_operator.section-1 to None, run_after=None
[2024-04-15T14:28:47.725+0000] {logging_mixin.py:188} INFO - [2024-04-15T14:28:47.725+0000] {dag.py:3954} INFO - Setting next_dagrun for example_subdag_operator.section-2 to None, run_after=None
[2024-04-15T14:28:47.766+0000] {processor.py:183} INFO - Processing /home/airflow/.local/lib/python3.12/site-packages/airflow/example_dags/example_subdag_operator.py took 0.299 seconds
[2024-04-15T14:29:18.447+0000] {processor.py:161} INFO - Started process (PID=135) to work on /home/airflow/.local/lib/python3.12/site-packages/airflow/example_dags/example_subdag_operator.py
[2024-04-15T14:29:18.449+0000] {processor.py:830} INFO - Processing file /home/airflow/.local/lib/python3.12/site-packages/airflow/example_dags/example_subdag_operator.py for tasks to queue
[2024-04-15T14:29:18.455+0000] {logging_mixin.py:188} INFO - [2024-04-15T14:29:18.454+0000] {dagbag.py:540} INFO - Filling up the DagBag from /home/airflow/.local/lib/python3.12/site-packages/airflow/example_dags/example_subdag_operator.py
[2024-04-15T14:29:18.502+0000] {processor.py:840} INFO - DAG(s) 'example_subdag_operator.section-1', 'example_subdag_operator.section-2', 'example_subdag_operator' retrieved from /home/airflow/.local/lib/python3.12/site-packages/airflow/example_dags/example_subdag_operator.py
[2024-04-15T14:29:18.546+0000] {logging_mixin.py:188} INFO - [2024-04-15T14:29:18.545+0000] {dag.py:3096} INFO - Sync 3 DAGs
[2024-04-15T14:29:18.598+0000] {logging_mixin.py:188} INFO - [2024-04-15T14:29:18.597+0000] {dag.py:3954} INFO - Setting next_dagrun for example_subdag_operator to 2022-01-01 00:00:00+00:00, run_after=2022-01-01 00:00:00+00:00
[2024-04-15T14:29:18.610+0000] {logging_mixin.py:188} INFO - [2024-04-15T14:29:18.609+0000] {dag.py:3954} INFO - Setting next_dagrun for example_subdag_operator.section-1 to None, run_after=None
[2024-04-15T14:29:18.614+0000] {logging_mixin.py:188} INFO - [2024-04-15T14:29:18.614+0000] {dag.py:3954} INFO - Setting next_dagrun for example_subdag_operator.section-2 to None, run_after=None
[2024-04-15T14:29:18.634+0000] {logging_mixin.py:188} INFO - [2024-04-15T14:29:18.633+0000] {dag.py:3096} INFO - Sync 2 DAGs
[2024-04-15T14:29:18.646+0000] {logging_mixin.py:188} INFO - [2024-04-15T14:29:18.646+0000] {dag.py:3954} INFO - Setting next_dagrun for example_subdag_operator.section-1 to None, run_after=None
[2024-04-15T14:29:18.648+0000] {logging_mixin.py:188} INFO - [2024-04-15T14:29:18.647+0000] {dag.py:3954} INFO - Setting next_dagrun for example_subdag_operator.section-2 to None, run_after=None
[2024-04-15T14:29:18.679+0000] {processor.py:183} INFO - Processing /home/airflow/.local/lib/python3.12/site-packages/airflow/example_dags/example_subdag_operator.py took 0.241 seconds
[2024-04-15T14:29:48.998+0000] {processor.py:161} INFO - Started process (PID=194) to work on /home/airflow/.local/lib/python3.12/site-packages/airflow/example_dags/example_subdag_operator.py
[2024-04-15T14:29:49.000+0000] {processor.py:830} INFO - Processing file /home/airflow/.local/lib/python3.12/site-packages/airflow/example_dags/example_subdag_operator.py for tasks to queue
[2024-04-15T14:29:49.003+0000] {logging_mixin.py:188} INFO - [2024-04-15T14:29:49.003+0000] {dagbag.py:540} INFO - Filling up the DagBag from /home/airflow/.local/lib/python3.12/site-packages/airflow/example_dags/example_subdag_operator.py
[2024-04-15T14:29:49.071+0000] {processor.py:840} INFO - DAG(s) 'example_subdag_operator.section-1', 'example_subdag_operator.section-2', 'example_subdag_operator' retrieved from /home/airflow/.local/lib/python3.12/site-packages/airflow/example_dags/example_subdag_operator.py
[2024-04-15T14:29:49.119+0000] {logging_mixin.py:188} INFO - [2024-04-15T14:29:49.119+0000] {dag.py:3096} INFO - Sync 3 DAGs
[2024-04-15T14:29:49.196+0000] {logging_mixin.py:188} INFO - [2024-04-15T14:29:49.196+0000] {dag.py:3954} INFO - Setting next_dagrun for example_subdag_operator to 2022-01-01 00:00:00+00:00, run_after=2022-01-01 00:00:00+00:00
[2024-04-15T14:29:49.214+0000] {logging_mixin.py:188} INFO - [2024-04-15T14:29:49.214+0000] {dag.py:3954} INFO - Setting next_dagrun for example_subdag_operator.section-1 to None, run_after=None
[2024-04-15T14:29:49.216+0000] {logging_mixin.py:188} INFO - [2024-04-15T14:29:49.216+0000] {dag.py:3954} INFO - Setting next_dagrun for example_subdag_operator.section-2 to None, run_after=None
[2024-04-15T14:29:49.239+0000] {logging_mixin.py:188} INFO - [2024-04-15T14:29:49.238+0000] {dag.py:3096} INFO - Sync 2 DAGs
[2024-04-15T14:29:49.261+0000] {logging_mixin.py:188} INFO - [2024-04-15T14:29:49.260+0000] {dag.py:3954} INFO - Setting next_dagrun for example_subdag_operator.section-1 to None, run_after=None
[2024-04-15T14:29:49.262+0000] {logging_mixin.py:188} INFO - [2024-04-15T14:29:49.262+0000] {dag.py:3954} INFO - Setting next_dagrun for example_subdag_operator.section-2 to None, run_after=None
[2024-04-15T14:29:49.311+0000] {processor.py:183} INFO - Processing /home/airflow/.local/lib/python3.12/site-packages/airflow/example_dags/example_subdag_operator.py took 0.326 seconds
[2024-04-15T14:30:24.742+0000] {processor.py:161} INFO - Started process (PID=253) to work on /home/airflow/.local/lib/python3.12/site-packages/airflow/example_dags/example_subdag_operator.py
[2024-04-15T14:30:24.753+0000] {processor.py:830} INFO - Processing file /home/airflow/.local/lib/python3.12/site-packages/airflow/example_dags/example_subdag_operator.py for tasks to queue
[2024-04-15T14:30:24.757+0000] {logging_mixin.py:188} INFO - [2024-04-15T14:30:24.756+0000] {dagbag.py:540} INFO - Filling up the DagBag from /home/airflow/.local/lib/python3.12/site-packages/airflow/example_dags/example_subdag_operator.py
[2024-04-15T14:30:24.880+0000] {processor.py:840} INFO - DAG(s) 'example_subdag_operator.section-1', 'example_subdag_operator.section-2', 'example_subdag_operator' retrieved from /home/airflow/.local/lib/python3.12/site-packages/airflow/example_dags/example_subdag_operator.py
[2024-04-15T14:30:24.973+0000] {logging_mixin.py:188} INFO - [2024-04-15T14:30:24.972+0000] {dag.py:3096} INFO - Sync 3 DAGs
[2024-04-15T14:30:25.075+0000] {logging_mixin.py:188} INFO - [2024-04-15T14:30:25.075+0000] {dag.py:3954} INFO - Setting next_dagrun for example_subdag_operator to 2022-01-01 00:00:00+00:00, run_after=2022-01-01 00:00:00+00:00
[2024-04-15T14:30:25.104+0000] {logging_mixin.py:188} INFO - [2024-04-15T14:30:25.103+0000] {dag.py:3954} INFO - Setting next_dagrun for example_subdag_operator.section-1 to None, run_after=None
[2024-04-15T14:30:25.111+0000] {logging_mixin.py:188} INFO - [2024-04-15T14:30:25.111+0000] {dag.py:3954} INFO - Setting next_dagrun for example_subdag_operator.section-2 to None, run_after=None
[2024-04-15T14:30:25.175+0000] {logging_mixin.py:188} INFO - [2024-04-15T14:30:25.175+0000] {dag.py:3096} INFO - Sync 2 DAGs
[2024-04-15T14:30:25.220+0000] {logging_mixin.py:188} INFO - [2024-04-15T14:30:25.219+0000] {dag.py:3954} INFO - Setting next_dagrun for example_subdag_operator.section-1 to None, run_after=None
[2024-04-15T14:30:25.233+0000] {logging_mixin.py:188} INFO - [2024-04-15T14:30:25.224+0000] {dag.py:3954} INFO - Setting next_dagrun for example_subdag_operator.section-2 to None, run_after=None
[2024-04-15T14:30:25.306+0000] {processor.py:183} INFO - Processing /home/airflow/.local/lib/python3.12/site-packages/airflow/example_dags/example_subdag_operator.py took 0.587 seconds
[2024-04-15T14:30:56.076+0000] {processor.py:161} INFO - Started process (PID=312) to work on /home/airflow/.local/lib/python3.12/site-packages/airflow/example_dags/example_subdag_operator.py
[2024-04-15T14:30:56.092+0000] {processor.py:830} INFO - Processing file /home/airflow/.local/lib/python3.12/site-packages/airflow/example_dags/example_subdag_operator.py for tasks to queue
[2024-04-15T14:30:56.115+0000] {logging_mixin.py:188} INFO - [2024-04-15T14:30:56.114+0000] {dagbag.py:540} INFO - Filling up the DagBag from /home/airflow/.local/lib/python3.12/site-packages/airflow/example_dags/example_subdag_operator.py
[2024-04-15T14:30:56.259+0000] {processor.py:840} INFO - DAG(s) 'example_subdag_operator.section-1', 'example_subdag_operator.section-2', 'example_subdag_operator' retrieved from /home/airflow/.local/lib/python3.12/site-packages/airflow/example_dags/example_subdag_operator.py
[2024-04-15T14:30:56.418+0000] {logging_mixin.py:188} INFO - [2024-04-15T14:30:56.417+0000] {dag.py:3096} INFO - Sync 3 DAGs
[2024-04-15T14:30:56.548+0000] {logging_mixin.py:188} INFO - [2024-04-15T14:30:56.548+0000] {dag.py:3954} INFO - Setting next_dagrun for example_subdag_operator to 2022-01-01 00:00:00+00:00, run_after=2022-01-01 00:00:00+00:00
[2024-04-15T14:30:56.588+0000] {logging_mixin.py:188} INFO - [2024-04-15T14:30:56.588+0000] {dag.py:3954} INFO - Setting next_dagrun for example_subdag_operator.section-1 to None, run_after=None
[2024-04-15T14:30:56.605+0000] {logging_mixin.py:188} INFO - [2024-04-15T14:30:56.604+0000] {dag.py:3954} INFO - Setting next_dagrun for example_subdag_operator.section-2 to None, run_after=None
[2024-04-15T14:30:56.658+0000] {logging_mixin.py:188} INFO - [2024-04-15T14:30:56.658+0000] {dag.py:3096} INFO - Sync 2 DAGs
[2024-04-15T14:30:56.721+0000] {logging_mixin.py:188} INFO - [2024-04-15T14:30:56.721+0000] {dag.py:3954} INFO - Setting next_dagrun for example_subdag_operator.section-1 to None, run_after=None
[2024-04-15T14:30:56.730+0000] {logging_mixin.py:188} INFO - [2024-04-15T14:30:56.730+0000] {dag.py:3954} INFO - Setting next_dagrun for example_subdag_operator.section-2 to None, run_after=None
[2024-04-15T14:30:56.839+0000] {processor.py:183} INFO - Processing /home/airflow/.local/lib/python3.12/site-packages/airflow/example_dags/example_subdag_operator.py took 0.803 seconds
[2024-04-15T14:31:27.141+0000] {processor.py:161} INFO - Started process (PID=370) to work on /home/airflow/.local/lib/python3.12/site-packages/airflow/example_dags/example_subdag_operator.py
[2024-04-15T14:31:27.142+0000] {processor.py:830} INFO - Processing file /home/airflow/.local/lib/python3.12/site-packages/airflow/example_dags/example_subdag_operator.py for tasks to queue
[2024-04-15T14:31:27.145+0000] {logging_mixin.py:188} INFO - [2024-04-15T14:31:27.144+0000] {dagbag.py:540} INFO - Filling up the DagBag from /home/airflow/.local/lib/python3.12/site-packages/airflow/example_dags/example_subdag_operator.py
[2024-04-15T14:31:27.231+0000] {processor.py:840} INFO - DAG(s) 'example_subdag_operator.section-1', 'example_subdag_operator.section-2', 'example_subdag_operator' retrieved from /home/airflow/.local/lib/python3.12/site-packages/airflow/example_dags/example_subdag_operator.py
[2024-04-15T14:31:27.302+0000] {logging_mixin.py:188} INFO - [2024-04-15T14:31:27.302+0000] {dag.py:3096} INFO - Sync 3 DAGs
[2024-04-15T14:31:27.387+0000] {logging_mixin.py:188} INFO - [2024-04-15T14:31:27.387+0000] {dag.py:3954} INFO - Setting next_dagrun for example_subdag_operator to 2022-01-01 00:00:00+00:00, run_after=2022-01-01 00:00:00+00:00
[2024-04-15T14:31:27.397+0000] {logging_mixin.py:188} INFO - [2024-04-15T14:31:27.397+0000] {dag.py:3954} INFO - Setting next_dagrun for example_subdag_operator.section-1 to None, run_after=None
[2024-04-15T14:31:27.401+0000] {logging_mixin.py:188} INFO - [2024-04-15T14:31:27.400+0000] {dag.py:3954} INFO - Setting next_dagrun for example_subdag_operator.section-2 to None, run_after=None
[2024-04-15T14:31:27.430+0000] {logging_mixin.py:188} INFO - [2024-04-15T14:31:27.426+0000] {dag.py:3096} INFO - Sync 2 DAGs
[2024-04-15T14:31:27.447+0000] {logging_mixin.py:188} INFO - [2024-04-15T14:31:27.446+0000] {dag.py:3954} INFO - Setting next_dagrun for example_subdag_operator.section-1 to None, run_after=None
[2024-04-15T14:31:27.448+0000] {logging_mixin.py:188} INFO - [2024-04-15T14:31:27.447+0000] {dag.py:3954} INFO - Setting next_dagrun for example_subdag_operator.section-2 to None, run_after=None
[2024-04-15T14:31:27.483+0000] {processor.py:183} INFO - Processing /home/airflow/.local/lib/python3.12/site-packages/airflow/example_dags/example_subdag_operator.py took 0.356 seconds
[2024-04-15T14:31:57.910+0000] {processor.py:161} INFO - Started process (PID=430) to work on /home/airflow/.local/lib/python3.12/site-packages/airflow/example_dags/example_subdag_operator.py
[2024-04-15T14:31:57.912+0000] {processor.py:830} INFO - Processing file /home/airflow/.local/lib/python3.12/site-packages/airflow/example_dags/example_subdag_operator.py for tasks to queue
[2024-04-15T14:31:57.914+0000] {logging_mixin.py:188} INFO - [2024-04-15T14:31:57.914+0000] {dagbag.py:540} INFO - Filling up the DagBag from /home/airflow/.local/lib/python3.12/site-packages/airflow/example_dags/example_subdag_operator.py
[2024-04-15T14:31:57.950+0000] {processor.py:840} INFO - DAG(s) 'example_subdag_operator.section-1', 'example_subdag_operator.section-2', 'example_subdag_operator' retrieved from /home/airflow/.local/lib/python3.12/site-packages/airflow/example_dags/example_subdag_operator.py
[2024-04-15T14:31:57.982+0000] {logging_mixin.py:188} INFO - [2024-04-15T14:31:57.982+0000] {dag.py:3096} INFO - Sync 3 DAGs
[2024-04-15T14:31:58.020+0000] {logging_mixin.py:188} INFO - [2024-04-15T14:31:58.019+0000] {dag.py:3954} INFO - Setting next_dagrun for example_subdag_operator to 2022-01-01 00:00:00+00:00, run_after=2022-01-01 00:00:00+00:00
[2024-04-15T14:31:58.027+0000] {logging_mixin.py:188} INFO - [2024-04-15T14:31:58.027+0000] {dag.py:3954} INFO - Setting next_dagrun for example_subdag_operator.section-1 to None, run_after=None
[2024-04-15T14:31:58.030+0000] {logging_mixin.py:188} INFO - [2024-04-15T14:31:58.030+0000] {dag.py:3954} INFO - Setting next_dagrun for example_subdag_operator.section-2 to None, run_after=None
[2024-04-15T14:31:58.043+0000] {logging_mixin.py:188} INFO - [2024-04-15T14:31:58.042+0000] {dag.py:3096} INFO - Sync 2 DAGs
[2024-04-15T14:31:58.052+0000] {logging_mixin.py:188} INFO - [2024-04-15T14:31:58.052+0000] {dag.py:3954} INFO - Setting next_dagrun for example_subdag_operator.section-1 to None, run_after=None
[2024-04-15T14:31:58.053+0000] {logging_mixin.py:188} INFO - [2024-04-15T14:31:58.053+0000] {dag.py:3954} INFO - Setting next_dagrun for example_subdag_operator.section-2 to None, run_after=None
[2024-04-15T14:31:58.079+0000] {processor.py:183} INFO - Processing /home/airflow/.local/lib/python3.12/site-packages/airflow/example_dags/example_subdag_operator.py took 0.178 seconds
[2024-04-15T14:32:28.486+0000] {processor.py:161} INFO - Started process (PID=488) to work on /home/airflow/.local/lib/python3.12/site-packages/airflow/example_dags/example_subdag_operator.py
[2024-04-15T14:32:28.489+0000] {processor.py:830} INFO - Processing file /home/airflow/.local/lib/python3.12/site-packages/airflow/example_dags/example_subdag_operator.py for tasks to queue
[2024-04-15T14:32:28.493+0000] {logging_mixin.py:188} INFO - [2024-04-15T14:32:28.492+0000] {dagbag.py:540} INFO - Filling up the DagBag from /home/airflow/.local/lib/python3.12/site-packages/airflow/example_dags/example_subdag_operator.py
[2024-04-15T14:32:28.543+0000] {processor.py:840} INFO - DAG(s) 'example_subdag_operator.section-1', 'example_subdag_operator.section-2', 'example_subdag_operator' retrieved from /home/airflow/.local/lib/python3.12/site-packages/airflow/example_dags/example_subdag_operator.py
[2024-04-15T14:32:28.581+0000] {logging_mixin.py:188} INFO - [2024-04-15T14:32:28.581+0000] {dag.py:3096} INFO - Sync 3 DAGs
[2024-04-15T14:32:28.626+0000] {logging_mixin.py:188} INFO - [2024-04-15T14:32:28.626+0000] {dag.py:3954} INFO - Setting next_dagrun for example_subdag_operator to 2022-01-01 00:00:00+00:00, run_after=2022-01-01 00:00:00+00:00
[2024-04-15T14:32:28.636+0000] {logging_mixin.py:188} INFO - [2024-04-15T14:32:28.635+0000] {dag.py:3954} INFO - Setting next_dagrun for example_subdag_operator.section-1 to None, run_after=None
[2024-04-15T14:32:28.639+0000] {logging_mixin.py:188} INFO - [2024-04-15T14:32:28.638+0000] {dag.py:3954} INFO - Setting next_dagrun for example_subdag_operator.section-2 to None, run_after=None
[2024-04-15T14:32:28.660+0000] {logging_mixin.py:188} INFO - [2024-04-15T14:32:28.660+0000] {dag.py:3096} INFO - Sync 2 DAGs
[2024-04-15T14:32:28.670+0000] {logging_mixin.py:188} INFO - [2024-04-15T14:32:28.670+0000] {dag.py:3954} INFO - Setting next_dagrun for example_subdag_operator.section-1 to None, run_after=None
[2024-04-15T14:32:28.672+0000] {logging_mixin.py:188} INFO - [2024-04-15T14:32:28.671+0000] {dag.py:3954} INFO - Setting next_dagrun for example_subdag_operator.section-2 to None, run_after=None
[2024-04-15T14:32:28.704+0000] {processor.py:183} INFO - Processing /home/airflow/.local/lib/python3.12/site-packages/airflow/example_dags/example_subdag_operator.py took 0.231 seconds
[2024-04-15T14:32:59.181+0000] {processor.py:161} INFO - Started process (PID=546) to work on /home/airflow/.local/lib/python3.12/site-packages/airflow/example_dags/example_subdag_operator.py
[2024-04-15T14:32:59.182+0000] {processor.py:830} INFO - Processing file /home/airflow/.local/lib/python3.12/site-packages/airflow/example_dags/example_subdag_operator.py for tasks to queue
[2024-04-15T14:32:59.188+0000] {logging_mixin.py:188} INFO - [2024-04-15T14:32:59.187+0000] {dagbag.py:540} INFO - Filling up the DagBag from /home/airflow/.local/lib/python3.12/site-packages/airflow/example_dags/example_subdag_operator.py
[2024-04-15T14:32:59.248+0000] {processor.py:840} INFO - DAG(s) 'example_subdag_operator.section-1', 'example_subdag_operator.section-2', 'example_subdag_operator' retrieved from /home/airflow/.local/lib/python3.12/site-packages/airflow/example_dags/example_subdag_operator.py
[2024-04-15T14:32:59.299+0000] {logging_mixin.py:188} INFO - [2024-04-15T14:32:59.299+0000] {dag.py:3096} INFO - Sync 3 DAGs
[2024-04-15T14:32:59.355+0000] {logging_mixin.py:188} INFO - [2024-04-15T14:32:59.355+0000] {dag.py:3954} INFO - Setting next_dagrun for example_subdag_operator to 2022-01-01 00:00:00+00:00, run_after=2022-01-01 00:00:00+00:00
[2024-04-15T14:32:59.361+0000] {logging_mixin.py:188} INFO - [2024-04-15T14:32:59.361+0000] {dag.py:3954} INFO - Setting next_dagrun for example_subdag_operator.section-1 to None, run_after=None
[2024-04-15T14:32:59.364+0000] {logging_mixin.py:188} INFO - [2024-04-15T14:32:59.364+0000] {dag.py:3954} INFO - Setting next_dagrun for example_subdag_operator.section-2 to None, run_after=None
[2024-04-15T14:32:59.377+0000] {logging_mixin.py:188} INFO - [2024-04-15T14:32:59.377+0000] {dag.py:3096} INFO - Sync 2 DAGs
[2024-04-15T14:32:59.385+0000] {logging_mixin.py:188} INFO - [2024-04-15T14:32:59.385+0000] {dag.py:3954} INFO - Setting next_dagrun for example_subdag_operator.section-1 to None, run_after=None
[2024-04-15T14:32:59.386+0000] {logging_mixin.py:188} INFO - [2024-04-15T14:32:59.386+0000] {dag.py:3954} INFO - Setting next_dagrun for example_subdag_operator.section-2 to None, run_after=None
[2024-04-15T14:32:59.407+0000] {processor.py:183} INFO - Processing /home/airflow/.local/lib/python3.12/site-packages/airflow/example_dags/example_subdag_operator.py took 0.240 seconds
[2024-04-15T14:33:30.027+0000] {processor.py:161} INFO - Started process (PID=605) to work on /home/airflow/.local/lib/python3.12/site-packages/airflow/example_dags/example_subdag_operator.py
[2024-04-15T14:33:30.028+0000] {processor.py:830} INFO - Processing file /home/airflow/.local/lib/python3.12/site-packages/airflow/example_dags/example_subdag_operator.py for tasks to queue
[2024-04-15T14:33:30.032+0000] {logging_mixin.py:188} INFO - [2024-04-15T14:33:30.031+0000] {dagbag.py:540} INFO - Filling up the DagBag from /home/airflow/.local/lib/python3.12/site-packages/airflow/example_dags/example_subdag_operator.py
[2024-04-15T14:33:30.067+0000] {processor.py:840} INFO - DAG(s) 'example_subdag_operator.section-1', 'example_subdag_operator.section-2', 'example_subdag_operator' retrieved from /home/airflow/.local/lib/python3.12/site-packages/airflow/example_dags/example_subdag_operator.py
[2024-04-15T14:33:30.089+0000] {logging_mixin.py:188} INFO - [2024-04-15T14:33:30.088+0000] {dag.py:3096} INFO - Sync 3 DAGs
[2024-04-15T14:33:30.123+0000] {logging_mixin.py:188} INFO - [2024-04-15T14:33:30.123+0000] {dag.py:3954} INFO - Setting next_dagrun for example_subdag_operator to 2022-01-01 00:00:00+00:00, run_after=2022-01-01 00:00:00+00:00
[2024-04-15T14:33:30.129+0000] {logging_mixin.py:188} INFO - [2024-04-15T14:33:30.129+0000] {dag.py:3954} INFO - Setting next_dagrun for example_subdag_operator.section-1 to None, run_after=None
[2024-04-15T14:33:30.132+0000] {logging_mixin.py:188} INFO - [2024-04-15T14:33:30.132+0000] {dag.py:3954} INFO - Setting next_dagrun for example_subdag_operator.section-2 to None, run_after=None
[2024-04-15T14:33:30.143+0000] {logging_mixin.py:188} INFO - [2024-04-15T14:33:30.143+0000] {dag.py:3096} INFO - Sync 2 DAGs
[2024-04-15T14:33:30.154+0000] {logging_mixin.py:188} INFO - [2024-04-15T14:33:30.154+0000] {dag.py:3954} INFO - Setting next_dagrun for example_subdag_operator.section-1 to None, run_after=None
[2024-04-15T14:33:30.155+0000] {logging_mixin.py:188} INFO - [2024-04-15T14:33:30.155+0000] {dag.py:3954} INFO - Setting next_dagrun for example_subdag_operator.section-2 to None, run_after=None
[2024-04-15T14:33:30.175+0000] {processor.py:183} INFO - Processing /home/airflow/.local/lib/python3.12/site-packages/airflow/example_dags/example_subdag_operator.py took 0.158 seconds
[2024-04-15T14:34:00.852+0000] {processor.py:161} INFO - Started process (PID=664) to work on /home/airflow/.local/lib/python3.12/site-packages/airflow/example_dags/example_subdag_operator.py
[2024-04-15T14:34:00.854+0000] {processor.py:830} INFO - Processing file /home/airflow/.local/lib/python3.12/site-packages/airflow/example_dags/example_subdag_operator.py for tasks to queue
[2024-04-15T14:34:00.857+0000] {logging_mixin.py:188} INFO - [2024-04-15T14:34:00.856+0000] {dagbag.py:540} INFO - Filling up the DagBag from /home/airflow/.local/lib/python3.12/site-packages/airflow/example_dags/example_subdag_operator.py
[2024-04-15T14:34:00.912+0000] {processor.py:840} INFO - DAG(s) 'example_subdag_operator.section-1', 'example_subdag_operator.section-2', 'example_subdag_operator' retrieved from /home/airflow/.local/lib/python3.12/site-packages/airflow/example_dags/example_subdag_operator.py
[2024-04-15T14:34:00.953+0000] {logging_mixin.py:188} INFO - [2024-04-15T14:34:00.953+0000] {dag.py:3096} INFO - Sync 3 DAGs
[2024-04-15T14:34:00.999+0000] {logging_mixin.py:188} INFO - [2024-04-15T14:34:00.998+0000] {dag.py:3954} INFO - Setting next_dagrun for example_subdag_operator to 2022-01-01 00:00:00+00:00, run_after=2022-01-01 00:00:00+00:00
[2024-04-15T14:34:01.006+0000] {logging_mixin.py:188} INFO - [2024-04-15T14:34:01.006+0000] {dag.py:3954} INFO - Setting next_dagrun for example_subdag_operator.section-1 to None, run_after=None
[2024-04-15T14:34:01.009+0000] {logging_mixin.py:188} INFO - [2024-04-15T14:34:01.009+0000] {dag.py:3954} INFO - Setting next_dagrun for example_subdag_operator.section-2 to None, run_after=None
[2024-04-15T14:34:01.031+0000] {logging_mixin.py:188} INFO - [2024-04-15T14:34:01.030+0000] {dag.py:3096} INFO - Sync 2 DAGs
[2024-04-15T14:34:01.053+0000] {logging_mixin.py:188} INFO - [2024-04-15T14:34:01.053+0000] {dag.py:3954} INFO - Setting next_dagrun for example_subdag_operator.section-1 to None, run_after=None
[2024-04-15T14:34:01.092+0000] {logging_mixin.py:188} INFO - [2024-04-15T14:34:01.092+0000] {dag.py:3954} INFO - Setting next_dagrun for example_subdag_operator.section-2 to None, run_after=None
[2024-04-15T14:34:01.134+0000] {processor.py:183} INFO - Processing /home/airflow/.local/lib/python3.12/site-packages/airflow/example_dags/example_subdag_operator.py took 0.292 seconds
[2024-04-15T14:34:31.243+0000] {processor.py:161} INFO - Started process (PID=723) to work on /home/airflow/.local/lib/python3.12/site-packages/airflow/example_dags/example_subdag_operator.py
[2024-04-15T14:34:31.244+0000] {processor.py:830} INFO - Processing file /home/airflow/.local/lib/python3.12/site-packages/airflow/example_dags/example_subdag_operator.py for tasks to queue
[2024-04-15T14:34:31.246+0000] {logging_mixin.py:188} INFO - [2024-04-15T14:34:31.246+0000] {dagbag.py:540} INFO - Filling up the DagBag from /home/airflow/.local/lib/python3.12/site-packages/airflow/example_dags/example_subdag_operator.py
[2024-04-15T14:34:31.277+0000] {processor.py:840} INFO - DAG(s) 'example_subdag_operator.section-1', 'example_subdag_operator.section-2', 'example_subdag_operator' retrieved from /home/airflow/.local/lib/python3.12/site-packages/airflow/example_dags/example_subdag_operator.py
[2024-04-15T14:34:31.299+0000] {logging_mixin.py:188} INFO - [2024-04-15T14:34:31.298+0000] {dag.py:3096} INFO - Sync 3 DAGs
[2024-04-15T14:34:31.330+0000] {logging_mixin.py:188} INFO - [2024-04-15T14:34:31.330+0000] {dag.py:3954} INFO - Setting next_dagrun for example_subdag_operator to 2022-01-01 00:00:00+00:00, run_after=2022-01-01 00:00:00+00:00
[2024-04-15T14:34:31.335+0000] {logging_mixin.py:188} INFO - [2024-04-15T14:34:31.335+0000] {dag.py:3954} INFO - Setting next_dagrun for example_subdag_operator.section-1 to None, run_after=None
[2024-04-15T14:34:31.338+0000] {logging_mixin.py:188} INFO - [2024-04-15T14:34:31.338+0000] {dag.py:3954} INFO - Setting next_dagrun for example_subdag_operator.section-2 to None, run_after=None
[2024-04-15T14:34:31.347+0000] {logging_mixin.py:188} INFO - [2024-04-15T14:34:31.347+0000] {dag.py:3096} INFO - Sync 2 DAGs
[2024-04-15T14:34:31.356+0000] {logging_mixin.py:188} INFO - [2024-04-15T14:34:31.356+0000] {dag.py:3954} INFO - Setting next_dagrun for example_subdag_operator.section-1 to None, run_after=None
[2024-04-15T14:34:31.357+0000] {logging_mixin.py:188} INFO - [2024-04-15T14:34:31.357+0000] {dag.py:3954} INFO - Setting next_dagrun for example_subdag_operator.section-2 to None, run_after=None
[2024-04-15T14:34:31.381+0000] {processor.py:183} INFO - Processing /home/airflow/.local/lib/python3.12/site-packages/airflow/example_dags/example_subdag_operator.py took 0.146 seconds
[2024-04-15T14:35:01.509+0000] {processor.py:161} INFO - Started process (PID=782) to work on /home/airflow/.local/lib/python3.12/site-packages/airflow/example_dags/example_subdag_operator.py
[2024-04-15T14:35:01.511+0000] {processor.py:830} INFO - Processing file /home/airflow/.local/lib/python3.12/site-packages/airflow/example_dags/example_subdag_operator.py for tasks to queue
[2024-04-15T14:35:01.514+0000] {logging_mixin.py:188} INFO - [2024-04-15T14:35:01.514+0000] {dagbag.py:540} INFO - Filling up the DagBag from /home/airflow/.local/lib/python3.12/site-packages/airflow/example_dags/example_subdag_operator.py
[2024-04-15T14:35:01.549+0000] {processor.py:840} INFO - DAG(s) 'example_subdag_operator.section-1', 'example_subdag_operator.section-2', 'example_subdag_operator' retrieved from /home/airflow/.local/lib/python3.12/site-packages/airflow/example_dags/example_subdag_operator.py
[2024-04-15T14:35:01.593+0000] {logging_mixin.py:188} INFO - [2024-04-15T14:35:01.593+0000] {dag.py:3096} INFO - Sync 3 DAGs
[2024-04-15T14:35:01.643+0000] {logging_mixin.py:188} INFO - [2024-04-15T14:35:01.642+0000] {dag.py:3954} INFO - Setting next_dagrun for example_subdag_operator to 2022-01-01 00:00:00+00:00, run_after=2022-01-01 00:00:00+00:00
[2024-04-15T14:35:01.650+0000] {logging_mixin.py:188} INFO - [2024-04-15T14:35:01.649+0000] {dag.py:3954} INFO - Setting next_dagrun for example_subdag_operator.section-1 to None, run_after=None
[2024-04-15T14:35:01.655+0000] {logging_mixin.py:188} INFO - [2024-04-15T14:35:01.654+0000] {dag.py:3954} INFO - Setting next_dagrun for example_subdag_operator.section-2 to None, run_after=None
[2024-04-15T14:35:01.667+0000] {logging_mixin.py:188} INFO - [2024-04-15T14:35:01.666+0000] {dag.py:3096} INFO - Sync 2 DAGs
[2024-04-15T14:35:01.680+0000] {logging_mixin.py:188} INFO - [2024-04-15T14:35:01.680+0000] {dag.py:3954} INFO - Setting next_dagrun for example_subdag_operator.section-1 to None, run_after=None
[2024-04-15T14:35:01.681+0000] {logging_mixin.py:188} INFO - [2024-04-15T14:35:01.681+0000] {dag.py:3954} INFO - Setting next_dagrun for example_subdag_operator.section-2 to None, run_after=None
[2024-04-15T14:35:01.836+0000] {processor.py:183} INFO - Processing /home/airflow/.local/lib/python3.12/site-packages/airflow/example_dags/example_subdag_operator.py took 0.341 seconds
[2024-04-15T14:35:32.703+0000] {processor.py:161} INFO - Started process (PID=841) to work on /home/airflow/.local/lib/python3.12/site-packages/airflow/example_dags/example_subdag_operator.py
[2024-04-15T14:35:32.705+0000] {processor.py:830} INFO - Processing file /home/airflow/.local/lib/python3.12/site-packages/airflow/example_dags/example_subdag_operator.py for tasks to queue
[2024-04-15T14:35:32.709+0000] {logging_mixin.py:188} INFO - [2024-04-15T14:35:32.708+0000] {dagbag.py:540} INFO - Filling up the DagBag from /home/airflow/.local/lib/python3.12/site-packages/airflow/example_dags/example_subdag_operator.py
[2024-04-15T14:35:32.745+0000] {processor.py:840} INFO - DAG(s) 'example_subdag_operator.section-1', 'example_subdag_operator.section-2', 'example_subdag_operator' retrieved from /home/airflow/.local/lib/python3.12/site-packages/airflow/example_dags/example_subdag_operator.py
[2024-04-15T14:35:32.769+0000] {logging_mixin.py:188} INFO - [2024-04-15T14:35:32.769+0000] {dag.py:3096} INFO - Sync 3 DAGs
[2024-04-15T14:35:32.805+0000] {logging_mixin.py:188} INFO - [2024-04-15T14:35:32.805+0000] {dag.py:3954} INFO - Setting next_dagrun for example_subdag_operator to 2022-01-01 00:00:00+00:00, run_after=2022-01-01 00:00:00+00:00
[2024-04-15T14:35:32.813+0000] {logging_mixin.py:188} INFO - [2024-04-15T14:35:32.812+0000] {dag.py:3954} INFO - Setting next_dagrun for example_subdag_operator.section-1 to None, run_after=None
[2024-04-15T14:35:32.815+0000] {logging_mixin.py:188} INFO - [2024-04-15T14:35:32.814+0000] {dag.py:3954} INFO - Setting next_dagrun for example_subdag_operator.section-2 to None, run_after=None
[2024-04-15T14:35:32.824+0000] {logging_mixin.py:188} INFO - [2024-04-15T14:35:32.824+0000] {dag.py:3096} INFO - Sync 2 DAGs
[2024-04-15T14:35:32.831+0000] {logging_mixin.py:188} INFO - [2024-04-15T14:35:32.831+0000] {dag.py:3954} INFO - Setting next_dagrun for example_subdag_operator.section-1 to None, run_after=None
[2024-04-15T14:35:32.832+0000] {logging_mixin.py:188} INFO - [2024-04-15T14:35:32.832+0000] {dag.py:3954} INFO - Setting next_dagrun for example_subdag_operator.section-2 to None, run_after=None
[2024-04-15T14:35:32.847+0000] {processor.py:183} INFO - Processing /home/airflow/.local/lib/python3.12/site-packages/airflow/example_dags/example_subdag_operator.py took 0.158 seconds
[2024-04-15T14:36:03.127+0000] {processor.py:161} INFO - Started process (PID=900) to work on /home/airflow/.local/lib/python3.12/site-packages/airflow/example_dags/example_subdag_operator.py
[2024-04-15T14:36:03.129+0000] {processor.py:830} INFO - Processing file /home/airflow/.local/lib/python3.12/site-packages/airflow/example_dags/example_subdag_operator.py for tasks to queue
[2024-04-15T14:36:03.131+0000] {logging_mixin.py:188} INFO - [2024-04-15T14:36:03.131+0000] {dagbag.py:540} INFO - Filling up the DagBag from /home/airflow/.local/lib/python3.12/site-packages/airflow/example_dags/example_subdag_operator.py
[2024-04-15T14:36:03.168+0000] {processor.py:840} INFO - DAG(s) 'example_subdag_operator.section-1', 'example_subdag_operator.section-2', 'example_subdag_operator' retrieved from /home/airflow/.local/lib/python3.12/site-packages/airflow/example_dags/example_subdag_operator.py
[2024-04-15T14:36:03.197+0000] {logging_mixin.py:188} INFO - [2024-04-15T14:36:03.196+0000] {dag.py:3096} INFO - Sync 3 DAGs
[2024-04-15T14:36:03.257+0000] {logging_mixin.py:188} INFO - [2024-04-15T14:36:03.255+0000] {dag.py:3954} INFO - Setting next_dagrun for example_subdag_operator to 2022-01-01 00:00:00+00:00, run_after=2022-01-01 00:00:00+00:00
[2024-04-15T14:36:03.265+0000] {logging_mixin.py:188} INFO - [2024-04-15T14:36:03.265+0000] {dag.py:3954} INFO - Setting next_dagrun for example_subdag_operator.section-1 to None, run_after=None
[2024-04-15T14:36:03.270+0000] {logging_mixin.py:188} INFO - [2024-04-15T14:36:03.269+0000] {dag.py:3954} INFO - Setting next_dagrun for example_subdag_operator.section-2 to None, run_after=None
[2024-04-15T14:36:03.283+0000] {logging_mixin.py:188} INFO - [2024-04-15T14:36:03.282+0000] {dag.py:3096} INFO - Sync 2 DAGs
[2024-04-15T14:36:03.290+0000] {logging_mixin.py:188} INFO - [2024-04-15T14:36:03.290+0000] {dag.py:3954} INFO - Setting next_dagrun for example_subdag_operator.section-1 to None, run_after=None
[2024-04-15T14:36:03.291+0000] {logging_mixin.py:188} INFO - [2024-04-15T14:36:03.291+0000] {dag.py:3954} INFO - Setting next_dagrun for example_subdag_operator.section-2 to None, run_after=None
[2024-04-15T14:36:03.317+0000] {processor.py:183} INFO - Processing /home/airflow/.local/lib/python3.12/site-packages/airflow/example_dags/example_subdag_operator.py took 0.198 seconds
[2024-04-15T14:36:33.677+0000] {processor.py:161} INFO - Started process (PID=959) to work on /home/airflow/.local/lib/python3.12/site-packages/airflow/example_dags/example_subdag_operator.py
[2024-04-15T14:36:33.679+0000] {processor.py:830} INFO - Processing file /home/airflow/.local/lib/python3.12/site-packages/airflow/example_dags/example_subdag_operator.py for tasks to queue
[2024-04-15T14:36:33.684+0000] {logging_mixin.py:188} INFO - [2024-04-15T14:36:33.683+0000] {dagbag.py:540} INFO - Filling up the DagBag from /home/airflow/.local/lib/python3.12/site-packages/airflow/example_dags/example_subdag_operator.py
[2024-04-15T14:36:33.770+0000] {processor.py:840} INFO - DAG(s) 'example_subdag_operator.section-1', 'example_subdag_operator.section-2', 'example_subdag_operator' retrieved from /home/airflow/.local/lib/python3.12/site-packages/airflow/example_dags/example_subdag_operator.py
[2024-04-15T14:36:33.847+0000] {logging_mixin.py:188} INFO - [2024-04-15T14:36:33.847+0000] {dag.py:3096} INFO - Sync 3 DAGs
[2024-04-15T14:36:33.917+0000] {logging_mixin.py:188} INFO - [2024-04-15T14:36:33.917+0000] {dag.py:3954} INFO - Setting next_dagrun for example_subdag_operator to 2022-01-01 00:00:00+00:00, run_after=2022-01-01 00:00:00+00:00
[2024-04-15T14:36:33.930+0000] {logging_mixin.py:188} INFO - [2024-04-15T14:36:33.929+0000] {dag.py:3954} INFO - Setting next_dagrun for example_subdag_operator.section-1 to None, run_after=None
[2024-04-15T14:36:33.934+0000] {logging_mixin.py:188} INFO - [2024-04-15T14:36:33.933+0000] {dag.py:3954} INFO - Setting next_dagrun for example_subdag_operator.section-2 to None, run_after=None
[2024-04-15T14:36:33.959+0000] {logging_mixin.py:188} INFO - [2024-04-15T14:36:33.958+0000] {dag.py:3096} INFO - Sync 2 DAGs
[2024-04-15T14:36:33.973+0000] {logging_mixin.py:188} INFO - [2024-04-15T14:36:33.972+0000] {dag.py:3954} INFO - Setting next_dagrun for example_subdag_operator.section-1 to None, run_after=None
[2024-04-15T14:36:33.974+0000] {logging_mixin.py:188} INFO - [2024-04-15T14:36:33.974+0000] {dag.py:3954} INFO - Setting next_dagrun for example_subdag_operator.section-2 to None, run_after=None
[2024-04-15T14:36:34.001+0000] {processor.py:183} INFO - Processing /home/airflow/.local/lib/python3.12/site-packages/airflow/example_dags/example_subdag_operator.py took 0.340 seconds
[2024-04-15T14:37:04.240+0000] {processor.py:161} INFO - Started process (PID=1018) to work on /home/airflow/.local/lib/python3.12/site-packages/airflow/example_dags/example_subdag_operator.py
[2024-04-15T14:37:04.242+0000] {processor.py:830} INFO - Processing file /home/airflow/.local/lib/python3.12/site-packages/airflow/example_dags/example_subdag_operator.py for tasks to queue
[2024-04-15T14:37:04.245+0000] {logging_mixin.py:188} INFO - [2024-04-15T14:37:04.244+0000] {dagbag.py:540} INFO - Filling up the DagBag from /home/airflow/.local/lib/python3.12/site-packages/airflow/example_dags/example_subdag_operator.py
[2024-04-15T14:37:04.286+0000] {processor.py:840} INFO - DAG(s) 'example_subdag_operator.section-1', 'example_subdag_operator.section-2', 'example_subdag_operator' retrieved from /home/airflow/.local/lib/python3.12/site-packages/airflow/example_dags/example_subdag_operator.py
[2024-04-15T14:37:04.324+0000] {logging_mixin.py:188} INFO - [2024-04-15T14:37:04.323+0000] {dag.py:3096} INFO - Sync 3 DAGs
[2024-04-15T14:37:04.356+0000] {logging_mixin.py:188} INFO - [2024-04-15T14:37:04.356+0000] {dag.py:3954} INFO - Setting next_dagrun for example_subdag_operator to 2022-01-01 00:00:00+00:00, run_after=2022-01-01 00:00:00+00:00
[2024-04-15T14:37:04.364+0000] {logging_mixin.py:188} INFO - [2024-04-15T14:37:04.363+0000] {dag.py:3954} INFO - Setting next_dagrun for example_subdag_operator.section-1 to None, run_after=None
[2024-04-15T14:37:04.366+0000] {logging_mixin.py:188} INFO - [2024-04-15T14:37:04.366+0000] {dag.py:3954} INFO - Setting next_dagrun for example_subdag_operator.section-2 to None, run_after=None
[2024-04-15T14:37:04.376+0000] {logging_mixin.py:188} INFO - [2024-04-15T14:37:04.376+0000] {dag.py:3096} INFO - Sync 2 DAGs
[2024-04-15T14:37:04.383+0000] {logging_mixin.py:188} INFO - [2024-04-15T14:37:04.383+0000] {dag.py:3954} INFO - Setting next_dagrun for example_subdag_operator.section-1 to None, run_after=None
[2024-04-15T14:37:04.384+0000] {logging_mixin.py:188} INFO - [2024-04-15T14:37:04.384+0000] {dag.py:3954} INFO - Setting next_dagrun for example_subdag_operator.section-2 to None, run_after=None
[2024-04-15T14:37:04.399+0000] {processor.py:183} INFO - Processing /home/airflow/.local/lib/python3.12/site-packages/airflow/example_dags/example_subdag_operator.py took 0.170 seconds
[2024-04-15T14:37:34.588+0000] {processor.py:161} INFO - Started process (PID=1077) to work on /home/airflow/.local/lib/python3.12/site-packages/airflow/example_dags/example_subdag_operator.py
[2024-04-15T14:37:34.589+0000] {processor.py:830} INFO - Processing file /home/airflow/.local/lib/python3.12/site-packages/airflow/example_dags/example_subdag_operator.py for tasks to queue
[2024-04-15T14:37:34.592+0000] {logging_mixin.py:188} INFO - [2024-04-15T14:37:34.591+0000] {dagbag.py:540} INFO - Filling up the DagBag from /home/airflow/.local/lib/python3.12/site-packages/airflow/example_dags/example_subdag_operator.py
[2024-04-15T14:37:34.632+0000] {processor.py:840} INFO - DAG(s) 'example_subdag_operator.section-1', 'example_subdag_operator.section-2', 'example_subdag_operator' retrieved from /home/airflow/.local/lib/python3.12/site-packages/airflow/example_dags/example_subdag_operator.py
[2024-04-15T14:37:34.664+0000] {logging_mixin.py:188} INFO - [2024-04-15T14:37:34.663+0000] {dag.py:3096} INFO - Sync 3 DAGs
[2024-04-15T14:37:34.703+0000] {logging_mixin.py:188} INFO - [2024-04-15T14:37:34.702+0000] {dag.py:3954} INFO - Setting next_dagrun for example_subdag_operator to 2022-01-01 00:00:00+00:00, run_after=2022-01-01 00:00:00+00:00
[2024-04-15T14:37:34.709+0000] {logging_mixin.py:188} INFO - [2024-04-15T14:37:34.709+0000] {dag.py:3954} INFO - Setting next_dagrun for example_subdag_operator.section-1 to None, run_after=None
[2024-04-15T14:37:34.715+0000] {logging_mixin.py:188} INFO - [2024-04-15T14:37:34.714+0000] {dag.py:3954} INFO - Setting next_dagrun for example_subdag_operator.section-2 to None, run_after=None
[2024-04-15T14:37:34.726+0000] {logging_mixin.py:188} INFO - [2024-04-15T14:37:34.726+0000] {dag.py:3096} INFO - Sync 2 DAGs
[2024-04-15T14:37:34.734+0000] {logging_mixin.py:188} INFO - [2024-04-15T14:37:34.734+0000] {dag.py:3954} INFO - Setting next_dagrun for example_subdag_operator.section-1 to None, run_after=None
[2024-04-15T14:37:34.735+0000] {logging_mixin.py:188} INFO - [2024-04-15T14:37:34.735+0000] {dag.py:3954} INFO - Setting next_dagrun for example_subdag_operator.section-2 to None, run_after=None
[2024-04-15T14:37:34.751+0000] {processor.py:183} INFO - Processing /home/airflow/.local/lib/python3.12/site-packages/airflow/example_dags/example_subdag_operator.py took 0.173 seconds
[2024-04-15T14:38:05.733+0000] {processor.py:161} INFO - Started process (PID=1137) to work on /home/airflow/.local/lib/python3.12/site-packages/airflow/example_dags/example_subdag_operator.py
[2024-04-15T14:38:05.734+0000] {processor.py:830} INFO - Processing file /home/airflow/.local/lib/python3.12/site-packages/airflow/example_dags/example_subdag_operator.py for tasks to queue
[2024-04-15T14:38:05.738+0000] {logging_mixin.py:188} INFO - [2024-04-15T14:38:05.737+0000] {dagbag.py:540} INFO - Filling up the DagBag from /home/airflow/.local/lib/python3.12/site-packages/airflow/example_dags/example_subdag_operator.py
[2024-04-15T14:38:05.785+0000] {processor.py:840} INFO - DAG(s) 'example_subdag_operator.section-1', 'example_subdag_operator.section-2', 'example_subdag_operator' retrieved from /home/airflow/.local/lib/python3.12/site-packages/airflow/example_dags/example_subdag_operator.py
[2024-04-15T14:38:05.817+0000] {logging_mixin.py:188} INFO - [2024-04-15T14:38:05.816+0000] {dag.py:3096} INFO - Sync 3 DAGs
[2024-04-15T14:38:06.041+0000] {logging_mixin.py:188} INFO - [2024-04-15T14:38:06.040+0000] {dag.py:3954} INFO - Setting next_dagrun for example_subdag_operator to 2022-01-01 00:00:00+00:00, run_after=2022-01-01 00:00:00+00:00
[2024-04-15T14:38:06.047+0000] {logging_mixin.py:188} INFO - [2024-04-15T14:38:06.047+0000] {dag.py:3954} INFO - Setting next_dagrun for example_subdag_operator.section-1 to None, run_after=None
[2024-04-15T14:38:06.050+0000] {logging_mixin.py:188} INFO - [2024-04-15T14:38:06.049+0000] {dag.py:3954} INFO - Setting next_dagrun for example_subdag_operator.section-2 to None, run_after=None
[2024-04-15T14:38:06.069+0000] {logging_mixin.py:188} INFO - [2024-04-15T14:38:06.069+0000] {dag.py:3096} INFO - Sync 2 DAGs
[2024-04-15T14:38:06.082+0000] {logging_mixin.py:188} INFO - [2024-04-15T14:38:06.082+0000] {dag.py:3954} INFO - Setting next_dagrun for example_subdag_operator.section-1 to None, run_after=None
[2024-04-15T14:38:06.085+0000] {logging_mixin.py:188} INFO - [2024-04-15T14:38:06.085+0000] {dag.py:3954} INFO - Setting next_dagrun for example_subdag_operator.section-2 to None, run_after=None
[2024-04-15T14:38:06.105+0000] {processor.py:183} INFO - Processing /home/airflow/.local/lib/python3.12/site-packages/airflow/example_dags/example_subdag_operator.py took 0.383 seconds
