[2024-04-15T14:28:39.109+0000] {processor.py:161} INFO - Started process (PID=44) to work on /home/airflow/.local/lib/python3.12/site-packages/airflow/example_dags/example_latest_only_with_trigger.py
[2024-04-15T14:28:39.134+0000] {processor.py:830} INFO - Processing file /home/airflow/.local/lib/python3.12/site-packages/airflow/example_dags/example_latest_only_with_trigger.py for tasks to queue
[2024-04-15T14:28:39.151+0000] {logging_mixin.py:188} INFO - [2024-04-15T14:28:39.150+0000] {dagbag.py:540} INFO - Filling up the DagBag from /home/airflow/.local/lib/python3.12/site-packages/airflow/example_dags/example_latest_only_with_trigger.py
[2024-04-15T14:28:39.220+0000] {processor.py:840} INFO - DAG(s) 'latest_only_with_trigger' retrieved from /home/airflow/.local/lib/python3.12/site-packages/airflow/example_dags/example_latest_only_with_trigger.py
[2024-04-15T14:28:39.383+0000] {logging_mixin.py:188} INFO - [2024-04-15T14:28:39.383+0000] {dag.py:3096} INFO - Sync 1 DAGs
[2024-04-15T14:28:39.501+0000] {logging_mixin.py:188} INFO - [2024-04-15T14:28:39.500+0000] {dag.py:3954} INFO - Setting next_dagrun for latest_only_with_trigger to 2024-04-15 08:00:00+00:00, run_after=2024-04-15 12:00:00+00:00
[2024-04-15T14:28:39.614+0000] {processor.py:183} INFO - Processing /home/airflow/.local/lib/python3.12/site-packages/airflow/example_dags/example_latest_only_with_trigger.py took 0.530 seconds
[2024-04-15T14:29:09.706+0000] {processor.py:161} INFO - Started process (PID=102) to work on /home/airflow/.local/lib/python3.12/site-packages/airflow/example_dags/example_latest_only_with_trigger.py
[2024-04-15T14:29:09.707+0000] {processor.py:830} INFO - Processing file /home/airflow/.local/lib/python3.12/site-packages/airflow/example_dags/example_latest_only_with_trigger.py for tasks to queue
[2024-04-15T14:29:09.710+0000] {logging_mixin.py:188} INFO - [2024-04-15T14:29:09.709+0000] {dagbag.py:540} INFO - Filling up the DagBag from /home/airflow/.local/lib/python3.12/site-packages/airflow/example_dags/example_latest_only_with_trigger.py
[2024-04-15T14:29:09.722+0000] {processor.py:840} INFO - DAG(s) 'latest_only_with_trigger' retrieved from /home/airflow/.local/lib/python3.12/site-packages/airflow/example_dags/example_latest_only_with_trigger.py
[2024-04-15T14:29:09.771+0000] {logging_mixin.py:188} INFO - [2024-04-15T14:29:09.771+0000] {dag.py:3096} INFO - Sync 1 DAGs
[2024-04-15T14:29:09.826+0000] {logging_mixin.py:188} INFO - [2024-04-15T14:29:09.826+0000] {dag.py:3954} INFO - Setting next_dagrun for latest_only_with_trigger to 2024-04-15 08:00:00+00:00, run_after=2024-04-15 12:00:00+00:00
[2024-04-15T14:29:09.912+0000] {processor.py:183} INFO - Processing /home/airflow/.local/lib/python3.12/site-packages/airflow/example_dags/example_latest_only_with_trigger.py took 0.226 seconds
[2024-04-15T14:29:39.993+0000] {processor.py:161} INFO - Started process (PID=161) to work on /home/airflow/.local/lib/python3.12/site-packages/airflow/example_dags/example_latest_only_with_trigger.py
[2024-04-15T14:29:39.995+0000] {processor.py:830} INFO - Processing file /home/airflow/.local/lib/python3.12/site-packages/airflow/example_dags/example_latest_only_with_trigger.py for tasks to queue
[2024-04-15T14:29:39.998+0000] {logging_mixin.py:188} INFO - [2024-04-15T14:29:39.998+0000] {dagbag.py:540} INFO - Filling up the DagBag from /home/airflow/.local/lib/python3.12/site-packages/airflow/example_dags/example_latest_only_with_trigger.py
[2024-04-15T14:29:40.006+0000] {processor.py:840} INFO - DAG(s) 'latest_only_with_trigger' retrieved from /home/airflow/.local/lib/python3.12/site-packages/airflow/example_dags/example_latest_only_with_trigger.py
[2024-04-15T14:29:40.058+0000] {logging_mixin.py:188} INFO - [2024-04-15T14:29:40.058+0000] {dag.py:3096} INFO - Sync 1 DAGs
[2024-04-15T14:29:40.103+0000] {logging_mixin.py:188} INFO - [2024-04-15T14:29:40.103+0000] {dag.py:3954} INFO - Setting next_dagrun for latest_only_with_trigger to 2024-04-15 08:00:00+00:00, run_after=2024-04-15 12:00:00+00:00
[2024-04-15T14:29:40.150+0000] {processor.py:183} INFO - Processing /home/airflow/.local/lib/python3.12/site-packages/airflow/example_dags/example_latest_only_with_trigger.py took 0.167 seconds
[2024-04-15T14:30:10.638+0000] {processor.py:161} INFO - Started process (PID=220) to work on /home/airflow/.local/lib/python3.12/site-packages/airflow/example_dags/example_latest_only_with_trigger.py
[2024-04-15T14:30:10.639+0000] {processor.py:830} INFO - Processing file /home/airflow/.local/lib/python3.12/site-packages/airflow/example_dags/example_latest_only_with_trigger.py for tasks to queue
[2024-04-15T14:30:10.642+0000] {logging_mixin.py:188} INFO - [2024-04-15T14:30:10.642+0000] {dagbag.py:540} INFO - Filling up the DagBag from /home/airflow/.local/lib/python3.12/site-packages/airflow/example_dags/example_latest_only_with_trigger.py
[2024-04-15T14:30:10.664+0000] {processor.py:840} INFO - DAG(s) 'latest_only_with_trigger' retrieved from /home/airflow/.local/lib/python3.12/site-packages/airflow/example_dags/example_latest_only_with_trigger.py
[2024-04-15T14:30:10.707+0000] {logging_mixin.py:188} INFO - [2024-04-15T14:30:10.707+0000] {dag.py:3096} INFO - Sync 1 DAGs
[2024-04-15T14:30:10.744+0000] {logging_mixin.py:188} INFO - [2024-04-15T14:30:10.743+0000] {dag.py:3954} INFO - Setting next_dagrun for latest_only_with_trigger to 2024-04-15 08:00:00+00:00, run_after=2024-04-15 12:00:00+00:00
[2024-04-15T14:30:10.782+0000] {processor.py:183} INFO - Processing /home/airflow/.local/lib/python3.12/site-packages/airflow/example_dags/example_latest_only_with_trigger.py took 0.157 seconds
[2024-04-15T14:30:42.531+0000] {processor.py:161} INFO - Started process (PID=279) to work on /home/airflow/.local/lib/python3.12/site-packages/airflow/example_dags/example_latest_only_with_trigger.py
[2024-04-15T14:30:42.558+0000] {processor.py:830} INFO - Processing file /home/airflow/.local/lib/python3.12/site-packages/airflow/example_dags/example_latest_only_with_trigger.py for tasks to queue
[2024-04-15T14:30:42.569+0000] {logging_mixin.py:188} INFO - [2024-04-15T14:30:42.568+0000] {dagbag.py:540} INFO - Filling up the DagBag from /home/airflow/.local/lib/python3.12/site-packages/airflow/example_dags/example_latest_only_with_trigger.py
[2024-04-15T14:30:42.603+0000] {processor.py:840} INFO - DAG(s) 'latest_only_with_trigger' retrieved from /home/airflow/.local/lib/python3.12/site-packages/airflow/example_dags/example_latest_only_with_trigger.py
[2024-04-15T14:30:42.720+0000] {logging_mixin.py:188} INFO - [2024-04-15T14:30:42.719+0000] {dag.py:3096} INFO - Sync 1 DAGs
[2024-04-15T14:30:42.876+0000] {logging_mixin.py:188} INFO - [2024-04-15T14:30:42.875+0000] {dag.py:3954} INFO - Setting next_dagrun for latest_only_with_trigger to 2024-04-15 08:00:00+00:00, run_after=2024-04-15 12:00:00+00:00
[2024-04-15T14:30:42.994+0000] {processor.py:183} INFO - Processing /home/airflow/.local/lib/python3.12/site-packages/airflow/example_dags/example_latest_only_with_trigger.py took 0.494 seconds
[2024-04-15T14:31:13.857+0000] {processor.py:161} INFO - Started process (PID=338) to work on /home/airflow/.local/lib/python3.12/site-packages/airflow/example_dags/example_latest_only_with_trigger.py
[2024-04-15T14:31:13.859+0000] {processor.py:830} INFO - Processing file /home/airflow/.local/lib/python3.12/site-packages/airflow/example_dags/example_latest_only_with_trigger.py for tasks to queue
[2024-04-15T14:31:13.862+0000] {logging_mixin.py:188} INFO - [2024-04-15T14:31:13.862+0000] {dagbag.py:540} INFO - Filling up the DagBag from /home/airflow/.local/lib/python3.12/site-packages/airflow/example_dags/example_latest_only_with_trigger.py
[2024-04-15T14:31:13.872+0000] {processor.py:840} INFO - DAG(s) 'latest_only_with_trigger' retrieved from /home/airflow/.local/lib/python3.12/site-packages/airflow/example_dags/example_latest_only_with_trigger.py
[2024-04-15T14:31:13.903+0000] {logging_mixin.py:188} INFO - [2024-04-15T14:31:13.903+0000] {dag.py:3096} INFO - Sync 1 DAGs
[2024-04-15T14:31:13.949+0000] {logging_mixin.py:188} INFO - [2024-04-15T14:31:13.949+0000] {dag.py:3954} INFO - Setting next_dagrun for latest_only_with_trigger to 2024-04-15 08:00:00+00:00, run_after=2024-04-15 12:00:00+00:00
[2024-04-15T14:31:14.001+0000] {processor.py:183} INFO - Processing /home/airflow/.local/lib/python3.12/site-packages/airflow/example_dags/example_latest_only_with_trigger.py took 0.154 seconds
[2024-04-15T14:31:44.871+0000] {processor.py:161} INFO - Started process (PID=403) to work on /home/airflow/.local/lib/python3.12/site-packages/airflow/example_dags/example_latest_only_with_trigger.py
[2024-04-15T14:31:44.873+0000] {processor.py:830} INFO - Processing file /home/airflow/.local/lib/python3.12/site-packages/airflow/example_dags/example_latest_only_with_trigger.py for tasks to queue
[2024-04-15T14:31:44.877+0000] {logging_mixin.py:188} INFO - [2024-04-15T14:31:44.876+0000] {dagbag.py:540} INFO - Filling up the DagBag from /home/airflow/.local/lib/python3.12/site-packages/airflow/example_dags/example_latest_only_with_trigger.py
[2024-04-15T14:31:44.886+0000] {processor.py:840} INFO - DAG(s) 'latest_only_with_trigger' retrieved from /home/airflow/.local/lib/python3.12/site-packages/airflow/example_dags/example_latest_only_with_trigger.py
[2024-04-15T14:31:44.956+0000] {logging_mixin.py:188} INFO - [2024-04-15T14:31:44.955+0000] {dag.py:3096} INFO - Sync 1 DAGs
[2024-04-15T14:31:45.066+0000] {logging_mixin.py:188} INFO - [2024-04-15T14:31:45.066+0000] {dag.py:3954} INFO - Setting next_dagrun for latest_only_with_trigger to 2024-04-15 08:00:00+00:00, run_after=2024-04-15 12:00:00+00:00
[2024-04-15T14:31:45.126+0000] {processor.py:183} INFO - Processing /home/airflow/.local/lib/python3.12/site-packages/airflow/example_dags/example_latest_only_with_trigger.py took 0.263 seconds
[2024-04-15T14:32:15.275+0000] {processor.py:161} INFO - Started process (PID=461) to work on /home/airflow/.local/lib/python3.12/site-packages/airflow/example_dags/example_latest_only_with_trigger.py
[2024-04-15T14:32:15.276+0000] {processor.py:830} INFO - Processing file /home/airflow/.local/lib/python3.12/site-packages/airflow/example_dags/example_latest_only_with_trigger.py for tasks to queue
[2024-04-15T14:32:15.280+0000] {logging_mixin.py:188} INFO - [2024-04-15T14:32:15.279+0000] {dagbag.py:540} INFO - Filling up the DagBag from /home/airflow/.local/lib/python3.12/site-packages/airflow/example_dags/example_latest_only_with_trigger.py
[2024-04-15T14:32:15.291+0000] {processor.py:840} INFO - DAG(s) 'latest_only_with_trigger' retrieved from /home/airflow/.local/lib/python3.12/site-packages/airflow/example_dags/example_latest_only_with_trigger.py
[2024-04-15T14:32:15.354+0000] {logging_mixin.py:188} INFO - [2024-04-15T14:32:15.353+0000] {dag.py:3096} INFO - Sync 1 DAGs
[2024-04-15T14:32:15.400+0000] {logging_mixin.py:188} INFO - [2024-04-15T14:32:15.400+0000] {dag.py:3954} INFO - Setting next_dagrun for latest_only_with_trigger to 2024-04-15 08:00:00+00:00, run_after=2024-04-15 12:00:00+00:00
[2024-04-15T14:32:15.446+0000] {processor.py:183} INFO - Processing /home/airflow/.local/lib/python3.12/site-packages/airflow/example_dags/example_latest_only_with_trigger.py took 0.182 seconds
[2024-04-15T14:32:45.662+0000] {processor.py:161} INFO - Started process (PID=519) to work on /home/airflow/.local/lib/python3.12/site-packages/airflow/example_dags/example_latest_only_with_trigger.py
[2024-04-15T14:32:45.664+0000] {processor.py:830} INFO - Processing file /home/airflow/.local/lib/python3.12/site-packages/airflow/example_dags/example_latest_only_with_trigger.py for tasks to queue
[2024-04-15T14:32:45.667+0000] {logging_mixin.py:188} INFO - [2024-04-15T14:32:45.666+0000] {dagbag.py:540} INFO - Filling up the DagBag from /home/airflow/.local/lib/python3.12/site-packages/airflow/example_dags/example_latest_only_with_trigger.py
[2024-04-15T14:32:45.679+0000] {processor.py:840} INFO - DAG(s) 'latest_only_with_trigger' retrieved from /home/airflow/.local/lib/python3.12/site-packages/airflow/example_dags/example_latest_only_with_trigger.py
[2024-04-15T14:32:45.719+0000] {logging_mixin.py:188} INFO - [2024-04-15T14:32:45.718+0000] {dag.py:3096} INFO - Sync 1 DAGs
[2024-04-15T14:32:45.759+0000] {logging_mixin.py:188} INFO - [2024-04-15T14:32:45.758+0000] {dag.py:3954} INFO - Setting next_dagrun for latest_only_with_trigger to 2024-04-15 08:00:00+00:00, run_after=2024-04-15 12:00:00+00:00
[2024-04-15T14:32:45.794+0000] {processor.py:183} INFO - Processing /home/airflow/.local/lib/python3.12/site-packages/airflow/example_dags/example_latest_only_with_trigger.py took 0.142 seconds
[2024-04-15T14:33:16.143+0000] {processor.py:161} INFO - Started process (PID=578) to work on /home/airflow/.local/lib/python3.12/site-packages/airflow/example_dags/example_latest_only_with_trigger.py
[2024-04-15T14:33:16.145+0000] {processor.py:830} INFO - Processing file /home/airflow/.local/lib/python3.12/site-packages/airflow/example_dags/example_latest_only_with_trigger.py for tasks to queue
[2024-04-15T14:33:16.148+0000] {logging_mixin.py:188} INFO - [2024-04-15T14:33:16.147+0000] {dagbag.py:540} INFO - Filling up the DagBag from /home/airflow/.local/lib/python3.12/site-packages/airflow/example_dags/example_latest_only_with_trigger.py
[2024-04-15T14:33:16.155+0000] {processor.py:840} INFO - DAG(s) 'latest_only_with_trigger' retrieved from /home/airflow/.local/lib/python3.12/site-packages/airflow/example_dags/example_latest_only_with_trigger.py
[2024-04-15T14:33:16.185+0000] {logging_mixin.py:188} INFO - [2024-04-15T14:33:16.185+0000] {dag.py:3096} INFO - Sync 1 DAGs
[2024-04-15T14:33:16.218+0000] {logging_mixin.py:188} INFO - [2024-04-15T14:33:16.218+0000] {dag.py:3954} INFO - Setting next_dagrun for latest_only_with_trigger to 2024-04-15 08:00:00+00:00, run_after=2024-04-15 12:00:00+00:00
[2024-04-15T14:33:16.250+0000] {processor.py:183} INFO - Processing /home/airflow/.local/lib/python3.12/site-packages/airflow/example_dags/example_latest_only_with_trigger.py took 0.116 seconds
[2024-04-15T14:33:46.499+0000] {processor.py:161} INFO - Started process (PID=637) to work on /home/airflow/.local/lib/python3.12/site-packages/airflow/example_dags/example_latest_only_with_trigger.py
[2024-04-15T14:33:46.500+0000] {processor.py:830} INFO - Processing file /home/airflow/.local/lib/python3.12/site-packages/airflow/example_dags/example_latest_only_with_trigger.py for tasks to queue
[2024-04-15T14:33:46.503+0000] {logging_mixin.py:188} INFO - [2024-04-15T14:33:46.502+0000] {dagbag.py:540} INFO - Filling up the DagBag from /home/airflow/.local/lib/python3.12/site-packages/airflow/example_dags/example_latest_only_with_trigger.py
[2024-04-15T14:33:46.511+0000] {processor.py:840} INFO - DAG(s) 'latest_only_with_trigger' retrieved from /home/airflow/.local/lib/python3.12/site-packages/airflow/example_dags/example_latest_only_with_trigger.py
[2024-04-15T14:33:46.543+0000] {logging_mixin.py:188} INFO - [2024-04-15T14:33:46.542+0000] {dag.py:3096} INFO - Sync 1 DAGs
[2024-04-15T14:33:46.574+0000] {logging_mixin.py:188} INFO - [2024-04-15T14:33:46.574+0000] {dag.py:3954} INFO - Setting next_dagrun for latest_only_with_trigger to 2024-04-15 08:00:00+00:00, run_after=2024-04-15 12:00:00+00:00
[2024-04-15T14:33:46.606+0000] {processor.py:183} INFO - Processing /home/airflow/.local/lib/python3.12/site-packages/airflow/example_dags/example_latest_only_with_trigger.py took 0.117 seconds
[2024-04-15T14:34:16.757+0000] {processor.py:161} INFO - Started process (PID=696) to work on /home/airflow/.local/lib/python3.12/site-packages/airflow/example_dags/example_latest_only_with_trigger.py
[2024-04-15T14:34:16.759+0000] {processor.py:830} INFO - Processing file /home/airflow/.local/lib/python3.12/site-packages/airflow/example_dags/example_latest_only_with_trigger.py for tasks to queue
[2024-04-15T14:34:16.762+0000] {logging_mixin.py:188} INFO - [2024-04-15T14:34:16.761+0000] {dagbag.py:540} INFO - Filling up the DagBag from /home/airflow/.local/lib/python3.12/site-packages/airflow/example_dags/example_latest_only_with_trigger.py
[2024-04-15T14:34:16.768+0000] {processor.py:840} INFO - DAG(s) 'latest_only_with_trigger' retrieved from /home/airflow/.local/lib/python3.12/site-packages/airflow/example_dags/example_latest_only_with_trigger.py
[2024-04-15T14:34:16.799+0000] {logging_mixin.py:188} INFO - [2024-04-15T14:34:16.799+0000] {dag.py:3096} INFO - Sync 1 DAGs
[2024-04-15T14:34:16.832+0000] {logging_mixin.py:188} INFO - [2024-04-15T14:34:16.832+0000] {dag.py:3954} INFO - Setting next_dagrun for latest_only_with_trigger to 2024-04-15 08:00:00+00:00, run_after=2024-04-15 12:00:00+00:00
[2024-04-15T14:34:16.865+0000] {processor.py:183} INFO - Processing /home/airflow/.local/lib/python3.12/site-packages/airflow/example_dags/example_latest_only_with_trigger.py took 0.117 seconds
[2024-04-15T14:34:47.384+0000] {processor.py:161} INFO - Started process (PID=755) to work on /home/airflow/.local/lib/python3.12/site-packages/airflow/example_dags/example_latest_only_with_trigger.py
[2024-04-15T14:34:47.386+0000] {processor.py:830} INFO - Processing file /home/airflow/.local/lib/python3.12/site-packages/airflow/example_dags/example_latest_only_with_trigger.py for tasks to queue
[2024-04-15T14:34:47.388+0000] {logging_mixin.py:188} INFO - [2024-04-15T14:34:47.388+0000] {dagbag.py:540} INFO - Filling up the DagBag from /home/airflow/.local/lib/python3.12/site-packages/airflow/example_dags/example_latest_only_with_trigger.py
[2024-04-15T14:34:47.396+0000] {processor.py:840} INFO - DAG(s) 'latest_only_with_trigger' retrieved from /home/airflow/.local/lib/python3.12/site-packages/airflow/example_dags/example_latest_only_with_trigger.py
[2024-04-15T14:34:47.427+0000] {logging_mixin.py:188} INFO - [2024-04-15T14:34:47.427+0000] {dag.py:3096} INFO - Sync 1 DAGs
[2024-04-15T14:34:47.464+0000] {logging_mixin.py:188} INFO - [2024-04-15T14:34:47.463+0000] {dag.py:3954} INFO - Setting next_dagrun for latest_only_with_trigger to 2024-04-15 08:00:00+00:00, run_after=2024-04-15 12:00:00+00:00
[2024-04-15T14:34:47.494+0000] {processor.py:183} INFO - Processing /home/airflow/.local/lib/python3.12/site-packages/airflow/example_dags/example_latest_only_with_trigger.py took 0.117 seconds
[2024-04-15T14:35:17.591+0000] {processor.py:161} INFO - Started process (PID=814) to work on /home/airflow/.local/lib/python3.12/site-packages/airflow/example_dags/example_latest_only_with_trigger.py
[2024-04-15T14:35:17.592+0000] {processor.py:830} INFO - Processing file /home/airflow/.local/lib/python3.12/site-packages/airflow/example_dags/example_latest_only_with_trigger.py for tasks to queue
[2024-04-15T14:35:17.595+0000] {logging_mixin.py:188} INFO - [2024-04-15T14:35:17.594+0000] {dagbag.py:540} INFO - Filling up the DagBag from /home/airflow/.local/lib/python3.12/site-packages/airflow/example_dags/example_latest_only_with_trigger.py
[2024-04-15T14:35:17.602+0000] {processor.py:840} INFO - DAG(s) 'latest_only_with_trigger' retrieved from /home/airflow/.local/lib/python3.12/site-packages/airflow/example_dags/example_latest_only_with_trigger.py
[2024-04-15T14:35:17.632+0000] {logging_mixin.py:188} INFO - [2024-04-15T14:35:17.632+0000] {dag.py:3096} INFO - Sync 1 DAGs
[2024-04-15T14:35:17.672+0000] {logging_mixin.py:188} INFO - [2024-04-15T14:35:17.672+0000] {dag.py:3954} INFO - Setting next_dagrun for latest_only_with_trigger to 2024-04-15 08:00:00+00:00, run_after=2024-04-15 12:00:00+00:00
[2024-04-15T14:35:17.708+0000] {processor.py:183} INFO - Processing /home/airflow/.local/lib/python3.12/site-packages/airflow/example_dags/example_latest_only_with_trigger.py took 0.125 seconds
[2024-04-15T14:35:48.081+0000] {processor.py:161} INFO - Started process (PID=872) to work on /home/airflow/.local/lib/python3.12/site-packages/airflow/example_dags/example_latest_only_with_trigger.py
[2024-04-15T14:35:48.082+0000] {processor.py:830} INFO - Processing file /home/airflow/.local/lib/python3.12/site-packages/airflow/example_dags/example_latest_only_with_trigger.py for tasks to queue
[2024-04-15T14:35:48.085+0000] {logging_mixin.py:188} INFO - [2024-04-15T14:35:48.084+0000] {dagbag.py:540} INFO - Filling up the DagBag from /home/airflow/.local/lib/python3.12/site-packages/airflow/example_dags/example_latest_only_with_trigger.py
[2024-04-15T14:35:48.094+0000] {processor.py:840} INFO - DAG(s) 'latest_only_with_trigger' retrieved from /home/airflow/.local/lib/python3.12/site-packages/airflow/example_dags/example_latest_only_with_trigger.py
[2024-04-15T14:35:48.123+0000] {logging_mixin.py:188} INFO - [2024-04-15T14:35:48.122+0000] {dag.py:3096} INFO - Sync 1 DAGs
[2024-04-15T14:35:48.158+0000] {logging_mixin.py:188} INFO - [2024-04-15T14:35:48.157+0000] {dag.py:3954} INFO - Setting next_dagrun for latest_only_with_trigger to 2024-04-15 08:00:00+00:00, run_after=2024-04-15 12:00:00+00:00
[2024-04-15T14:35:48.189+0000] {processor.py:183} INFO - Processing /home/airflow/.local/lib/python3.12/site-packages/airflow/example_dags/example_latest_only_with_trigger.py took 0.118 seconds
[2024-04-15T14:36:19.519+0000] {processor.py:161} INFO - Started process (PID=930) to work on /home/airflow/.local/lib/python3.12/site-packages/airflow/example_dags/example_latest_only_with_trigger.py
[2024-04-15T14:36:19.521+0000] {processor.py:830} INFO - Processing file /home/airflow/.local/lib/python3.12/site-packages/airflow/example_dags/example_latest_only_with_trigger.py for tasks to queue
[2024-04-15T14:36:19.524+0000] {logging_mixin.py:188} INFO - [2024-04-15T14:36:19.524+0000] {dagbag.py:540} INFO - Filling up the DagBag from /home/airflow/.local/lib/python3.12/site-packages/airflow/example_dags/example_latest_only_with_trigger.py
[2024-04-15T14:36:19.536+0000] {processor.py:840} INFO - DAG(s) 'latest_only_with_trigger' retrieved from /home/airflow/.local/lib/python3.12/site-packages/airflow/example_dags/example_latest_only_with_trigger.py
[2024-04-15T14:36:19.584+0000] {logging_mixin.py:188} INFO - [2024-04-15T14:36:19.583+0000] {dag.py:3096} INFO - Sync 1 DAGs
[2024-04-15T14:36:19.631+0000] {logging_mixin.py:188} INFO - [2024-04-15T14:36:19.631+0000] {dag.py:3954} INFO - Setting next_dagrun for latest_only_with_trigger to 2024-04-15 08:00:00+00:00, run_after=2024-04-15 12:00:00+00:00
[2024-04-15T14:36:19.872+0000] {processor.py:183} INFO - Processing /home/airflow/.local/lib/python3.12/site-packages/airflow/example_dags/example_latest_only_with_trigger.py took 0.366 seconds
[2024-04-15T14:36:50.387+0000] {processor.py:161} INFO - Started process (PID=989) to work on /home/airflow/.local/lib/python3.12/site-packages/airflow/example_dags/example_latest_only_with_trigger.py
[2024-04-15T14:36:50.389+0000] {processor.py:830} INFO - Processing file /home/airflow/.local/lib/python3.12/site-packages/airflow/example_dags/example_latest_only_with_trigger.py for tasks to queue
[2024-04-15T14:36:50.391+0000] {logging_mixin.py:188} INFO - [2024-04-15T14:36:50.391+0000] {dagbag.py:540} INFO - Filling up the DagBag from /home/airflow/.local/lib/python3.12/site-packages/airflow/example_dags/example_latest_only_with_trigger.py
[2024-04-15T14:36:50.399+0000] {processor.py:840} INFO - DAG(s) 'latest_only_with_trigger' retrieved from /home/airflow/.local/lib/python3.12/site-packages/airflow/example_dags/example_latest_only_with_trigger.py
[2024-04-15T14:36:50.425+0000] {logging_mixin.py:188} INFO - [2024-04-15T14:36:50.424+0000] {dag.py:3096} INFO - Sync 1 DAGs
[2024-04-15T14:36:50.460+0000] {logging_mixin.py:188} INFO - [2024-04-15T14:36:50.459+0000] {dag.py:3954} INFO - Setting next_dagrun for latest_only_with_trigger to 2024-04-15 08:00:00+00:00, run_after=2024-04-15 12:00:00+00:00
[2024-04-15T14:36:50.489+0000] {processor.py:183} INFO - Processing /home/airflow/.local/lib/python3.12/site-packages/airflow/example_dags/example_latest_only_with_trigger.py took 0.110 seconds
[2024-04-15T14:37:21.328+0000] {processor.py:161} INFO - Started process (PID=1048) to work on /home/airflow/.local/lib/python3.12/site-packages/airflow/example_dags/example_latest_only_with_trigger.py
[2024-04-15T14:37:21.329+0000] {processor.py:830} INFO - Processing file /home/airflow/.local/lib/python3.12/site-packages/airflow/example_dags/example_latest_only_with_trigger.py for tasks to queue
[2024-04-15T14:37:21.332+0000] {logging_mixin.py:188} INFO - [2024-04-15T14:37:21.331+0000] {dagbag.py:540} INFO - Filling up the DagBag from /home/airflow/.local/lib/python3.12/site-packages/airflow/example_dags/example_latest_only_with_trigger.py
[2024-04-15T14:37:21.340+0000] {processor.py:840} INFO - DAG(s) 'latest_only_with_trigger' retrieved from /home/airflow/.local/lib/python3.12/site-packages/airflow/example_dags/example_latest_only_with_trigger.py
[2024-04-15T14:37:21.373+0000] {logging_mixin.py:188} INFO - [2024-04-15T14:37:21.373+0000] {dag.py:3096} INFO - Sync 1 DAGs
[2024-04-15T14:37:21.402+0000] {logging_mixin.py:188} INFO - [2024-04-15T14:37:21.402+0000] {dag.py:3954} INFO - Setting next_dagrun for latest_only_with_trigger to 2024-04-15 08:00:00+00:00, run_after=2024-04-15 12:00:00+00:00
[2024-04-15T14:37:21.429+0000] {processor.py:183} INFO - Processing /home/airflow/.local/lib/python3.12/site-packages/airflow/example_dags/example_latest_only_with_trigger.py took 0.108 seconds
[2024-04-15T14:37:51.859+0000] {processor.py:161} INFO - Started process (PID=1107) to work on /home/airflow/.local/lib/python3.12/site-packages/airflow/example_dags/example_latest_only_with_trigger.py
[2024-04-15T14:37:51.861+0000] {processor.py:830} INFO - Processing file /home/airflow/.local/lib/python3.12/site-packages/airflow/example_dags/example_latest_only_with_trigger.py for tasks to queue
[2024-04-15T14:37:51.863+0000] {logging_mixin.py:188} INFO - [2024-04-15T14:37:51.863+0000] {dagbag.py:540} INFO - Filling up the DagBag from /home/airflow/.local/lib/python3.12/site-packages/airflow/example_dags/example_latest_only_with_trigger.py
[2024-04-15T14:37:51.874+0000] {processor.py:840} INFO - DAG(s) 'latest_only_with_trigger' retrieved from /home/airflow/.local/lib/python3.12/site-packages/airflow/example_dags/example_latest_only_with_trigger.py
[2024-04-15T14:37:51.903+0000] {logging_mixin.py:188} INFO - [2024-04-15T14:37:51.902+0000] {dag.py:3096} INFO - Sync 1 DAGs
[2024-04-15T14:37:51.946+0000] {logging_mixin.py:188} INFO - [2024-04-15T14:37:51.946+0000] {dag.py:3954} INFO - Setting next_dagrun for latest_only_with_trigger to 2024-04-15 08:00:00+00:00, run_after=2024-04-15 12:00:00+00:00
[2024-04-15T14:37:51.979+0000] {processor.py:183} INFO - Processing /home/airflow/.local/lib/python3.12/site-packages/airflow/example_dags/example_latest_only_with_trigger.py took 0.128 seconds
[2024-04-15T14:38:22.299+0000] {processor.py:161} INFO - Started process (PID=1166) to work on /home/airflow/.local/lib/python3.12/site-packages/airflow/example_dags/example_latest_only_with_trigger.py
[2024-04-15T14:38:22.300+0000] {processor.py:830} INFO - Processing file /home/airflow/.local/lib/python3.12/site-packages/airflow/example_dags/example_latest_only_with_trigger.py for tasks to queue
[2024-04-15T14:38:22.302+0000] {logging_mixin.py:188} INFO - [2024-04-15T14:38:22.302+0000] {dagbag.py:540} INFO - Filling up the DagBag from /home/airflow/.local/lib/python3.12/site-packages/airflow/example_dags/example_latest_only_with_trigger.py
[2024-04-15T14:38:22.309+0000] {processor.py:840} INFO - DAG(s) 'latest_only_with_trigger' retrieved from /home/airflow/.local/lib/python3.12/site-packages/airflow/example_dags/example_latest_only_with_trigger.py
[2024-04-15T14:38:22.334+0000] {logging_mixin.py:188} INFO - [2024-04-15T14:38:22.334+0000] {dag.py:3096} INFO - Sync 1 DAGs
[2024-04-15T14:38:22.364+0000] {logging_mixin.py:188} INFO - [2024-04-15T14:38:22.364+0000] {dag.py:3954} INFO - Setting next_dagrun for latest_only_with_trigger to 2024-04-15 08:00:00+00:00, run_after=2024-04-15 12:00:00+00:00
[2024-04-15T14:38:22.393+0000] {processor.py:183} INFO - Processing /home/airflow/.local/lib/python3.12/site-packages/airflow/example_dags/example_latest_only_with_trigger.py took 0.102 seconds
