[2024-04-15T14:28:47.292+0000] {processor.py:161} INFO - Started process (PID=75) to work on /home/airflow/.local/lib/python3.12/site-packages/airflow/example_dags/example_branch_labels.py
[2024-04-15T14:28:47.298+0000] {processor.py:830} INFO - Processing file /home/airflow/.local/lib/python3.12/site-packages/airflow/example_dags/example_branch_labels.py for tasks to queue
[2024-04-15T14:28:47.302+0000] {logging_mixin.py:188} INFO - [2024-04-15T14:28:47.301+0000] {dagbag.py:540} INFO - Filling up the DagBag from /home/airflow/.local/lib/python3.12/site-packages/airflow/example_dags/example_branch_labels.py
[2024-04-15T14:28:47.337+0000] {processor.py:840} INFO - DAG(s) 'example_branch_labels' retrieved from /home/airflow/.local/lib/python3.12/site-packages/airflow/example_dags/example_branch_labels.py
[2024-04-15T14:28:47.388+0000] {logging_mixin.py:188} INFO - [2024-04-15T14:28:47.388+0000] {dag.py:3096} INFO - Sync 1 DAGs
[2024-04-15T14:28:47.448+0000] {logging_mixin.py:188} INFO - [2024-04-15T14:28:47.446+0000] {dag.py:3954} INFO - Setting next_dagrun for example_branch_labels to 2024-04-14 00:00:00+00:00, run_after=2024-04-15 00:00:00+00:00
[2024-04-15T14:28:47.503+0000] {processor.py:183} INFO - Processing /home/airflow/.local/lib/python3.12/site-packages/airflow/example_dags/example_branch_labels.py took 0.222 seconds
[2024-04-15T14:29:18.244+0000] {processor.py:161} INFO - Started process (PID=134) to work on /home/airflow/.local/lib/python3.12/site-packages/airflow/example_dags/example_branch_labels.py
[2024-04-15T14:29:18.246+0000] {processor.py:830} INFO - Processing file /home/airflow/.local/lib/python3.12/site-packages/airflow/example_dags/example_branch_labels.py for tasks to queue
[2024-04-15T14:29:18.250+0000] {logging_mixin.py:188} INFO - [2024-04-15T14:29:18.249+0000] {dagbag.py:540} INFO - Filling up the DagBag from /home/airflow/.local/lib/python3.12/site-packages/airflow/example_dags/example_branch_labels.py
[2024-04-15T14:29:18.262+0000] {processor.py:840} INFO - DAG(s) 'example_branch_labels' retrieved from /home/airflow/.local/lib/python3.12/site-packages/airflow/example_dags/example_branch_labels.py
[2024-04-15T14:29:18.290+0000] {logging_mixin.py:188} INFO - [2024-04-15T14:29:18.290+0000] {dag.py:3096} INFO - Sync 1 DAGs
[2024-04-15T14:29:18.345+0000] {logging_mixin.py:188} INFO - [2024-04-15T14:29:18.344+0000] {dag.py:3954} INFO - Setting next_dagrun for example_branch_labels to 2024-04-14 00:00:00+00:00, run_after=2024-04-15 00:00:00+00:00
[2024-04-15T14:29:18.390+0000] {processor.py:183} INFO - Processing /home/airflow/.local/lib/python3.12/site-packages/airflow/example_dags/example_branch_labels.py took 0.156 seconds
[2024-04-15T14:29:48.819+0000] {processor.py:161} INFO - Started process (PID=193) to work on /home/airflow/.local/lib/python3.12/site-packages/airflow/example_dags/example_branch_labels.py
[2024-04-15T14:29:48.820+0000] {processor.py:830} INFO - Processing file /home/airflow/.local/lib/python3.12/site-packages/airflow/example_dags/example_branch_labels.py for tasks to queue
[2024-04-15T14:29:48.822+0000] {logging_mixin.py:188} INFO - [2024-04-15T14:29:48.822+0000] {dagbag.py:540} INFO - Filling up the DagBag from /home/airflow/.local/lib/python3.12/site-packages/airflow/example_dags/example_branch_labels.py
[2024-04-15T14:29:48.835+0000] {processor.py:840} INFO - DAG(s) 'example_branch_labels' retrieved from /home/airflow/.local/lib/python3.12/site-packages/airflow/example_dags/example_branch_labels.py
[2024-04-15T14:29:48.863+0000] {logging_mixin.py:188} INFO - [2024-04-15T14:29:48.862+0000] {dag.py:3096} INFO - Sync 1 DAGs
[2024-04-15T14:29:48.892+0000] {logging_mixin.py:188} INFO - [2024-04-15T14:29:48.891+0000] {dag.py:3954} INFO - Setting next_dagrun for example_branch_labels to 2024-04-14 00:00:00+00:00, run_after=2024-04-15 00:00:00+00:00
[2024-04-15T14:29:48.919+0000] {processor.py:183} INFO - Processing /home/airflow/.local/lib/python3.12/site-packages/airflow/example_dags/example_branch_labels.py took 0.107 seconds
[2024-04-15T14:30:24.690+0000] {processor.py:161} INFO - Started process (PID=252) to work on /home/airflow/.local/lib/python3.12/site-packages/airflow/example_dags/example_branch_labels.py
[2024-04-15T14:30:24.693+0000] {processor.py:830} INFO - Processing file /home/airflow/.local/lib/python3.12/site-packages/airflow/example_dags/example_branch_labels.py for tasks to queue
[2024-04-15T14:30:24.703+0000] {logging_mixin.py:188} INFO - [2024-04-15T14:30:24.702+0000] {dagbag.py:540} INFO - Filling up the DagBag from /home/airflow/.local/lib/python3.12/site-packages/airflow/example_dags/example_branch_labels.py
[2024-04-15T14:30:24.737+0000] {processor.py:840} INFO - DAG(s) 'example_branch_labels' retrieved from /home/airflow/.local/lib/python3.12/site-packages/airflow/example_dags/example_branch_labels.py
[2024-04-15T14:30:24.817+0000] {logging_mixin.py:188} INFO - [2024-04-15T14:30:24.817+0000] {dag.py:3096} INFO - Sync 1 DAGs
[2024-04-15T14:30:24.935+0000] {logging_mixin.py:188} INFO - [2024-04-15T14:30:24.930+0000] {dag.py:3954} INFO - Setting next_dagrun for example_branch_labels to 2024-04-14 00:00:00+00:00, run_after=2024-04-15 00:00:00+00:00
[2024-04-15T14:30:25.010+0000] {processor.py:183} INFO - Processing /home/airflow/.local/lib/python3.12/site-packages/airflow/example_dags/example_branch_labels.py took 0.348 seconds
[2024-04-15T14:30:55.761+0000] {processor.py:161} INFO - Started process (PID=311) to work on /home/airflow/.local/lib/python3.12/site-packages/airflow/example_dags/example_branch_labels.py
[2024-04-15T14:30:55.766+0000] {processor.py:830} INFO - Processing file /home/airflow/.local/lib/python3.12/site-packages/airflow/example_dags/example_branch_labels.py for tasks to queue
[2024-04-15T14:30:55.778+0000] {logging_mixin.py:188} INFO - [2024-04-15T14:30:55.778+0000] {dagbag.py:540} INFO - Filling up the DagBag from /home/airflow/.local/lib/python3.12/site-packages/airflow/example_dags/example_branch_labels.py
[2024-04-15T14:30:55.817+0000] {processor.py:840} INFO - DAG(s) 'example_branch_labels' retrieved from /home/airflow/.local/lib/python3.12/site-packages/airflow/example_dags/example_branch_labels.py
[2024-04-15T14:30:55.939+0000] {logging_mixin.py:188} INFO - [2024-04-15T14:30:55.938+0000] {dag.py:3096} INFO - Sync 1 DAGs
[2024-04-15T14:30:56.128+0000] {logging_mixin.py:188} INFO - [2024-04-15T14:30:56.127+0000] {dag.py:3954} INFO - Setting next_dagrun for example_branch_labels to 2024-04-14 00:00:00+00:00, run_after=2024-04-15 00:00:00+00:00
[2024-04-15T14:30:56.267+0000] {processor.py:183} INFO - Processing /home/airflow/.local/lib/python3.12/site-packages/airflow/example_dags/example_branch_labels.py took 0.548 seconds
[2024-04-15T14:31:26.930+0000] {processor.py:161} INFO - Started process (PID=369) to work on /home/airflow/.local/lib/python3.12/site-packages/airflow/example_dags/example_branch_labels.py
[2024-04-15T14:31:26.932+0000] {processor.py:830} INFO - Processing file /home/airflow/.local/lib/python3.12/site-packages/airflow/example_dags/example_branch_labels.py for tasks to queue
[2024-04-15T14:31:26.935+0000] {logging_mixin.py:188} INFO - [2024-04-15T14:31:26.935+0000] {dagbag.py:540} INFO - Filling up the DagBag from /home/airflow/.local/lib/python3.12/site-packages/airflow/example_dags/example_branch_labels.py
[2024-04-15T14:31:26.959+0000] {processor.py:840} INFO - DAG(s) 'example_branch_labels' retrieved from /home/airflow/.local/lib/python3.12/site-packages/airflow/example_dags/example_branch_labels.py
[2024-04-15T14:31:27.024+0000] {logging_mixin.py:188} INFO - [2024-04-15T14:31:27.024+0000] {dag.py:3096} INFO - Sync 1 DAGs
[2024-04-15T14:31:27.069+0000] {logging_mixin.py:188} INFO - [2024-04-15T14:31:27.069+0000] {dag.py:3954} INFO - Setting next_dagrun for example_branch_labels to 2024-04-14 00:00:00+00:00, run_after=2024-04-15 00:00:00+00:00
[2024-04-15T14:31:27.108+0000] {processor.py:183} INFO - Processing /home/airflow/.local/lib/python3.12/site-packages/airflow/example_dags/example_branch_labels.py took 0.196 seconds
[2024-04-15T14:31:57.910+0000] {processor.py:161} INFO - Started process (PID=429) to work on /home/airflow/.local/lib/python3.12/site-packages/airflow/example_dags/example_branch_labels.py
[2024-04-15T14:31:57.912+0000] {processor.py:830} INFO - Processing file /home/airflow/.local/lib/python3.12/site-packages/airflow/example_dags/example_branch_labels.py for tasks to queue
[2024-04-15T14:31:57.914+0000] {logging_mixin.py:188} INFO - [2024-04-15T14:31:57.914+0000] {dagbag.py:540} INFO - Filling up the DagBag from /home/airflow/.local/lib/python3.12/site-packages/airflow/example_dags/example_branch_labels.py
[2024-04-15T14:31:57.924+0000] {processor.py:840} INFO - DAG(s) 'example_branch_labels' retrieved from /home/airflow/.local/lib/python3.12/site-packages/airflow/example_dags/example_branch_labels.py
[2024-04-15T14:31:57.958+0000] {logging_mixin.py:188} INFO - [2024-04-15T14:31:57.957+0000] {dag.py:3096} INFO - Sync 1 DAGs
[2024-04-15T14:31:58.001+0000] {logging_mixin.py:188} INFO - [2024-04-15T14:31:58.001+0000] {dag.py:3954} INFO - Setting next_dagrun for example_branch_labels to 2024-04-14 00:00:00+00:00, run_after=2024-04-15 00:00:00+00:00
[2024-04-15T14:31:58.033+0000] {processor.py:183} INFO - Processing /home/airflow/.local/lib/python3.12/site-packages/airflow/example_dags/example_branch_labels.py took 0.132 seconds
[2024-04-15T14:32:28.483+0000] {processor.py:161} INFO - Started process (PID=487) to work on /home/airflow/.local/lib/python3.12/site-packages/airflow/example_dags/example_branch_labels.py
[2024-04-15T14:32:28.485+0000] {processor.py:830} INFO - Processing file /home/airflow/.local/lib/python3.12/site-packages/airflow/example_dags/example_branch_labels.py for tasks to queue
[2024-04-15T14:32:28.490+0000] {logging_mixin.py:188} INFO - [2024-04-15T14:32:28.489+0000] {dagbag.py:540} INFO - Filling up the DagBag from /home/airflow/.local/lib/python3.12/site-packages/airflow/example_dags/example_branch_labels.py
[2024-04-15T14:32:28.510+0000] {processor.py:840} INFO - DAG(s) 'example_branch_labels' retrieved from /home/airflow/.local/lib/python3.12/site-packages/airflow/example_dags/example_branch_labels.py
[2024-04-15T14:32:28.557+0000] {logging_mixin.py:188} INFO - [2024-04-15T14:32:28.557+0000] {dag.py:3096} INFO - Sync 1 DAGs
[2024-04-15T14:32:28.605+0000] {logging_mixin.py:188} INFO - [2024-04-15T14:32:28.605+0000] {dag.py:3954} INFO - Setting next_dagrun for example_branch_labels to 2024-04-14 00:00:00+00:00, run_after=2024-04-15 00:00:00+00:00
[2024-04-15T14:32:28.645+0000] {processor.py:183} INFO - Processing /home/airflow/.local/lib/python3.12/site-packages/airflow/example_dags/example_branch_labels.py took 0.172 seconds
[2024-04-15T14:32:59.183+0000] {processor.py:161} INFO - Started process (PID=545) to work on /home/airflow/.local/lib/python3.12/site-packages/airflow/example_dags/example_branch_labels.py
[2024-04-15T14:32:59.185+0000] {processor.py:830} INFO - Processing file /home/airflow/.local/lib/python3.12/site-packages/airflow/example_dags/example_branch_labels.py for tasks to queue
[2024-04-15T14:32:59.188+0000] {logging_mixin.py:188} INFO - [2024-04-15T14:32:59.187+0000] {dagbag.py:540} INFO - Filling up the DagBag from /home/airflow/.local/lib/python3.12/site-packages/airflow/example_dags/example_branch_labels.py
[2024-04-15T14:32:59.218+0000] {processor.py:840} INFO - DAG(s) 'example_branch_labels' retrieved from /home/airflow/.local/lib/python3.12/site-packages/airflow/example_dags/example_branch_labels.py
[2024-04-15T14:32:59.279+0000] {logging_mixin.py:188} INFO - [2024-04-15T14:32:59.278+0000] {dag.py:3096} INFO - Sync 1 DAGs
[2024-04-15T14:32:59.341+0000] {logging_mixin.py:188} INFO - [2024-04-15T14:32:59.341+0000] {dag.py:3954} INFO - Setting next_dagrun for example_branch_labels to 2024-04-14 00:00:00+00:00, run_after=2024-04-15 00:00:00+00:00
[2024-04-15T14:32:59.369+0000] {processor.py:183} INFO - Processing /home/airflow/.local/lib/python3.12/site-packages/airflow/example_dags/example_branch_labels.py took 0.203 seconds
[2024-04-15T14:33:30.030+0000] {processor.py:161} INFO - Started process (PID=604) to work on /home/airflow/.local/lib/python3.12/site-packages/airflow/example_dags/example_branch_labels.py
[2024-04-15T14:33:30.031+0000] {processor.py:830} INFO - Processing file /home/airflow/.local/lib/python3.12/site-packages/airflow/example_dags/example_branch_labels.py for tasks to queue
[2024-04-15T14:33:30.034+0000] {logging_mixin.py:188} INFO - [2024-04-15T14:33:30.034+0000] {dagbag.py:540} INFO - Filling up the DagBag from /home/airflow/.local/lib/python3.12/site-packages/airflow/example_dags/example_branch_labels.py
[2024-04-15T14:33:30.046+0000] {processor.py:840} INFO - DAG(s) 'example_branch_labels' retrieved from /home/airflow/.local/lib/python3.12/site-packages/airflow/example_dags/example_branch_labels.py
[2024-04-15T14:33:30.077+0000] {logging_mixin.py:188} INFO - [2024-04-15T14:33:30.076+0000] {dag.py:3096} INFO - Sync 1 DAGs
[2024-04-15T14:33:30.111+0000] {logging_mixin.py:188} INFO - [2024-04-15T14:33:30.111+0000] {dag.py:3954} INFO - Setting next_dagrun for example_branch_labels to 2024-04-14 00:00:00+00:00, run_after=2024-04-15 00:00:00+00:00
[2024-04-15T14:33:30.141+0000] {processor.py:183} INFO - Processing /home/airflow/.local/lib/python3.12/site-packages/airflow/example_dags/example_branch_labels.py took 0.120 seconds
[2024-04-15T14:34:00.849+0000] {processor.py:161} INFO - Started process (PID=663) to work on /home/airflow/.local/lib/python3.12/site-packages/airflow/example_dags/example_branch_labels.py
[2024-04-15T14:34:00.851+0000] {processor.py:830} INFO - Processing file /home/airflow/.local/lib/python3.12/site-packages/airflow/example_dags/example_branch_labels.py for tasks to queue
[2024-04-15T14:34:00.854+0000] {logging_mixin.py:188} INFO - [2024-04-15T14:34:00.853+0000] {dagbag.py:540} INFO - Filling up the DagBag from /home/airflow/.local/lib/python3.12/site-packages/airflow/example_dags/example_branch_labels.py
[2024-04-15T14:34:00.869+0000] {processor.py:840} INFO - DAG(s) 'example_branch_labels' retrieved from /home/airflow/.local/lib/python3.12/site-packages/airflow/example_dags/example_branch_labels.py
[2024-04-15T14:34:00.930+0000] {logging_mixin.py:188} INFO - [2024-04-15T14:34:00.930+0000] {dag.py:3096} INFO - Sync 1 DAGs
[2024-04-15T14:34:00.978+0000] {logging_mixin.py:188} INFO - [2024-04-15T14:34:00.978+0000] {dag.py:3954} INFO - Setting next_dagrun for example_branch_labels to 2024-04-14 00:00:00+00:00, run_after=2024-04-15 00:00:00+00:00
[2024-04-15T14:34:01.020+0000] {processor.py:183} INFO - Processing /home/airflow/.local/lib/python3.12/site-packages/airflow/example_dags/example_branch_labels.py took 0.180 seconds
[2024-04-15T14:34:31.084+0000] {processor.py:161} INFO - Started process (PID=722) to work on /home/airflow/.local/lib/python3.12/site-packages/airflow/example_dags/example_branch_labels.py
[2024-04-15T14:34:31.085+0000] {processor.py:830} INFO - Processing file /home/airflow/.local/lib/python3.12/site-packages/airflow/example_dags/example_branch_labels.py for tasks to queue
[2024-04-15T14:34:31.087+0000] {logging_mixin.py:188} INFO - [2024-04-15T14:34:31.087+0000] {dagbag.py:540} INFO - Filling up the DagBag from /home/airflow/.local/lib/python3.12/site-packages/airflow/example_dags/example_branch_labels.py
[2024-04-15T14:34:31.102+0000] {processor.py:840} INFO - DAG(s) 'example_branch_labels' retrieved from /home/airflow/.local/lib/python3.12/site-packages/airflow/example_dags/example_branch_labels.py
[2024-04-15T14:34:31.130+0000] {logging_mixin.py:188} INFO - [2024-04-15T14:34:31.130+0000] {dag.py:3096} INFO - Sync 1 DAGs
[2024-04-15T14:34:31.165+0000] {logging_mixin.py:188} INFO - [2024-04-15T14:34:31.164+0000] {dag.py:3954} INFO - Setting next_dagrun for example_branch_labels to 2024-04-14 00:00:00+00:00, run_after=2024-04-15 00:00:00+00:00
[2024-04-15T14:34:31.197+0000] {processor.py:183} INFO - Processing /home/airflow/.local/lib/python3.12/site-packages/airflow/example_dags/example_branch_labels.py took 0.121 seconds
[2024-04-15T14:35:01.349+0000] {processor.py:161} INFO - Started process (PID=781) to work on /home/airflow/.local/lib/python3.12/site-packages/airflow/example_dags/example_branch_labels.py
[2024-04-15T14:35:01.350+0000] {processor.py:830} INFO - Processing file /home/airflow/.local/lib/python3.12/site-packages/airflow/example_dags/example_branch_labels.py for tasks to queue
[2024-04-15T14:35:01.354+0000] {logging_mixin.py:188} INFO - [2024-04-15T14:35:01.353+0000] {dagbag.py:540} INFO - Filling up the DagBag from /home/airflow/.local/lib/python3.12/site-packages/airflow/example_dags/example_branch_labels.py
[2024-04-15T14:35:01.364+0000] {processor.py:840} INFO - DAG(s) 'example_branch_labels' retrieved from /home/airflow/.local/lib/python3.12/site-packages/airflow/example_dags/example_branch_labels.py
[2024-04-15T14:35:01.391+0000] {logging_mixin.py:188} INFO - [2024-04-15T14:35:01.390+0000] {dag.py:3096} INFO - Sync 1 DAGs
[2024-04-15T14:35:01.421+0000] {logging_mixin.py:188} INFO - [2024-04-15T14:35:01.421+0000] {dag.py:3954} INFO - Setting next_dagrun for example_branch_labels to 2024-04-14 00:00:00+00:00, run_after=2024-04-15 00:00:00+00:00
[2024-04-15T14:35:01.450+0000] {processor.py:183} INFO - Processing /home/airflow/.local/lib/python3.12/site-packages/airflow/example_dags/example_branch_labels.py took 0.109 seconds
[2024-04-15T14:35:31.555+0000] {processor.py:161} INFO - Started process (PID=840) to work on /home/airflow/.local/lib/python3.12/site-packages/airflow/example_dags/example_branch_labels.py
[2024-04-15T14:35:31.557+0000] {processor.py:830} INFO - Processing file /home/airflow/.local/lib/python3.12/site-packages/airflow/example_dags/example_branch_labels.py for tasks to queue
[2024-04-15T14:35:31.560+0000] {logging_mixin.py:188} INFO - [2024-04-15T14:35:31.559+0000] {dagbag.py:540} INFO - Filling up the DagBag from /home/airflow/.local/lib/python3.12/site-packages/airflow/example_dags/example_branch_labels.py
[2024-04-15T14:35:31.571+0000] {processor.py:840} INFO - DAG(s) 'example_branch_labels' retrieved from /home/airflow/.local/lib/python3.12/site-packages/airflow/example_dags/example_branch_labels.py
[2024-04-15T14:35:31.609+0000] {logging_mixin.py:188} INFO - [2024-04-15T14:35:31.609+0000] {dag.py:3096} INFO - Sync 1 DAGs
[2024-04-15T14:35:31.652+0000] {logging_mixin.py:188} INFO - [2024-04-15T14:35:31.652+0000] {dag.py:3954} INFO - Setting next_dagrun for example_branch_labels to 2024-04-14 00:00:00+00:00, run_after=2024-04-15 00:00:00+00:00
[2024-04-15T14:35:31.700+0000] {processor.py:183} INFO - Processing /home/airflow/.local/lib/python3.12/site-packages/airflow/example_dags/example_branch_labels.py took 0.152 seconds
[2024-04-15T14:36:02.129+0000] {processor.py:161} INFO - Started process (PID=899) to work on /home/airflow/.local/lib/python3.12/site-packages/airflow/example_dags/example_branch_labels.py
[2024-04-15T14:36:02.131+0000] {processor.py:830} INFO - Processing file /home/airflow/.local/lib/python3.12/site-packages/airflow/example_dags/example_branch_labels.py for tasks to queue
[2024-04-15T14:36:02.134+0000] {logging_mixin.py:188} INFO - [2024-04-15T14:36:02.133+0000] {dagbag.py:540} INFO - Filling up the DagBag from /home/airflow/.local/lib/python3.12/site-packages/airflow/example_dags/example_branch_labels.py
[2024-04-15T14:36:02.147+0000] {processor.py:840} INFO - DAG(s) 'example_branch_labels' retrieved from /home/airflow/.local/lib/python3.12/site-packages/airflow/example_dags/example_branch_labels.py
[2024-04-15T14:36:02.175+0000] {logging_mixin.py:188} INFO - [2024-04-15T14:36:02.175+0000] {dag.py:3096} INFO - Sync 1 DAGs
[2024-04-15T14:36:02.206+0000] {logging_mixin.py:188} INFO - [2024-04-15T14:36:02.206+0000] {dag.py:3954} INFO - Setting next_dagrun for example_branch_labels to 2024-04-14 00:00:00+00:00, run_after=2024-04-15 00:00:00+00:00
[2024-04-15T14:36:02.233+0000] {processor.py:183} INFO - Processing /home/airflow/.local/lib/python3.12/site-packages/airflow/example_dags/example_branch_labels.py took 0.114 seconds
[2024-04-15T14:36:32.608+0000] {processor.py:161} INFO - Started process (PID=958) to work on /home/airflow/.local/lib/python3.12/site-packages/airflow/example_dags/example_branch_labels.py
[2024-04-15T14:36:32.610+0000] {processor.py:830} INFO - Processing file /home/airflow/.local/lib/python3.12/site-packages/airflow/example_dags/example_branch_labels.py for tasks to queue
[2024-04-15T14:36:32.613+0000] {logging_mixin.py:188} INFO - [2024-04-15T14:36:32.613+0000] {dagbag.py:540} INFO - Filling up the DagBag from /home/airflow/.local/lib/python3.12/site-packages/airflow/example_dags/example_branch_labels.py
[2024-04-15T14:36:32.626+0000] {processor.py:840} INFO - DAG(s) 'example_branch_labels' retrieved from /home/airflow/.local/lib/python3.12/site-packages/airflow/example_dags/example_branch_labels.py
[2024-04-15T14:36:32.664+0000] {logging_mixin.py:188} INFO - [2024-04-15T14:36:32.663+0000] {dag.py:3096} INFO - Sync 1 DAGs
[2024-04-15T14:36:32.716+0000] {logging_mixin.py:188} INFO - [2024-04-15T14:36:32.716+0000] {dag.py:3954} INFO - Setting next_dagrun for example_branch_labels to 2024-04-14 00:00:00+00:00, run_after=2024-04-15 00:00:00+00:00
[2024-04-15T14:36:32.746+0000] {processor.py:183} INFO - Processing /home/airflow/.local/lib/python3.12/site-packages/airflow/example_dags/example_branch_labels.py took 0.145 seconds
[2024-04-15T14:37:02.966+0000] {processor.py:161} INFO - Started process (PID=1017) to work on /home/airflow/.local/lib/python3.12/site-packages/airflow/example_dags/example_branch_labels.py
[2024-04-15T14:37:02.968+0000] {processor.py:830} INFO - Processing file /home/airflow/.local/lib/python3.12/site-packages/airflow/example_dags/example_branch_labels.py for tasks to queue
[2024-04-15T14:37:02.971+0000] {logging_mixin.py:188} INFO - [2024-04-15T14:37:02.971+0000] {dagbag.py:540} INFO - Filling up the DagBag from /home/airflow/.local/lib/python3.12/site-packages/airflow/example_dags/example_branch_labels.py
[2024-04-15T14:37:03.006+0000] {processor.py:840} INFO - DAG(s) 'example_branch_labels' retrieved from /home/airflow/.local/lib/python3.12/site-packages/airflow/example_dags/example_branch_labels.py
[2024-04-15T14:37:03.061+0000] {logging_mixin.py:188} INFO - [2024-04-15T14:37:03.061+0000] {dag.py:3096} INFO - Sync 1 DAGs
[2024-04-15T14:37:03.100+0000] {logging_mixin.py:188} INFO - [2024-04-15T14:37:03.100+0000] {dag.py:3954} INFO - Setting next_dagrun for example_branch_labels to 2024-04-14 00:00:00+00:00, run_after=2024-04-15 00:00:00+00:00
[2024-04-15T14:37:03.133+0000] {processor.py:183} INFO - Processing /home/airflow/.local/lib/python3.12/site-packages/airflow/example_dags/example_branch_labels.py took 0.176 seconds
[2024-04-15T14:37:33.912+0000] {processor.py:161} INFO - Started process (PID=1076) to work on /home/airflow/.local/lib/python3.12/site-packages/airflow/example_dags/example_branch_labels.py
[2024-04-15T14:37:33.914+0000] {processor.py:830} INFO - Processing file /home/airflow/.local/lib/python3.12/site-packages/airflow/example_dags/example_branch_labels.py for tasks to queue
[2024-04-15T14:37:33.920+0000] {logging_mixin.py:188} INFO - [2024-04-15T14:37:33.919+0000] {dagbag.py:540} INFO - Filling up the DagBag from /home/airflow/.local/lib/python3.12/site-packages/airflow/example_dags/example_branch_labels.py
[2024-04-15T14:37:33.941+0000] {processor.py:840} INFO - DAG(s) 'example_branch_labels' retrieved from /home/airflow/.local/lib/python3.12/site-packages/airflow/example_dags/example_branch_labels.py
[2024-04-15T14:37:34.003+0000] {logging_mixin.py:188} INFO - [2024-04-15T14:37:34.003+0000] {dag.py:3096} INFO - Sync 1 DAGs
[2024-04-15T14:37:34.065+0000] {logging_mixin.py:188} INFO - [2024-04-15T14:37:34.065+0000] {dag.py:3954} INFO - Setting next_dagrun for example_branch_labels to 2024-04-14 00:00:00+00:00, run_after=2024-04-15 00:00:00+00:00
[2024-04-15T14:37:34.132+0000] {processor.py:183} INFO - Processing /home/airflow/.local/lib/python3.12/site-packages/airflow/example_dags/example_branch_labels.py took 0.233 seconds
[2024-04-15T14:38:04.776+0000] {processor.py:161} INFO - Started process (PID=1135) to work on /home/airflow/.local/lib/python3.12/site-packages/airflow/example_dags/example_branch_labels.py
[2024-04-15T14:38:04.777+0000] {processor.py:830} INFO - Processing file /home/airflow/.local/lib/python3.12/site-packages/airflow/example_dags/example_branch_labels.py for tasks to queue
[2024-04-15T14:38:04.781+0000] {logging_mixin.py:188} INFO - [2024-04-15T14:38:04.780+0000] {dagbag.py:540} INFO - Filling up the DagBag from /home/airflow/.local/lib/python3.12/site-packages/airflow/example_dags/example_branch_labels.py
[2024-04-15T14:38:04.800+0000] {processor.py:840} INFO - DAG(s) 'example_branch_labels' retrieved from /home/airflow/.local/lib/python3.12/site-packages/airflow/example_dags/example_branch_labels.py
[2024-04-15T14:38:04.863+0000] {logging_mixin.py:188} INFO - [2024-04-15T14:38:04.862+0000] {dag.py:3096} INFO - Sync 1 DAGs
[2024-04-15T14:38:05.228+0000] {logging_mixin.py:188} INFO - [2024-04-15T14:38:05.227+0000] {dag.py:3954} INFO - Setting next_dagrun for example_branch_labels to 2024-04-14 00:00:00+00:00, run_after=2024-04-15 00:00:00+00:00
[2024-04-15T14:38:05.263+0000] {processor.py:183} INFO - Processing /home/airflow/.local/lib/python3.12/site-packages/airflow/example_dags/example_branch_labels.py took 0.497 seconds
