[2024-04-15T14:28:49.468+0000] {processor.py:161} INFO - Started process (PID=88) to work on /home/airflow/.local/lib/python3.12/site-packages/airflow/example_dags/example_short_circuit_operator.py
[2024-04-15T14:28:49.470+0000] {processor.py:830} INFO - Processing file /home/airflow/.local/lib/python3.12/site-packages/airflow/example_dags/example_short_circuit_operator.py for tasks to queue
[2024-04-15T14:28:49.473+0000] {logging_mixin.py:188} INFO - [2024-04-15T14:28:49.473+0000] {dagbag.py:540} INFO - Filling up the DagBag from /home/airflow/.local/lib/python3.12/site-packages/airflow/example_dags/example_short_circuit_operator.py
[2024-04-15T14:28:49.492+0000] {processor.py:840} INFO - DAG(s) 'example_short_circuit_operator' retrieved from /home/airflow/.local/lib/python3.12/site-packages/airflow/example_dags/example_short_circuit_operator.py
[2024-04-15T14:28:49.557+0000] {logging_mixin.py:188} INFO - [2024-04-15T14:28:49.556+0000] {dag.py:3096} INFO - Sync 1 DAGs
[2024-04-15T14:28:49.608+0000] {logging_mixin.py:188} INFO - [2024-04-15T14:28:49.607+0000] {dag.py:3954} INFO - Setting next_dagrun for example_short_circuit_operator to 2024-04-14 00:00:00+00:00, run_after=2024-04-15 00:00:00+00:00
[2024-04-15T14:28:49.648+0000] {processor.py:183} INFO - Processing /home/airflow/.local/lib/python3.12/site-packages/airflow/example_dags/example_short_circuit_operator.py took 0.201 seconds
[2024-04-15T14:29:19.851+0000] {processor.py:161} INFO - Started process (PID=147) to work on /home/airflow/.local/lib/python3.12/site-packages/airflow/example_dags/example_short_circuit_operator.py
[2024-04-15T14:29:19.852+0000] {processor.py:830} INFO - Processing file /home/airflow/.local/lib/python3.12/site-packages/airflow/example_dags/example_short_circuit_operator.py for tasks to queue
[2024-04-15T14:29:19.854+0000] {logging_mixin.py:188} INFO - [2024-04-15T14:29:19.854+0000] {dagbag.py:540} INFO - Filling up the DagBag from /home/airflow/.local/lib/python3.12/site-packages/airflow/example_dags/example_short_circuit_operator.py
[2024-04-15T14:29:19.881+0000] {processor.py:840} INFO - DAG(s) 'example_short_circuit_operator' retrieved from /home/airflow/.local/lib/python3.12/site-packages/airflow/example_dags/example_short_circuit_operator.py
[2024-04-15T14:29:19.931+0000] {logging_mixin.py:188} INFO - [2024-04-15T14:29:19.930+0000] {dag.py:3096} INFO - Sync 1 DAGs
[2024-04-15T14:29:19.974+0000] {logging_mixin.py:188} INFO - [2024-04-15T14:29:19.973+0000] {dag.py:3954} INFO - Setting next_dagrun for example_short_circuit_operator to 2024-04-14 00:00:00+00:00, run_after=2024-04-15 00:00:00+00:00
[2024-04-15T14:29:20.004+0000] {processor.py:183} INFO - Processing /home/airflow/.local/lib/python3.12/site-packages/airflow/example_dags/example_short_circuit_operator.py took 0.163 seconds
[2024-04-15T14:29:50.522+0000] {processor.py:161} INFO - Started process (PID=206) to work on /home/airflow/.local/lib/python3.12/site-packages/airflow/example_dags/example_short_circuit_operator.py
[2024-04-15T14:29:50.525+0000] {processor.py:830} INFO - Processing file /home/airflow/.local/lib/python3.12/site-packages/airflow/example_dags/example_short_circuit_operator.py for tasks to queue
[2024-04-15T14:29:50.530+0000] {logging_mixin.py:188} INFO - [2024-04-15T14:29:50.529+0000] {dagbag.py:540} INFO - Filling up the DagBag from /home/airflow/.local/lib/python3.12/site-packages/airflow/example_dags/example_short_circuit_operator.py
[2024-04-15T14:29:50.545+0000] {processor.py:840} INFO - DAG(s) 'example_short_circuit_operator' retrieved from /home/airflow/.local/lib/python3.12/site-packages/airflow/example_dags/example_short_circuit_operator.py
[2024-04-15T14:29:50.598+0000] {logging_mixin.py:188} INFO - [2024-04-15T14:29:50.597+0000] {dag.py:3096} INFO - Sync 1 DAGs
[2024-04-15T14:29:50.669+0000] {logging_mixin.py:188} INFO - [2024-04-15T14:29:50.669+0000] {dag.py:3954} INFO - Setting next_dagrun for example_short_circuit_operator to 2024-04-14 00:00:00+00:00, run_after=2024-04-15 00:00:00+00:00
[2024-04-15T14:29:50.706+0000] {processor.py:183} INFO - Processing /home/airflow/.local/lib/python3.12/site-packages/airflow/example_dags/example_short_circuit_operator.py took 0.196 seconds
[2024-04-15T14:30:29.811+0000] {processor.py:161} INFO - Started process (PID=265) to work on /home/airflow/.local/lib/python3.12/site-packages/airflow/example_dags/example_short_circuit_operator.py
[2024-04-15T14:30:29.896+0000] {processor.py:830} INFO - Processing file /home/airflow/.local/lib/python3.12/site-packages/airflow/example_dags/example_short_circuit_operator.py for tasks to queue
[2024-04-15T14:30:29.972+0000] {logging_mixin.py:188} INFO - [2024-04-15T14:30:29.967+0000] {dagbag.py:540} INFO - Filling up the DagBag from /home/airflow/.local/lib/python3.12/site-packages/airflow/example_dags/example_short_circuit_operator.py
[2024-04-15T14:30:30.065+0000] {processor.py:840} INFO - DAG(s) 'example_short_circuit_operator' retrieved from /home/airflow/.local/lib/python3.12/site-packages/airflow/example_dags/example_short_circuit_operator.py
[2024-04-15T14:30:30.246+0000] {logging_mixin.py:188} INFO - [2024-04-15T14:30:30.245+0000] {dag.py:3096} INFO - Sync 1 DAGs
[2024-04-15T14:30:30.460+0000] {logging_mixin.py:188} INFO - [2024-04-15T14:30:30.460+0000] {dag.py:3954} INFO - Setting next_dagrun for example_short_circuit_operator to 2024-04-14 00:00:00+00:00, run_after=2024-04-15 00:00:00+00:00
[2024-04-15T14:30:30.628+0000] {processor.py:183} INFO - Processing /home/airflow/.local/lib/python3.12/site-packages/airflow/example_dags/example_short_circuit_operator.py took 0.889 seconds
[2024-04-15T14:31:00.869+0000] {processor.py:161} INFO - Started process (PID=324) to work on /home/airflow/.local/lib/python3.12/site-packages/airflow/example_dags/example_short_circuit_operator.py
[2024-04-15T14:31:00.870+0000] {processor.py:830} INFO - Processing file /home/airflow/.local/lib/python3.12/site-packages/airflow/example_dags/example_short_circuit_operator.py for tasks to queue
[2024-04-15T14:31:00.874+0000] {logging_mixin.py:188} INFO - [2024-04-15T14:31:00.873+0000] {dagbag.py:540} INFO - Filling up the DagBag from /home/airflow/.local/lib/python3.12/site-packages/airflow/example_dags/example_short_circuit_operator.py
[2024-04-15T14:31:00.891+0000] {processor.py:840} INFO - DAG(s) 'example_short_circuit_operator' retrieved from /home/airflow/.local/lib/python3.12/site-packages/airflow/example_dags/example_short_circuit_operator.py
[2024-04-15T14:31:00.971+0000] {logging_mixin.py:188} INFO - [2024-04-15T14:31:00.970+0000] {dag.py:3096} INFO - Sync 1 DAGs
[2024-04-15T14:31:01.043+0000] {logging_mixin.py:188} INFO - [2024-04-15T14:31:01.042+0000] {dag.py:3954} INFO - Setting next_dagrun for example_short_circuit_operator to 2024-04-14 00:00:00+00:00, run_after=2024-04-15 00:00:00+00:00
[2024-04-15T14:31:01.086+0000] {processor.py:183} INFO - Processing /home/airflow/.local/lib/python3.12/site-packages/airflow/example_dags/example_short_circuit_operator.py took 0.228 seconds
[2024-04-15T14:31:31.342+0000] {processor.py:161} INFO - Started process (PID=382) to work on /home/airflow/.local/lib/python3.12/site-packages/airflow/example_dags/example_short_circuit_operator.py
[2024-04-15T14:31:31.345+0000] {processor.py:830} INFO - Processing file /home/airflow/.local/lib/python3.12/site-packages/airflow/example_dags/example_short_circuit_operator.py for tasks to queue
[2024-04-15T14:31:31.356+0000] {logging_mixin.py:188} INFO - [2024-04-15T14:31:31.355+0000] {dagbag.py:540} INFO - Filling up the DagBag from /home/airflow/.local/lib/python3.12/site-packages/airflow/example_dags/example_short_circuit_operator.py
[2024-04-15T14:31:31.394+0000] {processor.py:840} INFO - DAG(s) 'example_short_circuit_operator' retrieved from /home/airflow/.local/lib/python3.12/site-packages/airflow/example_dags/example_short_circuit_operator.py
[2024-04-15T14:31:31.519+0000] {logging_mixin.py:188} INFO - [2024-04-15T14:31:31.518+0000] {dag.py:3096} INFO - Sync 1 DAGs
[2024-04-15T14:31:31.636+0000] {logging_mixin.py:188} INFO - [2024-04-15T14:31:31.635+0000] {dag.py:3954} INFO - Setting next_dagrun for example_short_circuit_operator to 2024-04-14 00:00:00+00:00, run_after=2024-04-15 00:00:00+00:00
[2024-04-15T14:31:31.727+0000] {processor.py:183} INFO - Processing /home/airflow/.local/lib/python3.12/site-packages/airflow/example_dags/example_short_circuit_operator.py took 0.411 seconds
[2024-04-15T14:32:01.890+0000] {processor.py:161} INFO - Started process (PID=442) to work on /home/airflow/.local/lib/python3.12/site-packages/airflow/example_dags/example_short_circuit_operator.py
[2024-04-15T14:32:01.891+0000] {processor.py:830} INFO - Processing file /home/airflow/.local/lib/python3.12/site-packages/airflow/example_dags/example_short_circuit_operator.py for tasks to queue
[2024-04-15T14:32:01.894+0000] {logging_mixin.py:188} INFO - [2024-04-15T14:32:01.894+0000] {dagbag.py:540} INFO - Filling up the DagBag from /home/airflow/.local/lib/python3.12/site-packages/airflow/example_dags/example_short_circuit_operator.py
[2024-04-15T14:32:01.907+0000] {processor.py:840} INFO - DAG(s) 'example_short_circuit_operator' retrieved from /home/airflow/.local/lib/python3.12/site-packages/airflow/example_dags/example_short_circuit_operator.py
[2024-04-15T14:32:01.943+0000] {logging_mixin.py:188} INFO - [2024-04-15T14:32:01.943+0000] {dag.py:3096} INFO - Sync 1 DAGs
[2024-04-15T14:32:02.008+0000] {logging_mixin.py:188} INFO - [2024-04-15T14:32:02.008+0000] {dag.py:3954} INFO - Setting next_dagrun for example_short_circuit_operator to 2024-04-14 00:00:00+00:00, run_after=2024-04-15 00:00:00+00:00
[2024-04-15T14:32:02.033+0000] {processor.py:183} INFO - Processing /home/airflow/.local/lib/python3.12/site-packages/airflow/example_dags/example_short_circuit_operator.py took 0.154 seconds
[2024-04-15T14:32:32.872+0000] {processor.py:161} INFO - Started process (PID=500) to work on /home/airflow/.local/lib/python3.12/site-packages/airflow/example_dags/example_short_circuit_operator.py
[2024-04-15T14:32:32.874+0000] {processor.py:830} INFO - Processing file /home/airflow/.local/lib/python3.12/site-packages/airflow/example_dags/example_short_circuit_operator.py for tasks to queue
[2024-04-15T14:32:32.876+0000] {logging_mixin.py:188} INFO - [2024-04-15T14:32:32.876+0000] {dagbag.py:540} INFO - Filling up the DagBag from /home/airflow/.local/lib/python3.12/site-packages/airflow/example_dags/example_short_circuit_operator.py
[2024-04-15T14:32:32.892+0000] {processor.py:840} INFO - DAG(s) 'example_short_circuit_operator' retrieved from /home/airflow/.local/lib/python3.12/site-packages/airflow/example_dags/example_short_circuit_operator.py
[2024-04-15T14:32:32.938+0000] {logging_mixin.py:188} INFO - [2024-04-15T14:32:32.937+0000] {dag.py:3096} INFO - Sync 1 DAGs
[2024-04-15T14:32:32.978+0000] {logging_mixin.py:188} INFO - [2024-04-15T14:32:32.978+0000] {dag.py:3954} INFO - Setting next_dagrun for example_short_circuit_operator to 2024-04-14 00:00:00+00:00, run_after=2024-04-15 00:00:00+00:00
[2024-04-15T14:32:33.020+0000] {processor.py:183} INFO - Processing /home/airflow/.local/lib/python3.12/site-packages/airflow/example_dags/example_short_circuit_operator.py took 0.160 seconds
[2024-04-15T14:33:03.370+0000] {processor.py:161} INFO - Started process (PID=558) to work on /home/airflow/.local/lib/python3.12/site-packages/airflow/example_dags/example_short_circuit_operator.py
[2024-04-15T14:33:03.371+0000] {processor.py:830} INFO - Processing file /home/airflow/.local/lib/python3.12/site-packages/airflow/example_dags/example_short_circuit_operator.py for tasks to queue
[2024-04-15T14:33:03.374+0000] {logging_mixin.py:188} INFO - [2024-04-15T14:33:03.373+0000] {dagbag.py:540} INFO - Filling up the DagBag from /home/airflow/.local/lib/python3.12/site-packages/airflow/example_dags/example_short_circuit_operator.py
[2024-04-15T14:33:03.386+0000] {processor.py:840} INFO - DAG(s) 'example_short_circuit_operator' retrieved from /home/airflow/.local/lib/python3.12/site-packages/airflow/example_dags/example_short_circuit_operator.py
[2024-04-15T14:33:03.421+0000] {logging_mixin.py:188} INFO - [2024-04-15T14:33:03.421+0000] {dag.py:3096} INFO - Sync 1 DAGs
[2024-04-15T14:33:03.449+0000] {logging_mixin.py:188} INFO - [2024-04-15T14:33:03.448+0000] {dag.py:3954} INFO - Setting next_dagrun for example_short_circuit_operator to 2024-04-14 00:00:00+00:00, run_after=2024-04-15 00:00:00+00:00
[2024-04-15T14:33:03.476+0000] {processor.py:183} INFO - Processing /home/airflow/.local/lib/python3.12/site-packages/airflow/example_dags/example_short_circuit_operator.py took 0.115 seconds
[2024-04-15T14:33:33.702+0000] {processor.py:161} INFO - Started process (PID=617) to work on /home/airflow/.local/lib/python3.12/site-packages/airflow/example_dags/example_short_circuit_operator.py
[2024-04-15T14:33:33.704+0000] {processor.py:830} INFO - Processing file /home/airflow/.local/lib/python3.12/site-packages/airflow/example_dags/example_short_circuit_operator.py for tasks to queue
[2024-04-15T14:33:33.709+0000] {logging_mixin.py:188} INFO - [2024-04-15T14:33:33.708+0000] {dagbag.py:540} INFO - Filling up the DagBag from /home/airflow/.local/lib/python3.12/site-packages/airflow/example_dags/example_short_circuit_operator.py
[2024-04-15T14:33:33.724+0000] {processor.py:840} INFO - DAG(s) 'example_short_circuit_operator' retrieved from /home/airflow/.local/lib/python3.12/site-packages/airflow/example_dags/example_short_circuit_operator.py
[2024-04-15T14:33:33.773+0000] {logging_mixin.py:188} INFO - [2024-04-15T14:33:33.773+0000] {dag.py:3096} INFO - Sync 1 DAGs
[2024-04-15T14:33:33.817+0000] {logging_mixin.py:188} INFO - [2024-04-15T14:33:33.817+0000] {dag.py:3954} INFO - Setting next_dagrun for example_short_circuit_operator to 2024-04-14 00:00:00+00:00, run_after=2024-04-15 00:00:00+00:00
[2024-04-15T14:33:33.869+0000] {processor.py:183} INFO - Processing /home/airflow/.local/lib/python3.12/site-packages/airflow/example_dags/example_short_circuit_operator.py took 0.181 seconds
[2024-04-15T14:34:04.216+0000] {processor.py:161} INFO - Started process (PID=676) to work on /home/airflow/.local/lib/python3.12/site-packages/airflow/example_dags/example_short_circuit_operator.py
[2024-04-15T14:34:04.218+0000] {processor.py:830} INFO - Processing file /home/airflow/.local/lib/python3.12/site-packages/airflow/example_dags/example_short_circuit_operator.py for tasks to queue
[2024-04-15T14:34:04.221+0000] {logging_mixin.py:188} INFO - [2024-04-15T14:34:04.221+0000] {dagbag.py:540} INFO - Filling up the DagBag from /home/airflow/.local/lib/python3.12/site-packages/airflow/example_dags/example_short_circuit_operator.py
[2024-04-15T14:34:04.231+0000] {processor.py:840} INFO - DAG(s) 'example_short_circuit_operator' retrieved from /home/airflow/.local/lib/python3.12/site-packages/airflow/example_dags/example_short_circuit_operator.py
[2024-04-15T14:34:04.269+0000] {logging_mixin.py:188} INFO - [2024-04-15T14:34:04.269+0000] {dag.py:3096} INFO - Sync 1 DAGs
[2024-04-15T14:34:04.298+0000] {logging_mixin.py:188} INFO - [2024-04-15T14:34:04.298+0000] {dag.py:3954} INFO - Setting next_dagrun for example_short_circuit_operator to 2024-04-14 00:00:00+00:00, run_after=2024-04-15 00:00:00+00:00
[2024-04-15T14:34:04.328+0000] {processor.py:183} INFO - Processing /home/airflow/.local/lib/python3.12/site-packages/airflow/example_dags/example_short_circuit_operator.py took 0.121 seconds
[2024-04-15T14:34:34.677+0000] {processor.py:161} INFO - Started process (PID=735) to work on /home/airflow/.local/lib/python3.12/site-packages/airflow/example_dags/example_short_circuit_operator.py
[2024-04-15T14:34:34.678+0000] {processor.py:830} INFO - Processing file /home/airflow/.local/lib/python3.12/site-packages/airflow/example_dags/example_short_circuit_operator.py for tasks to queue
[2024-04-15T14:34:34.681+0000] {logging_mixin.py:188} INFO - [2024-04-15T14:34:34.681+0000] {dagbag.py:540} INFO - Filling up the DagBag from /home/airflow/.local/lib/python3.12/site-packages/airflow/example_dags/example_short_circuit_operator.py
[2024-04-15T14:34:34.698+0000] {processor.py:840} INFO - DAG(s) 'example_short_circuit_operator' retrieved from /home/airflow/.local/lib/python3.12/site-packages/airflow/example_dags/example_short_circuit_operator.py
[2024-04-15T14:34:34.772+0000] {logging_mixin.py:188} INFO - [2024-04-15T14:34:34.771+0000] {dag.py:3096} INFO - Sync 1 DAGs
[2024-04-15T14:34:34.880+0000] {logging_mixin.py:188} INFO - [2024-04-15T14:34:34.880+0000] {dag.py:3954} INFO - Setting next_dagrun for example_short_circuit_operator to 2024-04-14 00:00:00+00:00, run_after=2024-04-15 00:00:00+00:00
[2024-04-15T14:34:35.041+0000] {processor.py:183} INFO - Processing /home/airflow/.local/lib/python3.12/site-packages/airflow/example_dags/example_short_circuit_operator.py took 0.381 seconds
[2024-04-15T14:35:06.035+0000] {processor.py:161} INFO - Started process (PID=795) to work on /home/airflow/.local/lib/python3.12/site-packages/airflow/example_dags/example_short_circuit_operator.py
[2024-04-15T14:35:06.036+0000] {processor.py:830} INFO - Processing file /home/airflow/.local/lib/python3.12/site-packages/airflow/example_dags/example_short_circuit_operator.py for tasks to queue
[2024-04-15T14:35:06.039+0000] {logging_mixin.py:188} INFO - [2024-04-15T14:35:06.039+0000] {dagbag.py:540} INFO - Filling up the DagBag from /home/airflow/.local/lib/python3.12/site-packages/airflow/example_dags/example_short_circuit_operator.py
[2024-04-15T14:35:06.048+0000] {processor.py:840} INFO - DAG(s) 'example_short_circuit_operator' retrieved from /home/airflow/.local/lib/python3.12/site-packages/airflow/example_dags/example_short_circuit_operator.py
[2024-04-15T14:35:06.084+0000] {logging_mixin.py:188} INFO - [2024-04-15T14:35:06.084+0000] {dag.py:3096} INFO - Sync 1 DAGs
[2024-04-15T14:35:06.120+0000] {logging_mixin.py:188} INFO - [2024-04-15T14:35:06.119+0000] {dag.py:3954} INFO - Setting next_dagrun for example_short_circuit_operator to 2024-04-14 00:00:00+00:00, run_after=2024-04-15 00:00:00+00:00
[2024-04-15T14:35:06.153+0000] {processor.py:183} INFO - Processing /home/airflow/.local/lib/python3.12/site-packages/airflow/example_dags/example_short_circuit_operator.py took 0.126 seconds
[2024-04-15T14:35:36.913+0000] {processor.py:161} INFO - Started process (PID=854) to work on /home/airflow/.local/lib/python3.12/site-packages/airflow/example_dags/example_short_circuit_operator.py
[2024-04-15T14:35:36.915+0000] {processor.py:830} INFO - Processing file /home/airflow/.local/lib/python3.12/site-packages/airflow/example_dags/example_short_circuit_operator.py for tasks to queue
[2024-04-15T14:35:36.917+0000] {logging_mixin.py:188} INFO - [2024-04-15T14:35:36.917+0000] {dagbag.py:540} INFO - Filling up the DagBag from /home/airflow/.local/lib/python3.12/site-packages/airflow/example_dags/example_short_circuit_operator.py
[2024-04-15T14:35:36.928+0000] {processor.py:840} INFO - DAG(s) 'example_short_circuit_operator' retrieved from /home/airflow/.local/lib/python3.12/site-packages/airflow/example_dags/example_short_circuit_operator.py
[2024-04-15T14:35:36.972+0000] {logging_mixin.py:188} INFO - [2024-04-15T14:35:36.971+0000] {dag.py:3096} INFO - Sync 1 DAGs
[2024-04-15T14:35:37.012+0000] {logging_mixin.py:188} INFO - [2024-04-15T14:35:37.012+0000] {dag.py:3954} INFO - Setting next_dagrun for example_short_circuit_operator to 2024-04-14 00:00:00+00:00, run_after=2024-04-15 00:00:00+00:00
[2024-04-15T14:35:37.213+0000] {processor.py:183} INFO - Processing /home/airflow/.local/lib/python3.12/site-packages/airflow/example_dags/example_short_circuit_operator.py took 0.309 seconds
[2024-04-15T14:36:08.072+0000] {processor.py:161} INFO - Started process (PID=913) to work on /home/airflow/.local/lib/python3.12/site-packages/airflow/example_dags/example_short_circuit_operator.py
[2024-04-15T14:36:08.073+0000] {processor.py:830} INFO - Processing file /home/airflow/.local/lib/python3.12/site-packages/airflow/example_dags/example_short_circuit_operator.py for tasks to queue
[2024-04-15T14:36:08.076+0000] {logging_mixin.py:188} INFO - [2024-04-15T14:36:08.075+0000] {dagbag.py:540} INFO - Filling up the DagBag from /home/airflow/.local/lib/python3.12/site-packages/airflow/example_dags/example_short_circuit_operator.py
[2024-04-15T14:36:08.085+0000] {processor.py:840} INFO - DAG(s) 'example_short_circuit_operator' retrieved from /home/airflow/.local/lib/python3.12/site-packages/airflow/example_dags/example_short_circuit_operator.py
[2024-04-15T14:36:08.126+0000] {logging_mixin.py:188} INFO - [2024-04-15T14:36:08.126+0000] {dag.py:3096} INFO - Sync 1 DAGs
[2024-04-15T14:36:08.162+0000] {logging_mixin.py:188} INFO - [2024-04-15T14:36:08.162+0000] {dag.py:3954} INFO - Setting next_dagrun for example_short_circuit_operator to 2024-04-14 00:00:00+00:00, run_after=2024-04-15 00:00:00+00:00
[2024-04-15T14:36:08.202+0000] {processor.py:183} INFO - Processing /home/airflow/.local/lib/python3.12/site-packages/airflow/example_dags/example_short_circuit_operator.py took 0.137 seconds
[2024-04-15T14:36:38.328+0000] {processor.py:161} INFO - Started process (PID=972) to work on /home/airflow/.local/lib/python3.12/site-packages/airflow/example_dags/example_short_circuit_operator.py
[2024-04-15T14:36:38.330+0000] {processor.py:830} INFO - Processing file /home/airflow/.local/lib/python3.12/site-packages/airflow/example_dags/example_short_circuit_operator.py for tasks to queue
[2024-04-15T14:36:38.334+0000] {logging_mixin.py:188} INFO - [2024-04-15T14:36:38.334+0000] {dagbag.py:540} INFO - Filling up the DagBag from /home/airflow/.local/lib/python3.12/site-packages/airflow/example_dags/example_short_circuit_operator.py
[2024-04-15T14:36:38.350+0000] {processor.py:840} INFO - DAG(s) 'example_short_circuit_operator' retrieved from /home/airflow/.local/lib/python3.12/site-packages/airflow/example_dags/example_short_circuit_operator.py
[2024-04-15T14:36:38.395+0000] {logging_mixin.py:188} INFO - [2024-04-15T14:36:38.395+0000] {dag.py:3096} INFO - Sync 1 DAGs
[2024-04-15T14:36:38.425+0000] {logging_mixin.py:188} INFO - [2024-04-15T14:36:38.425+0000] {dag.py:3954} INFO - Setting next_dagrun for example_short_circuit_operator to 2024-04-14 00:00:00+00:00, run_after=2024-04-15 00:00:00+00:00
[2024-04-15T14:36:38.457+0000] {processor.py:183} INFO - Processing /home/airflow/.local/lib/python3.12/site-packages/airflow/example_dags/example_short_circuit_operator.py took 0.141 seconds
[2024-04-15T14:37:09.393+0000] {processor.py:161} INFO - Started process (PID=1031) to work on /home/airflow/.local/lib/python3.12/site-packages/airflow/example_dags/example_short_circuit_operator.py
[2024-04-15T14:37:09.395+0000] {processor.py:830} INFO - Processing file /home/airflow/.local/lib/python3.12/site-packages/airflow/example_dags/example_short_circuit_operator.py for tasks to queue
[2024-04-15T14:37:09.398+0000] {logging_mixin.py:188} INFO - [2024-04-15T14:37:09.397+0000] {dagbag.py:540} INFO - Filling up the DagBag from /home/airflow/.local/lib/python3.12/site-packages/airflow/example_dags/example_short_circuit_operator.py
[2024-04-15T14:37:09.411+0000] {processor.py:840} INFO - DAG(s) 'example_short_circuit_operator' retrieved from /home/airflow/.local/lib/python3.12/site-packages/airflow/example_dags/example_short_circuit_operator.py
[2024-04-15T14:37:09.449+0000] {logging_mixin.py:188} INFO - [2024-04-15T14:37:09.448+0000] {dag.py:3096} INFO - Sync 1 DAGs
[2024-04-15T14:37:09.478+0000] {logging_mixin.py:188} INFO - [2024-04-15T14:37:09.478+0000] {dag.py:3954} INFO - Setting next_dagrun for example_short_circuit_operator to 2024-04-14 00:00:00+00:00, run_after=2024-04-15 00:00:00+00:00
[2024-04-15T14:37:09.512+0000] {processor.py:183} INFO - Processing /home/airflow/.local/lib/python3.12/site-packages/airflow/example_dags/example_short_circuit_operator.py took 0.127 seconds
[2024-04-15T14:37:39.842+0000] {processor.py:161} INFO - Started process (PID=1090) to work on /home/airflow/.local/lib/python3.12/site-packages/airflow/example_dags/example_short_circuit_operator.py
[2024-04-15T14:37:39.844+0000] {processor.py:830} INFO - Processing file /home/airflow/.local/lib/python3.12/site-packages/airflow/example_dags/example_short_circuit_operator.py for tasks to queue
[2024-04-15T14:37:39.846+0000] {logging_mixin.py:188} INFO - [2024-04-15T14:37:39.846+0000] {dagbag.py:540} INFO - Filling up the DagBag from /home/airflow/.local/lib/python3.12/site-packages/airflow/example_dags/example_short_circuit_operator.py
[2024-04-15T14:37:39.861+0000] {processor.py:840} INFO - DAG(s) 'example_short_circuit_operator' retrieved from /home/airflow/.local/lib/python3.12/site-packages/airflow/example_dags/example_short_circuit_operator.py
[2024-04-15T14:37:39.895+0000] {logging_mixin.py:188} INFO - [2024-04-15T14:37:39.895+0000] {dag.py:3096} INFO - Sync 1 DAGs
[2024-04-15T14:37:39.929+0000] {logging_mixin.py:188} INFO - [2024-04-15T14:37:39.929+0000] {dag.py:3954} INFO - Setting next_dagrun for example_short_circuit_operator to 2024-04-14 00:00:00+00:00, run_after=2024-04-15 00:00:00+00:00
[2024-04-15T14:37:39.979+0000] {processor.py:183} INFO - Processing /home/airflow/.local/lib/python3.12/site-packages/airflow/example_dags/example_short_circuit_operator.py took 0.143 seconds
[2024-04-15T14:38:10.802+0000] {processor.py:161} INFO - Started process (PID=1149) to work on /home/airflow/.local/lib/python3.12/site-packages/airflow/example_dags/example_short_circuit_operator.py
[2024-04-15T14:38:10.804+0000] {processor.py:830} INFO - Processing file /home/airflow/.local/lib/python3.12/site-packages/airflow/example_dags/example_short_circuit_operator.py for tasks to queue
[2024-04-15T14:38:10.809+0000] {logging_mixin.py:188} INFO - [2024-04-15T14:38:10.808+0000] {dagbag.py:540} INFO - Filling up the DagBag from /home/airflow/.local/lib/python3.12/site-packages/airflow/example_dags/example_short_circuit_operator.py
[2024-04-15T14:38:10.834+0000] {processor.py:840} INFO - DAG(s) 'example_short_circuit_operator' retrieved from /home/airflow/.local/lib/python3.12/site-packages/airflow/example_dags/example_short_circuit_operator.py
[2024-04-15T14:38:11.078+0000] {logging_mixin.py:188} INFO - [2024-04-15T14:38:11.078+0000] {dag.py:3096} INFO - Sync 1 DAGs
[2024-04-15T14:38:11.118+0000] {logging_mixin.py:188} INFO - [2024-04-15T14:38:11.117+0000] {dag.py:3954} INFO - Setting next_dagrun for example_short_circuit_operator to 2024-04-14 00:00:00+00:00, run_after=2024-04-15 00:00:00+00:00
[2024-04-15T14:38:11.152+0000] {processor.py:183} INFO - Processing /home/airflow/.local/lib/python3.12/site-packages/airflow/example_dags/example_short_circuit_operator.py took 0.360 seconds
