[2024-04-15T14:28:39.324+0000] {processor.py:161} INFO - Started process (PID=45) to work on /home/airflow/.local/lib/python3.12/site-packages/airflow/example_dags/example_short_circuit_decorator.py
[2024-04-15T14:28:39.329+0000] {processor.py:830} INFO - Processing file /home/airflow/.local/lib/python3.12/site-packages/airflow/example_dags/example_short_circuit_decorator.py for tasks to queue
[2024-04-15T14:28:39.347+0000] {logging_mixin.py:188} INFO - [2024-04-15T14:28:39.345+0000] {dagbag.py:540} INFO - Filling up the DagBag from /home/airflow/.local/lib/python3.12/site-packages/airflow/example_dags/example_short_circuit_decorator.py
[2024-04-15T14:28:39.417+0000] {processor.py:840} INFO - DAG(s) 'example_short_circuit_decorator' retrieved from /home/airflow/.local/lib/python3.12/site-packages/airflow/example_dags/example_short_circuit_decorator.py
[2024-04-15T14:28:39.574+0000] {logging_mixin.py:188} INFO - [2024-04-15T14:28:39.574+0000] {dag.py:3096} INFO - Sync 1 DAGs
[2024-04-15T14:28:39.691+0000] {logging_mixin.py:188} INFO - [2024-04-15T14:28:39.690+0000] {dag.py:3954} INFO - Setting next_dagrun for example_short_circuit_decorator to 2024-04-14 00:00:00+00:00, run_after=2024-04-15 00:00:00+00:00
[2024-04-15T14:28:39.839+0000] {processor.py:183} INFO - Processing /home/airflow/.local/lib/python3.12/site-packages/airflow/example_dags/example_short_circuit_decorator.py took 0.536 seconds
[2024-04-15T14:29:10.011+0000] {processor.py:161} INFO - Started process (PID=103) to work on /home/airflow/.local/lib/python3.12/site-packages/airflow/example_dags/example_short_circuit_decorator.py
[2024-04-15T14:29:10.015+0000] {processor.py:830} INFO - Processing file /home/airflow/.local/lib/python3.12/site-packages/airflow/example_dags/example_short_circuit_decorator.py for tasks to queue
[2024-04-15T14:29:10.020+0000] {logging_mixin.py:188} INFO - [2024-04-15T14:29:10.020+0000] {dagbag.py:540} INFO - Filling up the DagBag from /home/airflow/.local/lib/python3.12/site-packages/airflow/example_dags/example_short_circuit_decorator.py
[2024-04-15T14:29:10.068+0000] {processor.py:840} INFO - DAG(s) 'example_short_circuit_decorator' retrieved from /home/airflow/.local/lib/python3.12/site-packages/airflow/example_dags/example_short_circuit_decorator.py
[2024-04-15T14:29:10.166+0000] {logging_mixin.py:188} INFO - [2024-04-15T14:29:10.165+0000] {dag.py:3096} INFO - Sync 1 DAGs
[2024-04-15T14:29:10.255+0000] {logging_mixin.py:188} INFO - [2024-04-15T14:29:10.255+0000] {dag.py:3954} INFO - Setting next_dagrun for example_short_circuit_decorator to 2024-04-14 00:00:00+00:00, run_after=2024-04-15 00:00:00+00:00
[2024-04-15T14:29:10.325+0000] {processor.py:183} INFO - Processing /home/airflow/.local/lib/python3.12/site-packages/airflow/example_dags/example_short_circuit_decorator.py took 0.334 seconds
[2024-04-15T14:29:41.046+0000] {processor.py:161} INFO - Started process (PID=162) to work on /home/airflow/.local/lib/python3.12/site-packages/airflow/example_dags/example_short_circuit_decorator.py
[2024-04-15T14:29:41.048+0000] {processor.py:830} INFO - Processing file /home/airflow/.local/lib/python3.12/site-packages/airflow/example_dags/example_short_circuit_decorator.py for tasks to queue
[2024-04-15T14:29:41.051+0000] {logging_mixin.py:188} INFO - [2024-04-15T14:29:41.051+0000] {dagbag.py:540} INFO - Filling up the DagBag from /home/airflow/.local/lib/python3.12/site-packages/airflow/example_dags/example_short_circuit_decorator.py
[2024-04-15T14:29:41.068+0000] {processor.py:840} INFO - DAG(s) 'example_short_circuit_decorator' retrieved from /home/airflow/.local/lib/python3.12/site-packages/airflow/example_dags/example_short_circuit_decorator.py
[2024-04-15T14:29:41.129+0000] {logging_mixin.py:188} INFO - [2024-04-15T14:29:41.128+0000] {dag.py:3096} INFO - Sync 1 DAGs
[2024-04-15T14:29:41.160+0000] {logging_mixin.py:188} INFO - [2024-04-15T14:29:41.159+0000] {dag.py:3954} INFO - Setting next_dagrun for example_short_circuit_decorator to 2024-04-14 00:00:00+00:00, run_after=2024-04-15 00:00:00+00:00
[2024-04-15T14:29:41.223+0000] {processor.py:183} INFO - Processing /home/airflow/.local/lib/python3.12/site-packages/airflow/example_dags/example_short_circuit_decorator.py took 0.184 seconds
[2024-04-15T14:30:11.745+0000] {processor.py:161} INFO - Started process (PID=221) to work on /home/airflow/.local/lib/python3.12/site-packages/airflow/example_dags/example_short_circuit_decorator.py
[2024-04-15T14:30:11.747+0000] {processor.py:830} INFO - Processing file /home/airflow/.local/lib/python3.12/site-packages/airflow/example_dags/example_short_circuit_decorator.py for tasks to queue
[2024-04-15T14:30:11.749+0000] {logging_mixin.py:188} INFO - [2024-04-15T14:30:11.749+0000] {dagbag.py:540} INFO - Filling up the DagBag from /home/airflow/.local/lib/python3.12/site-packages/airflow/example_dags/example_short_circuit_decorator.py
[2024-04-15T14:30:11.764+0000] {processor.py:840} INFO - DAG(s) 'example_short_circuit_decorator' retrieved from /home/airflow/.local/lib/python3.12/site-packages/airflow/example_dags/example_short_circuit_decorator.py
[2024-04-15T14:30:11.825+0000] {logging_mixin.py:188} INFO - [2024-04-15T14:30:11.824+0000] {dag.py:3096} INFO - Sync 1 DAGs
[2024-04-15T14:30:11.881+0000] {logging_mixin.py:188} INFO - [2024-04-15T14:30:11.880+0000] {dag.py:3954} INFO - Setting next_dagrun for example_short_circuit_decorator to 2024-04-14 00:00:00+00:00, run_after=2024-04-15 00:00:00+00:00
[2024-04-15T14:30:11.939+0000] {processor.py:183} INFO - Processing /home/airflow/.local/lib/python3.12/site-packages/airflow/example_dags/example_short_circuit_decorator.py took 0.203 seconds
[2024-04-15T14:30:42.675+0000] {processor.py:161} INFO - Started process (PID=280) to work on /home/airflow/.local/lib/python3.12/site-packages/airflow/example_dags/example_short_circuit_decorator.py
[2024-04-15T14:30:42.698+0000] {processor.py:830} INFO - Processing file /home/airflow/.local/lib/python3.12/site-packages/airflow/example_dags/example_short_circuit_decorator.py for tasks to queue
[2024-04-15T14:30:42.726+0000] {logging_mixin.py:188} INFO - [2024-04-15T14:30:42.725+0000] {dagbag.py:540} INFO - Filling up the DagBag from /home/airflow/.local/lib/python3.12/site-packages/airflow/example_dags/example_short_circuit_decorator.py
[2024-04-15T14:30:42.786+0000] {processor.py:840} INFO - DAG(s) 'example_short_circuit_decorator' retrieved from /home/airflow/.local/lib/python3.12/site-packages/airflow/example_dags/example_short_circuit_decorator.py
[2024-04-15T14:30:42.930+0000] {logging_mixin.py:188} INFO - [2024-04-15T14:30:42.930+0000] {dag.py:3096} INFO - Sync 1 DAGs
[2024-04-15T14:30:43.080+0000] {logging_mixin.py:188} INFO - [2024-04-15T14:30:43.080+0000] {dag.py:3954} INFO - Setting next_dagrun for example_short_circuit_decorator to 2024-04-14 00:00:00+00:00, run_after=2024-04-15 00:00:00+00:00
[2024-04-15T14:30:43.202+0000] {processor.py:183} INFO - Processing /home/airflow/.local/lib/python3.12/site-packages/airflow/example_dags/example_short_circuit_decorator.py took 0.562 seconds
[2024-04-15T14:31:13.857+0000] {processor.py:161} INFO - Started process (PID=339) to work on /home/airflow/.local/lib/python3.12/site-packages/airflow/example_dags/example_short_circuit_decorator.py
[2024-04-15T14:31:13.859+0000] {processor.py:830} INFO - Processing file /home/airflow/.local/lib/python3.12/site-packages/airflow/example_dags/example_short_circuit_decorator.py for tasks to queue
[2024-04-15T14:31:13.863+0000] {logging_mixin.py:188} INFO - [2024-04-15T14:31:13.862+0000] {dagbag.py:540} INFO - Filling up the DagBag from /home/airflow/.local/lib/python3.12/site-packages/airflow/example_dags/example_short_circuit_decorator.py
[2024-04-15T14:31:13.893+0000] {processor.py:840} INFO - DAG(s) 'example_short_circuit_decorator' retrieved from /home/airflow/.local/lib/python3.12/site-packages/airflow/example_dags/example_short_circuit_decorator.py
[2024-04-15T14:31:13.954+0000] {logging_mixin.py:188} INFO - [2024-04-15T14:31:13.954+0000] {dag.py:3096} INFO - Sync 1 DAGs
[2024-04-15T14:31:14.015+0000] {logging_mixin.py:188} INFO - [2024-04-15T14:31:14.014+0000] {dag.py:3954} INFO - Setting next_dagrun for example_short_circuit_decorator to 2024-04-14 00:00:00+00:00, run_after=2024-04-15 00:00:00+00:00
[2024-04-15T14:31:14.050+0000] {processor.py:183} INFO - Processing /home/airflow/.local/lib/python3.12/site-packages/airflow/example_dags/example_short_circuit_decorator.py took 0.203 seconds
[2024-04-15T14:31:44.873+0000] {processor.py:161} INFO - Started process (PID=404) to work on /home/airflow/.local/lib/python3.12/site-packages/airflow/example_dags/example_short_circuit_decorator.py
[2024-04-15T14:31:44.874+0000] {processor.py:830} INFO - Processing file /home/airflow/.local/lib/python3.12/site-packages/airflow/example_dags/example_short_circuit_decorator.py for tasks to queue
[2024-04-15T14:31:44.878+0000] {logging_mixin.py:188} INFO - [2024-04-15T14:31:44.877+0000] {dagbag.py:540} INFO - Filling up the DagBag from /home/airflow/.local/lib/python3.12/site-packages/airflow/example_dags/example_short_circuit_decorator.py
[2024-04-15T14:31:44.893+0000] {processor.py:840} INFO - DAG(s) 'example_short_circuit_decorator' retrieved from /home/airflow/.local/lib/python3.12/site-packages/airflow/example_dags/example_short_circuit_decorator.py
[2024-04-15T14:31:45.015+0000] {logging_mixin.py:188} INFO - [2024-04-15T14:31:45.014+0000] {dag.py:3096} INFO - Sync 1 DAGs
[2024-04-15T14:31:45.099+0000] {logging_mixin.py:188} INFO - [2024-04-15T14:31:45.098+0000] {dag.py:3954} INFO - Setting next_dagrun for example_short_circuit_decorator to 2024-04-14 00:00:00+00:00, run_after=2024-04-15 00:00:00+00:00
[2024-04-15T14:31:45.145+0000] {processor.py:183} INFO - Processing /home/airflow/.local/lib/python3.12/site-packages/airflow/example_dags/example_short_circuit_decorator.py took 0.282 seconds
[2024-04-15T14:32:15.277+0000] {processor.py:161} INFO - Started process (PID=462) to work on /home/airflow/.local/lib/python3.12/site-packages/airflow/example_dags/example_short_circuit_decorator.py
[2024-04-15T14:32:15.279+0000] {processor.py:830} INFO - Processing file /home/airflow/.local/lib/python3.12/site-packages/airflow/example_dags/example_short_circuit_decorator.py for tasks to queue
[2024-04-15T14:32:15.282+0000] {logging_mixin.py:188} INFO - [2024-04-15T14:32:15.281+0000] {dagbag.py:540} INFO - Filling up the DagBag from /home/airflow/.local/lib/python3.12/site-packages/airflow/example_dags/example_short_circuit_decorator.py
[2024-04-15T14:32:15.324+0000] {processor.py:840} INFO - DAG(s) 'example_short_circuit_decorator' retrieved from /home/airflow/.local/lib/python3.12/site-packages/airflow/example_dags/example_short_circuit_decorator.py
[2024-04-15T14:32:15.373+0000] {logging_mixin.py:188} INFO - [2024-04-15T14:32:15.373+0000] {dag.py:3096} INFO - Sync 1 DAGs
[2024-04-15T14:32:15.422+0000] {logging_mixin.py:188} INFO - [2024-04-15T14:32:15.422+0000] {dag.py:3954} INFO - Setting next_dagrun for example_short_circuit_decorator to 2024-04-14 00:00:00+00:00, run_after=2024-04-15 00:00:00+00:00
[2024-04-15T14:32:15.470+0000] {processor.py:183} INFO - Processing /home/airflow/.local/lib/python3.12/site-packages/airflow/example_dags/example_short_circuit_decorator.py took 0.203 seconds
[2024-04-15T14:32:45.662+0000] {processor.py:161} INFO - Started process (PID=520) to work on /home/airflow/.local/lib/python3.12/site-packages/airflow/example_dags/example_short_circuit_decorator.py
[2024-04-15T14:32:45.664+0000] {processor.py:830} INFO - Processing file /home/airflow/.local/lib/python3.12/site-packages/airflow/example_dags/example_short_circuit_decorator.py for tasks to queue
[2024-04-15T14:32:45.667+0000] {logging_mixin.py:188} INFO - [2024-04-15T14:32:45.666+0000] {dagbag.py:540} INFO - Filling up the DagBag from /home/airflow/.local/lib/python3.12/site-packages/airflow/example_dags/example_short_circuit_decorator.py
[2024-04-15T14:32:45.686+0000] {processor.py:840} INFO - DAG(s) 'example_short_circuit_decorator' retrieved from /home/airflow/.local/lib/python3.12/site-packages/airflow/example_dags/example_short_circuit_decorator.py
[2024-04-15T14:32:45.732+0000] {logging_mixin.py:188} INFO - [2024-04-15T14:32:45.732+0000] {dag.py:3096} INFO - Sync 1 DAGs
[2024-04-15T14:32:45.771+0000] {logging_mixin.py:188} INFO - [2024-04-15T14:32:45.770+0000] {dag.py:3954} INFO - Setting next_dagrun for example_short_circuit_decorator to 2024-04-14 00:00:00+00:00, run_after=2024-04-15 00:00:00+00:00
[2024-04-15T14:32:45.807+0000] {processor.py:183} INFO - Processing /home/airflow/.local/lib/python3.12/site-packages/airflow/example_dags/example_short_circuit_decorator.py took 0.154 seconds
[2024-04-15T14:33:16.145+0000] {processor.py:161} INFO - Started process (PID=579) to work on /home/airflow/.local/lib/python3.12/site-packages/airflow/example_dags/example_short_circuit_decorator.py
[2024-04-15T14:33:16.146+0000] {processor.py:830} INFO - Processing file /home/airflow/.local/lib/python3.12/site-packages/airflow/example_dags/example_short_circuit_decorator.py for tasks to queue
[2024-04-15T14:33:16.149+0000] {logging_mixin.py:188} INFO - [2024-04-15T14:33:16.148+0000] {dagbag.py:540} INFO - Filling up the DagBag from /home/airflow/.local/lib/python3.12/site-packages/airflow/example_dags/example_short_circuit_decorator.py
[2024-04-15T14:33:16.161+0000] {processor.py:840} INFO - DAG(s) 'example_short_circuit_decorator' retrieved from /home/airflow/.local/lib/python3.12/site-packages/airflow/example_dags/example_short_circuit_decorator.py
[2024-04-15T14:33:16.193+0000] {logging_mixin.py:188} INFO - [2024-04-15T14:33:16.193+0000] {dag.py:3096} INFO - Sync 1 DAGs
[2024-04-15T14:33:16.224+0000] {logging_mixin.py:188} INFO - [2024-04-15T14:33:16.224+0000] {dag.py:3954} INFO - Setting next_dagrun for example_short_circuit_decorator to 2024-04-14 00:00:00+00:00, run_after=2024-04-15 00:00:00+00:00
[2024-04-15T14:33:16.256+0000] {processor.py:183} INFO - Processing /home/airflow/.local/lib/python3.12/site-packages/airflow/example_dags/example_short_circuit_decorator.py took 0.120 seconds
[2024-04-15T14:33:46.500+0000] {processor.py:161} INFO - Started process (PID=638) to work on /home/airflow/.local/lib/python3.12/site-packages/airflow/example_dags/example_short_circuit_decorator.py
[2024-04-15T14:33:46.501+0000] {processor.py:830} INFO - Processing file /home/airflow/.local/lib/python3.12/site-packages/airflow/example_dags/example_short_circuit_decorator.py for tasks to queue
[2024-04-15T14:33:46.504+0000] {logging_mixin.py:188} INFO - [2024-04-15T14:33:46.504+0000] {dagbag.py:540} INFO - Filling up the DagBag from /home/airflow/.local/lib/python3.12/site-packages/airflow/example_dags/example_short_circuit_decorator.py
[2024-04-15T14:33:46.518+0000] {processor.py:840} INFO - DAG(s) 'example_short_circuit_decorator' retrieved from /home/airflow/.local/lib/python3.12/site-packages/airflow/example_dags/example_short_circuit_decorator.py
[2024-04-15T14:33:46.555+0000] {logging_mixin.py:188} INFO - [2024-04-15T14:33:46.555+0000] {dag.py:3096} INFO - Sync 1 DAGs
[2024-04-15T14:33:46.588+0000] {logging_mixin.py:188} INFO - [2024-04-15T14:33:46.588+0000] {dag.py:3954} INFO - Setting next_dagrun for example_short_circuit_decorator to 2024-04-14 00:00:00+00:00, run_after=2024-04-15 00:00:00+00:00
[2024-04-15T14:33:46.620+0000] {processor.py:183} INFO - Processing /home/airflow/.local/lib/python3.12/site-packages/airflow/example_dags/example_short_circuit_decorator.py took 0.127 seconds
[2024-04-15T14:34:16.757+0000] {processor.py:161} INFO - Started process (PID=697) to work on /home/airflow/.local/lib/python3.12/site-packages/airflow/example_dags/example_short_circuit_decorator.py
[2024-04-15T14:34:16.759+0000] {processor.py:830} INFO - Processing file /home/airflow/.local/lib/python3.12/site-packages/airflow/example_dags/example_short_circuit_decorator.py for tasks to queue
[2024-04-15T14:34:16.762+0000] {logging_mixin.py:188} INFO - [2024-04-15T14:34:16.761+0000] {dagbag.py:540} INFO - Filling up the DagBag from /home/airflow/.local/lib/python3.12/site-packages/airflow/example_dags/example_short_circuit_decorator.py
[2024-04-15T14:34:16.775+0000] {processor.py:840} INFO - DAG(s) 'example_short_circuit_decorator' retrieved from /home/airflow/.local/lib/python3.12/site-packages/airflow/example_dags/example_short_circuit_decorator.py
[2024-04-15T14:34:16.809+0000] {logging_mixin.py:188} INFO - [2024-04-15T14:34:16.809+0000] {dag.py:3096} INFO - Sync 1 DAGs
[2024-04-15T14:34:16.842+0000] {logging_mixin.py:188} INFO - [2024-04-15T14:34:16.842+0000] {dag.py:3954} INFO - Setting next_dagrun for example_short_circuit_decorator to 2024-04-14 00:00:00+00:00, run_after=2024-04-15 00:00:00+00:00
[2024-04-15T14:34:16.871+0000] {processor.py:183} INFO - Processing /home/airflow/.local/lib/python3.12/site-packages/airflow/example_dags/example_short_circuit_decorator.py took 0.124 seconds
[2024-04-15T14:34:47.384+0000] {processor.py:161} INFO - Started process (PID=756) to work on /home/airflow/.local/lib/python3.12/site-packages/airflow/example_dags/example_short_circuit_decorator.py
[2024-04-15T14:34:47.386+0000] {processor.py:830} INFO - Processing file /home/airflow/.local/lib/python3.12/site-packages/airflow/example_dags/example_short_circuit_decorator.py for tasks to queue
[2024-04-15T14:34:47.388+0000] {logging_mixin.py:188} INFO - [2024-04-15T14:34:47.388+0000] {dagbag.py:540} INFO - Filling up the DagBag from /home/airflow/.local/lib/python3.12/site-packages/airflow/example_dags/example_short_circuit_decorator.py
[2024-04-15T14:34:47.402+0000] {processor.py:840} INFO - DAG(s) 'example_short_circuit_decorator' retrieved from /home/airflow/.local/lib/python3.12/site-packages/airflow/example_dags/example_short_circuit_decorator.py
[2024-04-15T14:34:47.439+0000] {logging_mixin.py:188} INFO - [2024-04-15T14:34:47.439+0000] {dag.py:3096} INFO - Sync 1 DAGs
[2024-04-15T14:34:47.476+0000] {logging_mixin.py:188} INFO - [2024-04-15T14:34:47.476+0000] {dag.py:3954} INFO - Setting next_dagrun for example_short_circuit_decorator to 2024-04-14 00:00:00+00:00, run_after=2024-04-15 00:00:00+00:00
[2024-04-15T14:34:47.510+0000] {processor.py:183} INFO - Processing /home/airflow/.local/lib/python3.12/site-packages/airflow/example_dags/example_short_circuit_decorator.py took 0.133 seconds
[2024-04-15T14:35:17.591+0000] {processor.py:161} INFO - Started process (PID=815) to work on /home/airflow/.local/lib/python3.12/site-packages/airflow/example_dags/example_short_circuit_decorator.py
[2024-04-15T14:35:17.592+0000] {processor.py:830} INFO - Processing file /home/airflow/.local/lib/python3.12/site-packages/airflow/example_dags/example_short_circuit_decorator.py for tasks to queue
[2024-04-15T14:35:17.595+0000] {logging_mixin.py:188} INFO - [2024-04-15T14:35:17.594+0000] {dagbag.py:540} INFO - Filling up the DagBag from /home/airflow/.local/lib/python3.12/site-packages/airflow/example_dags/example_short_circuit_decorator.py
[2024-04-15T14:35:17.607+0000] {processor.py:840} INFO - DAG(s) 'example_short_circuit_decorator' retrieved from /home/airflow/.local/lib/python3.12/site-packages/airflow/example_dags/example_short_circuit_decorator.py
[2024-04-15T14:35:17.646+0000] {logging_mixin.py:188} INFO - [2024-04-15T14:35:17.645+0000] {dag.py:3096} INFO - Sync 1 DAGs
[2024-04-15T14:35:17.686+0000] {logging_mixin.py:188} INFO - [2024-04-15T14:35:17.686+0000] {dag.py:3954} INFO - Setting next_dagrun for example_short_circuit_decorator to 2024-04-14 00:00:00+00:00, run_after=2024-04-15 00:00:00+00:00
[2024-04-15T14:35:17.721+0000] {processor.py:183} INFO - Processing /home/airflow/.local/lib/python3.12/site-packages/airflow/example_dags/example_short_circuit_decorator.py took 0.137 seconds
[2024-04-15T14:35:48.234+0000] {processor.py:161} INFO - Started process (PID=874) to work on /home/airflow/.local/lib/python3.12/site-packages/airflow/example_dags/example_short_circuit_decorator.py
[2024-04-15T14:35:48.236+0000] {processor.py:830} INFO - Processing file /home/airflow/.local/lib/python3.12/site-packages/airflow/example_dags/example_short_circuit_decorator.py for tasks to queue
[2024-04-15T14:35:48.239+0000] {logging_mixin.py:188} INFO - [2024-04-15T14:35:48.239+0000] {dagbag.py:540} INFO - Filling up the DagBag from /home/airflow/.local/lib/python3.12/site-packages/airflow/example_dags/example_short_circuit_decorator.py
[2024-04-15T14:35:48.255+0000] {processor.py:840} INFO - DAG(s) 'example_short_circuit_decorator' retrieved from /home/airflow/.local/lib/python3.12/site-packages/airflow/example_dags/example_short_circuit_decorator.py
[2024-04-15T14:35:48.297+0000] {logging_mixin.py:188} INFO - [2024-04-15T14:35:48.297+0000] {dag.py:3096} INFO - Sync 1 DAGs
[2024-04-15T14:35:48.333+0000] {logging_mixin.py:188} INFO - [2024-04-15T14:35:48.333+0000] {dag.py:3954} INFO - Setting next_dagrun for example_short_circuit_decorator to 2024-04-14 00:00:00+00:00, run_after=2024-04-15 00:00:00+00:00
[2024-04-15T14:35:48.366+0000] {processor.py:183} INFO - Processing /home/airflow/.local/lib/python3.12/site-packages/airflow/example_dags/example_short_circuit_decorator.py took 0.144 seconds
[2024-04-15T14:36:19.740+0000] {processor.py:161} INFO - Started process (PID=931) to work on /home/airflow/.local/lib/python3.12/site-packages/airflow/example_dags/example_short_circuit_decorator.py
[2024-04-15T14:36:19.741+0000] {processor.py:830} INFO - Processing file /home/airflow/.local/lib/python3.12/site-packages/airflow/example_dags/example_short_circuit_decorator.py for tasks to queue
[2024-04-15T14:36:19.745+0000] {logging_mixin.py:188} INFO - [2024-04-15T14:36:19.744+0000] {dagbag.py:540} INFO - Filling up the DagBag from /home/airflow/.local/lib/python3.12/site-packages/airflow/example_dags/example_short_circuit_decorator.py
[2024-04-15T14:36:19.765+0000] {processor.py:840} INFO - DAG(s) 'example_short_circuit_decorator' retrieved from /home/airflow/.local/lib/python3.12/site-packages/airflow/example_dags/example_short_circuit_decorator.py
[2024-04-15T14:36:19.810+0000] {logging_mixin.py:188} INFO - [2024-04-15T14:36:19.810+0000] {dag.py:3096} INFO - Sync 1 DAGs
[2024-04-15T14:36:19.863+0000] {logging_mixin.py:188} INFO - [2024-04-15T14:36:19.863+0000] {dag.py:3954} INFO - Setting next_dagrun for example_short_circuit_decorator to 2024-04-14 00:00:00+00:00, run_after=2024-04-15 00:00:00+00:00
[2024-04-15T14:36:20.264+0000] {processor.py:183} INFO - Processing /home/airflow/.local/lib/python3.12/site-packages/airflow/example_dags/example_short_circuit_decorator.py took 0.534 seconds
[2024-04-15T14:36:50.404+0000] {processor.py:161} INFO - Started process (PID=990) to work on /home/airflow/.local/lib/python3.12/site-packages/airflow/example_dags/example_short_circuit_decorator.py
[2024-04-15T14:36:50.405+0000] {processor.py:830} INFO - Processing file /home/airflow/.local/lib/python3.12/site-packages/airflow/example_dags/example_short_circuit_decorator.py for tasks to queue
[2024-04-15T14:36:50.407+0000] {logging_mixin.py:188} INFO - [2024-04-15T14:36:50.407+0000] {dagbag.py:540} INFO - Filling up the DagBag from /home/airflow/.local/lib/python3.12/site-packages/airflow/example_dags/example_short_circuit_decorator.py
[2024-04-15T14:36:50.420+0000] {processor.py:840} INFO - DAG(s) 'example_short_circuit_decorator' retrieved from /home/airflow/.local/lib/python3.12/site-packages/airflow/example_dags/example_short_circuit_decorator.py
[2024-04-15T14:36:50.457+0000] {logging_mixin.py:188} INFO - [2024-04-15T14:36:50.456+0000] {dag.py:3096} INFO - Sync 1 DAGs
[2024-04-15T14:36:50.494+0000] {logging_mixin.py:188} INFO - [2024-04-15T14:36:50.494+0000] {dag.py:3954} INFO - Setting next_dagrun for example_short_circuit_decorator to 2024-04-14 00:00:00+00:00, run_after=2024-04-15 00:00:00+00:00
[2024-04-15T14:36:50.523+0000] {processor.py:183} INFO - Processing /home/airflow/.local/lib/python3.12/site-packages/airflow/example_dags/example_short_circuit_decorator.py took 0.126 seconds
[2024-04-15T14:37:21.473+0000] {processor.py:161} INFO - Started process (PID=1049) to work on /home/airflow/.local/lib/python3.12/site-packages/airflow/example_dags/example_short_circuit_decorator.py
[2024-04-15T14:37:21.474+0000] {processor.py:830} INFO - Processing file /home/airflow/.local/lib/python3.12/site-packages/airflow/example_dags/example_short_circuit_decorator.py for tasks to queue
[2024-04-15T14:37:21.476+0000] {logging_mixin.py:188} INFO - [2024-04-15T14:37:21.476+0000] {dagbag.py:540} INFO - Filling up the DagBag from /home/airflow/.local/lib/python3.12/site-packages/airflow/example_dags/example_short_circuit_decorator.py
[2024-04-15T14:37:21.492+0000] {processor.py:840} INFO - DAG(s) 'example_short_circuit_decorator' retrieved from /home/airflow/.local/lib/python3.12/site-packages/airflow/example_dags/example_short_circuit_decorator.py
[2024-04-15T14:37:21.535+0000] {logging_mixin.py:188} INFO - [2024-04-15T14:37:21.534+0000] {dag.py:3096} INFO - Sync 1 DAGs
[2024-04-15T14:37:21.569+0000] {logging_mixin.py:188} INFO - [2024-04-15T14:37:21.569+0000] {dag.py:3954} INFO - Setting next_dagrun for example_short_circuit_decorator to 2024-04-14 00:00:00+00:00, run_after=2024-04-15 00:00:00+00:00
[2024-04-15T14:37:21.607+0000] {processor.py:183} INFO - Processing /home/airflow/.local/lib/python3.12/site-packages/airflow/example_dags/example_short_circuit_decorator.py took 0.141 seconds
[2024-04-15T14:37:51.869+0000] {processor.py:161} INFO - Started process (PID=1108) to work on /home/airflow/.local/lib/python3.12/site-packages/airflow/example_dags/example_short_circuit_decorator.py
[2024-04-15T14:37:51.870+0000] {processor.py:830} INFO - Processing file /home/airflow/.local/lib/python3.12/site-packages/airflow/example_dags/example_short_circuit_decorator.py for tasks to queue
[2024-04-15T14:37:51.874+0000] {logging_mixin.py:188} INFO - [2024-04-15T14:37:51.873+0000] {dagbag.py:540} INFO - Filling up the DagBag from /home/airflow/.local/lib/python3.12/site-packages/airflow/example_dags/example_short_circuit_decorator.py
[2024-04-15T14:37:51.889+0000] {processor.py:840} INFO - DAG(s) 'example_short_circuit_decorator' retrieved from /home/airflow/.local/lib/python3.12/site-packages/airflow/example_dags/example_short_circuit_decorator.py
[2024-04-15T14:37:51.928+0000] {logging_mixin.py:188} INFO - [2024-04-15T14:37:51.928+0000] {dag.py:3096} INFO - Sync 1 DAGs
[2024-04-15T14:37:51.967+0000] {logging_mixin.py:188} INFO - [2024-04-15T14:37:51.967+0000] {dag.py:3954} INFO - Setting next_dagrun for example_short_circuit_decorator to 2024-04-14 00:00:00+00:00, run_after=2024-04-15 00:00:00+00:00
[2024-04-15T14:37:52.000+0000] {processor.py:183} INFO - Processing /home/airflow/.local/lib/python3.12/site-packages/airflow/example_dags/example_short_circuit_decorator.py took 0.140 seconds
[2024-04-15T14:38:22.441+0000] {processor.py:161} INFO - Started process (PID=1167) to work on /home/airflow/.local/lib/python3.12/site-packages/airflow/example_dags/example_short_circuit_decorator.py
[2024-04-15T14:38:22.442+0000] {processor.py:830} INFO - Processing file /home/airflow/.local/lib/python3.12/site-packages/airflow/example_dags/example_short_circuit_decorator.py for tasks to queue
[2024-04-15T14:38:22.444+0000] {logging_mixin.py:188} INFO - [2024-04-15T14:38:22.444+0000] {dagbag.py:540} INFO - Filling up the DagBag from /home/airflow/.local/lib/python3.12/site-packages/airflow/example_dags/example_short_circuit_decorator.py
[2024-04-15T14:38:22.458+0000] {processor.py:840} INFO - DAG(s) 'example_short_circuit_decorator' retrieved from /home/airflow/.local/lib/python3.12/site-packages/airflow/example_dags/example_short_circuit_decorator.py
[2024-04-15T14:38:22.489+0000] {logging_mixin.py:188} INFO - [2024-04-15T14:38:22.489+0000] {dag.py:3096} INFO - Sync 1 DAGs
[2024-04-15T14:38:22.519+0000] {logging_mixin.py:188} INFO - [2024-04-15T14:38:22.519+0000] {dag.py:3954} INFO - Setting next_dagrun for example_short_circuit_decorator to 2024-04-14 00:00:00+00:00, run_after=2024-04-15 00:00:00+00:00
[2024-04-15T14:38:22.548+0000] {processor.py:183} INFO - Processing /home/airflow/.local/lib/python3.12/site-packages/airflow/example_dags/example_short_circuit_decorator.py took 0.116 seconds
