[2024-04-15T14:28:37.501+0000] {processor.py:161} INFO - Started process (PID=40) to work on /home/airflow/.local/lib/python3.12/site-packages/airflow/example_dags/example_branch_operator.py
[2024-04-15T14:28:37.503+0000] {processor.py:830} INFO - Processing file /home/airflow/.local/lib/python3.12/site-packages/airflow/example_dags/example_branch_operator.py for tasks to queue
[2024-04-15T14:28:37.507+0000] {logging_mixin.py:188} INFO - [2024-04-15T14:28:37.507+0000] {dagbag.py:540} INFO - Filling up the DagBag from /home/airflow/.local/lib/python3.12/site-packages/airflow/example_dags/example_branch_operator.py
[2024-04-15T14:28:37.561+0000] {processor.py:840} INFO - DAG(s) 'example_branch_operator' retrieved from /home/airflow/.local/lib/python3.12/site-packages/airflow/example_dags/example_branch_operator.py
[2024-04-15T14:28:38.443+0000] {logging_mixin.py:188} INFO - [2024-04-15T14:28:38.442+0000] {dag.py:3096} INFO - Sync 1 DAGs
[2024-04-15T14:28:38.520+0000] {logging_mixin.py:188} INFO - [2024-04-15T14:28:38.520+0000] {dag.py:3954} INFO - Setting next_dagrun for example_branch_operator to 2024-04-14 00:00:00+00:00, run_after=2024-04-15 00:00:00+00:00
[2024-04-15T14:28:38.611+0000] {processor.py:183} INFO - Processing /home/airflow/.local/lib/python3.12/site-packages/airflow/example_dags/example_branch_operator.py took 1.124 seconds
[2024-04-15T14:29:09.151+0000] {processor.py:161} INFO - Started process (PID=98) to work on /home/airflow/.local/lib/python3.12/site-packages/airflow/example_dags/example_branch_operator.py
[2024-04-15T14:29:09.153+0000] {processor.py:830} INFO - Processing file /home/airflow/.local/lib/python3.12/site-packages/airflow/example_dags/example_branch_operator.py for tasks to queue
[2024-04-15T14:29:09.156+0000] {logging_mixin.py:188} INFO - [2024-04-15T14:29:09.156+0000] {dagbag.py:540} INFO - Filling up the DagBag from /home/airflow/.local/lib/python3.12/site-packages/airflow/example_dags/example_branch_operator.py
[2024-04-15T14:29:09.251+0000] {processor.py:840} INFO - DAG(s) 'example_branch_operator' retrieved from /home/airflow/.local/lib/python3.12/site-packages/airflow/example_dags/example_branch_operator.py
[2024-04-15T14:29:09.341+0000] {logging_mixin.py:188} INFO - [2024-04-15T14:29:09.340+0000] {dag.py:3096} INFO - Sync 1 DAGs
[2024-04-15T14:29:09.403+0000] {logging_mixin.py:188} INFO - [2024-04-15T14:29:09.403+0000] {dag.py:3954} INFO - Setting next_dagrun for example_branch_operator to 2024-04-14 00:00:00+00:00, run_after=2024-04-15 00:00:00+00:00
[2024-04-15T14:29:09.474+0000] {processor.py:183} INFO - Processing /home/airflow/.local/lib/python3.12/site-packages/airflow/example_dags/example_branch_operator.py took 0.338 seconds
[2024-04-15T14:29:39.627+0000] {processor.py:161} INFO - Started process (PID=157) to work on /home/airflow/.local/lib/python3.12/site-packages/airflow/example_dags/example_branch_operator.py
[2024-04-15T14:29:39.629+0000] {processor.py:830} INFO - Processing file /home/airflow/.local/lib/python3.12/site-packages/airflow/example_dags/example_branch_operator.py for tasks to queue
[2024-04-15T14:29:39.638+0000] {logging_mixin.py:188} INFO - [2024-04-15T14:29:39.636+0000] {dagbag.py:540} INFO - Filling up the DagBag from /home/airflow/.local/lib/python3.12/site-packages/airflow/example_dags/example_branch_operator.py
[2024-04-15T14:29:39.670+0000] {processor.py:840} INFO - DAG(s) 'example_branch_operator' retrieved from /home/airflow/.local/lib/python3.12/site-packages/airflow/example_dags/example_branch_operator.py
[2024-04-15T14:29:39.716+0000] {logging_mixin.py:188} INFO - [2024-04-15T14:29:39.715+0000] {dag.py:3096} INFO - Sync 1 DAGs
[2024-04-15T14:29:39.761+0000] {logging_mixin.py:188} INFO - [2024-04-15T14:29:39.760+0000] {dag.py:3954} INFO - Setting next_dagrun for example_branch_operator to 2024-04-14 00:00:00+00:00, run_after=2024-04-15 00:00:00+00:00
[2024-04-15T14:29:39.807+0000] {processor.py:183} INFO - Processing /home/airflow/.local/lib/python3.12/site-packages/airflow/example_dags/example_branch_operator.py took 0.188 seconds
[2024-04-15T14:30:10.188+0000] {processor.py:161} INFO - Started process (PID=216) to work on /home/airflow/.local/lib/python3.12/site-packages/airflow/example_dags/example_branch_operator.py
[2024-04-15T14:30:10.189+0000] {processor.py:830} INFO - Processing file /home/airflow/.local/lib/python3.12/site-packages/airflow/example_dags/example_branch_operator.py for tasks to queue
[2024-04-15T14:30:10.193+0000] {logging_mixin.py:188} INFO - [2024-04-15T14:30:10.192+0000] {dagbag.py:540} INFO - Filling up the DagBag from /home/airflow/.local/lib/python3.12/site-packages/airflow/example_dags/example_branch_operator.py
[2024-04-15T14:30:10.257+0000] {processor.py:840} INFO - DAG(s) 'example_branch_operator' retrieved from /home/airflow/.local/lib/python3.12/site-packages/airflow/example_dags/example_branch_operator.py
[2024-04-15T14:30:10.362+0000] {logging_mixin.py:188} INFO - [2024-04-15T14:30:10.362+0000] {dag.py:3096} INFO - Sync 1 DAGs
[2024-04-15T14:30:10.420+0000] {logging_mixin.py:188} INFO - [2024-04-15T14:30:10.419+0000] {dag.py:3954} INFO - Setting next_dagrun for example_branch_operator to 2024-04-14 00:00:00+00:00, run_after=2024-04-15 00:00:00+00:00
[2024-04-15T14:30:10.470+0000] {processor.py:183} INFO - Processing /home/airflow/.local/lib/python3.12/site-packages/airflow/example_dags/example_branch_operator.py took 0.294 seconds
[2024-04-15T14:30:40.734+0000] {processor.py:161} INFO - Started process (PID=275) to work on /home/airflow/.local/lib/python3.12/site-packages/airflow/example_dags/example_branch_operator.py
[2024-04-15T14:30:40.746+0000] {processor.py:830} INFO - Processing file /home/airflow/.local/lib/python3.12/site-packages/airflow/example_dags/example_branch_operator.py for tasks to queue
[2024-04-15T14:30:40.750+0000] {logging_mixin.py:188} INFO - [2024-04-15T14:30:40.749+0000] {dagbag.py:540} INFO - Filling up the DagBag from /home/airflow/.local/lib/python3.12/site-packages/airflow/example_dags/example_branch_operator.py
[2024-04-15T14:30:40.895+0000] {processor.py:840} INFO - DAG(s) 'example_branch_operator' retrieved from /home/airflow/.local/lib/python3.12/site-packages/airflow/example_dags/example_branch_operator.py
[2024-04-15T14:30:41.149+0000] {logging_mixin.py:188} INFO - [2024-04-15T14:30:41.137+0000] {dag.py:3096} INFO - Sync 1 DAGs
[2024-04-15T14:30:41.324+0000] {logging_mixin.py:188} INFO - [2024-04-15T14:30:41.323+0000] {dag.py:3954} INFO - Setting next_dagrun for example_branch_operator to 2024-04-14 00:00:00+00:00, run_after=2024-04-15 00:00:00+00:00
[2024-04-15T14:30:41.449+0000] {processor.py:183} INFO - Processing /home/airflow/.local/lib/python3.12/site-packages/airflow/example_dags/example_branch_operator.py took 0.754 seconds
[2024-04-15T14:31:12.319+0000] {processor.py:161} INFO - Started process (PID=334) to work on /home/airflow/.local/lib/python3.12/site-packages/airflow/example_dags/example_branch_operator.py
[2024-04-15T14:31:12.321+0000] {processor.py:830} INFO - Processing file /home/airflow/.local/lib/python3.12/site-packages/airflow/example_dags/example_branch_operator.py for tasks to queue
[2024-04-15T14:31:12.325+0000] {logging_mixin.py:188} INFO - [2024-04-15T14:31:12.324+0000] {dagbag.py:540} INFO - Filling up the DagBag from /home/airflow/.local/lib/python3.12/site-packages/airflow/example_dags/example_branch_operator.py
[2024-04-15T14:31:12.390+0000] {processor.py:840} INFO - DAG(s) 'example_branch_operator' retrieved from /home/airflow/.local/lib/python3.12/site-packages/airflow/example_dags/example_branch_operator.py
[2024-04-15T14:31:12.473+0000] {logging_mixin.py:188} INFO - [2024-04-15T14:31:12.472+0000] {dag.py:3096} INFO - Sync 1 DAGs
[2024-04-15T14:31:12.516+0000] {logging_mixin.py:188} INFO - [2024-04-15T14:31:12.516+0000] {dag.py:3954} INFO - Setting next_dagrun for example_branch_operator to 2024-04-14 00:00:00+00:00, run_after=2024-04-15 00:00:00+00:00
[2024-04-15T14:31:12.568+0000] {processor.py:183} INFO - Processing /home/airflow/.local/lib/python3.12/site-packages/airflow/example_dags/example_branch_operator.py took 0.259 seconds
[2024-04-15T14:31:43.335+0000] {processor.py:161} INFO - Started process (PID=392) to work on /home/airflow/.local/lib/python3.12/site-packages/airflow/example_dags/example_branch_operator.py
[2024-04-15T14:31:43.337+0000] {processor.py:830} INFO - Processing file /home/airflow/.local/lib/python3.12/site-packages/airflow/example_dags/example_branch_operator.py for tasks to queue
[2024-04-15T14:31:43.340+0000] {logging_mixin.py:188} INFO - [2024-04-15T14:31:43.340+0000] {dagbag.py:540} INFO - Filling up the DagBag from /home/airflow/.local/lib/python3.12/site-packages/airflow/example_dags/example_branch_operator.py
[2024-04-15T14:31:43.376+0000] {processor.py:840} INFO - DAG(s) 'example_branch_operator' retrieved from /home/airflow/.local/lib/python3.12/site-packages/airflow/example_dags/example_branch_operator.py
[2024-04-15T14:31:43.425+0000] {logging_mixin.py:188} INFO - [2024-04-15T14:31:43.424+0000] {dag.py:3096} INFO - Sync 1 DAGs
[2024-04-15T14:31:43.478+0000] {logging_mixin.py:188} INFO - [2024-04-15T14:31:43.478+0000] {dag.py:3954} INFO - Setting next_dagrun for example_branch_operator to 2024-04-14 00:00:00+00:00, run_after=2024-04-15 00:00:00+00:00
[2024-04-15T14:31:43.556+0000] {processor.py:183} INFO - Processing /home/airflow/.local/lib/python3.12/site-packages/airflow/example_dags/example_branch_operator.py took 0.228 seconds
[2024-04-15T14:32:13.690+0000] {processor.py:161} INFO - Started process (PID=452) to work on /home/airflow/.local/lib/python3.12/site-packages/airflow/example_dags/example_branch_operator.py
[2024-04-15T14:32:13.692+0000] {processor.py:830} INFO - Processing file /home/airflow/.local/lib/python3.12/site-packages/airflow/example_dags/example_branch_operator.py for tasks to queue
[2024-04-15T14:32:13.712+0000] {logging_mixin.py:188} INFO - [2024-04-15T14:32:13.711+0000] {dagbag.py:540} INFO - Filling up the DagBag from /home/airflow/.local/lib/python3.12/site-packages/airflow/example_dags/example_branch_operator.py
[2024-04-15T14:32:13.781+0000] {processor.py:840} INFO - DAG(s) 'example_branch_operator' retrieved from /home/airflow/.local/lib/python3.12/site-packages/airflow/example_dags/example_branch_operator.py
[2024-04-15T14:32:13.960+0000] {logging_mixin.py:188} INFO - [2024-04-15T14:32:13.959+0000] {dag.py:3096} INFO - Sync 1 DAGs
[2024-04-15T14:32:14.015+0000] {logging_mixin.py:188} INFO - [2024-04-15T14:32:14.014+0000] {dag.py:3954} INFO - Setting next_dagrun for example_branch_operator to 2024-04-14 00:00:00+00:00, run_after=2024-04-15 00:00:00+00:00
[2024-04-15T14:32:14.063+0000] {processor.py:183} INFO - Processing /home/airflow/.local/lib/python3.12/site-packages/airflow/example_dags/example_branch_operator.py took 0.388 seconds
[2024-04-15T14:32:44.303+0000] {processor.py:161} INFO - Started process (PID=510) to work on /home/airflow/.local/lib/python3.12/site-packages/airflow/example_dags/example_branch_operator.py
[2024-04-15T14:32:44.304+0000] {processor.py:830} INFO - Processing file /home/airflow/.local/lib/python3.12/site-packages/airflow/example_dags/example_branch_operator.py for tasks to queue
[2024-04-15T14:32:44.307+0000] {logging_mixin.py:188} INFO - [2024-04-15T14:32:44.307+0000] {dagbag.py:540} INFO - Filling up the DagBag from /home/airflow/.local/lib/python3.12/site-packages/airflow/example_dags/example_branch_operator.py
[2024-04-15T14:32:44.335+0000] {processor.py:840} INFO - DAG(s) 'example_branch_operator' retrieved from /home/airflow/.local/lib/python3.12/site-packages/airflow/example_dags/example_branch_operator.py
[2024-04-15T14:32:44.403+0000] {logging_mixin.py:188} INFO - [2024-04-15T14:32:44.402+0000] {dag.py:3096} INFO - Sync 1 DAGs
[2024-04-15T14:32:44.440+0000] {logging_mixin.py:188} INFO - [2024-04-15T14:32:44.439+0000] {dag.py:3954} INFO - Setting next_dagrun for example_branch_operator to 2024-04-14 00:00:00+00:00, run_after=2024-04-15 00:00:00+00:00
[2024-04-15T14:32:44.472+0000] {processor.py:183} INFO - Processing /home/airflow/.local/lib/python3.12/site-packages/airflow/example_dags/example_branch_operator.py took 0.177 seconds
[2024-04-15T14:33:14.821+0000] {processor.py:161} INFO - Started process (PID=574) to work on /home/airflow/.local/lib/python3.12/site-packages/airflow/example_dags/example_branch_operator.py
[2024-04-15T14:33:14.822+0000] {processor.py:830} INFO - Processing file /home/airflow/.local/lib/python3.12/site-packages/airflow/example_dags/example_branch_operator.py for tasks to queue
[2024-04-15T14:33:14.825+0000] {logging_mixin.py:188} INFO - [2024-04-15T14:33:14.824+0000] {dagbag.py:540} INFO - Filling up the DagBag from /home/airflow/.local/lib/python3.12/site-packages/airflow/example_dags/example_branch_operator.py
[2024-04-15T14:33:14.854+0000] {processor.py:840} INFO - DAG(s) 'example_branch_operator' retrieved from /home/airflow/.local/lib/python3.12/site-packages/airflow/example_dags/example_branch_operator.py
[2024-04-15T14:33:14.904+0000] {logging_mixin.py:188} INFO - [2024-04-15T14:33:14.903+0000] {dag.py:3096} INFO - Sync 1 DAGs
[2024-04-15T14:33:14.946+0000] {logging_mixin.py:188} INFO - [2024-04-15T14:33:14.945+0000] {dag.py:3954} INFO - Setting next_dagrun for example_branch_operator to 2024-04-14 00:00:00+00:00, run_after=2024-04-15 00:00:00+00:00
[2024-04-15T14:33:14.978+0000] {processor.py:183} INFO - Processing /home/airflow/.local/lib/python3.12/site-packages/airflow/example_dags/example_branch_operator.py took 0.166 seconds
[2024-04-15T14:33:45.185+0000] {processor.py:161} INFO - Started process (PID=633) to work on /home/airflow/.local/lib/python3.12/site-packages/airflow/example_dags/example_branch_operator.py
[2024-04-15T14:33:45.186+0000] {processor.py:830} INFO - Processing file /home/airflow/.local/lib/python3.12/site-packages/airflow/example_dags/example_branch_operator.py for tasks to queue
[2024-04-15T14:33:45.188+0000] {logging_mixin.py:188} INFO - [2024-04-15T14:33:45.188+0000] {dagbag.py:540} INFO - Filling up the DagBag from /home/airflow/.local/lib/python3.12/site-packages/airflow/example_dags/example_branch_operator.py
[2024-04-15T14:33:45.214+0000] {processor.py:840} INFO - DAG(s) 'example_branch_operator' retrieved from /home/airflow/.local/lib/python3.12/site-packages/airflow/example_dags/example_branch_operator.py
[2024-04-15T14:33:45.259+0000] {logging_mixin.py:188} INFO - [2024-04-15T14:33:45.258+0000] {dag.py:3096} INFO - Sync 1 DAGs
[2024-04-15T14:33:45.299+0000] {logging_mixin.py:188} INFO - [2024-04-15T14:33:45.298+0000] {dag.py:3954} INFO - Setting next_dagrun for example_branch_operator to 2024-04-14 00:00:00+00:00, run_after=2024-04-15 00:00:00+00:00
[2024-04-15T14:33:45.331+0000] {processor.py:183} INFO - Processing /home/airflow/.local/lib/python3.12/site-packages/airflow/example_dags/example_branch_operator.py took 0.155 seconds
[2024-04-15T14:34:15.440+0000] {processor.py:161} INFO - Started process (PID=692) to work on /home/airflow/.local/lib/python3.12/site-packages/airflow/example_dags/example_branch_operator.py
[2024-04-15T14:34:15.442+0000] {processor.py:830} INFO - Processing file /home/airflow/.local/lib/python3.12/site-packages/airflow/example_dags/example_branch_operator.py for tasks to queue
[2024-04-15T14:34:15.445+0000] {logging_mixin.py:188} INFO - [2024-04-15T14:34:15.444+0000] {dagbag.py:540} INFO - Filling up the DagBag from /home/airflow/.local/lib/python3.12/site-packages/airflow/example_dags/example_branch_operator.py
[2024-04-15T14:34:15.469+0000] {processor.py:840} INFO - DAG(s) 'example_branch_operator' retrieved from /home/airflow/.local/lib/python3.12/site-packages/airflow/example_dags/example_branch_operator.py
[2024-04-15T14:34:15.518+0000] {logging_mixin.py:188} INFO - [2024-04-15T14:34:15.518+0000] {dag.py:3096} INFO - Sync 1 DAGs
[2024-04-15T14:34:15.554+0000] {logging_mixin.py:188} INFO - [2024-04-15T14:34:15.553+0000] {dag.py:3954} INFO - Setting next_dagrun for example_branch_operator to 2024-04-14 00:00:00+00:00, run_after=2024-04-15 00:00:00+00:00
[2024-04-15T14:34:15.588+0000] {processor.py:183} INFO - Processing /home/airflow/.local/lib/python3.12/site-packages/airflow/example_dags/example_branch_operator.py took 0.154 seconds
[2024-04-15T14:34:46.065+0000] {processor.py:161} INFO - Started process (PID=751) to work on /home/airflow/.local/lib/python3.12/site-packages/airflow/example_dags/example_branch_operator.py
[2024-04-15T14:34:46.067+0000] {processor.py:830} INFO - Processing file /home/airflow/.local/lib/python3.12/site-packages/airflow/example_dags/example_branch_operator.py for tasks to queue
[2024-04-15T14:34:46.070+0000] {logging_mixin.py:188} INFO - [2024-04-15T14:34:46.069+0000] {dagbag.py:540} INFO - Filling up the DagBag from /home/airflow/.local/lib/python3.12/site-packages/airflow/example_dags/example_branch_operator.py
[2024-04-15T14:34:46.096+0000] {processor.py:840} INFO - DAG(s) 'example_branch_operator' retrieved from /home/airflow/.local/lib/python3.12/site-packages/airflow/example_dags/example_branch_operator.py
[2024-04-15T14:34:46.156+0000] {logging_mixin.py:188} INFO - [2024-04-15T14:34:46.155+0000] {dag.py:3096} INFO - Sync 1 DAGs
[2024-04-15T14:34:46.195+0000] {logging_mixin.py:188} INFO - [2024-04-15T14:34:46.195+0000] {dag.py:3954} INFO - Setting next_dagrun for example_branch_operator to 2024-04-14 00:00:00+00:00, run_after=2024-04-15 00:00:00+00:00
[2024-04-15T14:34:46.224+0000] {processor.py:183} INFO - Processing /home/airflow/.local/lib/python3.12/site-packages/airflow/example_dags/example_branch_operator.py took 0.166 seconds
[2024-04-15T14:35:16.651+0000] {processor.py:161} INFO - Started process (PID=808) to work on /home/airflow/.local/lib/python3.12/site-packages/airflow/example_dags/example_branch_operator.py
[2024-04-15T14:35:16.652+0000] {processor.py:830} INFO - Processing file /home/airflow/.local/lib/python3.12/site-packages/airflow/example_dags/example_branch_operator.py for tasks to queue
[2024-04-15T14:35:16.656+0000] {logging_mixin.py:188} INFO - [2024-04-15T14:35:16.656+0000] {dagbag.py:540} INFO - Filling up the DagBag from /home/airflow/.local/lib/python3.12/site-packages/airflow/example_dags/example_branch_operator.py
[2024-04-15T14:35:16.691+0000] {processor.py:840} INFO - DAG(s) 'example_branch_operator' retrieved from /home/airflow/.local/lib/python3.12/site-packages/airflow/example_dags/example_branch_operator.py
[2024-04-15T14:35:16.747+0000] {logging_mixin.py:188} INFO - [2024-04-15T14:35:16.747+0000] {dag.py:3096} INFO - Sync 1 DAGs
[2024-04-15T14:35:16.784+0000] {logging_mixin.py:188} INFO - [2024-04-15T14:35:16.784+0000] {dag.py:3954} INFO - Setting next_dagrun for example_branch_operator to 2024-04-14 00:00:00+00:00, run_after=2024-04-15 00:00:00+00:00
[2024-04-15T14:35:16.817+0000] {processor.py:183} INFO - Processing /home/airflow/.local/lib/python3.12/site-packages/airflow/example_dags/example_branch_operator.py took 0.179 seconds
[2024-04-15T14:35:47.740+0000] {processor.py:161} INFO - Started process (PID=867) to work on /home/airflow/.local/lib/python3.12/site-packages/airflow/example_dags/example_branch_operator.py
[2024-04-15T14:35:47.742+0000] {processor.py:830} INFO - Processing file /home/airflow/.local/lib/python3.12/site-packages/airflow/example_dags/example_branch_operator.py for tasks to queue
[2024-04-15T14:35:47.744+0000] {logging_mixin.py:188} INFO - [2024-04-15T14:35:47.744+0000] {dagbag.py:540} INFO - Filling up the DagBag from /home/airflow/.local/lib/python3.12/site-packages/airflow/example_dags/example_branch_operator.py
[2024-04-15T14:35:47.768+0000] {processor.py:840} INFO - DAG(s) 'example_branch_operator' retrieved from /home/airflow/.local/lib/python3.12/site-packages/airflow/example_dags/example_branch_operator.py
[2024-04-15T14:35:47.818+0000] {logging_mixin.py:188} INFO - [2024-04-15T14:35:47.817+0000] {dag.py:3096} INFO - Sync 1 DAGs
[2024-04-15T14:35:47.859+0000] {logging_mixin.py:188} INFO - [2024-04-15T14:35:47.859+0000] {dag.py:3954} INFO - Setting next_dagrun for example_branch_operator to 2024-04-14 00:00:00+00:00, run_after=2024-04-15 00:00:00+00:00
[2024-04-15T14:35:47.890+0000] {processor.py:183} INFO - Processing /home/airflow/.local/lib/python3.12/site-packages/airflow/example_dags/example_branch_operator.py took 0.157 seconds
[2024-04-15T14:36:18.152+0000] {processor.py:161} INFO - Started process (PID=926) to work on /home/airflow/.local/lib/python3.12/site-packages/airflow/example_dags/example_branch_operator.py
[2024-04-15T14:36:18.155+0000] {processor.py:830} INFO - Processing file /home/airflow/.local/lib/python3.12/site-packages/airflow/example_dags/example_branch_operator.py for tasks to queue
[2024-04-15T14:36:18.158+0000] {logging_mixin.py:188} INFO - [2024-04-15T14:36:18.158+0000] {dagbag.py:540} INFO - Filling up the DagBag from /home/airflow/.local/lib/python3.12/site-packages/airflow/example_dags/example_branch_operator.py
[2024-04-15T14:36:18.240+0000] {processor.py:840} INFO - DAG(s) 'example_branch_operator' retrieved from /home/airflow/.local/lib/python3.12/site-packages/airflow/example_dags/example_branch_operator.py
[2024-04-15T14:36:18.380+0000] {logging_mixin.py:188} INFO - [2024-04-15T14:36:18.380+0000] {dag.py:3096} INFO - Sync 1 DAGs
[2024-04-15T14:36:18.746+0000] {logging_mixin.py:188} INFO - [2024-04-15T14:36:18.745+0000] {dag.py:3954} INFO - Setting next_dagrun for example_branch_operator to 2024-04-14 00:00:00+00:00, run_after=2024-04-15 00:00:00+00:00
[2024-04-15T14:36:18.803+0000] {processor.py:183} INFO - Processing /home/airflow/.local/lib/python3.12/site-packages/airflow/example_dags/example_branch_operator.py took 0.670 seconds
[2024-04-15T14:36:49.031+0000] {processor.py:161} INFO - Started process (PID=985) to work on /home/airflow/.local/lib/python3.12/site-packages/airflow/example_dags/example_branch_operator.py
[2024-04-15T14:36:49.032+0000] {processor.py:830} INFO - Processing file /home/airflow/.local/lib/python3.12/site-packages/airflow/example_dags/example_branch_operator.py for tasks to queue
[2024-04-15T14:36:49.035+0000] {logging_mixin.py:188} INFO - [2024-04-15T14:36:49.035+0000] {dagbag.py:540} INFO - Filling up the DagBag from /home/airflow/.local/lib/python3.12/site-packages/airflow/example_dags/example_branch_operator.py
[2024-04-15T14:36:49.070+0000] {processor.py:840} INFO - DAG(s) 'example_branch_operator' retrieved from /home/airflow/.local/lib/python3.12/site-packages/airflow/example_dags/example_branch_operator.py
[2024-04-15T14:36:49.112+0000] {logging_mixin.py:188} INFO - [2024-04-15T14:36:49.111+0000] {dag.py:3096} INFO - Sync 1 DAGs
[2024-04-15T14:36:49.149+0000] {logging_mixin.py:188} INFO - [2024-04-15T14:36:49.149+0000] {dag.py:3954} INFO - Setting next_dagrun for example_branch_operator to 2024-04-14 00:00:00+00:00, run_after=2024-04-15 00:00:00+00:00
[2024-04-15T14:36:49.327+0000] {processor.py:183} INFO - Processing /home/airflow/.local/lib/python3.12/site-packages/airflow/example_dags/example_branch_operator.py took 0.307 seconds
[2024-04-15T14:37:20.020+0000] {processor.py:161} INFO - Started process (PID=1044) to work on /home/airflow/.local/lib/python3.12/site-packages/airflow/example_dags/example_branch_operator.py
[2024-04-15T14:37:20.021+0000] {processor.py:830} INFO - Processing file /home/airflow/.local/lib/python3.12/site-packages/airflow/example_dags/example_branch_operator.py for tasks to queue
[2024-04-15T14:37:20.023+0000] {logging_mixin.py:188} INFO - [2024-04-15T14:37:20.023+0000] {dagbag.py:540} INFO - Filling up the DagBag from /home/airflow/.local/lib/python3.12/site-packages/airflow/example_dags/example_branch_operator.py
[2024-04-15T14:37:20.048+0000] {processor.py:840} INFO - DAG(s) 'example_branch_operator' retrieved from /home/airflow/.local/lib/python3.12/site-packages/airflow/example_dags/example_branch_operator.py
[2024-04-15T14:37:20.093+0000] {logging_mixin.py:188} INFO - [2024-04-15T14:37:20.093+0000] {dag.py:3096} INFO - Sync 1 DAGs
[2024-04-15T14:37:20.129+0000] {logging_mixin.py:188} INFO - [2024-04-15T14:37:20.129+0000] {dag.py:3954} INFO - Setting next_dagrun for example_branch_operator to 2024-04-14 00:00:00+00:00, run_after=2024-04-15 00:00:00+00:00
[2024-04-15T14:37:20.157+0000] {processor.py:183} INFO - Processing /home/airflow/.local/lib/python3.12/site-packages/airflow/example_dags/example_branch_operator.py took 0.145 seconds
[2024-04-15T14:37:50.431+0000] {processor.py:161} INFO - Started process (PID=1103) to work on /home/airflow/.local/lib/python3.12/site-packages/airflow/example_dags/example_branch_operator.py
[2024-04-15T14:37:50.432+0000] {processor.py:830} INFO - Processing file /home/airflow/.local/lib/python3.12/site-packages/airflow/example_dags/example_branch_operator.py for tasks to queue
[2024-04-15T14:37:50.436+0000] {logging_mixin.py:188} INFO - [2024-04-15T14:37:50.435+0000] {dagbag.py:540} INFO - Filling up the DagBag from /home/airflow/.local/lib/python3.12/site-packages/airflow/example_dags/example_branch_operator.py
[2024-04-15T14:37:50.461+0000] {processor.py:840} INFO - DAG(s) 'example_branch_operator' retrieved from /home/airflow/.local/lib/python3.12/site-packages/airflow/example_dags/example_branch_operator.py
[2024-04-15T14:37:50.505+0000] {logging_mixin.py:188} INFO - [2024-04-15T14:37:50.505+0000] {dag.py:3096} INFO - Sync 1 DAGs
[2024-04-15T14:37:50.543+0000] {logging_mixin.py:188} INFO - [2024-04-15T14:37:50.543+0000] {dag.py:3954} INFO - Setting next_dagrun for example_branch_operator to 2024-04-14 00:00:00+00:00, run_after=2024-04-15 00:00:00+00:00
[2024-04-15T14:37:50.572+0000] {processor.py:183} INFO - Processing /home/airflow/.local/lib/python3.12/site-packages/airflow/example_dags/example_branch_operator.py took 0.150 seconds
[2024-04-15T14:38:21.827+0000] {processor.py:161} INFO - Started process (PID=1162) to work on /home/airflow/.local/lib/python3.12/site-packages/airflow/example_dags/example_branch_operator.py
[2024-04-15T14:38:21.829+0000] {processor.py:830} INFO - Processing file /home/airflow/.local/lib/python3.12/site-packages/airflow/example_dags/example_branch_operator.py for tasks to queue
[2024-04-15T14:38:21.833+0000] {logging_mixin.py:188} INFO - [2024-04-15T14:38:21.833+0000] {dagbag.py:540} INFO - Filling up the DagBag from /home/airflow/.local/lib/python3.12/site-packages/airflow/example_dags/example_branch_operator.py
[2024-04-15T14:38:21.858+0000] {processor.py:840} INFO - DAG(s) 'example_branch_operator' retrieved from /home/airflow/.local/lib/python3.12/site-packages/airflow/example_dags/example_branch_operator.py
[2024-04-15T14:38:21.899+0000] {logging_mixin.py:188} INFO - [2024-04-15T14:38:21.899+0000] {dag.py:3096} INFO - Sync 1 DAGs
[2024-04-15T14:38:21.930+0000] {logging_mixin.py:188} INFO - [2024-04-15T14:38:21.929+0000] {dag.py:3954} INFO - Setting next_dagrun for example_branch_operator to 2024-04-14 00:00:00+00:00, run_after=2024-04-15 00:00:00+00:00
[2024-04-15T14:38:21.958+0000] {processor.py:183} INFO - Processing /home/airflow/.local/lib/python3.12/site-packages/airflow/example_dags/example_branch_operator.py took 0.151 seconds
