[2024-04-15T14:28:41.886+0000] {processor.py:161} INFO - Started process (PID=50) to work on /home/airflow/.local/lib/python3.12/site-packages/airflow/example_dags/tutorial_objectstorage.py
[2024-04-15T14:28:41.888+0000] {processor.py:830} INFO - Processing file /home/airflow/.local/lib/python3.12/site-packages/airflow/example_dags/tutorial_objectstorage.py for tasks to queue
[2024-04-15T14:28:41.896+0000] {logging_mixin.py:188} INFO - [2024-04-15T14:28:41.896+0000] {dagbag.py:540} INFO - Filling up the DagBag from /home/airflow/.local/lib/python3.12/site-packages/airflow/example_dags/tutorial_objectstorage.py
[2024-04-15T14:28:41.928+0000] {processor.py:840} INFO - DAG(s) 'tutorial_objectstorage' retrieved from /home/airflow/.local/lib/python3.12/site-packages/airflow/example_dags/tutorial_objectstorage.py
[2024-04-15T14:28:42.040+0000] {logging_mixin.py:188} INFO - [2024-04-15T14:28:42.039+0000] {dag.py:3096} INFO - Sync 1 DAGs
[2024-04-15T14:28:42.075+0000] {logging_mixin.py:188} INFO - [2024-04-15T14:28:42.074+0000] {dag.py:3954} INFO - Setting next_dagrun for tutorial_objectstorage to None, run_after=None
[2024-04-15T14:28:42.158+0000] {processor.py:183} INFO - Processing /home/airflow/.local/lib/python3.12/site-packages/airflow/example_dags/tutorial_objectstorage.py took 0.293 seconds
[2024-04-15T14:29:12.497+0000] {processor.py:161} INFO - Started process (PID=108) to work on /home/airflow/.local/lib/python3.12/site-packages/airflow/example_dags/tutorial_objectstorage.py
[2024-04-15T14:29:12.498+0000] {processor.py:830} INFO - Processing file /home/airflow/.local/lib/python3.12/site-packages/airflow/example_dags/tutorial_objectstorage.py for tasks to queue
[2024-04-15T14:29:12.501+0000] {logging_mixin.py:188} INFO - [2024-04-15T14:29:12.501+0000] {dagbag.py:540} INFO - Filling up the DagBag from /home/airflow/.local/lib/python3.12/site-packages/airflow/example_dags/tutorial_objectstorage.py
[2024-04-15T14:29:12.512+0000] {processor.py:840} INFO - DAG(s) 'tutorial_objectstorage' retrieved from /home/airflow/.local/lib/python3.12/site-packages/airflow/example_dags/tutorial_objectstorage.py
[2024-04-15T14:29:12.542+0000] {logging_mixin.py:188} INFO - [2024-04-15T14:29:12.541+0000] {dag.py:3096} INFO - Sync 1 DAGs
[2024-04-15T14:29:12.570+0000] {logging_mixin.py:188} INFO - [2024-04-15T14:29:12.570+0000] {dag.py:3954} INFO - Setting next_dagrun for tutorial_objectstorage to None, run_after=None
[2024-04-15T14:29:12.708+0000] {processor.py:183} INFO - Processing /home/airflow/.local/lib/python3.12/site-packages/airflow/example_dags/tutorial_objectstorage.py took 0.223 seconds
[2024-04-15T14:29:42.859+0000] {processor.py:161} INFO - Started process (PID=167) to work on /home/airflow/.local/lib/python3.12/site-packages/airflow/example_dags/tutorial_objectstorage.py
[2024-04-15T14:29:42.860+0000] {processor.py:830} INFO - Processing file /home/airflow/.local/lib/python3.12/site-packages/airflow/example_dags/tutorial_objectstorage.py for tasks to queue
[2024-04-15T14:29:42.864+0000] {logging_mixin.py:188} INFO - [2024-04-15T14:29:42.863+0000] {dagbag.py:540} INFO - Filling up the DagBag from /home/airflow/.local/lib/python3.12/site-packages/airflow/example_dags/tutorial_objectstorage.py
[2024-04-15T14:29:42.874+0000] {processor.py:840} INFO - DAG(s) 'tutorial_objectstorage' retrieved from /home/airflow/.local/lib/python3.12/site-packages/airflow/example_dags/tutorial_objectstorage.py
[2024-04-15T14:29:42.909+0000] {logging_mixin.py:188} INFO - [2024-04-15T14:29:42.909+0000] {dag.py:3096} INFO - Sync 1 DAGs
[2024-04-15T14:29:42.937+0000] {logging_mixin.py:188} INFO - [2024-04-15T14:29:42.936+0000] {dag.py:3954} INFO - Setting next_dagrun for tutorial_objectstorage to None, run_after=None
[2024-04-15T14:29:42.977+0000] {processor.py:183} INFO - Processing /home/airflow/.local/lib/python3.12/site-packages/airflow/example_dags/tutorial_objectstorage.py took 0.126 seconds
[2024-04-15T14:30:13.285+0000] {processor.py:161} INFO - Started process (PID=226) to work on /home/airflow/.local/lib/python3.12/site-packages/airflow/example_dags/tutorial_objectstorage.py
[2024-04-15T14:30:13.289+0000] {processor.py:830} INFO - Processing file /home/airflow/.local/lib/python3.12/site-packages/airflow/example_dags/tutorial_objectstorage.py for tasks to queue
[2024-04-15T14:30:13.294+0000] {logging_mixin.py:188} INFO - [2024-04-15T14:30:13.292+0000] {dagbag.py:540} INFO - Filling up the DagBag from /home/airflow/.local/lib/python3.12/site-packages/airflow/example_dags/tutorial_objectstorage.py
[2024-04-15T14:30:13.315+0000] {processor.py:840} INFO - DAG(s) 'tutorial_objectstorage' retrieved from /home/airflow/.local/lib/python3.12/site-packages/airflow/example_dags/tutorial_objectstorage.py
[2024-04-15T14:30:13.391+0000] {logging_mixin.py:188} INFO - [2024-04-15T14:30:13.391+0000] {dag.py:3096} INFO - Sync 1 DAGs
[2024-04-15T14:30:13.463+0000] {logging_mixin.py:188} INFO - [2024-04-15T14:30:13.463+0000] {dag.py:3954} INFO - Setting next_dagrun for tutorial_objectstorage to None, run_after=None
[2024-04-15T14:30:13.596+0000] {processor.py:183} INFO - Processing /home/airflow/.local/lib/python3.12/site-packages/airflow/example_dags/tutorial_objectstorage.py took 0.325 seconds
[2024-04-15T14:30:45.131+0000] {processor.py:161} INFO - Started process (PID=291) to work on /home/airflow/.local/lib/python3.12/site-packages/airflow/example_dags/tutorial_objectstorage.py
[2024-04-15T14:30:45.144+0000] {processor.py:830} INFO - Processing file /home/airflow/.local/lib/python3.12/site-packages/airflow/example_dags/tutorial_objectstorage.py for tasks to queue
[2024-04-15T14:30:45.159+0000] {logging_mixin.py:188} INFO - [2024-04-15T14:30:45.148+0000] {dagbag.py:540} INFO - Filling up the DagBag from /home/airflow/.local/lib/python3.12/site-packages/airflow/example_dags/tutorial_objectstorage.py
[2024-04-15T14:30:45.196+0000] {processor.py:840} INFO - DAG(s) 'tutorial_objectstorage' retrieved from /home/airflow/.local/lib/python3.12/site-packages/airflow/example_dags/tutorial_objectstorage.py
[2024-04-15T14:30:45.331+0000] {logging_mixin.py:188} INFO - [2024-04-15T14:30:45.330+0000] {dag.py:3096} INFO - Sync 1 DAGs
[2024-04-15T14:30:45.427+0000] {logging_mixin.py:188} INFO - [2024-04-15T14:30:45.426+0000] {dag.py:3954} INFO - Setting next_dagrun for tutorial_objectstorage to None, run_after=None
[2024-04-15T14:30:45.550+0000] {processor.py:183} INFO - Processing /home/airflow/.local/lib/python3.12/site-packages/airflow/example_dags/tutorial_objectstorage.py took 0.450 seconds
[2024-04-15T14:31:15.778+0000] {processor.py:161} INFO - Started process (PID=349) to work on /home/airflow/.local/lib/python3.12/site-packages/airflow/example_dags/tutorial_objectstorage.py
[2024-04-15T14:31:15.779+0000] {processor.py:830} INFO - Processing file /home/airflow/.local/lib/python3.12/site-packages/airflow/example_dags/tutorial_objectstorage.py for tasks to queue
[2024-04-15T14:31:15.783+0000] {logging_mixin.py:188} INFO - [2024-04-15T14:31:15.782+0000] {dagbag.py:540} INFO - Filling up the DagBag from /home/airflow/.local/lib/python3.12/site-packages/airflow/example_dags/tutorial_objectstorage.py
[2024-04-15T14:31:15.808+0000] {processor.py:840} INFO - DAG(s) 'tutorial_objectstorage' retrieved from /home/airflow/.local/lib/python3.12/site-packages/airflow/example_dags/tutorial_objectstorage.py
[2024-04-15T14:31:15.836+0000] {logging_mixin.py:188} INFO - [2024-04-15T14:31:15.836+0000] {dag.py:3096} INFO - Sync 1 DAGs
[2024-04-15T14:31:15.864+0000] {logging_mixin.py:188} INFO - [2024-04-15T14:31:15.863+0000] {dag.py:3954} INFO - Setting next_dagrun for tutorial_objectstorage to None, run_after=None
[2024-04-15T14:31:15.895+0000] {processor.py:183} INFO - Processing /home/airflow/.local/lib/python3.12/site-packages/airflow/example_dags/tutorial_objectstorage.py took 0.126 seconds
[2024-04-15T14:31:47.062+0000] {processor.py:161} INFO - Started process (PID=409) to work on /home/airflow/.local/lib/python3.12/site-packages/airflow/example_dags/tutorial_objectstorage.py
[2024-04-15T14:31:47.064+0000] {processor.py:830} INFO - Processing file /home/airflow/.local/lib/python3.12/site-packages/airflow/example_dags/tutorial_objectstorage.py for tasks to queue
[2024-04-15T14:31:47.066+0000] {logging_mixin.py:188} INFO - [2024-04-15T14:31:47.065+0000] {dagbag.py:540} INFO - Filling up the DagBag from /home/airflow/.local/lib/python3.12/site-packages/airflow/example_dags/tutorial_objectstorage.py
[2024-04-15T14:31:47.076+0000] {processor.py:840} INFO - DAG(s) 'tutorial_objectstorage' retrieved from /home/airflow/.local/lib/python3.12/site-packages/airflow/example_dags/tutorial_objectstorage.py
[2024-04-15T14:31:47.103+0000] {logging_mixin.py:188} INFO - [2024-04-15T14:31:47.102+0000] {dag.py:3096} INFO - Sync 1 DAGs
[2024-04-15T14:31:47.122+0000] {logging_mixin.py:188} INFO - [2024-04-15T14:31:47.122+0000] {dag.py:3954} INFO - Setting next_dagrun for tutorial_objectstorage to None, run_after=None
[2024-04-15T14:31:47.155+0000] {processor.py:183} INFO - Processing /home/airflow/.local/lib/python3.12/site-packages/airflow/example_dags/tutorial_objectstorage.py took 0.099 seconds
[2024-04-15T14:32:17.882+0000] {processor.py:161} INFO - Started process (PID=467) to work on /home/airflow/.local/lib/python3.12/site-packages/airflow/example_dags/tutorial_objectstorage.py
[2024-04-15T14:32:17.883+0000] {processor.py:830} INFO - Processing file /home/airflow/.local/lib/python3.12/site-packages/airflow/example_dags/tutorial_objectstorage.py for tasks to queue
[2024-04-15T14:32:17.886+0000] {logging_mixin.py:188} INFO - [2024-04-15T14:32:17.885+0000] {dagbag.py:540} INFO - Filling up the DagBag from /home/airflow/.local/lib/python3.12/site-packages/airflow/example_dags/tutorial_objectstorage.py
[2024-04-15T14:32:17.896+0000] {processor.py:840} INFO - DAG(s) 'tutorial_objectstorage' retrieved from /home/airflow/.local/lib/python3.12/site-packages/airflow/example_dags/tutorial_objectstorage.py
[2024-04-15T14:32:17.919+0000] {logging_mixin.py:188} INFO - [2024-04-15T14:32:17.919+0000] {dag.py:3096} INFO - Sync 1 DAGs
[2024-04-15T14:32:17.938+0000] {logging_mixin.py:188} INFO - [2024-04-15T14:32:17.937+0000] {dag.py:3954} INFO - Setting next_dagrun for tutorial_objectstorage to None, run_after=None
[2024-04-15T14:32:17.968+0000] {processor.py:183} INFO - Processing /home/airflow/.local/lib/python3.12/site-packages/airflow/example_dags/tutorial_objectstorage.py took 0.095 seconds
[2024-04-15T14:32:48.406+0000] {processor.py:161} INFO - Started process (PID=525) to work on /home/airflow/.local/lib/python3.12/site-packages/airflow/example_dags/tutorial_objectstorage.py
[2024-04-15T14:32:48.407+0000] {processor.py:830} INFO - Processing file /home/airflow/.local/lib/python3.12/site-packages/airflow/example_dags/tutorial_objectstorage.py for tasks to queue
[2024-04-15T14:32:48.411+0000] {logging_mixin.py:188} INFO - [2024-04-15T14:32:48.410+0000] {dagbag.py:540} INFO - Filling up the DagBag from /home/airflow/.local/lib/python3.12/site-packages/airflow/example_dags/tutorial_objectstorage.py
[2024-04-15T14:32:48.424+0000] {processor.py:840} INFO - DAG(s) 'tutorial_objectstorage' retrieved from /home/airflow/.local/lib/python3.12/site-packages/airflow/example_dags/tutorial_objectstorage.py
[2024-04-15T14:32:48.464+0000] {logging_mixin.py:188} INFO - [2024-04-15T14:32:48.464+0000] {dag.py:3096} INFO - Sync 1 DAGs
[2024-04-15T14:32:48.489+0000] {logging_mixin.py:188} INFO - [2024-04-15T14:32:48.489+0000] {dag.py:3954} INFO - Setting next_dagrun for tutorial_objectstorage to None, run_after=None
[2024-04-15T14:32:48.562+0000] {processor.py:183} INFO - Processing /home/airflow/.local/lib/python3.12/site-packages/airflow/example_dags/tutorial_objectstorage.py took 0.167 seconds
[2024-04-15T14:33:18.790+0000] {processor.py:161} INFO - Started process (PID=584) to work on /home/airflow/.local/lib/python3.12/site-packages/airflow/example_dags/tutorial_objectstorage.py
[2024-04-15T14:33:18.792+0000] {processor.py:830} INFO - Processing file /home/airflow/.local/lib/python3.12/site-packages/airflow/example_dags/tutorial_objectstorage.py for tasks to queue
[2024-04-15T14:33:18.794+0000] {logging_mixin.py:188} INFO - [2024-04-15T14:33:18.794+0000] {dagbag.py:540} INFO - Filling up the DagBag from /home/airflow/.local/lib/python3.12/site-packages/airflow/example_dags/tutorial_objectstorage.py
[2024-04-15T14:33:18.810+0000] {processor.py:840} INFO - DAG(s) 'tutorial_objectstorage' retrieved from /home/airflow/.local/lib/python3.12/site-packages/airflow/example_dags/tutorial_objectstorage.py
[2024-04-15T14:33:18.840+0000] {logging_mixin.py:188} INFO - [2024-04-15T14:33:18.840+0000] {dag.py:3096} INFO - Sync 1 DAGs
[2024-04-15T14:33:18.861+0000] {logging_mixin.py:188} INFO - [2024-04-15T14:33:18.861+0000] {dag.py:3954} INFO - Setting next_dagrun for tutorial_objectstorage to None, run_after=None
[2024-04-15T14:33:18.891+0000] {processor.py:183} INFO - Processing /home/airflow/.local/lib/python3.12/site-packages/airflow/example_dags/tutorial_objectstorage.py took 0.112 seconds
[2024-04-15T14:33:49.452+0000] {processor.py:161} INFO - Started process (PID=643) to work on /home/airflow/.local/lib/python3.12/site-packages/airflow/example_dags/tutorial_objectstorage.py
[2024-04-15T14:33:49.453+0000] {processor.py:830} INFO - Processing file /home/airflow/.local/lib/python3.12/site-packages/airflow/example_dags/tutorial_objectstorage.py for tasks to queue
[2024-04-15T14:33:49.456+0000] {logging_mixin.py:188} INFO - [2024-04-15T14:33:49.455+0000] {dagbag.py:540} INFO - Filling up the DagBag from /home/airflow/.local/lib/python3.12/site-packages/airflow/example_dags/tutorial_objectstorage.py
[2024-04-15T14:33:49.464+0000] {processor.py:840} INFO - DAG(s) 'tutorial_objectstorage' retrieved from /home/airflow/.local/lib/python3.12/site-packages/airflow/example_dags/tutorial_objectstorage.py
[2024-04-15T14:33:49.494+0000] {logging_mixin.py:188} INFO - [2024-04-15T14:33:49.493+0000] {dag.py:3096} INFO - Sync 1 DAGs
[2024-04-15T14:33:49.510+0000] {logging_mixin.py:188} INFO - [2024-04-15T14:33:49.510+0000] {dag.py:3954} INFO - Setting next_dagrun for tutorial_objectstorage to None, run_after=None
[2024-04-15T14:33:49.544+0000] {processor.py:183} INFO - Processing /home/airflow/.local/lib/python3.12/site-packages/airflow/example_dags/tutorial_objectstorage.py took 0.101 seconds
[2024-04-15T14:34:20.271+0000] {processor.py:161} INFO - Started process (PID=702) to work on /home/airflow/.local/lib/python3.12/site-packages/airflow/example_dags/tutorial_objectstorage.py
[2024-04-15T14:34:20.272+0000] {processor.py:830} INFO - Processing file /home/airflow/.local/lib/python3.12/site-packages/airflow/example_dags/tutorial_objectstorage.py for tasks to queue
[2024-04-15T14:34:20.275+0000] {logging_mixin.py:188} INFO - [2024-04-15T14:34:20.274+0000] {dagbag.py:540} INFO - Filling up the DagBag from /home/airflow/.local/lib/python3.12/site-packages/airflow/example_dags/tutorial_objectstorage.py
[2024-04-15T14:34:20.283+0000] {processor.py:840} INFO - DAG(s) 'tutorial_objectstorage' retrieved from /home/airflow/.local/lib/python3.12/site-packages/airflow/example_dags/tutorial_objectstorage.py
[2024-04-15T14:34:20.307+0000] {logging_mixin.py:188} INFO - [2024-04-15T14:34:20.306+0000] {dag.py:3096} INFO - Sync 1 DAGs
[2024-04-15T14:34:20.327+0000] {logging_mixin.py:188} INFO - [2024-04-15T14:34:20.326+0000] {dag.py:3954} INFO - Setting next_dagrun for tutorial_objectstorage to None, run_after=None
[2024-04-15T14:34:20.355+0000] {processor.py:183} INFO - Processing /home/airflow/.local/lib/python3.12/site-packages/airflow/example_dags/tutorial_objectstorage.py took 0.091 seconds
[2024-04-15T14:34:50.922+0000] {processor.py:161} INFO - Started process (PID=761) to work on /home/airflow/.local/lib/python3.12/site-packages/airflow/example_dags/tutorial_objectstorage.py
[2024-04-15T14:34:50.924+0000] {processor.py:830} INFO - Processing file /home/airflow/.local/lib/python3.12/site-packages/airflow/example_dags/tutorial_objectstorage.py for tasks to queue
[2024-04-15T14:34:50.926+0000] {logging_mixin.py:188} INFO - [2024-04-15T14:34:50.925+0000] {dagbag.py:540} INFO - Filling up the DagBag from /home/airflow/.local/lib/python3.12/site-packages/airflow/example_dags/tutorial_objectstorage.py
[2024-04-15T14:34:50.935+0000] {processor.py:840} INFO - DAG(s) 'tutorial_objectstorage' retrieved from /home/airflow/.local/lib/python3.12/site-packages/airflow/example_dags/tutorial_objectstorage.py
[2024-04-15T14:34:50.961+0000] {logging_mixin.py:188} INFO - [2024-04-15T14:34:50.960+0000] {dag.py:3096} INFO - Sync 1 DAGs
[2024-04-15T14:34:50.979+0000] {logging_mixin.py:188} INFO - [2024-04-15T14:34:50.979+0000] {dag.py:3954} INFO - Setting next_dagrun for tutorial_objectstorage to None, run_after=None
[2024-04-15T14:34:51.012+0000] {processor.py:183} INFO - Processing /home/airflow/.local/lib/python3.12/site-packages/airflow/example_dags/tutorial_objectstorage.py took 0.097 seconds
[2024-04-15T14:35:21.175+0000] {processor.py:161} INFO - Started process (PID=820) to work on /home/airflow/.local/lib/python3.12/site-packages/airflow/example_dags/tutorial_objectstorage.py
[2024-04-15T14:35:21.176+0000] {processor.py:830} INFO - Processing file /home/airflow/.local/lib/python3.12/site-packages/airflow/example_dags/tutorial_objectstorage.py for tasks to queue
[2024-04-15T14:35:21.178+0000] {logging_mixin.py:188} INFO - [2024-04-15T14:35:21.178+0000] {dagbag.py:540} INFO - Filling up the DagBag from /home/airflow/.local/lib/python3.12/site-packages/airflow/example_dags/tutorial_objectstorage.py
[2024-04-15T14:35:21.189+0000] {processor.py:840} INFO - DAG(s) 'tutorial_objectstorage' retrieved from /home/airflow/.local/lib/python3.12/site-packages/airflow/example_dags/tutorial_objectstorage.py
[2024-04-15T14:35:21.214+0000] {logging_mixin.py:188} INFO - [2024-04-15T14:35:21.213+0000] {dag.py:3096} INFO - Sync 1 DAGs
[2024-04-15T14:35:21.230+0000] {logging_mixin.py:188} INFO - [2024-04-15T14:35:21.230+0000] {dag.py:3954} INFO - Setting next_dagrun for tutorial_objectstorage to None, run_after=None
[2024-04-15T14:35:21.257+0000] {processor.py:183} INFO - Processing /home/airflow/.local/lib/python3.12/site-packages/airflow/example_dags/tutorial_objectstorage.py took 0.090 seconds
[2024-04-15T14:35:51.907+0000] {processor.py:161} INFO - Started process (PID=879) to work on /home/airflow/.local/lib/python3.12/site-packages/airflow/example_dags/tutorial_objectstorage.py
[2024-04-15T14:35:51.909+0000] {processor.py:830} INFO - Processing file /home/airflow/.local/lib/python3.12/site-packages/airflow/example_dags/tutorial_objectstorage.py for tasks to queue
[2024-04-15T14:35:51.911+0000] {logging_mixin.py:188} INFO - [2024-04-15T14:35:51.911+0000] {dagbag.py:540} INFO - Filling up the DagBag from /home/airflow/.local/lib/python3.12/site-packages/airflow/example_dags/tutorial_objectstorage.py
[2024-04-15T14:35:51.921+0000] {processor.py:840} INFO - DAG(s) 'tutorial_objectstorage' retrieved from /home/airflow/.local/lib/python3.12/site-packages/airflow/example_dags/tutorial_objectstorage.py
[2024-04-15T14:35:51.955+0000] {logging_mixin.py:188} INFO - [2024-04-15T14:35:51.954+0000] {dag.py:3096} INFO - Sync 1 DAGs
[2024-04-15T14:35:51.973+0000] {logging_mixin.py:188} INFO - [2024-04-15T14:35:51.973+0000] {dag.py:3954} INFO - Setting next_dagrun for tutorial_objectstorage to None, run_after=None
[2024-04-15T14:35:52.005+0000] {processor.py:183} INFO - Processing /home/airflow/.local/lib/python3.12/site-packages/airflow/example_dags/tutorial_objectstorage.py took 0.106 seconds
[2024-04-15T14:36:22.527+0000] {processor.py:161} INFO - Started process (PID=938) to work on /home/airflow/.local/lib/python3.12/site-packages/airflow/example_dags/tutorial_objectstorage.py
[2024-04-15T14:36:22.529+0000] {processor.py:830} INFO - Processing file /home/airflow/.local/lib/python3.12/site-packages/airflow/example_dags/tutorial_objectstorage.py for tasks to queue
[2024-04-15T14:36:22.531+0000] {logging_mixin.py:188} INFO - [2024-04-15T14:36:22.531+0000] {dagbag.py:540} INFO - Filling up the DagBag from /home/airflow/.local/lib/python3.12/site-packages/airflow/example_dags/tutorial_objectstorage.py
[2024-04-15T14:36:22.542+0000] {processor.py:840} INFO - DAG(s) 'tutorial_objectstorage' retrieved from /home/airflow/.local/lib/python3.12/site-packages/airflow/example_dags/tutorial_objectstorage.py
[2024-04-15T14:36:22.573+0000] {logging_mixin.py:188} INFO - [2024-04-15T14:36:22.573+0000] {dag.py:3096} INFO - Sync 1 DAGs
[2024-04-15T14:36:22.596+0000] {logging_mixin.py:188} INFO - [2024-04-15T14:36:22.596+0000] {dag.py:3954} INFO - Setting next_dagrun for tutorial_objectstorage to None, run_after=None
[2024-04-15T14:36:22.637+0000] {processor.py:183} INFO - Processing /home/airflow/.local/lib/python3.12/site-packages/airflow/example_dags/tutorial_objectstorage.py took 0.117 seconds
[2024-04-15T14:36:54.340+0000] {processor.py:161} INFO - Started process (PID=997) to work on /home/airflow/.local/lib/python3.12/site-packages/airflow/example_dags/tutorial_objectstorage.py
[2024-04-15T14:36:54.341+0000] {processor.py:830} INFO - Processing file /home/airflow/.local/lib/python3.12/site-packages/airflow/example_dags/tutorial_objectstorage.py for tasks to queue
[2024-04-15T14:36:54.345+0000] {logging_mixin.py:188} INFO - [2024-04-15T14:36:54.344+0000] {dagbag.py:540} INFO - Filling up the DagBag from /home/airflow/.local/lib/python3.12/site-packages/airflow/example_dags/tutorial_objectstorage.py
[2024-04-15T14:36:54.361+0000] {processor.py:840} INFO - DAG(s) 'tutorial_objectstorage' retrieved from /home/airflow/.local/lib/python3.12/site-packages/airflow/example_dags/tutorial_objectstorage.py
[2024-04-15T14:36:54.421+0000] {logging_mixin.py:188} INFO - [2024-04-15T14:36:54.420+0000] {dag.py:3096} INFO - Sync 1 DAGs
[2024-04-15T14:36:54.663+0000] {logging_mixin.py:188} INFO - [2024-04-15T14:36:54.663+0000] {dag.py:3954} INFO - Setting next_dagrun for tutorial_objectstorage to None, run_after=None
[2024-04-15T14:36:54.708+0000] {processor.py:183} INFO - Processing /home/airflow/.local/lib/python3.12/site-packages/airflow/example_dags/tutorial_objectstorage.py took 0.379 seconds
[2024-04-15T14:37:25.509+0000] {processor.py:161} INFO - Started process (PID=1056) to work on /home/airflow/.local/lib/python3.12/site-packages/airflow/example_dags/tutorial_objectstorage.py
[2024-04-15T14:37:25.510+0000] {processor.py:830} INFO - Processing file /home/airflow/.local/lib/python3.12/site-packages/airflow/example_dags/tutorial_objectstorage.py for tasks to queue
[2024-04-15T14:37:25.513+0000] {logging_mixin.py:188} INFO - [2024-04-15T14:37:25.512+0000] {dagbag.py:540} INFO - Filling up the DagBag from /home/airflow/.local/lib/python3.12/site-packages/airflow/example_dags/tutorial_objectstorage.py
[2024-04-15T14:37:25.521+0000] {processor.py:840} INFO - DAG(s) 'tutorial_objectstorage' retrieved from /home/airflow/.local/lib/python3.12/site-packages/airflow/example_dags/tutorial_objectstorage.py
[2024-04-15T14:37:25.550+0000] {logging_mixin.py:188} INFO - [2024-04-15T14:37:25.550+0000] {dag.py:3096} INFO - Sync 1 DAGs
[2024-04-15T14:37:25.573+0000] {logging_mixin.py:188} INFO - [2024-04-15T14:37:25.573+0000] {dag.py:3954} INFO - Setting next_dagrun for tutorial_objectstorage to None, run_after=None
[2024-04-15T14:37:25.763+0000] {processor.py:183} INFO - Processing /home/airflow/.local/lib/python3.12/site-packages/airflow/example_dags/tutorial_objectstorage.py took 0.264 seconds
[2024-04-15T14:37:56.151+0000] {processor.py:161} INFO - Started process (PID=1115) to work on /home/airflow/.local/lib/python3.12/site-packages/airflow/example_dags/tutorial_objectstorage.py
[2024-04-15T14:37:56.152+0000] {processor.py:830} INFO - Processing file /home/airflow/.local/lib/python3.12/site-packages/airflow/example_dags/tutorial_objectstorage.py for tasks to queue
[2024-04-15T14:37:56.156+0000] {logging_mixin.py:188} INFO - [2024-04-15T14:37:56.155+0000] {dagbag.py:540} INFO - Filling up the DagBag from /home/airflow/.local/lib/python3.12/site-packages/airflow/example_dags/tutorial_objectstorage.py
[2024-04-15T14:37:56.168+0000] {processor.py:840} INFO - DAG(s) 'tutorial_objectstorage' retrieved from /home/airflow/.local/lib/python3.12/site-packages/airflow/example_dags/tutorial_objectstorage.py
[2024-04-15T14:37:56.190+0000] {logging_mixin.py:188} INFO - [2024-04-15T14:37:56.190+0000] {dag.py:3096} INFO - Sync 1 DAGs
[2024-04-15T14:37:56.211+0000] {logging_mixin.py:188} INFO - [2024-04-15T14:37:56.210+0000] {dag.py:3954} INFO - Setting next_dagrun for tutorial_objectstorage to None, run_after=None
[2024-04-15T14:37:56.253+0000] {processor.py:183} INFO - Processing /home/airflow/.local/lib/python3.12/site-packages/airflow/example_dags/tutorial_objectstorage.py took 0.110 seconds
