[2024-04-15T14:28:49.337+0000] {processor.py:161} INFO - Started process (PID=87) to work on /home/airflow/.local/lib/python3.12/site-packages/airflow/example_dags/tutorial.py
[2024-04-15T14:28:49.339+0000] {processor.py:830} INFO - Processing file /home/airflow/.local/lib/python3.12/site-packages/airflow/example_dags/tutorial.py for tasks to queue
[2024-04-15T14:28:49.343+0000] {logging_mixin.py:188} INFO - [2024-04-15T14:28:49.342+0000] {dagbag.py:540} INFO - Filling up the DagBag from /home/airflow/.local/lib/python3.12/site-packages/airflow/example_dags/tutorial.py
[2024-04-15T14:28:49.353+0000] {processor.py:840} INFO - DAG(s) 'tutorial' retrieved from /home/airflow/.local/lib/python3.12/site-packages/airflow/example_dags/tutorial.py
[2024-04-15T14:28:49.389+0000] {logging_mixin.py:188} INFO - [2024-04-15T14:28:49.388+0000] {dag.py:3096} INFO - Sync 1 DAGs
[2024-04-15T14:28:49.433+0000] {logging_mixin.py:188} INFO - [2024-04-15T14:28:49.433+0000] {dag.py:3954} INFO - Setting next_dagrun for tutorial to 2024-04-14 00:00:00+00:00, run_after=2024-04-15 00:00:00+00:00
[2024-04-15T14:28:49.508+0000] {processor.py:183} INFO - Processing /home/airflow/.local/lib/python3.12/site-packages/airflow/example_dags/tutorial.py took 0.182 seconds
[2024-04-15T14:29:19.592+0000] {processor.py:161} INFO - Started process (PID=146) to work on /home/airflow/.local/lib/python3.12/site-packages/airflow/example_dags/tutorial.py
[2024-04-15T14:29:19.593+0000] {processor.py:830} INFO - Processing file /home/airflow/.local/lib/python3.12/site-packages/airflow/example_dags/tutorial.py for tasks to queue
[2024-04-15T14:29:19.601+0000] {logging_mixin.py:188} INFO - [2024-04-15T14:29:19.600+0000] {dagbag.py:540} INFO - Filling up the DagBag from /home/airflow/.local/lib/python3.12/site-packages/airflow/example_dags/tutorial.py
[2024-04-15T14:29:19.616+0000] {processor.py:840} INFO - DAG(s) 'tutorial' retrieved from /home/airflow/.local/lib/python3.12/site-packages/airflow/example_dags/tutorial.py
[2024-04-15T14:29:19.659+0000] {logging_mixin.py:188} INFO - [2024-04-15T14:29:19.659+0000] {dag.py:3096} INFO - Sync 1 DAGs
[2024-04-15T14:29:19.693+0000] {logging_mixin.py:188} INFO - [2024-04-15T14:29:19.692+0000] {dag.py:3954} INFO - Setting next_dagrun for tutorial to 2024-04-14 00:00:00+00:00, run_after=2024-04-15 00:00:00+00:00
[2024-04-15T14:29:19.720+0000] {processor.py:183} INFO - Processing /home/airflow/.local/lib/python3.12/site-packages/airflow/example_dags/tutorial.py took 0.137 seconds
[2024-04-15T14:29:50.332+0000] {processor.py:161} INFO - Started process (PID=205) to work on /home/airflow/.local/lib/python3.12/site-packages/airflow/example_dags/tutorial.py
[2024-04-15T14:29:50.333+0000] {processor.py:830} INFO - Processing file /home/airflow/.local/lib/python3.12/site-packages/airflow/example_dags/tutorial.py for tasks to queue
[2024-04-15T14:29:50.337+0000] {logging_mixin.py:188} INFO - [2024-04-15T14:29:50.337+0000] {dagbag.py:540} INFO - Filling up the DagBag from /home/airflow/.local/lib/python3.12/site-packages/airflow/example_dags/tutorial.py
[2024-04-15T14:29:50.348+0000] {processor.py:840} INFO - DAG(s) 'tutorial' retrieved from /home/airflow/.local/lib/python3.12/site-packages/airflow/example_dags/tutorial.py
[2024-04-15T14:29:50.415+0000] {logging_mixin.py:188} INFO - [2024-04-15T14:29:50.414+0000] {dag.py:3096} INFO - Sync 1 DAGs
[2024-04-15T14:29:50.511+0000] {logging_mixin.py:188} INFO - [2024-04-15T14:29:50.511+0000] {dag.py:3954} INFO - Setting next_dagrun for tutorial to 2024-04-14 00:00:00+00:00, run_after=2024-04-15 00:00:00+00:00
[2024-04-15T14:29:50.556+0000] {processor.py:183} INFO - Processing /home/airflow/.local/lib/python3.12/site-packages/airflow/example_dags/tutorial.py took 0.235 seconds
[2024-04-15T14:30:28.974+0000] {processor.py:161} INFO - Started process (PID=264) to work on /home/airflow/.local/lib/python3.12/site-packages/airflow/example_dags/tutorial.py
[2024-04-15T14:30:29.006+0000] {processor.py:830} INFO - Processing file /home/airflow/.local/lib/python3.12/site-packages/airflow/example_dags/tutorial.py for tasks to queue
[2024-04-15T14:30:29.055+0000] {logging_mixin.py:188} INFO - [2024-04-15T14:30:29.054+0000] {dagbag.py:540} INFO - Filling up the DagBag from /home/airflow/.local/lib/python3.12/site-packages/airflow/example_dags/tutorial.py
[2024-04-15T14:30:29.120+0000] {processor.py:840} INFO - DAG(s) 'tutorial' retrieved from /home/airflow/.local/lib/python3.12/site-packages/airflow/example_dags/tutorial.py
[2024-04-15T14:30:29.295+0000] {logging_mixin.py:188} INFO - [2024-04-15T14:30:29.294+0000] {dag.py:3096} INFO - Sync 1 DAGs
[2024-04-15T14:30:29.456+0000] {logging_mixin.py:188} INFO - [2024-04-15T14:30:29.455+0000] {dag.py:3954} INFO - Setting next_dagrun for tutorial to 2024-04-14 00:00:00+00:00, run_after=2024-04-15 00:00:00+00:00
[2024-04-15T14:30:29.638+0000] {processor.py:183} INFO - Processing /home/airflow/.local/lib/python3.12/site-packages/airflow/example_dags/tutorial.py took 0.711 seconds
[2024-04-15T14:30:59.844+0000] {processor.py:161} INFO - Started process (PID=323) to work on /home/airflow/.local/lib/python3.12/site-packages/airflow/example_dags/tutorial.py
[2024-04-15T14:30:59.854+0000] {processor.py:830} INFO - Processing file /home/airflow/.local/lib/python3.12/site-packages/airflow/example_dags/tutorial.py for tasks to queue
[2024-04-15T14:30:59.859+0000] {logging_mixin.py:188} INFO - [2024-04-15T14:30:59.858+0000] {dagbag.py:540} INFO - Filling up the DagBag from /home/airflow/.local/lib/python3.12/site-packages/airflow/example_dags/tutorial.py
[2024-04-15T14:30:59.886+0000] {processor.py:840} INFO - DAG(s) 'tutorial' retrieved from /home/airflow/.local/lib/python3.12/site-packages/airflow/example_dags/tutorial.py
[2024-04-15T14:30:59.948+0000] {logging_mixin.py:188} INFO - [2024-04-15T14:30:59.948+0000] {dag.py:3096} INFO - Sync 1 DAGs
[2024-04-15T14:30:59.998+0000] {logging_mixin.py:188} INFO - [2024-04-15T14:30:59.996+0000] {dag.py:3954} INFO - Setting next_dagrun for tutorial to 2024-04-14 00:00:00+00:00, run_after=2024-04-15 00:00:00+00:00
[2024-04-15T14:31:00.128+0000] {processor.py:183} INFO - Processing /home/airflow/.local/lib/python3.12/site-packages/airflow/example_dags/tutorial.py took 0.305 seconds
[2024-04-15T14:31:30.196+0000] {processor.py:161} INFO - Started process (PID=381) to work on /home/airflow/.local/lib/python3.12/site-packages/airflow/example_dags/tutorial.py
[2024-04-15T14:31:30.198+0000] {processor.py:830} INFO - Processing file /home/airflow/.local/lib/python3.12/site-packages/airflow/example_dags/tutorial.py for tasks to queue
[2024-04-15T14:31:30.202+0000] {logging_mixin.py:188} INFO - [2024-04-15T14:31:30.202+0000] {dagbag.py:540} INFO - Filling up the DagBag from /home/airflow/.local/lib/python3.12/site-packages/airflow/example_dags/tutorial.py
[2024-04-15T14:31:30.214+0000] {processor.py:840} INFO - DAG(s) 'tutorial' retrieved from /home/airflow/.local/lib/python3.12/site-packages/airflow/example_dags/tutorial.py
[2024-04-15T14:31:30.250+0000] {logging_mixin.py:188} INFO - [2024-04-15T14:31:30.249+0000] {dag.py:3096} INFO - Sync 1 DAGs
[2024-04-15T14:31:30.296+0000] {logging_mixin.py:188} INFO - [2024-04-15T14:31:30.295+0000] {dag.py:3954} INFO - Setting next_dagrun for tutorial to 2024-04-14 00:00:00+00:00, run_after=2024-04-15 00:00:00+00:00
[2024-04-15T14:31:30.333+0000] {processor.py:183} INFO - Processing /home/airflow/.local/lib/python3.12/site-packages/airflow/example_dags/tutorial.py took 0.152 seconds
[2024-04-15T14:32:00.854+0000] {processor.py:161} INFO - Started process (PID=441) to work on /home/airflow/.local/lib/python3.12/site-packages/airflow/example_dags/tutorial.py
[2024-04-15T14:32:00.856+0000] {processor.py:830} INFO - Processing file /home/airflow/.local/lib/python3.12/site-packages/airflow/example_dags/tutorial.py for tasks to queue
[2024-04-15T14:32:00.865+0000] {logging_mixin.py:188} INFO - [2024-04-15T14:32:00.864+0000] {dagbag.py:540} INFO - Filling up the DagBag from /home/airflow/.local/lib/python3.12/site-packages/airflow/example_dags/tutorial.py
[2024-04-15T14:32:00.875+0000] {processor.py:840} INFO - DAG(s) 'tutorial' retrieved from /home/airflow/.local/lib/python3.12/site-packages/airflow/example_dags/tutorial.py
[2024-04-15T14:32:00.972+0000] {logging_mixin.py:188} INFO - [2024-04-15T14:32:00.972+0000] {dag.py:3096} INFO - Sync 1 DAGs
[2024-04-15T14:32:01.022+0000] {logging_mixin.py:188} INFO - [2024-04-15T14:32:01.022+0000] {dag.py:3954} INFO - Setting next_dagrun for tutorial to 2024-04-14 00:00:00+00:00, run_after=2024-04-15 00:00:00+00:00
[2024-04-15T14:32:01.052+0000] {processor.py:183} INFO - Processing /home/airflow/.local/lib/python3.12/site-packages/airflow/example_dags/tutorial.py took 0.209 seconds
[2024-04-15T14:32:31.699+0000] {processor.py:161} INFO - Started process (PID=499) to work on /home/airflow/.local/lib/python3.12/site-packages/airflow/example_dags/tutorial.py
[2024-04-15T14:32:31.700+0000] {processor.py:830} INFO - Processing file /home/airflow/.local/lib/python3.12/site-packages/airflow/example_dags/tutorial.py for tasks to queue
[2024-04-15T14:32:31.704+0000] {logging_mixin.py:188} INFO - [2024-04-15T14:32:31.703+0000] {dagbag.py:540} INFO - Filling up the DagBag from /home/airflow/.local/lib/python3.12/site-packages/airflow/example_dags/tutorial.py
[2024-04-15T14:32:31.712+0000] {processor.py:840} INFO - DAG(s) 'tutorial' retrieved from /home/airflow/.local/lib/python3.12/site-packages/airflow/example_dags/tutorial.py
[2024-04-15T14:32:31.740+0000] {logging_mixin.py:188} INFO - [2024-04-15T14:32:31.739+0000] {dag.py:3096} INFO - Sync 1 DAGs
[2024-04-15T14:32:31.771+0000] {logging_mixin.py:188} INFO - [2024-04-15T14:32:31.771+0000] {dag.py:3954} INFO - Setting next_dagrun for tutorial to 2024-04-14 00:00:00+00:00, run_after=2024-04-15 00:00:00+00:00
[2024-04-15T14:32:31.802+0000] {processor.py:183} INFO - Processing /home/airflow/.local/lib/python3.12/site-packages/airflow/example_dags/tutorial.py took 0.110 seconds
[2024-04-15T14:33:02.347+0000] {processor.py:161} INFO - Started process (PID=557) to work on /home/airflow/.local/lib/python3.12/site-packages/airflow/example_dags/tutorial.py
[2024-04-15T14:33:02.348+0000] {processor.py:830} INFO - Processing file /home/airflow/.local/lib/python3.12/site-packages/airflow/example_dags/tutorial.py for tasks to queue
[2024-04-15T14:33:02.352+0000] {logging_mixin.py:188} INFO - [2024-04-15T14:33:02.351+0000] {dagbag.py:540} INFO - Filling up the DagBag from /home/airflow/.local/lib/python3.12/site-packages/airflow/example_dags/tutorial.py
[2024-04-15T14:33:02.365+0000] {processor.py:840} INFO - DAG(s) 'tutorial' retrieved from /home/airflow/.local/lib/python3.12/site-packages/airflow/example_dags/tutorial.py
[2024-04-15T14:33:02.408+0000] {logging_mixin.py:188} INFO - [2024-04-15T14:33:02.407+0000] {dag.py:3096} INFO - Sync 1 DAGs
[2024-04-15T14:33:02.448+0000] {logging_mixin.py:188} INFO - [2024-04-15T14:33:02.447+0000] {dag.py:3954} INFO - Setting next_dagrun for tutorial to 2024-04-14 00:00:00+00:00, run_after=2024-04-15 00:00:00+00:00
[2024-04-15T14:33:02.477+0000] {processor.py:183} INFO - Processing /home/airflow/.local/lib/python3.12/site-packages/airflow/example_dags/tutorial.py took 0.156 seconds
[2024-04-15T14:33:32.537+0000] {processor.py:161} INFO - Started process (PID=616) to work on /home/airflow/.local/lib/python3.12/site-packages/airflow/example_dags/tutorial.py
[2024-04-15T14:33:32.539+0000] {processor.py:830} INFO - Processing file /home/airflow/.local/lib/python3.12/site-packages/airflow/example_dags/tutorial.py for tasks to queue
[2024-04-15T14:33:32.541+0000] {logging_mixin.py:188} INFO - [2024-04-15T14:33:32.541+0000] {dagbag.py:540} INFO - Filling up the DagBag from /home/airflow/.local/lib/python3.12/site-packages/airflow/example_dags/tutorial.py
[2024-04-15T14:33:32.547+0000] {processor.py:840} INFO - DAG(s) 'tutorial' retrieved from /home/airflow/.local/lib/python3.12/site-packages/airflow/example_dags/tutorial.py
[2024-04-15T14:33:32.573+0000] {logging_mixin.py:188} INFO - [2024-04-15T14:33:32.573+0000] {dag.py:3096} INFO - Sync 1 DAGs
[2024-04-15T14:33:32.602+0000] {logging_mixin.py:188} INFO - [2024-04-15T14:33:32.602+0000] {dag.py:3954} INFO - Setting next_dagrun for tutorial to 2024-04-14 00:00:00+00:00, run_after=2024-04-15 00:00:00+00:00
[2024-04-15T14:33:32.633+0000] {processor.py:183} INFO - Processing /home/airflow/.local/lib/python3.12/site-packages/airflow/example_dags/tutorial.py took 0.105 seconds
[2024-04-15T14:34:03.199+0000] {processor.py:161} INFO - Started process (PID=675) to work on /home/airflow/.local/lib/python3.12/site-packages/airflow/example_dags/tutorial.py
[2024-04-15T14:34:03.202+0000] {processor.py:830} INFO - Processing file /home/airflow/.local/lib/python3.12/site-packages/airflow/example_dags/tutorial.py for tasks to queue
[2024-04-15T14:34:03.206+0000] {logging_mixin.py:188} INFO - [2024-04-15T14:34:03.205+0000] {dagbag.py:540} INFO - Filling up the DagBag from /home/airflow/.local/lib/python3.12/site-packages/airflow/example_dags/tutorial.py
[2024-04-15T14:34:03.217+0000] {processor.py:840} INFO - DAG(s) 'tutorial' retrieved from /home/airflow/.local/lib/python3.12/site-packages/airflow/example_dags/tutorial.py
[2024-04-15T14:34:03.248+0000] {logging_mixin.py:188} INFO - [2024-04-15T14:34:03.248+0000] {dag.py:3096} INFO - Sync 1 DAGs
[2024-04-15T14:34:03.288+0000] {logging_mixin.py:188} INFO - [2024-04-15T14:34:03.288+0000] {dag.py:3954} INFO - Setting next_dagrun for tutorial to 2024-04-14 00:00:00+00:00, run_after=2024-04-15 00:00:00+00:00
[2024-04-15T14:34:03.324+0000] {processor.py:183} INFO - Processing /home/airflow/.local/lib/python3.12/site-packages/airflow/example_dags/tutorial.py took 0.135 seconds
[2024-04-15T14:34:33.525+0000] {processor.py:161} INFO - Started process (PID=734) to work on /home/airflow/.local/lib/python3.12/site-packages/airflow/example_dags/tutorial.py
[2024-04-15T14:34:33.526+0000] {processor.py:830} INFO - Processing file /home/airflow/.local/lib/python3.12/site-packages/airflow/example_dags/tutorial.py for tasks to queue
[2024-04-15T14:34:33.530+0000] {logging_mixin.py:188} INFO - [2024-04-15T14:34:33.529+0000] {dagbag.py:540} INFO - Filling up the DagBag from /home/airflow/.local/lib/python3.12/site-packages/airflow/example_dags/tutorial.py
[2024-04-15T14:34:33.540+0000] {processor.py:840} INFO - DAG(s) 'tutorial' retrieved from /home/airflow/.local/lib/python3.12/site-packages/airflow/example_dags/tutorial.py
[2024-04-15T14:34:33.576+0000] {logging_mixin.py:188} INFO - [2024-04-15T14:34:33.575+0000] {dag.py:3096} INFO - Sync 1 DAGs
[2024-04-15T14:34:33.619+0000] {logging_mixin.py:188} INFO - [2024-04-15T14:34:33.618+0000] {dag.py:3954} INFO - Setting next_dagrun for tutorial to 2024-04-14 00:00:00+00:00, run_after=2024-04-15 00:00:00+00:00
[2024-04-15T14:34:33.692+0000] {processor.py:183} INFO - Processing /home/airflow/.local/lib/python3.12/site-packages/airflow/example_dags/tutorial.py took 0.175 seconds
[2024-04-15T14:35:03.946+0000] {processor.py:161} INFO - Started process (PID=793) to work on /home/airflow/.local/lib/python3.12/site-packages/airflow/example_dags/tutorial.py
[2024-04-15T14:35:03.947+0000] {processor.py:830} INFO - Processing file /home/airflow/.local/lib/python3.12/site-packages/airflow/example_dags/tutorial.py for tasks to queue
[2024-04-15T14:35:03.950+0000] {logging_mixin.py:188} INFO - [2024-04-15T14:35:03.949+0000] {dagbag.py:540} INFO - Filling up the DagBag from /home/airflow/.local/lib/python3.12/site-packages/airflow/example_dags/tutorial.py
[2024-04-15T14:35:03.959+0000] {processor.py:840} INFO - DAG(s) 'tutorial' retrieved from /home/airflow/.local/lib/python3.12/site-packages/airflow/example_dags/tutorial.py
[2024-04-15T14:35:03.988+0000] {logging_mixin.py:188} INFO - [2024-04-15T14:35:03.988+0000] {dag.py:3096} INFO - Sync 1 DAGs
[2024-04-15T14:35:04.017+0000] {logging_mixin.py:188} INFO - [2024-04-15T14:35:04.017+0000] {dag.py:3954} INFO - Setting next_dagrun for tutorial to 2024-04-14 00:00:00+00:00, run_after=2024-04-15 00:00:00+00:00
[2024-04-15T14:35:04.043+0000] {processor.py:183} INFO - Processing /home/airflow/.local/lib/python3.12/site-packages/airflow/example_dags/tutorial.py took 0.104 seconds
[2024-04-15T14:35:34.557+0000] {processor.py:161} INFO - Started process (PID=852) to work on /home/airflow/.local/lib/python3.12/site-packages/airflow/example_dags/tutorial.py
[2024-04-15T14:35:34.558+0000] {processor.py:830} INFO - Processing file /home/airflow/.local/lib/python3.12/site-packages/airflow/example_dags/tutorial.py for tasks to queue
[2024-04-15T14:35:34.561+0000] {logging_mixin.py:188} INFO - [2024-04-15T14:35:34.560+0000] {dagbag.py:540} INFO - Filling up the DagBag from /home/airflow/.local/lib/python3.12/site-packages/airflow/example_dags/tutorial.py
[2024-04-15T14:35:34.571+0000] {processor.py:840} INFO - DAG(s) 'tutorial' retrieved from /home/airflow/.local/lib/python3.12/site-packages/airflow/example_dags/tutorial.py
[2024-04-15T14:35:34.598+0000] {logging_mixin.py:188} INFO - [2024-04-15T14:35:34.597+0000] {dag.py:3096} INFO - Sync 1 DAGs
[2024-04-15T14:35:34.634+0000] {logging_mixin.py:188} INFO - [2024-04-15T14:35:34.634+0000] {dag.py:3954} INFO - Setting next_dagrun for tutorial to 2024-04-14 00:00:00+00:00, run_after=2024-04-15 00:00:00+00:00
[2024-04-15T14:35:34.810+0000] {processor.py:183} INFO - Processing /home/airflow/.local/lib/python3.12/site-packages/airflow/example_dags/tutorial.py took 0.263 seconds
[2024-04-15T14:36:04.985+0000] {processor.py:161} INFO - Started process (PID=911) to work on /home/airflow/.local/lib/python3.12/site-packages/airflow/example_dags/tutorial.py
[2024-04-15T14:36:04.987+0000] {processor.py:830} INFO - Processing file /home/airflow/.local/lib/python3.12/site-packages/airflow/example_dags/tutorial.py for tasks to queue
[2024-04-15T14:36:04.990+0000] {logging_mixin.py:188} INFO - [2024-04-15T14:36:04.989+0000] {dagbag.py:540} INFO - Filling up the DagBag from /home/airflow/.local/lib/python3.12/site-packages/airflow/example_dags/tutorial.py
[2024-04-15T14:36:05.001+0000] {processor.py:840} INFO - DAG(s) 'tutorial' retrieved from /home/airflow/.local/lib/python3.12/site-packages/airflow/example_dags/tutorial.py
[2024-04-15T14:36:05.029+0000] {logging_mixin.py:188} INFO - [2024-04-15T14:36:05.028+0000] {dag.py:3096} INFO - Sync 1 DAGs
[2024-04-15T14:36:05.065+0000] {logging_mixin.py:188} INFO - [2024-04-15T14:36:05.065+0000] {dag.py:3954} INFO - Setting next_dagrun for tutorial to 2024-04-14 00:00:00+00:00, run_after=2024-04-15 00:00:00+00:00
[2024-04-15T14:36:05.098+0000] {processor.py:183} INFO - Processing /home/airflow/.local/lib/python3.12/site-packages/airflow/example_dags/tutorial.py took 0.123 seconds
[2024-04-15T14:36:35.837+0000] {processor.py:161} INFO - Started process (PID=970) to work on /home/airflow/.local/lib/python3.12/site-packages/airflow/example_dags/tutorial.py
[2024-04-15T14:36:35.839+0000] {processor.py:830} INFO - Processing file /home/airflow/.local/lib/python3.12/site-packages/airflow/example_dags/tutorial.py for tasks to queue
[2024-04-15T14:36:35.841+0000] {logging_mixin.py:188} INFO - [2024-04-15T14:36:35.841+0000] {dagbag.py:540} INFO - Filling up the DagBag from /home/airflow/.local/lib/python3.12/site-packages/airflow/example_dags/tutorial.py
[2024-04-15T14:36:35.849+0000] {processor.py:840} INFO - DAG(s) 'tutorial' retrieved from /home/airflow/.local/lib/python3.12/site-packages/airflow/example_dags/tutorial.py
[2024-04-15T14:36:35.877+0000] {logging_mixin.py:188} INFO - [2024-04-15T14:36:35.877+0000] {dag.py:3096} INFO - Sync 1 DAGs
[2024-04-15T14:36:35.916+0000] {logging_mixin.py:188} INFO - [2024-04-15T14:36:35.916+0000] {dag.py:3954} INFO - Setting next_dagrun for tutorial to 2024-04-14 00:00:00+00:00, run_after=2024-04-15 00:00:00+00:00
[2024-04-15T14:36:35.952+0000] {processor.py:183} INFO - Processing /home/airflow/.local/lib/python3.12/site-packages/airflow/example_dags/tutorial.py took 0.122 seconds
[2024-04-15T14:37:06.209+0000] {processor.py:161} INFO - Started process (PID=1029) to work on /home/airflow/.local/lib/python3.12/site-packages/airflow/example_dags/tutorial.py
[2024-04-15T14:37:06.210+0000] {processor.py:830} INFO - Processing file /home/airflow/.local/lib/python3.12/site-packages/airflow/example_dags/tutorial.py for tasks to queue
[2024-04-15T14:37:06.213+0000] {logging_mixin.py:188} INFO - [2024-04-15T14:37:06.212+0000] {dagbag.py:540} INFO - Filling up the DagBag from /home/airflow/.local/lib/python3.12/site-packages/airflow/example_dags/tutorial.py
[2024-04-15T14:37:06.220+0000] {processor.py:840} INFO - DAG(s) 'tutorial' retrieved from /home/airflow/.local/lib/python3.12/site-packages/airflow/example_dags/tutorial.py
[2024-04-15T14:37:06.251+0000] {logging_mixin.py:188} INFO - [2024-04-15T14:37:06.251+0000] {dag.py:3096} INFO - Sync 1 DAGs
[2024-04-15T14:37:06.289+0000] {logging_mixin.py:188} INFO - [2024-04-15T14:37:06.288+0000] {dag.py:3954} INFO - Setting next_dagrun for tutorial to 2024-04-14 00:00:00+00:00, run_after=2024-04-15 00:00:00+00:00
[2024-04-15T14:37:06.319+0000] {processor.py:183} INFO - Processing /home/airflow/.local/lib/python3.12/site-packages/airflow/example_dags/tutorial.py took 0.118 seconds
[2024-04-15T14:37:36.624+0000] {processor.py:161} INFO - Started process (PID=1088) to work on /home/airflow/.local/lib/python3.12/site-packages/airflow/example_dags/tutorial.py
[2024-04-15T14:37:36.625+0000] {processor.py:830} INFO - Processing file /home/airflow/.local/lib/python3.12/site-packages/airflow/example_dags/tutorial.py for tasks to queue
[2024-04-15T14:37:36.628+0000] {logging_mixin.py:188} INFO - [2024-04-15T14:37:36.628+0000] {dagbag.py:540} INFO - Filling up the DagBag from /home/airflow/.local/lib/python3.12/site-packages/airflow/example_dags/tutorial.py
[2024-04-15T14:37:36.638+0000] {processor.py:840} INFO - DAG(s) 'tutorial' retrieved from /home/airflow/.local/lib/python3.12/site-packages/airflow/example_dags/tutorial.py
[2024-04-15T14:37:36.675+0000] {logging_mixin.py:188} INFO - [2024-04-15T14:37:36.674+0000] {dag.py:3096} INFO - Sync 1 DAGs
[2024-04-15T14:37:36.722+0000] {logging_mixin.py:188} INFO - [2024-04-15T14:37:36.722+0000] {dag.py:3954} INFO - Setting next_dagrun for tutorial to 2024-04-14 00:00:00+00:00, run_after=2024-04-15 00:00:00+00:00
[2024-04-15T14:37:36.751+0000] {processor.py:183} INFO - Processing /home/airflow/.local/lib/python3.12/site-packages/airflow/example_dags/tutorial.py took 0.134 seconds
[2024-04-15T14:38:08.281+0000] {processor.py:161} INFO - Started process (PID=1147) to work on /home/airflow/.local/lib/python3.12/site-packages/airflow/example_dags/tutorial.py
[2024-04-15T14:38:08.283+0000] {processor.py:830} INFO - Processing file /home/airflow/.local/lib/python3.12/site-packages/airflow/example_dags/tutorial.py for tasks to queue
[2024-04-15T14:38:08.286+0000] {logging_mixin.py:188} INFO - [2024-04-15T14:38:08.285+0000] {dagbag.py:540} INFO - Filling up the DagBag from /home/airflow/.local/lib/python3.12/site-packages/airflow/example_dags/tutorial.py
[2024-04-15T14:38:08.298+0000] {processor.py:840} INFO - DAG(s) 'tutorial' retrieved from /home/airflow/.local/lib/python3.12/site-packages/airflow/example_dags/tutorial.py
[2024-04-15T14:38:08.554+0000] {logging_mixin.py:188} INFO - [2024-04-15T14:38:08.554+0000] {dag.py:3096} INFO - Sync 1 DAGs
[2024-04-15T14:38:08.591+0000] {logging_mixin.py:188} INFO - [2024-04-15T14:38:08.591+0000] {dag.py:3954} INFO - Setting next_dagrun for tutorial to 2024-04-14 00:00:00+00:00, run_after=2024-04-15 00:00:00+00:00
[2024-04-15T14:38:08.633+0000] {processor.py:183} INFO - Processing /home/airflow/.local/lib/python3.12/site-packages/airflow/example_dags/tutorial.py took 0.364 seconds
