[2024-04-08T17:48:22.175+0000] {local_task_job_runner.py:120} INFO - ::group::Pre task execution logs
[2024-04-08T17:48:22.208+0000] {taskinstance.py:2073} INFO - Dependencies all met for dep_context=non-requeueable deps ti=<TaskInstance: conditional_dataset_and_time_based_timetable.conditional_dataset_and_time_based_timetable scheduled__2024-04-03T01:00:00+00:00 [queued]>
[2024-04-08T17:48:22.217+0000] {taskinstance.py:2073} INFO - Dependencies all met for dep_context=requeueable deps ti=<TaskInstance: conditional_dataset_and_time_based_timetable.conditional_dataset_and_time_based_timetable scheduled__2024-04-03T01:00:00+00:00 [queued]>
[2024-04-08T17:48:22.219+0000] {taskinstance.py:2303} INFO - Starting attempt 1 of 1
[2024-04-08T17:48:22.237+0000] {taskinstance.py:2327} INFO - Executing <Task(BashOperator): conditional_dataset_and_time_based_timetable> on 2024-04-03 01:00:00+00:00
[2024-04-08T17:48:22.245+0000] {warnings.py:110} WARNING - /home/***/.local/lib/python3.12/site-packages/***/task/task_runner/standard_task_runner.py:61: DeprecationWarning: This process (pid=747) is multi-threaded, use of fork() may lead to deadlocks in the child.
  pid = os.fork()

[2024-04-08T17:48:22.247+0000] {standard_task_runner.py:63} INFO - Started process 749 to run task
[2024-04-08T17:48:22.247+0000] {standard_task_runner.py:90} INFO - Running: ['***', 'tasks', 'run', 'conditional_dataset_and_time_based_timetable', 'conditional_dataset_and_time_based_timetable', 'scheduled__2024-04-03T01:00:00+00:00', '--job-id', '5', '--raw', '--subdir', '/home/***/.local/lib/python3.12/site-packages/***/example_dags/example_datasets.py', '--cfg-path', '/tmp/tmp_5_wobis']
[2024-04-08T17:48:22.250+0000] {standard_task_runner.py:91} INFO - Job 5: Subtask conditional_dataset_and_time_based_timetable
[2024-04-08T17:48:22.315+0000] {task_command.py:426} INFO - Running <TaskInstance: conditional_dataset_and_time_based_timetable.conditional_dataset_and_time_based_timetable scheduled__2024-04-03T01:00:00+00:00 [running]> on host c22215d94c33
[2024-04-08T17:48:22.457+0000] {taskinstance.py:2644} INFO - Exporting env vars: AIRFLOW_CTX_DAG_OWNER='***' AIRFLOW_CTX_DAG_ID='conditional_dataset_and_time_based_timetable' AIRFLOW_CTX_TASK_ID='conditional_dataset_and_time_based_timetable' AIRFLOW_CTX_EXECUTION_DATE='2024-04-03T01:00:00+00:00' AIRFLOW_CTX_TRY_NUMBER='1' AIRFLOW_CTX_DAG_RUN_ID='scheduled__2024-04-03T01:00:00+00:00'
[2024-04-08T17:48:22.461+0000] {taskinstance.py:430} INFO - ::endgroup::
[2024-04-08T17:48:22.464+0000] {subprocess.py:63} INFO - Tmp dir root location: /tmp
[2024-04-08T17:48:22.465+0000] {subprocess.py:75} INFO - Running command: ['/usr/bin/bash', '-c', 'sleep 5']
[2024-04-08T17:48:22.486+0000] {subprocess.py:86} INFO - Output:
[2024-04-08T17:48:27.495+0000] {subprocess.py:97} INFO - Command exited with return code 0
[2024-04-08T17:48:27.496+0000] {taskinstance.py:441} INFO - ::group::Post task execution logs
[2024-04-08T17:48:27.532+0000] {warnings.py:110} WARNING - /home/***/.local/lib/python3.12/site-packages/***/models/baseoperator.py:1564: RemovedInAirflow3Warning: Passing 'execution_date' to 'TaskInstance.xcom_push()' is deprecated.
  context["ti"].xcom_push(key=key, value=value, execution_date=execution_date)

[2024-04-08T17:48:27.564+0000] {taskinstance.py:1205} INFO - Marking task as SUCCESS. dag_id=conditional_dataset_and_time_based_timetable, task_id=conditional_dataset_and_time_based_timetable, execution_date=20240403T010000, start_date=20240408T174822, end_date=20240408T174827
[2024-04-08T17:48:27.616+0000] {local_task_job_runner.py:240} INFO - Task exited with return code 0
[2024-04-08T17:48:27.635+0000] {taskinstance.py:3482} INFO - 0 downstream tasks scheduled from follow-on schedule check
[2024-04-08T17:48:27.640+0000] {local_task_job_runner.py:222} INFO - ::endgroup::
